<?xml version="1.0" encoding="UTF-8"?><xml><owner_type>orgs</owner_type><package_type>npm</package_type><owner_id>759638</owner_id><owner>ImagineLearning</owner><repo>test-storybook-a11y</repo><package>test-storybook-a11y</package><date>2025-09-07</date><size>-1</size><versions>7</versions><tagged>0</tagged><owner_rank>7</owner_rank><repo_rank>1</repo_rank><downloads>10.8k</downloads><downloads_month>0</downloads_month><downloads_week>0</downloads_week><downloads_day>0</downloads_day><raw_size>-1</raw_size><raw_versions>7</raw_versions><raw_tagged>0</raw_tagged><raw_owner_rank>7</raw_owner_rank><raw_repo_rank>1</raw_repo_rank><raw_downloads>10809</raw_downloads><raw_downloads_month>0</raw_downloads_month><raw_downloads_week>0</raw_downloads_week><raw_downloads_day>0</raw_downloads_day><version><id>37680975</id><name>0.1.0</name><date>2025-09-07</date><newest>false</newest><latest>false</latest><size>-1</size><downloads>0</downloads><downloads_month>0</downloads_month><downloads_week>0</downloads_week><downloads_day>0</downloads_day><raw_size>-1</raw_size><raw_downloads>0</raw_downloads><raw_downloads_month>0</raw_downloads_month><raw_downloads_week>0</raw_downloads_week><raw_downloads_day>0</raw_downloads_day></version><version><id>37680979</id><name>0.1.2</name><date>2025-09-07</date><newest>false</newest><latest>false</latest><size>-1</size><downloads>1</downloads><downloads_month>0</downloads_month><downloads_week>0</downloads_week><downloads_day>0</downloads_day><raw_size>-1</raw_size><raw_downloads>1</raw_downloads><raw_downloads_month>0</raw_downloads_month><raw_downloads_week>0</raw_downloads_week><raw_downloads_day>0</raw_downloads_day></version><version><id>37684217</id><name>0.1.3</name><date>2025-09-07</date><newest>false</newest><latest>false</latest><size>-1</size><downloads>282</downloads><downloads_month>0</downloads_month><downloads_week>0</downloads_week><downloads_day>0</downloads_day><raw_size>-1</raw_size><raw_downloads>282</raw_downloads><raw_downloads_month>0</raw_downloads_month><raw_downloads_week>0</raw_downloads_week><raw_downloads_day>0</raw_downloads_day></version><version><id>37684222</id><name>1.0.2</name><date>2025-09-07</date><newest>false</newest><latest>false</latest><size>-1</size><downloads>160</downloads><downloads_month>0</downloads_month><downloads_week>0</downloads_week><downloads_day>0</downloads_day><raw_size>-1</raw_size><raw_downloads>160</raw_downloads><raw_downloads_month>0</raw_downloads_month><raw_downloads_week>0</raw_downloads_week><raw_downloads_day>0</raw_downloads_day></version><version><id>37684231</id><name>1.0.1</name><date>2025-09-07</date><newest>false</newest><latest>false</latest><size>-1</size><downloads>10.1k</downloads><downloads_month>0</downloads_month><downloads_week>0</downloads_week><downloads_day>0</downloads_day><raw_size>-1</raw_size><raw_downloads>10150</raw_downloads><raw_downloads_month>0</raw_downloads_month><raw_downloads_week>0</raw_downloads_week><raw_downloads_day>0</raw_downloads_day></version><version><id>37687683</id><name>0.1.1</name><date>2025-09-07</date><newest>false</newest><latest>false</latest><size>-1</size><downloads>1</downloads><downloads_month>0</downloads_month><downloads_week>0</downloads_week><downloads_day>0</downloads_day><raw_size>-1</raw_size><raw_downloads>1</raw_downloads><raw_downloads_month>0</raw_downloads_month><raw_downloads_week>0</raw_downloads_week><raw_downloads_day>0</raw_downloads_day></version><version><id>37687688</id><name>1.0.0</name><date>2025-09-07</date><newest>true</newest><latest>false</latest><size>-1</size><downloads>215</downloads><downloads_month>0</downloads_month><downloads_week>0</downloads_week><downloads_day>0</downloads_day><raw_size>-1</raw_size><raw_downloads>215</raw_downloads><raw_downloads_month>0</raw_downloads_month><raw_downloads_week>0</raw_downloads_week><raw_downloads_day>0</raw_downloads_day></version></xml>
