<?xml version="1.0" encoding="UTF-8"?><xml><owner_type>users</owner_type><package_type>container</package_type><owner_id>809839</owner_id><owner>portersrc</owner><repo>infra</repo><package>test-container</package><date>2025-01-16</date><size>6.2 MB</size><versions>1</versions><tagged>0</tagged><owner_rank>2</owner_rank><repo_rank>2</repo_rank><downloads>294</downloads><downloads_month>0</downloads_month><downloads_week>0</downloads_week><downloads_day>0</downloads_day><raw_size>6257649</raw_size><raw_versions>1</raw_versions><raw_tagged>0</raw_tagged><raw_owner_rank>2</raw_owner_rank><raw_repo_rank>2</raw_repo_rank><raw_downloads>294</raw_downloads><raw_downloads_month>0</raw_downloads_month><raw_downloads_week>0</raw_downloads_week><raw_downloads_day>0</raw_downloads_day><version><id>284413636</id><name>sha256:08dc12d8177b677e27a5dcc66214aa7876486bbadd861f0fd08c14d4796d7d83</name><date>2025-01-16</date><newest>true</newest><latest>false</latest><size>6.2 MB</size><downloads>1</downloads><downloads_month>0</downloads_month><downloads_week>0</downloads_week><downloads_day>0</downloads_day><raw_size>6257649</raw_size><raw_downloads>1</raw_downloads><raw_downloads_month>0</raw_downloads_month><raw_downloads_week>0</raw_downloads_week><raw_downloads_day>0</raw_downloads_day></version></xml>
