<?xml version="1.0" encoding="UTF-8"?><xml><owner_type>users</owner_type><package_type>container</package_type><owner_id>809839</owner_id><owner>portersrc</owner><repo>infra</repo><package>test-container-image-rs</package><date>2025-06-20</date><size>2.2 MB</size><versions>7</versions><tagged>4</tagged><owner_rank>1</owner_rank><repo_rank>1</repo_rank><downloads>435</downloads><downloads_month>0</downloads_month><downloads_week>0</downloads_week><downloads_day>0</downloads_day><raw_size>2221586</raw_size><raw_versions>7</raw_versions><raw_tagged>4</raw_tagged><raw_owner_rank>1</raw_owner_rank><raw_repo_rank>1</raw_repo_rank><raw_downloads>435</raw_downloads><raw_downloads_month>0</raw_downloads_month><raw_downloads_week>0</raw_downloads_week><raw_downloads_day>0</raw_downloads_day><version><id>129003359</id><name>sha256:61465569fdcb56afa5b465a18bec6a1ac844021ec8cadf5c8750157d99267c23</name><date>2025-06-20</date><newest>false</newest><latest>false</latest><size>2.2 MB</size><downloads>109</downloads><downloads_month>0</downloads_month><downloads_week>0</downloads_week><downloads_day>0</downloads_day><raw_size>2221948</raw_size><raw_downloads>109</raw_downloads><raw_downloads_month>0</raw_downloads_month><raw_downloads_week>0</raw_downloads_week><raw_downloads_day>0</raw_downloads_day></version><version><id>129003369</id><name>sha256:993f6c611e3ea45aa2dbdea03b6d0eea3fff397791287f62d3c724b3bdbfb306</name><date>2025-06-20</date><newest>false</newest><latest>false</latest><size>2.2 MB</size><downloads>109</downloads><downloads_month>0</downloads_month><downloads_week>0</downloads_week><downloads_day>0</downloads_day><raw_size>2221901</raw_size><raw_downloads>109</raw_downloads><raw_downloads_month>0</raw_downloads_month><raw_downloads_week>0</raw_downloads_week><raw_downloads_day>0</raw_downloads_day><tags>busybox-gzip</tags></version><version><id>129003371</id><name>sha256:1599e03094ece7816f8fb271ba5ab17250c27e77f4cbdda107e1516a86821701</name><date>2025-06-20</date><newest>false</newest><latest>false</latest><size>2 MB</size><downloads>108</downloads><downloads_month>0</downloads_month><downloads_week>0</downloads_week><downloads_day>0</downloads_day><raw_size>2018202</raw_size><raw_downloads>108</raw_downloads><raw_downloads_month>0</raw_downloads_month><raw_downloads_week>0</raw_downloads_week><raw_downloads_day>0</raw_downloads_day><tags>busybox-zstd</tags></version><version><id>129003397</id><name>sha256:07025dd1866ffb6413a4688839d970b9eca73b0da5f83433d5d05651e1a44cca</name><date>2025-06-20</date><newest>false</newest><latest>false</latest><size>2.2 MB</size><downloads>108</downloads><downloads_month>0</downloads_month><downloads_week>0</downloads_week><downloads_day>0</downloads_day><raw_size>2223059</raw_size><raw_downloads>108</raw_downloads><raw_downloads_month>0</raw_downloads_month><raw_downloads_week>0</raw_downloads_week><raw_downloads_day>0</raw_downloads_day></version><version><id>283976358</id><name>sha256:8b0bec90fa6ac9c0f07f7829504cdfa3f0d660ce092c6e95b6c2e183e01e7b42</name><date>2025-06-20</date><newest>false</newest><latest>false</latest><size>2.2 MB</size><downloads>1</downloads><downloads_month>0</downloads_month><downloads_week>0</downloads_week><downloads_day>0</downloads_day><raw_size>2221616</raw_size><raw_downloads>1</raw_downloads><raw_downloads_month>0</raw_downloads_month><raw_downloads_week>0</raw_downloads_week><raw_downloads_day>0</raw_downloads_day></version><version><id>283977041</id><name>sha256:50ac1fb584e2f8ce622afaecb7b9c632cadfd169557d6fccef4e365651cea8c5</name><date>2025-06-20</date><newest>false</newest><latest>false</latest><size>2.2 MB</size><downloads>0</downloads><downloads_month>0</downloads_month><downloads_week>0</downloads_week><downloads_day>0</downloads_day><raw_size>2222727</raw_size><raw_downloads>0</raw_downloads><raw_downloads_month>0</raw_downloads_month><raw_downloads_week>0</raw_downloads_week><raw_downloads_day>0</raw_downloads_day><tags>busybox-encrypted-jwe</tags></version><version><id>284396894</id><name>sha256:338fcd08d4e7fe99311aaec95af2463a40cc1e66f058e0ae50fda1728a8a6400</name><date>2025-06-20</date><newest>true</newest><latest>true</latest><size>2.2 MB</size><downloads>0</downloads><downloads_month>0</downloads_month><downloads_week>0</downloads_week><downloads_day>0</downloads_day><raw_size>2221586</raw_size><raw_downloads>0</raw_downloads><raw_downloads_month>0</raw_downloads_month><raw_downloads_week>0</raw_downloads_week><raw_downloads_day>0</raw_downloads_day><tags>busybox</tags></version></xml>
