<?xml version="1.0" encoding="UTF-8"?><xml><owner_type>users</owner_type><package_type>container</package_type><owner_id>809839</owner_id><owner>portersrc</owner><repo>infra</repo><package>test-container</package><date>2025-01-01</date><size>6.2 MB</size><versions>0</versions><tagged>16</tagged><downloads>294</downloads><downloads_month>0</downloads_month><downloads_week>0</downloads_week><downloads_day>0</downloads_day><raw_size>6262351</raw_size><raw_versions>0</raw_versions><raw_tagged>16</raw_tagged><raw_downloads>294</raw_downloads><raw_downloads_month>0</raw_downloads_month><raw_downloads_week>0</raw_downloads_week><raw_downloads_day>0</raw_downloads_day><version><id>284043254</id><name>sha256:c28992937571bc8212fa23424ae362d3a92be4cc44b71d4b282cb8d91bb3b319</name><date>2025-01-01</date><newest>false</newest><latest>false</latest><size>6.1 MB</size><downloads>2</downloads><downloads_month>0</downloads_month><downloads_week>0</downloads_week><downloads_day>0</downloads_day><raw_size>6128194</raw_size><raw_downloads>2</raw_downloads><raw_downloads_month>0</raw_downloads_month><raw_downloads_week>0</raw_downloads_week><raw_downloads_day>0</raw_downloads_day></version><version><id>284043283</id><name>sha256:0393cfafd955328bdec9430e2e3e738e3760c4df499cdaf0ff38ab244513d03b</name><date>2025-01-01</date><newest>false</newest><latest>false</latest><size>2.3 kB</size><downloads>0</downloads><downloads_month>0</downloads_month><downloads_week>0</downloads_week><downloads_day>0</downloads_day><raw_size>2335</raw_size><raw_downloads>0</raw_downloads><raw_downloads_month>0</raw_downloads_month><raw_downloads_week>0</raw_downloads_week><raw_downloads_day>0</raw_downloads_day><tags>sha256-c28992937571bc8212fa23424ae362d3a92be4cc44b71d4b282cb8d91bb3b319.sig</tags></version><version><id>284043311</id><name>sha256:ccd739c876d831b440d64afb4e0bea65ea5d6c7a1f78a1d1ad3e020948632f1d</name><date>2025-01-01</date><newest>false</newest><latest>false</latest><size>6.2 MB</size><downloads>1</downloads><downloads_month>0</downloads_month><downloads_week>0</downloads_week><downloads_day>0</downloads_day><raw_size>6257661</raw_size><raw_downloads>1</raw_downloads><raw_downloads_month>0</raw_downloads_month><raw_downloads_week>0</raw_downloads_week><raw_downloads_day>0</raw_downloads_day></version><version><id>284049377</id><name>sha256:f68a80dae41819f830cc79571ac13974cf4b4dce44f641682e14df41f3aa5cc3</name><date>2025-01-01</date><newest>false</newest><latest>false</latest><size>2.3 kB</size><downloads>0</downloads><downloads_month>0</downloads_month><downloads_week>0</downloads_week><downloads_day>0</downloads_day><raw_size>2335</raw_size><raw_downloads>0</raw_downloads><raw_downloads_month>0</raw_downloads_month><raw_downloads_week>0</raw_downloads_week><raw_downloads_day>0</raw_downloads_day><tags>sha256-79b42014fc3f48b7a473e21da637d1d45277905ec1e197e8b1b7fd47cbe89f0d.sig</tags></version><version><id>284049412</id><name>sha256:166491d71643b56ebd2536bdc527ecb40b44e63136fc68bb8e9382a52815aa10</name><date>2025-01-01</date><newest>false</newest><latest>false</latest><size>6.2 MB</size><downloads>1</downloads><downloads_month>0</downloads_month><downloads_week>0</downloads_week><downloads_day>0</downloads_day><raw_size>6257639</raw_size><raw_downloads>1</raw_downloads><raw_downloads_month>0</raw_downloads_month><raw_downloads_week>0</raw_downloads_week><raw_downloads_day>0</raw_downloads_day></version><version><id>284073188</id><name>sha256:a48a29a43904044710e7c68ce133d695a1be562c379a18a8fd2d9bc11598ce28</name><date>2025-01-01</date><newest>false</newest><latest>false</latest><size>2.3 kB</size><downloads>0</downloads><downloads_month>0</downloads_month><downloads_week>0</downloads_week><downloads_day>0</downloads_day><raw_size>2335</raw_size><raw_downloads>0</raw_downloads><raw_downloads_month>0</raw_downloads_month><raw_downloads_week>0</raw_downloads_week><raw_downloads_day>0</raw_downloads_day><tags>sha256-4918726d68692b0c8dce78698f41555221d7024d1a38efa3839225c56615bc02.sig</tags></version><version><id>284073216</id><name>sha256:217c7f7e14b19756204a6a0900dee9775a7f629388075ec02451e9d79d1ca1dc</name><date>2025-01-01</date><newest>false</newest><latest>false</latest><size>6.2 MB</size><downloads>1</downloads><downloads_month>0</downloads_month><downloads_week>0</downloads_week><downloads_day>0</downloads_day><raw_size>6257664</raw_size><raw_downloads>1</raw_downloads><raw_downloads_month>0</raw_downloads_month><raw_downloads_week>0</raw_downloads_week><raw_downloads_day>0</raw_downloads_day></version><version><id>284360224</id><name>sha256:eed32eaece9ba6dd4da9816495283e4b65db70cee8e5df8dcfe3d2263b091216</name><date>2025-01-01</date><newest>false</newest><latest>false</latest><size>6.1 MB</size><downloads>0</downloads><downloads_month>0</downloads_month><downloads_week>0</downloads_week><downloads_day>0</downloads_day><raw_size>6128190</raw_size><raw_downloads>0</raw_downloads><raw_downloads_month>0</raw_downloads_month><raw_downloads_week>0</raw_downloads_week><raw_downloads_day>0</raw_downloads_day></version><version><id>284360263</id><name>sha256:95063e21fe1e74601f6af8eaa5acbcab2bf876c0c5704c4d12c35a5673ef8ae4</name><date>2025-01-01</date><newest>false</newest><latest>false</latest><size>6.2 MB</size><downloads>0</downloads><downloads_month>0</downloads_month><downloads_week>0</downloads_week><downloads_day>0</downloads_day><raw_size>6262337</raw_size><raw_downloads>0</raw_downloads><raw_downloads_month>0</raw_downloads_month><raw_downloads_week>0</raw_downloads_week><raw_downloads_day>0</raw_downloads_day></version><version><id>284387934</id><name>sha256:0e5f0d41b6cece855a944429eb7bf219546fe8fc74c14dfb576e2c1cf5572698</name><date>2025-01-01</date><newest>false</newest><latest>false</latest><size>6.2 MB</size><downloads>0</downloads><downloads_month>0</downloads_month><downloads_week>0</downloads_week><downloads_day>0</downloads_day><raw_size>6262336</raw_size><raw_downloads>0</raw_downloads><raw_downloads_month>0</raw_downloads_month><raw_downloads_week>0</raw_downloads_week><raw_downloads_day>0</raw_downloads_day></version><version><id>284390354</id><name>sha256:988dbf2fea0598a9f1d9b6341cf0ce32ed7bc9a4a2a688f150b40be88f1cd097</name><date>2025-01-01</date><newest>false</newest><latest>false</latest><size>6.1 MB</size><downloads>0</downloads><downloads_month>0</downloads_month><downloads_week>0</downloads_week><downloads_day>0</downloads_day><raw_size>6128193</raw_size><raw_downloads>0</raw_downloads><raw_downloads_month>0</raw_downloads_month><raw_downloads_week>0</raw_downloads_week><raw_downloads_day>0</raw_downloads_day></version><version><id>284394796</id><name>sha256:5a24dd84d2b56071ad0635a4a462c80f431186722fc3302e975c1a63d6c61587</name><date>2025-01-01</date><newest>false</newest><latest>false</latest><size>6.1 MB</size><downloads>0</downloads><downloads_month>0</downloads_month><downloads_week>0</downloads_week><downloads_day>0</downloads_day><raw_size>6128190</raw_size><raw_downloads>0</raw_downloads><raw_downloads_month>0</raw_downloads_month><raw_downloads_week>0</raw_downloads_week><raw_downloads_day>0</raw_downloads_day></version><version><id>284397931</id><name>sha256:ea4cac33e1e256a821f36e1418a187bdfa73dd623bc8d5e1082a0f165660e379</name><date>2025-01-01</date><newest>false</newest><latest>false</latest><size>6.1 MB</size><downloads>2</downloads><downloads_month>0</downloads_month><downloads_week>0</downloads_week><downloads_day>0</downloads_day><raw_size>6128183</raw_size><raw_downloads>2</raw_downloads><raw_downloads_month>0</raw_downloads_month><raw_downloads_week>0</raw_downloads_week><raw_downloads_day>0</raw_downloads_day></version><version><id>284397947</id><name>sha256:cc1b3f2979c59402175723b9ca60401156e7d10ed81e1abc39b482da0b7b4237</name><date>2025-01-01</date><newest>false</newest><latest>false</latest><size>2.3 kB</size><downloads>0</downloads><downloads_month>0</downloads_month><downloads_week>0</downloads_week><downloads_day>0</downloads_day><raw_size>2335</raw_size><raw_downloads>0</raw_downloads><raw_downloads_month>0</raw_downloads_month><raw_downloads_week>0</raw_downloads_week><raw_downloads_day>0</raw_downloads_day><tags>sha256-ea4cac33e1e256a821f36e1418a187bdfa73dd623bc8d5e1082a0f165660e379.sig</tags></version><version><id>284398787</id><name>sha256:0548430a2d3128f34e78f2de27dbc5e6e68ef06dd1f55448ea6b0e9135f72349</name><date>2025-01-01</date><newest>false</newest><latest>false</latest><size>6.2 MB</size><downloads>0</downloads><downloads_month>0</downloads_month><downloads_week>0</downloads_week><downloads_day>0</downloads_day><raw_size>6262327</raw_size><raw_downloads>0</raw_downloads><raw_downloads_month>0</raw_downloads_month><raw_downloads_week>0</raw_downloads_week><raw_downloads_day>0</raw_downloads_day></version><version><id>284398967</id><name>sha256:f1937b8946daec19566c47d02a2993aaac59b54f696521bfc1500c254b15e00b</name><date>2025-01-01</date><newest>false</newest><latest>false</latest><size>6.2 MB</size><downloads>0</downloads><downloads_month>0</downloads_month><downloads_week>0</downloads_week><downloads_day>0</downloads_day><raw_size>6262327</raw_size><raw_downloads>0</raw_downloads><raw_downloads_month>0</raw_downloads_month><raw_downloads_week>0</raw_downloads_week><raw_downloads_day>0</raw_downloads_day></version><version><id>284403322</id><name>sha256:675605ed8027ab07418b8be8016795868d0e5caf9f1ffc8def20c01e7ad530f8</name><date>2025-01-01</date><newest>false</newest><latest>false</latest><size>6.1 MB</size><downloads>2</downloads><downloads_month>0</downloads_month><downloads_week>0</downloads_week><downloads_day>0</downloads_day><raw_size>6128186</raw_size><raw_downloads>2</raw_downloads><raw_downloads_month>0</raw_downloads_month><raw_downloads_week>0</raw_downloads_week><raw_downloads_day>0</raw_downloads_day></version><version><id>284403372</id><name>sha256:0dc2ddf4f4da4b58d63b3d038a1bf1d192f4e0107e45a7fd047028f9867947b3</name><date>2025-01-01</date><newest>false</newest><latest>false</latest><size>2.3 kB</size><downloads>0</downloads><downloads_month>0</downloads_month><downloads_week>0</downloads_week><downloads_day>0</downloads_day><raw_size>2335</raw_size><raw_downloads>0</raw_downloads><raw_downloads_month>0</raw_downloads_month><raw_downloads_week>0</raw_downloads_week><raw_downloads_day>0</raw_downloads_day><tags>sha256-675605ed8027ab07418b8be8016795868d0e5caf9f1ffc8def20c01e7ad530f8.sig</tags></version><version><id>284403435</id><name>sha256:64827426f4754dfb12f7f88a1552ba395fab0a64c8223588ce85c035aebf09be</name><date>2025-01-01</date><newest>false</newest><latest>false</latest><size>6.2 MB</size><downloads>1</downloads><downloads_month>0</downloads_month><downloads_week>0</downloads_week><downloads_day>0</downloads_day><raw_size>6257647</raw_size><raw_downloads>1</raw_downloads><raw_downloads_month>0</raw_downloads_month><raw_downloads_week>0</raw_downloads_week><raw_downloads_day>0</raw_downloads_day></version><version><id>284403468</id><name>sha256:0c864781c32289db21739d3c97f57890a11472f38b98f85ac783699b737c91ae</name><date>2025-01-01</date><newest>false</newest><latest>false</latest><size>6.2 MB</size><downloads>0</downloads><downloads_month>0</downloads_month><downloads_week>0</downloads_week><downloads_day>0</downloads_day><raw_size>6262335</raw_size><raw_downloads>0</raw_downloads><raw_downloads_month>0</raw_downloads_month><raw_downloads_week>0</raw_downloads_week><raw_downloads_day>0</raw_downloads_day></version><version><id>284403494</id><name>sha256:c99451ef628188c276ee603a11df2a4a9dfca3a3e40f1c0f9faac76786566d85</name><date>2025-01-01</date><newest>false</newest><latest>false</latest><size>6.2 MB</size><downloads>2</downloads><downloads_month>0</downloads_month><downloads_week>0</downloads_week><downloads_day>0</downloads_day><raw_size>6262335</raw_size><raw_downloads>2</raw_downloads><raw_downloads_month>0</raw_downloads_month><raw_downloads_week>0</raw_downloads_week><raw_downloads_day>0</raw_downloads_day></version><version><id>284403543</id><name>sha256:edba4fb31d63d33b1cbf65358183a40e934b874f4a0cfe4b65aba48e715c8a37</name><date>2025-01-01</date><newest>false</newest><latest>false</latest><size>2.3 kB</size><downloads>0</downloads><downloads_month>0</downloads_month><downloads_week>0</downloads_week><downloads_day>0</downloads_day><raw_size>2335</raw_size><raw_downloads>0</raw_downloads><raw_downloads_month>0</raw_downloads_month><raw_downloads_week>0</raw_downloads_week><raw_downloads_day>0</raw_downloads_day><tags>sha256-c99451ef628188c276ee603a11df2a4a9dfca3a3e40f1c0f9faac76786566d85.sig</tags></version><version><id>284412588</id><name>sha256:5de3a5d1a2b90bf923002d09a26974907cfa97aeff10309f2bb857245f0d89a4</name><date>2025-01-01</date><newest>false</newest><latest>false</latest><size>6.1 MB</size><downloads>2</downloads><downloads_month>0</downloads_month><downloads_week>0</downloads_week><downloads_day>0</downloads_day><raw_size>6128196</raw_size><raw_downloads>2</raw_downloads><raw_downloads_month>0</raw_downloads_month><raw_downloads_week>0</raw_downloads_week><raw_downloads_day>0</raw_downloads_day></version><version><id>284412625</id><name>sha256:b3f7bc5378c668a73b142ec5df4fdfe5407fe08f0b10c74a943d6fedfcff1b64</name><date>2025-01-01</date><newest>false</newest><latest>false</latest><size>2.3 kB</size><downloads>0</downloads><downloads_month>0</downloads_month><downloads_week>0</downloads_week><downloads_day>0</downloads_day><raw_size>2335</raw_size><raw_downloads>0</raw_downloads><raw_downloads_month>0</raw_downloads_month><raw_downloads_week>0</raw_downloads_week><raw_downloads_day>0</raw_downloads_day><tags>sha256-5de3a5d1a2b90bf923002d09a26974907cfa97aeff10309f2bb857245f0d89a4.sig</tags></version><version><id>284412654</id><name>sha256:9db1fc04fbe9e60411966dba83faef663e49dd248aca67b1a2ddc9c1113c93bf</name><date>2025-01-01</date><newest>false</newest><latest>false</latest><size>6.2 MB</size><downloads>1</downloads><downloads_month>0</downloads_month><downloads_week>0</downloads_week><downloads_day>0</downloads_day><raw_size>6257661</raw_size><raw_downloads>1</raw_downloads><raw_downloads_month>0</raw_downloads_month><raw_downloads_week>0</raw_downloads_week><raw_downloads_day>0</raw_downloads_day></version><version><id>284412684</id><name>sha256:61be2f3f20f4f8cef5adcf7cc5c759f7d33d5edf0b9bde22f23f183e7ac94de7</name><date>2025-01-01</date><newest>false</newest><latest>false</latest><size>6.2 MB</size><downloads>0</downloads><downloads_month>0</downloads_month><downloads_week>0</downloads_week><downloads_day>0</downloads_day><raw_size>6262349</raw_size><raw_downloads>0</raw_downloads><raw_downloads_month>0</raw_downloads_month><raw_downloads_week>0</raw_downloads_week><raw_downloads_day>0</raw_downloads_day></version><version><id>284412706</id><name>sha256:5d6a9b6576f208e5ed87fff094035fb2bb5a2ff050aec667089b4ca9eb96400a</name><date>2025-01-01</date><newest>false</newest><latest>false</latest><size>2.3 kB</size><downloads>0</downloads><downloads_month>0</downloads_month><downloads_week>0</downloads_week><downloads_day>0</downloads_day><raw_size>2335</raw_size><raw_downloads>0</raw_downloads><raw_downloads_month>0</raw_downloads_month><raw_downloads_week>0</raw_downloads_week><raw_downloads_day>0</raw_downloads_day><tags>sha256-434f843049470d73b35051078b03b503b4a1512bba0d1e1533777f1e76129e1b.sig</tags></version><version><id>284413585</id><name>sha256:6e9e51b262b4d85eaf38d45d495aa717d3072b9a5def0f92b05ceab20b7c7ce2</name><date>2025-01-01</date><newest>false</newest><latest>false</latest><size>6.1 MB</size><downloads>2</downloads><downloads_month>2</downloads_month><downloads_week>0</downloads_week><downloads_day>0</downloads_day><raw_size>6128191</raw_size><raw_downloads>2</raw_downloads><raw_downloads_month>2</raw_downloads_month><raw_downloads_week>0</raw_downloads_week><raw_downloads_day>0</raw_downloads_day></version><version><id>284413610</id><name>sha256:d359f6dcfda1161881c94661db5f0ce6e5d6e0700ad98d7d509731d728a3a3ef</name><date>2025-01-01</date><newest>false</newest><latest>false</latest><size>2.3 kB</size><downloads>0</downloads><downloads_month>0</downloads_month><downloads_week>0</downloads_week><downloads_day>0</downloads_day><raw_size>2335</raw_size><raw_downloads>0</raw_downloads><raw_downloads_month>0</raw_downloads_month><raw_downloads_week>0</raw_downloads_week><raw_downloads_day>0</raw_downloads_day><tags>sha256-6e9e51b262b4d85eaf38d45d495aa717d3072b9a5def0f92b05ceab20b7c7ce2.sig</tags></version><version><id>284413636</id><name>sha256:08dc12d8177b677e27a5dcc66214aa7876486bbadd861f0fd08c14d4796d7d83</name><date>2025-01-01</date><newest>false</newest><latest>false</latest><size>6.2 MB</size><downloads>1</downloads><downloads_month>0</downloads_month><downloads_week>0</downloads_week><downloads_day>0</downloads_day><raw_size>6257649</raw_size><raw_downloads>1</raw_downloads><raw_downloads_month>0</raw_downloads_month><raw_downloads_week>0</raw_downloads_week><raw_downloads_day>0</raw_downloads_day></version><version><id>284413654</id><name>sha256:707b7330ac05ef92697246ce2f6073b763bb1f3ffb992f7688b0f4d22becdb4d</name><date>2025-01-01</date><newest>false</newest><latest>false</latest><size>6.2 MB</size><downloads>0</downloads><downloads_month>0</downloads_month><downloads_week>0</downloads_week><downloads_day>0</downloads_day><raw_size>6262337</raw_size><raw_downloads>0</raw_downloads><raw_downloads_month>0</raw_downloads_month><raw_downloads_week>0</raw_downloads_week><raw_downloads_day>0</raw_downloads_day></version><version><id>284413667</id><name>sha256:411231e1df3e8c82d8279b5e0582a8ff7493b5a678b6d32a513df2f31c405d4e</name><date>2025-01-01</date><newest>false</newest><latest>false</latest><size>6.2 MB</size><downloads>2</downloads><downloads_month>0</downloads_month><downloads_week>0</downloads_week><downloads_day>0</downloads_day><raw_size>6262337</raw_size><raw_downloads>2</raw_downloads><raw_downloads_month>0</raw_downloads_month><raw_downloads_week>0</raw_downloads_week><raw_downloads_day>0</raw_downloads_day></version><version><id>284413685</id><name>sha256:1617b95cfd9b4974a8b16bca3a18c7b9a8106ced4ed86f3eefb594e27a3ba3e5</name><date>2025-01-01</date><newest>false</newest><latest>false</latest><size>2.3 kB</size><downloads>0</downloads><downloads_month>0</downloads_month><downloads_week>0</downloads_week><downloads_day>0</downloads_day><raw_size>2335</raw_size><raw_downloads>0</raw_downloads><raw_downloads_month>0</raw_downloads_month><raw_downloads_week>0</raw_downloads_week><raw_downloads_day>0</raw_downloads_day><tags>sha256-411231e1df3e8c82d8279b5e0582a8ff7493b5a678b6d32a513df2f31c405d4e.sig</tags></version><version><id>284413710</id><name>sha256:9db66c0b05fc1b266c58e338edf31ecacfa767e72d5c9664d9709d6f530a1e99</name><date>2025-01-01</date><newest>false</newest><latest>false</latest><size>6.2 MB</size><downloads>0</downloads><downloads_month>0</downloads_month><downloads_week>0</downloads_week><downloads_day>0</downloads_day><raw_size>6262337</raw_size><raw_downloads>0</raw_downloads><raw_downloads_month>0</raw_downloads_month><raw_downloads_week>0</raw_downloads_week><raw_downloads_day>0</raw_downloads_day></version><version><id>284414290</id><name>sha256:cd2da325ae81b1a6d02a2aedf6518c0ed392530e920a5978f53927060cffcc07</name><date>2025-01-01</date><newest>false</newest><latest>false</latest><size>2.3 kB</size><downloads>0</downloads><downloads_month>0</downloads_month><downloads_week>0</downloads_week><downloads_day>0</downloads_day><raw_size>2335</raw_size><raw_downloads>0</raw_downloads><raw_downloads_month>0</raw_downloads_month><raw_downloads_week>0</raw_downloads_week><raw_downloads_day>0</raw_downloads_day><tags>sha256-7faf9dc564e5897a8c271004b186e25cdb33e7052a14d8e6b3bcae24d97291ca.sig</tags></version><version><id>284414301</id><name>sha256:7703c182b73d52d749e06d1ec54f021bee4508699b9fc755df350a71dbfe1ef1</name><date>2025-01-01</date><newest>false</newest><latest>false</latest><size>6.2 MB</size><downloads>0</downloads><downloads_month>0</downloads_month><downloads_week>0</downloads_week><downloads_day>0</downloads_day><raw_size>6257663</raw_size><raw_downloads>0</raw_downloads><raw_downloads_month>0</raw_downloads_month><raw_downloads_week>0</raw_downloads_week><raw_downloads_day>0</raw_downloads_day><tags>simple-sig</tags></version><version><id>284414308</id><name>sha256:258a43c2ffdff4cad1848eba45e495ca45860b619721af40d3860d686b487705</name><date>2025-01-01</date><newest>false</newest><latest>false</latest><size>6.2 MB</size><downloads>0</downloads><downloads_month>0</downloads_month><downloads_week>0</downloads_week><downloads_day>0</downloads_day><raw_size>6262351</raw_size><raw_downloads>0</raw_downloads><raw_downloads_month>0</raw_downloads_month><raw_downloads_week>0</raw_downloads_week><raw_downloads_day>0</raw_downloads_day><tags>enc-unsig</tags></version><version><id>284414319</id><name>sha256:39162aa76e29302005ecf7ec1048315c8fac2869b5a7e5ea18f8ea067b0832ba</name><date>2025-01-01</date><newest>false</newest><latest>false</latest><size>6.2 MB</size><downloads>2</downloads><downloads_month>0</downloads_month><downloads_week>0</downloads_week><downloads_day>0</downloads_day><raw_size>6262351</raw_size><raw_downloads>2</raw_downloads><raw_downloads_month>0</raw_downloads_month><raw_downloads_week>0</raw_downloads_week><raw_downloads_day>0</raw_downloads_day><tags>enc-cosign-sig</tags></version><version><id>284414349</id><name>sha256:8e7ee52d1202965d194674fdb518841f7bc98e06526f94f7c081fe07d916179c</name><date>2025-01-01</date><newest>false</newest><latest>false</latest><size>2.3 kB</size><downloads>0</downloads><downloads_month>0</downloads_month><downloads_week>0</downloads_week><downloads_day>0</downloads_day><raw_size>2335</raw_size><raw_downloads>0</raw_downloads><raw_downloads_month>0</raw_downloads_month><raw_downloads_week>0</raw_downloads_week><raw_downloads_day>0</raw_downloads_day><tags>sha256-39162aa76e29302005ecf7ec1048315c8fac2869b5a7e5ea18f8ea067b0832ba.sig</tags></version><version><id>284414393</id><name>sha256:56a7c37a81f6f99c254c1a2a5d41fe455e41c8fd30c2ab5547754e6386129c18</name><date>2025-01-01</date><newest>true</newest><latest>true</latest><size>6.2 MB</size><downloads>0</downloads><downloads_month>0</downloads_month><downloads_week>0</downloads_week><downloads_day>0</downloads_day><raw_size>6262351</raw_size><raw_downloads>0</raw_downloads><raw_downloads_month>0</raw_downloads_month><raw_downloads_week>0</raw_downloads_week><raw_downloads_day>0</raw_downloads_day><tags>encrypted</tags></version></xml>
