<?xml version="1.0" encoding="UTF-8"?><xml><owner_type>users</owner_type><package_type>container</package_type><owner_id>809839</owner_id><owner>portersrc</owner><repo>infra</repo><package>test-container</package><date>2025-06-20</date><size>-1</size><versions>88</versions><tagged>28</tagged><owner_rank>2</owner_rank><repo_rank>2</repo_rank><downloads>294</downloads><downloads_month>0</downloads_month><downloads_week>0</downloads_week><downloads_day>0</downloads_day><raw_size>-1</raw_size><raw_versions>88</raw_versions><raw_tagged>28</raw_tagged><raw_owner_rank>2</raw_owner_rank><raw_repo_rank>2</raw_repo_rank><raw_downloads>294</raw_downloads><raw_downloads_month>0</raw_downloads_month><raw_downloads_week>0</raw_downloads_week><raw_downloads_day>0</raw_downloads_day><version><id>129013385</id><name>sha256:fd5a3566862e7b166bb8fb222ea2d1d7605de5cd781a486d58608c134f872f0e</name><date>2025-06-20</date><newest>false</newest><latest>false</latest><size>6.1 MB</size><downloads>5</downloads><downloads_month>0</downloads_month><downloads_week>0</downloads_week><downloads_day>0</downloads_day><raw_size>6128537</raw_size><raw_downloads>5</raw_downloads><raw_downloads_month>0</raw_downloads_month><raw_downloads_week>0</raw_downloads_week><raw_downloads_day>0</raw_downloads_day></version><version><id>129521951</id><name>sha256:991577d6c85ebfff02ce388218bf51b4f149e349cf3b5840fbb16ea32e5a73af</name><date>2025-06-20</date><newest>false</newest><latest>false</latest><size>6.1 MB</size><downloads>0</downloads><downloads_month>0</downloads_month><downloads_week>0</downloads_week><downloads_day>0</downloads_day><raw_size>6128127</raw_size><raw_downloads>0</raw_downloads><raw_downloads_month>0</raw_downloads_month><raw_downloads_week>0</raw_downloads_week><raw_downloads_day>0</raw_downloads_day></version><version><id>130554855</id><name>sha256:b4b132b3c8e9a22e657dbe92fe2cc0bff1755f05da6a8157093b0d2151fdad7a</name><date>2025-06-20</date><newest>false</newest><latest>false</latest><size>6.1 MB</size><downloads>0</downloads><downloads_month>0</downloads_month><downloads_week>0</downloads_week><downloads_day>0</downloads_day><raw_size>6128118</raw_size><raw_downloads>0</raw_downloads><raw_downloads_month>0</raw_downloads_month><raw_downloads_week>0</raw_downloads_week><raw_downloads_day>0</raw_downloads_day></version><version><id>130566137</id><name>sha256:e07fc7afbd0e02914d61ec4104801f25f5d56dc29f7abd5ae1d5ddccff191ef0</name><date>2025-06-20</date><newest>false</newest><latest>false</latest><size>6.1 MB</size><downloads>0</downloads><downloads_month>0</downloads_month><downloads_week>0</downloads_week><downloads_day>0</downloads_day><raw_size>6128122</raw_size><raw_downloads>0</raw_downloads><raw_downloads_month>0</raw_downloads_month><raw_downloads_week>0</raw_downloads_week><raw_downloads_day>0</raw_downloads_day></version><version><id>130569878</id><name>sha256:fe558314d953f0ad1485eaa9458eaed140f31a84b01a74019add7c2c323b5d99</name><date>2025-06-20</date><newest>false</newest><latest>false</latest><size>6.1 MB</size><downloads>0</downloads><downloads_month>0</downloads_month><downloads_week>0</downloads_week><downloads_day>0</downloads_day><raw_size>6128121</raw_size><raw_downloads>0</raw_downloads><raw_downloads_month>0</raw_downloads_month><raw_downloads_week>0</raw_downloads_week><raw_downloads_day>0</raw_downloads_day></version><version><id>130611169</id><name>sha256:cf2c611cbf6d4ee6e88d0be87fcffdbba79f565194c6ccae0b8cd659ec5179fc</name><date>2025-06-20</date><newest>false</newest><latest>false</latest><size>6.1 MB</size><downloads>0</downloads><downloads_month>0</downloads_month><downloads_week>0</downloads_week><downloads_day>0</downloads_day><raw_size>6128132</raw_size><raw_downloads>0</raw_downloads><raw_downloads_month>0</raw_downloads_month><raw_downloads_week>0</raw_downloads_week><raw_downloads_day>0</raw_downloads_day></version><version><id>130621987</id><name>sha256:ae040a922e6971bb01e2ce2f29296da8dc4176dc28ac532c9e29f96db313641f</name><date>2025-06-20</date><newest>false</newest><latest>false</latest><size>6.1 MB</size><downloads>0</downloads><downloads_month>0</downloads_month><downloads_week>0</downloads_week><downloads_day>0</downloads_day><raw_size>6128127</raw_size><raw_downloads>0</raw_downloads><raw_downloads_month>0</raw_downloads_month><raw_downloads_week>0</raw_downloads_week><raw_downloads_day>0</raw_downloads_day></version><version><id>130635975</id><name>sha256:901af2cdf627c86a55fd5d5797615c040098633653ea69c70092656792ec5192</name><date>2025-06-20</date><newest>false</newest><latest>false</latest><size>2.3 kB</size><downloads>0</downloads><downloads_month>0</downloads_month><downloads_week>0</downloads_week><downloads_day>0</downloads_day><raw_size>2364</raw_size><raw_downloads>0</raw_downloads><raw_downloads_month>0</raw_downloads_month><raw_downloads_week>0</raw_downloads_week><raw_downloads_day>0</raw_downloads_day><tags>sha256-fd5a3566862e7b166bb8fb222ea2d1d7605de5cd781a486d58608c134f872f0e.sig</tags></version><version><id>130637740</id><name>sha256:d7b6ae577f4a981b74104629256c5d0f0ec467ba59f7b4c34188c8b0e404bc58</name><date>2025-06-20</date><newest>false</newest><latest>false</latest><size>6.1 MB</size><downloads>2</downloads><downloads_month>0</downloads_month><downloads_week>0</downloads_week><downloads_day>0</downloads_day><raw_size>6128129</raw_size><raw_downloads>2</raw_downloads><raw_downloads_month>0</raw_downloads_month><raw_downloads_week>0</raw_downloads_week><raw_downloads_day>0</raw_downloads_day></version><version><id>130640112</id><name>sha256:1b834aa3b0932b863777289153363eea2120025c095c3e100c5771d29feda1d6</name><date>2025-06-20</date><newest>false</newest><latest>false</latest><size>6.1 MB</size><downloads>2</downloads><downloads_month>0</downloads_month><downloads_week>0</downloads_week><downloads_day>0</downloads_day><raw_size>6128134</raw_size><raw_downloads>2</raw_downloads><raw_downloads_month>0</raw_downloads_month><raw_downloads_week>0</raw_downloads_week><raw_downloads_day>0</raw_downloads_day></version><version><id>130640133</id><name>sha256:f3e9572180b8f6acba90636600cb910f1daa65bb482352467e20f08e8082c906</name><date>2025-06-20</date><newest>false</newest><latest>false</latest><size>2.3 kB</size><downloads>0</downloads><downloads_month>0</downloads_month><downloads_week>0</downloads_week><downloads_day>0</downloads_day><raw_size>2334</raw_size><raw_downloads>0</raw_downloads><raw_downloads_month>0</raw_downloads_month><raw_downloads_week>0</raw_downloads_week><raw_downloads_day>0</raw_downloads_day><tags>sha256-1b834aa3b0932b863777289153363eea2120025c095c3e100c5771d29feda1d6.sig</tags></version><version><id>130640683</id><name>sha256:009e9373aa321e93f486130c18de8d7290a057d932a5fac365332e6c59001911</name><date>2025-06-20</date><newest>false</newest><latest>false</latest><size>6.1 MB</size><downloads>2</downloads><downloads_month>0</downloads_month><downloads_week>0</downloads_week><downloads_day>0</downloads_day><raw_size>6128134</raw_size><raw_downloads>2</raw_downloads><raw_downloads_month>0</raw_downloads_month><raw_downloads_week>0</raw_downloads_week><raw_downloads_day>0</raw_downloads_day></version><version><id>130641129</id><name>sha256:cc053d29d6f6926779e79c657fb94d09678ba94c3f69b6f976907c9fea5cffc2</name><date>2025-06-20</date><newest>false</newest><latest>false</latest><size>6.1 MB</size><downloads>2</downloads><downloads_month>0</downloads_month><downloads_week>0</downloads_week><downloads_day>0</downloads_day><raw_size>6128131</raw_size><raw_downloads>2</raw_downloads><raw_downloads_month>0</raw_downloads_month><raw_downloads_week>0</raw_downloads_week><raw_downloads_day>0</raw_downloads_day></version><version><id>130641141</id><name>sha256:3a4d879be5a7d0019b99081f3c0b497f02781dc5986d41131e7807576be378bb</name><date>2025-06-20</date><newest>false</newest><latest>false</latest><size>2.3 kB</size><downloads>0</downloads><downloads_month>0</downloads_month><downloads_week>0</downloads_week><downloads_day>0</downloads_day><raw_size>2334</raw_size><raw_downloads>0</raw_downloads><raw_downloads_month>0</raw_downloads_month><raw_downloads_week>0</raw_downloads_week><raw_downloads_day>0</raw_downloads_day><tags>sha256-cc053d29d6f6926779e79c657fb94d09678ba94c3f69b6f976907c9fea5cffc2.sig</tags></version><version><id>133542940</id><name>sha256:b7984f0259c6106fa3f4e1542a6fd57de3b67cc527764df5584ef6eae603c359</name><date>2025-06-20</date><newest>false</newest><latest>false</latest><size>6.1 MB</size><downloads>45</downloads><downloads_month>0</downloads_month><downloads_week>0</downloads_week><downloads_day>0</downloads_day><raw_size>6128133</raw_size><raw_downloads>45</raw_downloads><raw_downloads_month>0</raw_downloads_month><raw_downloads_week>0</raw_downloads_week><raw_downloads_day>0</raw_downloads_day></version><version><id>133542946</id><name>sha256:de55c6ca367df37b8ca79e04d9957f1d9bf9d5cf6de29a97f7ebea74676c2908</name><date>2025-06-20</date><newest>false</newest><latest>false</latest><size>2.3 kB</size><downloads>0</downloads><downloads_month>0</downloads_month><downloads_week>0</downloads_week><downloads_day>0</downloads_day><raw_size>2334</raw_size><raw_downloads>0</raw_downloads><raw_downloads_month>0</raw_downloads_month><raw_downloads_week>0</raw_downloads_week><raw_downloads_day>0</raw_downloads_day><tags>sha256-b7984f0259c6106fa3f4e1542a6fd57de3b67cc527764df5584ef6eae603c359.sig</tags></version><version><id>154297414</id><name>sha256:6945be34178841676be7d0e0ce32844e506135f1ae36914448a80138a6ebf650</name><date>2025-06-20</date><newest>false</newest><latest>false</latest><size>6.1 MB</size><downloads>2</downloads><downloads_month>0</downloads_month><downloads_week>0</downloads_week><downloads_day>0</downloads_day><raw_size>6128215</raw_size><raw_downloads>2</raw_downloads><raw_downloads_month>0</raw_downloads_month><raw_downloads_week>0</raw_downloads_week><raw_downloads_day>0</raw_downloads_day></version><version><id>154297445</id><name>sha256:ac43b89cc354dac036a273f521fbbbc10fd718454122641887fa36d6e5819a3c</name><date>2025-06-20</date><newest>false</newest><latest>false</latest><size>2.3 kB</size><downloads>0</downloads><downloads_month>0</downloads_month><downloads_week>0</downloads_week><downloads_day>0</downloads_day><raw_size>2334</raw_size><raw_downloads>0</raw_downloads><raw_downloads_month>0</raw_downloads_month><raw_downloads_week>0</raw_downloads_week><raw_downloads_day>0</raw_downloads_day><tags>sha256-6945be34178841676be7d0e0ce32844e506135f1ae36914448a80138a6ebf650.sig</tags></version><version><id>154320319</id><name>sha256:6928dee941a41c2843831a2b36a6318b3fbf2c97b4f5fea6d6c4e1327abdfe75</name><date>2025-06-20</date><newest>false</newest><latest>false</latest><size>6.1 MB</size><downloads>101</downloads><downloads_month>0</downloads_month><downloads_week>0</downloads_week><downloads_day>0</downloads_day><raw_size>6128223</raw_size><raw_downloads>101</raw_downloads><raw_downloads_month>0</raw_downloads_month><raw_downloads_week>0</raw_downloads_week><raw_downloads_day>0</raw_downloads_day></version><version><id>154320343</id><name>sha256:b0d3ec5286784d85965d6d4e83b9dabd1460cc67944018b2a6b50948a8952aa4</name><date>2025-06-20</date><newest>false</newest><latest>false</latest><size>2.3 kB</size><downloads>0</downloads><downloads_month>0</downloads_month><downloads_week>0</downloads_week><downloads_day>0</downloads_day><raw_size>2334</raw_size><raw_downloads>0</raw_downloads><raw_downloads_month>0</raw_downloads_month><raw_downloads_week>0</raw_downloads_week><raw_downloads_day>0</raw_downloads_day><tags>sha256-6928dee941a41c2843831a2b36a6318b3fbf2c97b4f5fea6d6c4e1327abdfe75.sig</tags></version><version><id>188686623</id><name>sha256:37c098f1078f8f8df2e11dc6c32bae5124e2ad92cb2f7d7383aa1c4eb49fb010</name><date>2025-06-20</date><newest>false</newest><latest>false</latest><size>6.1 MB</size><downloads>2</downloads><downloads_month>0</downloads_month><downloads_week>0</downloads_week><downloads_day>0</downloads_day><raw_size>6128222</raw_size><raw_downloads>2</raw_downloads><raw_downloads_month>0</raw_downloads_month><raw_downloads_week>0</raw_downloads_week><raw_downloads_day>0</raw_downloads_day></version><version><id>188686634</id><name>sha256:117b42fc1fdcc3903a722f5d2c21eb85ec43eba27dc928754afd407b1c86f81a</name><date>2025-06-20</date><newest>false</newest><latest>false</latest><size>2.3 kB</size><downloads>0</downloads><downloads_month>0</downloads_month><downloads_week>0</downloads_week><downloads_day>0</downloads_day><raw_size>2334</raw_size><raw_downloads>0</raw_downloads><raw_downloads_month>0</raw_downloads_month><raw_downloads_week>0</raw_downloads_week><raw_downloads_day>0</raw_downloads_day><tags>sha256-37c098f1078f8f8df2e11dc6c32bae5124e2ad92cb2f7d7383aa1c4eb49fb010.sig</tags></version><version><id>188689179</id><name>sha256:15a6632529551fcad26d163a6eb92bf868267e899f06ae0373a2b5cbbb8091b1</name><date>2025-06-20</date><newest>false</newest><latest>false</latest><size>6.1 MB</size><downloads>81</downloads><downloads_month>0</downloads_month><downloads_week>0</downloads_week><downloads_day>0</downloads_day><raw_size>6128221</raw_size><raw_downloads>81</raw_downloads><raw_downloads_month>0</raw_downloads_month><raw_downloads_week>0</raw_downloads_week><raw_downloads_day>0</raw_downloads_day></version><version><id>188689215</id><name>sha256:913d7837200c477f4473588646a81e26de70d4e95af317c7d7d289f62fa3843b</name><date>2025-06-20</date><newest>false</newest><latest>false</latest><size>2.3 kB</size><downloads>0</downloads><downloads_month>0</downloads_month><downloads_week>0</downloads_week><downloads_day>0</downloads_day><raw_size>2334</raw_size><raw_downloads>0</raw_downloads><raw_downloads_month>0</raw_downloads_month><raw_downloads_week>0</raw_downloads_week><raw_downloads_day>0</raw_downloads_day><tags>sha256-15a6632529551fcad26d163a6eb92bf868267e899f06ae0373a2b5cbbb8091b1.sig</tags></version><version><id>283967491</id><name>sha256:9603c38f8573a2ec13ffeb54deb3fa3f9510d85da944bd19a2e056d254ce0c62</name><date>2025-06-20</date><newest>false</newest><latest>false</latest><size>6.1 MB</size><downloads>4</downloads><downloads_month>0</downloads_month><downloads_week>0</downloads_week><downloads_day>0</downloads_day><raw_size>6128399</raw_size><raw_downloads>4</raw_downloads><raw_downloads_month>0</raw_downloads_month><raw_downloads_week>0</raw_downloads_week><raw_downloads_day>0</raw_downloads_day></version><version><id>283970417</id><name>sha256:cf70f68bad4dd8f02758bf09279ecb8c8b50c2ce5ae79a6443bb5311cb603e05</name><date>2025-06-20</date><newest>false</newest><latest>false</latest><size>2.3 kB</size><downloads>0</downloads><downloads_month>0</downloads_month><downloads_week>0</downloads_week><downloads_day>0</downloads_day><raw_size>2335</raw_size><raw_downloads>0</raw_downloads><raw_downloads_month>0</raw_downloads_month><raw_downloads_week>0</raw_downloads_week><raw_downloads_day>0</raw_downloads_day></version><version><id>283970761</id><name>sha256:658a89a8b4284d7ccd0c8f30496d4eb992cedf190928e2ea5137eb620ee0b482</name><date>2025-06-20</date><newest>false</newest><latest>false</latest><size>6.2 MB</size><downloads>9</downloads><downloads_month>0</downloads_month><downloads_week>0</downloads_week><downloads_day>0</downloads_day><raw_size>6257868</raw_size><raw_downloads>9</raw_downloads><raw_downloads_month>0</raw_downloads_month><raw_downloads_week>0</raw_downloads_week><raw_downloads_day>0</raw_downloads_day></version><version><id>283974867</id><name>sha256:8eb0c08648713113be1a92032e11e5a78f2431103809c6e37d27be36f0b1ba0a</name><date>2025-06-20</date><newest>false</newest><latest>false</latest><size>6.2 MB</size><downloads>0</downloads><downloads_month>0</downloads_month><downloads_week>0</downloads_week><downloads_day>0</downloads_day><raw_size>6262526</raw_size><raw_downloads>0</raw_downloads><raw_downloads_month>0</raw_downloads_month><raw_downloads_week>0</raw_downloads_week><raw_downloads_day>0</raw_downloads_day></version><version><id>283975581</id><name>sha256:3a2e16482be61da240d28fc758b41b93e102493165cf0c38c4bacb8a6f9feb6f</name><date>2025-06-20</date><newest>false</newest><latest>false</latest><size>6.2 MB</size><downloads>0</downloads><downloads_month>0</downloads_month><downloads_week>0</downloads_week><downloads_day>0</downloads_day><raw_size>6262526</raw_size><raw_downloads>0</raw_downloads><raw_downloads_month>0</raw_downloads_month><raw_downloads_week>0</raw_downloads_week><raw_downloads_day>0</raw_downloads_day></version><version><id>283975854</id><name>sha256:17cfb32ec5df29cc90cb94bf57f1635818187da0cf0653e31e3a588cba548e3d</name><date>2025-06-20</date><newest>false</newest><latest>false</latest><size>3.9 kB</size><downloads>0</downloads><downloads_month>0</downloads_month><downloads_week>0</downloads_week><downloads_day>0</downloads_day><raw_size>3927</raw_size><raw_downloads>0</raw_downloads><raw_downloads_month>0</raw_downloads_month><raw_downloads_week>0</raw_downloads_week><raw_downloads_day>0</raw_downloads_day><tags>sha256-9603c38f8573a2ec13ffeb54deb3fa3f9510d85da944bd19a2e056d254ce0c62.sig</tags></version><version><id>283975857</id><name>sha256:80bceb537fb1ab8c7486d6dc7d15e48a0c859f30446c3284cf632ca41803f2d9</name><date>2025-06-20</date><newest>false</newest><latest>false</latest><size>6.2 MB</size><downloads>2</downloads><downloads_month>0</downloads_month><downloads_week>0</downloads_week><downloads_day>0</downloads_day><raw_size>6262526</raw_size><raw_downloads>2</raw_downloads><raw_downloads_month>0</raw_downloads_month><raw_downloads_week>0</raw_downloads_week><raw_downloads_day>0</raw_downloads_day></version><version><id>283975863</id><name>sha256:9b92b98299b602dce53a83f76de8c423b88b2b49cb390c956399675b2bcece76</name><date>2025-06-20</date><newest>false</newest><latest>false</latest><size>2.3 kB</size><downloads>0</downloads><downloads_month>0</downloads_month><downloads_week>0</downloads_week><downloads_day>0</downloads_day><raw_size>2335</raw_size><raw_downloads>0</raw_downloads><raw_downloads_month>0</raw_downloads_month><raw_downloads_week>0</raw_downloads_week><raw_downloads_day>0</raw_downloads_day><tags>sha256-80bceb537fb1ab8c7486d6dc7d15e48a0c859f30446c3284cf632ca41803f2d9.sig</tags></version><version><id>283976117</id><name>sha256:716817dc7b97bdd250efa1d2c3cdac77b4bea5864c2a49645726951915d7b640</name><date>2025-06-20</date><newest>false</newest><latest>false</latest><size>6.2 MB</size><downloads>0</downloads><downloads_month>0</downloads_month><downloads_week>0</downloads_week><downloads_day>0</downloads_day><raw_size>6262526</raw_size><raw_downloads>0</raw_downloads><raw_downloads_month>0</raw_downloads_month><raw_downloads_week>0</raw_downloads_week><raw_downloads_day>0</raw_downloads_day></version><version><id>283976185</id><name>sha256:9eb78721614e0c0387974b82c600a5eb8a54e01b57a97e99f75ea60b7cc24c6c</name><date>2025-06-20</date><newest>false</newest><latest>false</latest><size>6.2 MB</size><downloads>0</downloads><downloads_month>0</downloads_month><downloads_week>0</downloads_week><downloads_day>0</downloads_day><raw_size>6262526</raw_size><raw_downloads>0</raw_downloads><raw_downloads_month>0</raw_downloads_month><raw_downloads_week>0</raw_downloads_week><raw_downloads_day>0</raw_downloads_day></version><version><id>283982122</id><name>sha256:e8a6654afe9a58c838cdddee2a5de9d09956fd4991e377038e85e0cdfc464865</name><date>2025-06-20</date><newest>false</newest><latest>false</latest><size>6.1 MB</size><downloads>0</downloads><downloads_month>0</downloads_month><downloads_week>0</downloads_week><downloads_day>0</downloads_day><raw_size>6128180</raw_size><raw_downloads>0</raw_downloads><raw_downloads_month>0</raw_downloads_month><raw_downloads_week>0</raw_downloads_week><raw_downloads_day>0</raw_downloads_day></version><version><id>283983928</id><name>sha256:8b0f7da957e4f7a95201fc62109e9b969403798ab472da7527f28cca7b746d50</name><date>2025-06-20</date><newest>false</newest><latest>false</latest><size>6.1 MB</size><downloads>0</downloads><downloads_month>0</downloads_month><downloads_week>0</downloads_week><downloads_day>0</downloads_day><raw_size>6128182</raw_size><raw_downloads>0</raw_downloads><raw_downloads_month>0</raw_downloads_month><raw_downloads_week>0</raw_downloads_week><raw_downloads_day>0</raw_downloads_day></version><version><id>283984409</id><name>sha256:190582e7fe7c9038533f8b45afa44043fcf6479e170a8aaba1a99335f7389654</name><date>2025-06-20</date><newest>false</newest><latest>false</latest><size>6.1 MB</size><downloads>0</downloads><downloads_month>0</downloads_month><downloads_week>0</downloads_week><downloads_day>0</downloads_day><raw_size>6128182</raw_size><raw_downloads>0</raw_downloads><raw_downloads_month>0</raw_downloads_month><raw_downloads_week>0</raw_downloads_week><raw_downloads_day>0</raw_downloads_day></version><version><id>283985230</id><name>sha256:daeab927ec0a38a0b9c5801715723f536e1389ba30615e47a72b7dc83f9944bc</name><date>2025-06-20</date><newest>false</newest><latest>false</latest><size>6.1 MB</size><downloads>2</downloads><downloads_month>0</downloads_month><downloads_week>0</downloads_week><downloads_day>0</downloads_day><raw_size>6128187</raw_size><raw_downloads>2</raw_downloads><raw_downloads_month>0</raw_downloads_month><raw_downloads_week>0</raw_downloads_week><raw_downloads_day>0</raw_downloads_day></version><version><id>283985245</id><name>sha256:dbe1ab4351c7d096b307afd301964b5742cd839bfd1007e796fa553b355138cd</name><date>2025-06-20</date><newest>false</newest><latest>false</latest><size>2.3 kB</size><downloads>0</downloads><downloads_month>0</downloads_month><downloads_week>0</downloads_week><downloads_day>0</downloads_day><raw_size>2335</raw_size><raw_downloads>0</raw_downloads><raw_downloads_month>0</raw_downloads_month><raw_downloads_week>0</raw_downloads_week><raw_downloads_day>0</raw_downloads_day><tags>sha256-daeab927ec0a38a0b9c5801715723f536e1389ba30615e47a72b7dc83f9944bc.sig</tags></version><version><id>284000181</id><name>sha256:abb5fa1fb0908a79787d072f178397dd0c7353960c30f948eaf20053247b3140</name><date>2025-06-20</date><newest>false</newest><latest>false</latest><size>6.1 MB</size><downloads>2</downloads><downloads_month>0</downloads_month><downloads_week>0</downloads_week><downloads_day>0</downloads_day><raw_size>6128191</raw_size><raw_downloads>2</raw_downloads><raw_downloads_month>0</raw_downloads_month><raw_downloads_week>0</raw_downloads_week><raw_downloads_day>0</raw_downloads_day></version><version><id>284000197</id><name>sha256:809e70feb344314ad9ed0b77c2e3a45bfddc8b2a6a66317c54eb254566df3a18</name><date>2025-06-20</date><newest>false</newest><latest>false</latest><size>2.3 kB</size><downloads>0</downloads><downloads_month>0</downloads_month><downloads_week>0</downloads_week><downloads_day>0</downloads_day><raw_size>2335</raw_size><raw_downloads>0</raw_downloads><raw_downloads_month>0</raw_downloads_month><raw_downloads_week>0</raw_downloads_week><raw_downloads_day>0</raw_downloads_day><tags>sha256-abb5fa1fb0908a79787d072f178397dd0c7353960c30f948eaf20053247b3140.sig</tags></version><version><id>284000210</id><name>sha256:acc34ddd7b5d45ec13ffd65202413424b42f383f7c09d0f435051237ba2bede4</name><date>2025-06-20</date><newest>false</newest><latest>false</latest><size>6.2 MB</size><downloads>0</downloads><downloads_month>0</downloads_month><downloads_week>0</downloads_week><downloads_day>0</downloads_day><raw_size>6257654</raw_size><raw_downloads>0</raw_downloads><raw_downloads_month>0</raw_downloads_month><raw_downloads_week>0</raw_downloads_week><raw_downloads_day>0</raw_downloads_day></version><version><id>284043254</id><name>sha256:c28992937571bc8212fa23424ae362d3a92be4cc44b71d4b282cb8d91bb3b319</name><date>2025-06-20</date><newest>false</newest><latest>false</latest><size>6.1 MB</size><downloads>2</downloads><downloads_month>0</downloads_month><downloads_week>0</downloads_week><downloads_day>0</downloads_day><raw_size>6128194</raw_size><raw_downloads>2</raw_downloads><raw_downloads_month>0</raw_downloads_month><raw_downloads_week>0</raw_downloads_week><raw_downloads_day>0</raw_downloads_day></version><version><id>284043283</id><name>sha256:0393cfafd955328bdec9430e2e3e738e3760c4df499cdaf0ff38ab244513d03b</name><date>2025-06-20</date><newest>false</newest><latest>false</latest><size>2.3 kB</size><downloads>0</downloads><downloads_month>0</downloads_month><downloads_week>0</downloads_week><downloads_day>0</downloads_day><raw_size>2335</raw_size><raw_downloads>0</raw_downloads><raw_downloads_month>0</raw_downloads_month><raw_downloads_week>0</raw_downloads_week><raw_downloads_day>0</raw_downloads_day><tags>sha256-c28992937571bc8212fa23424ae362d3a92be4cc44b71d4b282cb8d91bb3b319.sig</tags></version><version><id>284043311</id><name>sha256:ccd739c876d831b440d64afb4e0bea65ea5d6c7a1f78a1d1ad3e020948632f1d</name><date>2025-06-20</date><newest>false</newest><latest>false</latest><size>6.2 MB</size><downloads>1</downloads><downloads_month>0</downloads_month><downloads_week>0</downloads_week><downloads_day>0</downloads_day><raw_size>6257661</raw_size><raw_downloads>1</raw_downloads><raw_downloads_month>0</raw_downloads_month><raw_downloads_week>0</raw_downloads_week><raw_downloads_day>0</raw_downloads_day></version><version><id>284049343</id><name>sha256:79b42014fc3f48b7a473e21da637d1d45277905ec1e197e8b1b7fd47cbe89f0d</name><date>2025-06-20</date><newest>false</newest><latest>false</latest><size>6.1 MB</size><downloads>2</downloads><downloads_month>0</downloads_month><downloads_week>0</downloads_week><downloads_day>0</downloads_day><raw_size>6128186</raw_size><raw_downloads>2</raw_downloads><raw_downloads_month>0</raw_downloads_month><raw_downloads_week>0</raw_downloads_week><raw_downloads_day>0</raw_downloads_day></version><version><id>284049377</id><name>sha256:f68a80dae41819f830cc79571ac13974cf4b4dce44f641682e14df41f3aa5cc3</name><date>2025-06-20</date><newest>false</newest><latest>false</latest><size>2.3 kB</size><downloads>0</downloads><downloads_month>0</downloads_month><downloads_week>0</downloads_week><downloads_day>0</downloads_day><raw_size>2335</raw_size><raw_downloads>0</raw_downloads><raw_downloads_month>0</raw_downloads_month><raw_downloads_week>0</raw_downloads_week><raw_downloads_day>0</raw_downloads_day><tags>sha256-79b42014fc3f48b7a473e21da637d1d45277905ec1e197e8b1b7fd47cbe89f0d.sig</tags></version><version><id>284049412</id><name>sha256:166491d71643b56ebd2536bdc527ecb40b44e63136fc68bb8e9382a52815aa10</name><date>2025-06-20</date><newest>false</newest><latest>false</latest><size>6.2 MB</size><downloads>1</downloads><downloads_month>0</downloads_month><downloads_week>0</downloads_week><downloads_day>0</downloads_day><raw_size>6257639</raw_size><raw_downloads>1</raw_downloads><raw_downloads_month>0</raw_downloads_month><raw_downloads_week>0</raw_downloads_week><raw_downloads_day>0</raw_downloads_day></version><version><id>284073169</id><name>sha256:4918726d68692b0c8dce78698f41555221d7024d1a38efa3839225c56615bc02</name><date>2025-06-20</date><newest>false</newest><latest>false</latest><size>6.1 MB</size><downloads>2</downloads><downloads_month>0</downloads_month><downloads_week>0</downloads_week><downloads_day>0</downloads_day><raw_size>6128192</raw_size><raw_downloads>2</raw_downloads><raw_downloads_month>0</raw_downloads_month><raw_downloads_week>0</raw_downloads_week><raw_downloads_day>0</raw_downloads_day></version><version><id>284073188</id><name>sha256:a48a29a43904044710e7c68ce133d695a1be562c379a18a8fd2d9bc11598ce28</name><date>2025-06-20</date><newest>false</newest><latest>false</latest><size>2.3 kB</size><downloads>0</downloads><downloads_month>0</downloads_month><downloads_week>0</downloads_week><downloads_day>0</downloads_day><raw_size>2335</raw_size><raw_downloads>0</raw_downloads><raw_downloads_month>0</raw_downloads_month><raw_downloads_week>0</raw_downloads_week><raw_downloads_day>0</raw_downloads_day><tags>sha256-4918726d68692b0c8dce78698f41555221d7024d1a38efa3839225c56615bc02.sig</tags></version><version><id>284073216</id><name>sha256:217c7f7e14b19756204a6a0900dee9775a7f629388075ec02451e9d79d1ca1dc</name><date>2025-06-20</date><newest>false</newest><latest>false</latest><size>6.2 MB</size><downloads>1</downloads><downloads_month>0</downloads_month><downloads_week>0</downloads_week><downloads_day>0</downloads_day><raw_size>6257664</raw_size><raw_downloads>1</raw_downloads><raw_downloads_month>0</raw_downloads_month><raw_downloads_week>0</raw_downloads_week><raw_downloads_day>0</raw_downloads_day></version><version><id>284360224</id><name>sha256:eed32eaece9ba6dd4da9816495283e4b65db70cee8e5df8dcfe3d2263b091216</name><date>2025-06-20</date><newest>false</newest><latest>false</latest><size>6.1 MB</size><downloads>0</downloads><downloads_month>0</downloads_month><downloads_week>0</downloads_week><downloads_day>0</downloads_day><raw_size>6128190</raw_size><raw_downloads>0</raw_downloads><raw_downloads_month>0</raw_downloads_month><raw_downloads_week>0</raw_downloads_week><raw_downloads_day>0</raw_downloads_day></version><version><id>284360263</id><name>sha256:95063e21fe1e74601f6af8eaa5acbcab2bf876c0c5704c4d12c35a5673ef8ae4</name><date>2025-06-20</date><newest>false</newest><latest>false</latest><size>6.2 MB</size><downloads>0</downloads><downloads_month>0</downloads_month><downloads_week>0</downloads_week><downloads_day>0</downloads_day><raw_size>6262337</raw_size><raw_downloads>0</raw_downloads><raw_downloads_month>0</raw_downloads_month><raw_downloads_week>0</raw_downloads_week><raw_downloads_day>0</raw_downloads_day></version><version><id>284387819</id><name>sha256:f20284cc1f0fef108213d1442e297406b098d772c59746fb770f63a5e999f932</name><date>2025-06-20</date><newest>false</newest><latest>false</latest><size>6.1 MB</size><downloads>0</downloads><downloads_month>0</downloads_month><downloads_week>0</downloads_week><downloads_day>0</downloads_day><raw_size>6128183</raw_size><raw_downloads>0</raw_downloads><raw_downloads_month>0</raw_downloads_month><raw_downloads_week>0</raw_downloads_week><raw_downloads_day>0</raw_downloads_day></version><version><id>284387934</id><name>sha256:0e5f0d41b6cece855a944429eb7bf219546fe8fc74c14dfb576e2c1cf5572698</name><date>2025-06-20</date><newest>false</newest><latest>false</latest><size>6.2 MB</size><downloads>0</downloads><downloads_month>0</downloads_month><downloads_week>0</downloads_week><downloads_day>0</downloads_day><raw_size>6262336</raw_size><raw_downloads>0</raw_downloads><raw_downloads_month>0</raw_downloads_month><raw_downloads_week>0</raw_downloads_week><raw_downloads_day>0</raw_downloads_day></version><version><id>284394796</id><name>sha256:5a24dd84d2b56071ad0635a4a462c80f431186722fc3302e975c1a63d6c61587</name><date>2025-06-20</date><newest>false</newest><latest>false</latest><size>6.1 MB</size><downloads>0</downloads><downloads_month>0</downloads_month><downloads_week>0</downloads_week><downloads_day>0</downloads_day><raw_size>6128190</raw_size><raw_downloads>0</raw_downloads><raw_downloads_month>0</raw_downloads_month><raw_downloads_week>0</raw_downloads_week><raw_downloads_day>0</raw_downloads_day></version><version><id>284394804</id><name>sha256:4f62a35ea4d134143f06561cc87c1543ef7038e905c37fc3103e1532d4366805</name><date>2025-06-20</date><newest>false</newest><latest>false</latest><size>6.2 MB</size><downloads>0</downloads><downloads_month>0</downloads_month><downloads_week>0</downloads_week><downloads_day>0</downloads_day><raw_size>6262334</raw_size><raw_downloads>0</raw_downloads><raw_downloads_month>0</raw_downloads_month><raw_downloads_week>0</raw_downloads_week><raw_downloads_day>0</raw_downloads_day></version><version><id>284397931</id><name>sha256:ea4cac33e1e256a821f36e1418a187bdfa73dd623bc8d5e1082a0f165660e379</name><date>2025-06-20</date><newest>false</newest><latest>false</latest><size>6.1 MB</size><downloads>2</downloads><downloads_month>0</downloads_month><downloads_week>0</downloads_week><downloads_day>0</downloads_day><raw_size>6128183</raw_size><raw_downloads>2</raw_downloads><raw_downloads_month>0</raw_downloads_month><raw_downloads_week>0</raw_downloads_week><raw_downloads_day>0</raw_downloads_day></version><version><id>284397947</id><name>sha256:cc1b3f2979c59402175723b9ca60401156e7d10ed81e1abc39b482da0b7b4237</name><date>2025-06-20</date><newest>false</newest><latest>false</latest><size>2.3 kB</size><downloads>0</downloads><downloads_month>0</downloads_month><downloads_week>0</downloads_week><downloads_day>0</downloads_day><raw_size>2335</raw_size><raw_downloads>0</raw_downloads><raw_downloads_month>0</raw_downloads_month><raw_downloads_week>0</raw_downloads_week><raw_downloads_day>0</raw_downloads_day><tags>sha256-ea4cac33e1e256a821f36e1418a187bdfa73dd623bc8d5e1082a0f165660e379.sig</tags></version><version><id>284397975</id><name>sha256:19941fd37164f446dc876a4466ba02e06167f48d5f2fffbc8e37fc7c59d94f22</name><date>2025-06-20</date><newest>false</newest><latest>false</latest><size>6.2 MB</size><downloads>1</downloads><downloads_month>0</downloads_month><downloads_week>0</downloads_week><downloads_day>0</downloads_day><raw_size>6257639</raw_size><raw_downloads>1</raw_downloads><raw_downloads_month>0</raw_downloads_month><raw_downloads_week>0</raw_downloads_week><raw_downloads_day>0</raw_downloads_day></version><version><id>284398787</id><name>sha256:0548430a2d3128f34e78f2de27dbc5e6e68ef06dd1f55448ea6b0e9135f72349</name><date>2025-06-20</date><newest>false</newest><latest>false</latest><size>6.2 MB</size><downloads>0</downloads><downloads_month>0</downloads_month><downloads_week>0</downloads_week><downloads_day>0</downloads_day><raw_size>6262327</raw_size><raw_downloads>0</raw_downloads><raw_downloads_month>0</raw_downloads_month><raw_downloads_week>0</raw_downloads_week><raw_downloads_day>0</raw_downloads_day></version><version><id>284403322</id><name>sha256:675605ed8027ab07418b8be8016795868d0e5caf9f1ffc8def20c01e7ad530f8</name><date>2025-06-20</date><newest>false</newest><latest>false</latest><size>6.1 MB</size><downloads>2</downloads><downloads_month>0</downloads_month><downloads_week>0</downloads_week><downloads_day>0</downloads_day><raw_size>6128186</raw_size><raw_downloads>2</raw_downloads><raw_downloads_month>0</raw_downloads_month><raw_downloads_week>0</raw_downloads_week><raw_downloads_day>0</raw_downloads_day></version><version><id>284403372</id><name>sha256:0dc2ddf4f4da4b58d63b3d038a1bf1d192f4e0107e45a7fd047028f9867947b3</name><date>2025-06-20</date><newest>false</newest><latest>false</latest><size>2.3 kB</size><downloads>0</downloads><downloads_month>0</downloads_month><downloads_week>0</downloads_week><downloads_day>0</downloads_day><raw_size>2335</raw_size><raw_downloads>0</raw_downloads><raw_downloads_month>0</raw_downloads_month><raw_downloads_week>0</raw_downloads_week><raw_downloads_day>0</raw_downloads_day><tags>sha256-675605ed8027ab07418b8be8016795868d0e5caf9f1ffc8def20c01e7ad530f8.sig</tags></version><version><id>284403435</id><name>sha256:64827426f4754dfb12f7f88a1552ba395fab0a64c8223588ce85c035aebf09be</name><date>2025-06-20</date><newest>false</newest><latest>false</latest><size>6.2 MB</size><downloads>1</downloads><downloads_month>0</downloads_month><downloads_week>0</downloads_week><downloads_day>0</downloads_day><raw_size>6257647</raw_size><raw_downloads>1</raw_downloads><raw_downloads_month>0</raw_downloads_month><raw_downloads_week>0</raw_downloads_week><raw_downloads_day>0</raw_downloads_day></version><version><id>284403468</id><name>sha256:0c864781c32289db21739d3c97f57890a11472f38b98f85ac783699b737c91ae</name><date>2025-06-20</date><newest>false</newest><latest>false</latest><size>6.2 MB</size><downloads>0</downloads><downloads_month>0</downloads_month><downloads_week>0</downloads_week><downloads_day>0</downloads_day><raw_size>6262335</raw_size><raw_downloads>0</raw_downloads><raw_downloads_month>0</raw_downloads_month><raw_downloads_week>0</raw_downloads_week><raw_downloads_day>0</raw_downloads_day></version><version><id>284403494</id><name>sha256:c99451ef628188c276ee603a11df2a4a9dfca3a3e40f1c0f9faac76786566d85</name><date>2025-06-20</date><newest>false</newest><latest>false</latest><size>6.2 MB</size><downloads>2</downloads><downloads_month>0</downloads_month><downloads_week>0</downloads_week><downloads_day>0</downloads_day><raw_size>6262335</raw_size><raw_downloads>2</raw_downloads><raw_downloads_month>0</raw_downloads_month><raw_downloads_week>0</raw_downloads_week><raw_downloads_day>0</raw_downloads_day></version><version><id>284403543</id><name>sha256:edba4fb31d63d33b1cbf65358183a40e934b874f4a0cfe4b65aba48e715c8a37</name><date>2025-06-20</date><newest>false</newest><latest>false</latest><size>2.3 kB</size><downloads>0</downloads><downloads_month>0</downloads_month><downloads_week>0</downloads_week><downloads_day>0</downloads_day><raw_size>2335</raw_size><raw_downloads>0</raw_downloads><raw_downloads_month>0</raw_downloads_month><raw_downloads_week>0</raw_downloads_week><raw_downloads_day>0</raw_downloads_day><tags>sha256-c99451ef628188c276ee603a11df2a4a9dfca3a3e40f1c0f9faac76786566d85.sig</tags></version><version><id>284403598</id><name>sha256:2717b1cb69aa142381d8054e3d6ad626ded7a83ade81517a9b25f445989f8607</name><date>2025-06-20</date><newest>false</newest><latest>false</latest><size>6.2 MB</size><downloads>0</downloads><downloads_month>0</downloads_month><downloads_week>0</downloads_week><downloads_day>0</downloads_day><raw_size>6262335</raw_size><raw_downloads>0</raw_downloads><raw_downloads_month>0</raw_downloads_month><raw_downloads_week>0</raw_downloads_week><raw_downloads_day>0</raw_downloads_day></version><version><id>284412588</id><name>sha256:5de3a5d1a2b90bf923002d09a26974907cfa97aeff10309f2bb857245f0d89a4</name><date>2025-06-20</date><newest>false</newest><latest>false</latest><size>6.1 MB</size><downloads>2</downloads><downloads_month>0</downloads_month><downloads_week>0</downloads_week><downloads_day>0</downloads_day><raw_size>6128196</raw_size><raw_downloads>2</raw_downloads><raw_downloads_month>0</raw_downloads_month><raw_downloads_week>0</raw_downloads_week><raw_downloads_day>0</raw_downloads_day></version><version><id>284412625</id><name>sha256:b3f7bc5378c668a73b142ec5df4fdfe5407fe08f0b10c74a943d6fedfcff1b64</name><date>2025-06-20</date><newest>false</newest><latest>false</latest><size>2.3 kB</size><downloads>0</downloads><downloads_month>0</downloads_month><downloads_week>0</downloads_week><downloads_day>0</downloads_day><raw_size>2335</raw_size><raw_downloads>0</raw_downloads><raw_downloads_month>0</raw_downloads_month><raw_downloads_week>0</raw_downloads_week><raw_downloads_day>0</raw_downloads_day><tags>sha256-5de3a5d1a2b90bf923002d09a26974907cfa97aeff10309f2bb857245f0d89a4.sig</tags></version><version><id>284412654</id><name>sha256:9db1fc04fbe9e60411966dba83faef663e49dd248aca67b1a2ddc9c1113c93bf</name><date>2025-06-20</date><newest>false</newest><latest>false</latest><size>6.2 MB</size><downloads>1</downloads><downloads_month>0</downloads_month><downloads_week>0</downloads_week><downloads_day>0</downloads_day><raw_size>6257661</raw_size><raw_downloads>1</raw_downloads><raw_downloads_month>0</raw_downloads_month><raw_downloads_week>0</raw_downloads_week><raw_downloads_day>0</raw_downloads_day></version><version><id>284412684</id><name>sha256:61be2f3f20f4f8cef5adcf7cc5c759f7d33d5edf0b9bde22f23f183e7ac94de7</name><date>2025-06-20</date><newest>false</newest><latest>false</latest><size>6.2 MB</size><downloads>0</downloads><downloads_month>0</downloads_month><downloads_week>0</downloads_week><downloads_day>0</downloads_day><raw_size>6262349</raw_size><raw_downloads>0</raw_downloads><raw_downloads_month>0</raw_downloads_month><raw_downloads_week>0</raw_downloads_week><raw_downloads_day>0</raw_downloads_day></version><version><id>284412693</id><name>sha256:434f843049470d73b35051078b03b503b4a1512bba0d1e1533777f1e76129e1b</name><date>2025-06-20</date><newest>false</newest><latest>false</latest><size>6.2 MB</size><downloads>2</downloads><downloads_month>0</downloads_month><downloads_week>0</downloads_week><downloads_day>0</downloads_day><raw_size>6262349</raw_size><raw_downloads>2</raw_downloads><raw_downloads_month>0</raw_downloads_month><raw_downloads_week>0</raw_downloads_week><raw_downloads_day>0</raw_downloads_day></version><version><id>284412706</id><name>sha256:5d6a9b6576f208e5ed87fff094035fb2bb5a2ff050aec667089b4ca9eb96400a</name><date>2025-06-20</date><newest>false</newest><latest>false</latest><size>2.3 kB</size><downloads>0</downloads><downloads_month>0</downloads_month><downloads_week>0</downloads_week><downloads_day>0</downloads_day><raw_size>2335</raw_size><raw_downloads>0</raw_downloads><raw_downloads_month>0</raw_downloads_month><raw_downloads_week>0</raw_downloads_week><raw_downloads_day>0</raw_downloads_day><tags>sha256-434f843049470d73b35051078b03b503b4a1512bba0d1e1533777f1e76129e1b.sig</tags></version><version><id>284412720</id><name>sha256:85f1d385ad8f349673a9a8d84109caff56ca4fc03ac4909bb2eb4ed553a0eddc</name><date>2025-06-20</date><newest>false</newest><latest>false</latest><size>6.2 MB</size><downloads>0</downloads><downloads_month>0</downloads_month><downloads_week>0</downloads_week><downloads_day>0</downloads_day><raw_size>6262349</raw_size><raw_downloads>0</raw_downloads><raw_downloads_month>0</raw_downloads_month><raw_downloads_week>0</raw_downloads_week><raw_downloads_day>0</raw_downloads_day></version><version><id>284413585</id><name>sha256:6e9e51b262b4d85eaf38d45d495aa717d3072b9a5def0f92b05ceab20b7c7ce2</name><date>2025-06-20</date><newest>false</newest><latest>false</latest><size>6.1 MB</size><downloads>2</downloads><downloads_month>0</downloads_month><downloads_week>0</downloads_week><downloads_day>0</downloads_day><raw_size>6128191</raw_size><raw_downloads>2</raw_downloads><raw_downloads_month>0</raw_downloads_month><raw_downloads_week>0</raw_downloads_week><raw_downloads_day>0</raw_downloads_day></version><version><id>284413636</id><name>sha256:08dc12d8177b677e27a5dcc66214aa7876486bbadd861f0fd08c14d4796d7d83</name><date>2025-06-20</date><newest>false</newest><latest>false</latest><size>6.2 MB</size><downloads>1</downloads><downloads_month>0</downloads_month><downloads_week>0</downloads_week><downloads_day>0</downloads_day><raw_size>6257649</raw_size><raw_downloads>1</raw_downloads><raw_downloads_month>0</raw_downloads_month><raw_downloads_week>0</raw_downloads_week><raw_downloads_day>0</raw_downloads_day></version><version><id>284413654</id><name>sha256:707b7330ac05ef92697246ce2f6073b763bb1f3ffb992f7688b0f4d22becdb4d</name><date>2025-06-20</date><newest>false</newest><latest>false</latest><size>6.2 MB</size><downloads>0</downloads><downloads_month>0</downloads_month><downloads_week>0</downloads_week><downloads_day>0</downloads_day><raw_size>6262337</raw_size><raw_downloads>0</raw_downloads><raw_downloads_month>0</raw_downloads_month><raw_downloads_week>0</raw_downloads_week><raw_downloads_day>0</raw_downloads_day></version><version><id>284413667</id><name>sha256:411231e1df3e8c82d8279b5e0582a8ff7493b5a678b6d32a513df2f31c405d4e</name><date>2025-06-20</date><newest>false</newest><latest>false</latest><size>6.2 MB</size><downloads>2</downloads><downloads_month>0</downloads_month><downloads_week>0</downloads_week><downloads_day>0</downloads_day><raw_size>6262337</raw_size><raw_downloads>2</raw_downloads><raw_downloads_month>0</raw_downloads_month><raw_downloads_week>0</raw_downloads_week><raw_downloads_day>0</raw_downloads_day></version><version><id>284413685</id><name>sha256:1617b95cfd9b4974a8b16bca3a18c7b9a8106ced4ed86f3eefb594e27a3ba3e5</name><date>2025-06-20</date><newest>false</newest><latest>false</latest><size>2.3 kB</size><downloads>0</downloads><downloads_month>0</downloads_month><downloads_week>0</downloads_week><downloads_day>0</downloads_day><raw_size>2335</raw_size><raw_downloads>0</raw_downloads><raw_downloads_month>0</raw_downloads_month><raw_downloads_week>0</raw_downloads_week><raw_downloads_day>0</raw_downloads_day><tags>sha256-411231e1df3e8c82d8279b5e0582a8ff7493b5a678b6d32a513df2f31c405d4e.sig</tags></version><version><id>284413710</id><name>sha256:9db66c0b05fc1b266c58e338edf31ecacfa767e72d5c9664d9709d6f530a1e99</name><date>2025-06-20</date><newest>false</newest><latest>false</latest><size>6.2 MB</size><downloads>0</downloads><downloads_month>0</downloads_month><downloads_week>0</downloads_week><downloads_day>0</downloads_day><raw_size>6262337</raw_size><raw_downloads>0</raw_downloads><raw_downloads_month>0</raw_downloads_month><raw_downloads_week>0</raw_downloads_week><raw_downloads_day>0</raw_downloads_day></version><version><id>284414267</id><name>sha256:7faf9dc564e5897a8c271004b186e25cdb33e7052a14d8e6b3bcae24d97291ca</name><date>2025-06-20</date><newest>false</newest><latest>false</latest><size>6.1 MB</size><downloads>2</downloads><downloads_month>0</downloads_month><downloads_week>0</downloads_week><downloads_day>0</downloads_day><raw_size>6128197</raw_size><raw_downloads>2</raw_downloads><raw_downloads_month>0</raw_downloads_month><raw_downloads_week>0</raw_downloads_week><raw_downloads_day>0</raw_downloads_day><tags>unencrypted</tags><tags>cosign-sig</tags><tags>unsig</tags></version><version><id>284414290</id><name>sha256:cd2da325ae81b1a6d02a2aedf6518c0ed392530e920a5978f53927060cffcc07</name><date>2025-06-20</date><newest>false</newest><latest>false</latest><size>2.3 kB</size><downloads>0</downloads><downloads_month>0</downloads_month><downloads_week>0</downloads_week><downloads_day>0</downloads_day><raw_size>2335</raw_size><raw_downloads>0</raw_downloads><raw_downloads_month>0</raw_downloads_month><raw_downloads_week>0</raw_downloads_week><raw_downloads_day>0</raw_downloads_day><tags>sha256-7faf9dc564e5897a8c271004b186e25cdb33e7052a14d8e6b3bcae24d97291ca.sig</tags></version><version><id>284414301</id><name>sha256:7703c182b73d52d749e06d1ec54f021bee4508699b9fc755df350a71dbfe1ef1</name><date>2025-06-20</date><newest>false</newest><latest>false</latest><size>6.2 MB</size><downloads>0</downloads><downloads_month>0</downloads_month><downloads_week>0</downloads_week><downloads_day>0</downloads_day><raw_size>6257663</raw_size><raw_downloads>0</raw_downloads><raw_downloads_month>0</raw_downloads_month><raw_downloads_week>0</raw_downloads_week><raw_downloads_day>0</raw_downloads_day><tags>simple-sig</tags></version><version><id>284414308</id><name>sha256:258a43c2ffdff4cad1848eba45e495ca45860b619721af40d3860d686b487705</name><date>2025-06-20</date><newest>false</newest><latest>false</latest><size>6.2 MB</size><downloads>0</downloads><downloads_month>0</downloads_month><downloads_week>0</downloads_week><downloads_day>0</downloads_day><raw_size>6262351</raw_size><raw_downloads>0</raw_downloads><raw_downloads_month>0</raw_downloads_month><raw_downloads_week>0</raw_downloads_week><raw_downloads_day>0</raw_downloads_day><tags>enc-unsig</tags></version><version><id>284414319</id><name>sha256:39162aa76e29302005ecf7ec1048315c8fac2869b5a7e5ea18f8ea067b0832ba</name><date>2025-06-20</date><newest>false</newest><latest>false</latest><size>6.2 MB</size><downloads>2</downloads><downloads_month>0</downloads_month><downloads_week>0</downloads_week><downloads_day>0</downloads_day><raw_size>6262351</raw_size><raw_downloads>2</raw_downloads><raw_downloads_month>0</raw_downloads_month><raw_downloads_week>0</raw_downloads_week><raw_downloads_day>0</raw_downloads_day><tags>enc-cosign-sig</tags></version><version><id>284414349</id><name>sha256:8e7ee52d1202965d194674fdb518841f7bc98e06526f94f7c081fe07d916179c</name><date>2025-06-20</date><newest>false</newest><latest>false</latest><size>2.3 kB</size><downloads>0</downloads><downloads_month>0</downloads_month><downloads_week>0</downloads_week><downloads_day>0</downloads_day><raw_size>2335</raw_size><raw_downloads>0</raw_downloads><raw_downloads_month>0</raw_downloads_month><raw_downloads_week>0</raw_downloads_week><raw_downloads_day>0</raw_downloads_day><tags>sha256-39162aa76e29302005ecf7ec1048315c8fac2869b5a7e5ea18f8ea067b0832ba.sig</tags></version><version><id>284414393</id><name>sha256:56a7c37a81f6f99c254c1a2a5d41fe455e41c8fd30c2ab5547754e6386129c18</name><date>2025-06-20</date><newest>true</newest><latest>true</latest><size>6.2 MB</size><downloads>0</downloads><downloads_month>0</downloads_month><downloads_week>0</downloads_week><downloads_day>0</downloads_day><raw_size>6262351</raw_size><raw_downloads>0</raw_downloads><raw_downloads_month>0</raw_downloads_month><raw_downloads_week>0</raw_downloads_week><raw_downloads_day>0</raw_downloads_day><tags>encrypted</tags></version></xml>
