<?xml version="1.0" encoding="UTF-8"?><xml><owner_type>users</owner_type><package_type>container</package_type><owner_id>6759608</owner_id><owner>BbolroC</owner><repo>coco-infra</repo><package>test-container-image-rs</package><date>2025-04-04</date><size>1.9 MB</size><versions>2</versions><tagged>2</tagged><owner_rank>-1</owner_rank><repo_rank>2</repo_rank><downloads>4</downloads><downloads_month>0</downloads_month><downloads_week>0</downloads_week><downloads_day>0</downloads_day><raw_size>1928640</raw_size><raw_versions>2</raw_versions><raw_tagged>2</raw_tagged><raw_owner_rank>-1</raw_owner_rank><raw_repo_rank>2</raw_repo_rank><raw_downloads>4</raw_downloads><raw_downloads_month>0</raw_downloads_month><raw_downloads_week>0</raw_downloads_week><raw_downloads_day>0</raw_downloads_day><version><id>297547314</id><name>sha256:338fcd08d4e7fe99311aaec95af2463a40cc1e66f058e0ae50fda1728a8a6400</name><date>2025-04-04</date><newest>false</newest><latest>true</latest><size>2.2 MB</size><downloads>1</downloads><downloads_month>0</downloads_month><downloads_week>0</downloads_week><downloads_day>0</downloads_day><raw_size>2221586</raw_size><raw_downloads>1</raw_downloads><raw_downloads_month>0</raw_downloads_month><raw_downloads_week>0</raw_downloads_week><raw_downloads_day>0</raw_downloads_day><tags>busybox</tags></version><version><id>298249915</id><name>sha256:60896afbea3f2dec33d003d1583b0e4461714cd13f1ce1f79268a6646003754d</name><date>2025-04-04</date><newest>true</newest><latest>false</latest><size>1.9 MB</size><downloads>3</downloads><downloads_month>0</downloads_month><downloads_week>0</downloads_week><downloads_day>0</downloads_day><raw_size>1928640</raw_size><raw_downloads>3</raw_downloads><raw_downloads_month>0</raw_downloads_month><raw_downloads_week>0</raw_downloads_week><raw_downloads_day>0</raw_downloads_day><tags>busybox-s390x</tags></version></xml>
