<?xml version="1.0" encoding="UTF-8"?><xml><owner_type>users</owner_type><package_type>container</package_type><owner_id>6759608</owner_id><owner>BbolroC</owner><repo>coco-infra</repo><package>test-container</package><date>2024-12-29</date><size>6.2 MB</size><versions>45</versions><tagged>18</tagged><downloads>48</downloads><downloads_month>0</downloads_month><downloads_week>0</downloads_week><downloads_day>0</downloads_day><raw_size>6262344</raw_size><raw_versions>45</raw_versions><raw_tagged>18</raw_tagged><raw_downloads>48</raw_downloads><raw_downloads_month>0</raw_downloads_month><raw_downloads_week>0</raw_downloads_week><raw_downloads_day>0</raw_downloads_day><version><id>298232520</id><name>sha256:2ca59c6215131d83c910eb0078970f5cb501df00098ed433aa65fbc443ef4f57</name><date>2024-12-29</date><newest>false</newest><latest>false</latest><size>-1</size><downloads>2</downloads><downloads_month>0</downloads_month><downloads_week>0</downloads_week><downloads_day>0</downloads_day><raw_size>-1</raw_size><raw_downloads>2</raw_downloads><raw_downloads_month>0</raw_downloads_month><raw_downloads_week>0</raw_downloads_week><raw_downloads_day>0</raw_downloads_day></version><version><id>298232554</id><name>sha256:6494e27eedff69dd7dc4a26403514c4b4b84094eb20cb284795351d3944572a8</name><date>2024-12-29</date><newest>false</newest><latest>false</latest><size>2.3 kB</size><downloads>0</downloads><downloads_month>0</downloads_month><downloads_week>0</downloads_week><downloads_day>0</downloads_day><raw_size>2333</raw_size><raw_downloads>0</raw_downloads><raw_downloads_month>0</raw_downloads_month><raw_downloads_week>0</raw_downloads_week><raw_downloads_day>0</raw_downloads_day><tags>sha256-2ca59c6215131d83c910eb0078970f5cb501df00098ed433aa65fbc443ef4f57.sig</tags></version><version><id>298238574</id><name>sha256:890bb0e05c4f5b5f9c3d3ac7b0c998bb3c269bd222a86e1a17c9e8483219456a</name><date>2024-12-29</date><newest>false</newest><latest>false</latest><size>6.1 MB</size><downloads>2</downloads><downloads_month>0</downloads_month><downloads_week>0</downloads_week><downloads_day>0</downloads_day><raw_size>6128093</raw_size><raw_downloads>2</raw_downloads><raw_downloads_month>0</raw_downloads_month><raw_downloads_week>0</raw_downloads_week><raw_downloads_day>0</raw_downloads_day></version><version><id>298238628</id><name>sha256:164ecaf79219cade36f49f4b624a83a68283c4be7a7f9fbf49462af40e96f0c6</name><date>2024-12-29</date><newest>false</newest><latest>false</latest><size>2.3 kB</size><downloads>0</downloads><downloads_month>0</downloads_month><downloads_week>0</downloads_week><downloads_day>0</downloads_day><raw_size>2333</raw_size><raw_downloads>0</raw_downloads><raw_downloads_month>0</raw_downloads_month><raw_downloads_week>0</raw_downloads_week><raw_downloads_day>0</raw_downloads_day><tags>sha256-890bb0e05c4f5b5f9c3d3ac7b0c998bb3c269bd222a86e1a17c9e8483219456a.sig</tags></version><version><id>298247348</id><name>sha256:6bea38a24213fdbeb759913384e6b6932dd6d8115681c24ad1381a1ef1fc8f43</name><date>2024-12-29</date><newest>false</newest><latest>false</latest><size>6.1 MB</size><downloads>2</downloads><downloads_month>0</downloads_month><downloads_week>0</downloads_week><downloads_day>0</downloads_day><raw_size>6128183</raw_size><raw_downloads>2</raw_downloads><raw_downloads_month>0</raw_downloads_month><raw_downloads_week>0</raw_downloads_week><raw_downloads_day>0</raw_downloads_day></version><version><id>298247403</id><name>sha256:6f202ed57fcf65be2ade6e83fd743152afe778f1aeb1bfe00a2f1dc8d215086d</name><date>2024-12-29</date><newest>false</newest><latest>false</latest><size>2.3 kB</size><downloads>0</downloads><downloads_month>0</downloads_month><downloads_week>0</downloads_week><downloads_day>0</downloads_day><raw_size>2333</raw_size><raw_downloads>0</raw_downloads><raw_downloads_month>0</raw_downloads_month><raw_downloads_week>0</raw_downloads_week><raw_downloads_day>0</raw_downloads_day><tags>sha256-6bea38a24213fdbeb759913384e6b6932dd6d8115681c24ad1381a1ef1fc8f43.sig</tags></version><version><id>298247432</id><name>sha256:e85d5d9511f498880e31ac8d3862d3d1ac9137ddc5ece1936a5ca59821016d89</name><date>2024-12-29</date><newest>false</newest><latest>false</latest><size>6.2 MB</size><downloads>0</downloads><downloads_month>0</downloads_month><downloads_week>0</downloads_week><downloads_day>0</downloads_day><raw_size>6257635</raw_size><raw_downloads>0</raw_downloads><raw_downloads_month>0</raw_downloads_month><raw_downloads_week>0</raw_downloads_week><raw_downloads_day>0</raw_downloads_day></version><version><id>298247494</id><name>sha256:d4ae635118ee1e6e4c29c5f8b0b635fc7f7c689e9885a2aa4246d36055256e14</name><date>2024-12-29</date><newest>false</newest><latest>false</latest><size>6.2 MB</size><downloads>2</downloads><downloads_month>0</downloads_month><downloads_week>0</downloads_week><downloads_day>0</downloads_day><raw_size>6262323</raw_size><raw_downloads>2</raw_downloads><raw_downloads_month>0</raw_downloads_month><raw_downloads_week>0</raw_downloads_week><raw_downloads_day>0</raw_downloads_day></version><version><id>298247574</id><name>sha256:4c7433b3f4219c56ee291bc0211a070adb2be52eaf381d48038bb2b0e4f04d78</name><date>2024-12-29</date><newest>false</newest><latest>false</latest><size>6.2 MB</size><downloads>0</downloads><downloads_month>0</downloads_month><downloads_week>0</downloads_week><downloads_day>0</downloads_day><raw_size>6262323</raw_size><raw_downloads>0</raw_downloads><raw_downloads_month>0</raw_downloads_month><raw_downloads_week>0</raw_downloads_week><raw_downloads_day>0</raw_downloads_day></version><version><id>298249790</id><name>sha256:caadea94372479aa4ebe0591d69bed44bfcf98d7f779ee7e621d5defbf92a988</name><date>2024-12-29</date><newest>false</newest><latest>false</latest><size>5.4 MB</size><downloads>2</downloads><downloads_month>0</downloads_month><downloads_week>0</downloads_week><downloads_day>0</downloads_day><raw_size>5492820</raw_size><raw_downloads>2</raw_downloads><raw_downloads_month>0</raw_downloads_month><raw_downloads_week>0</raw_downloads_week><raw_downloads_day>0</raw_downloads_day></version><version><id>298249817</id><name>sha256:f07e6df7b07bc3fd965954352fa26a2e23f94d42f02c8bafb7e67729bdb4c868</name><date>2024-12-29</date><newest>false</newest><latest>false</latest><size>2.3 kB</size><downloads>0</downloads><downloads_month>0</downloads_month><downloads_week>0</downloads_week><downloads_day>0</downloads_day><raw_size>2333</raw_size><raw_downloads>0</raw_downloads><raw_downloads_month>0</raw_downloads_month><raw_downloads_week>0</raw_downloads_week><raw_downloads_day>0</raw_downloads_day><tags>sha256-caadea94372479aa4ebe0591d69bed44bfcf98d7f779ee7e621d5defbf92a988.sig</tags></version><version><id>298249841</id><name>sha256:efb4c55cb06e4892d4cc5a156a6ba5d9e1964abee9564d4eb5c613b183c22565</name><date>2024-12-29</date><newest>false</newest><latest>false</latest><size>5.6 MB</size><downloads>0</downloads><downloads_month>0</downloads_month><downloads_week>0</downloads_week><downloads_day>0</downloads_day><raw_size>5609093</raw_size><raw_downloads>0</raw_downloads><raw_downloads_month>0</raw_downloads_month><raw_downloads_week>0</raw_downloads_week><raw_downloads_day>0</raw_downloads_day></version><version><id>298249863</id><name>sha256:a8f9a5b41c54646c3faff27c1ecea32a19cd8c6fba5fdf73eae8e80b4001430a</name><date>2024-12-29</date><newest>false</newest><latest>false</latest><size>2.3 kB</size><downloads>0</downloads><downloads_month>0</downloads_month><downloads_week>0</downloads_week><downloads_day>0</downloads_day><raw_size>2333</raw_size><raw_downloads>0</raw_downloads><raw_downloads_month>0</raw_downloads_month><raw_downloads_week>0</raw_downloads_week><raw_downloads_day>0</raw_downloads_day><tags>sha256-9ae5f2ae89cc5d122e8f15db3c4194e99eba714b47b5a4175a3522e0c279681e.sig</tags></version><version><id>298249881</id><name>sha256:02df5efee8869e23dfa680b5d73477b910eb3fc2122ee968c1071834f24921c0</name><date>2024-12-29</date><newest>false</newest><latest>false</latest><size>5.6 MB</size><downloads>0</downloads><downloads_month>0</downloads_month><downloads_week>0</downloads_week><downloads_day>0</downloads_day><raw_size>5613781</raw_size><raw_downloads>0</raw_downloads><raw_downloads_month>0</raw_downloads_month><raw_downloads_week>0</raw_downloads_week><raw_downloads_day>0</raw_downloads_day></version><version><id>298266455</id><name>sha256:bc25795928d99fc04f0a21e66f46df1f2d0f7b65829c630628336bef5a6f0043</name><date>2024-12-29</date><newest>false</newest><latest>false</latest><size>6.1 MB</size><downloads>2</downloads><downloads_month>0</downloads_month><downloads_week>0</downloads_week><downloads_day>0</downloads_day><raw_size>6128184</raw_size><raw_downloads>2</raw_downloads><raw_downloads_month>0</raw_downloads_month><raw_downloads_week>0</raw_downloads_week><raw_downloads_day>0</raw_downloads_day></version><version><id>298266562</id><name>sha256:5c59da6b50af145e44fc147f2986e3d7b47868653ecbb2c5793c6a1758518338</name><date>2024-12-29</date><newest>false</newest><latest>false</latest><size>5.4 MB</size><downloads>1</downloads><downloads_month>0</downloads_month><downloads_week>0</downloads_week><downloads_day>0</downloads_day><raw_size>5492829</raw_size><raw_downloads>1</raw_downloads><raw_downloads_month>0</raw_downloads_month><raw_downloads_week>0</raw_downloads_week><raw_downloads_day>0</raw_downloads_day></version><version><id>298266624</id><name>sha256:b66da12b66d1949de7a11b50279348185b959aeaaa25ebccca4c16859f6b471e</name><date>2024-12-29</date><newest>false</newest><latest>false</latest><size>2.3 kB</size><downloads>0</downloads><downloads_month>0</downloads_month><downloads_week>0</downloads_week><downloads_day>0</downloads_day><raw_size>2333</raw_size><raw_downloads>0</raw_downloads><raw_downloads_month>0</raw_downloads_month><raw_downloads_week>0</raw_downloads_week><raw_downloads_day>0</raw_downloads_day><tags>sha256-bc25795928d99fc04f0a21e66f46df1f2d0f7b65829c630628336bef5a6f0043.sig</tags></version><version><id>298266673</id><name>sha256:5f9edeea88d56ad881b31363b02e4909e87f5b5e091741d2efc32dda055c6273</name><date>2024-12-29</date><newest>false</newest><latest>false</latest><size>6.2 MB</size><downloads>0</downloads><downloads_month>0</downloads_month><downloads_week>0</downloads_week><downloads_day>0</downloads_day><raw_size>6257647</raw_size><raw_downloads>0</raw_downloads><raw_downloads_month>0</raw_downloads_month><raw_downloads_week>0</raw_downloads_week><raw_downloads_day>0</raw_downloads_day></version><version><id>298266723</id><name>sha256:69394ea0c3464718e1eb1a9fdbca7e6d773255746ffdb5a628558736fdf6f9d8</name><date>2024-12-29</date><newest>false</newest><latest>false</latest><size>6.2 MB</size><downloads>0</downloads><downloads_month>0</downloads_month><downloads_week>0</downloads_week><downloads_day>0</downloads_day><raw_size>6262335</raw_size><raw_downloads>0</raw_downloads><raw_downloads_month>0</raw_downloads_month><raw_downloads_week>0</raw_downloads_week><raw_downloads_day>0</raw_downloads_day></version><version><id>298266742</id><name>sha256:ac4d3f169632a30e1b7d33362e5fcf4b07f21633addace360ab1e4d073b48697</name><date>2024-12-29</date><newest>false</newest><latest>false</latest><size>6.2 MB</size><downloads>2</downloads><downloads_month>0</downloads_month><downloads_week>0</downloads_week><downloads_day>0</downloads_day><raw_size>6262335</raw_size><raw_downloads>2</raw_downloads><raw_downloads_month>0</raw_downloads_month><raw_downloads_week>0</raw_downloads_week><raw_downloads_day>0</raw_downloads_day></version><version><id>298266769</id><name>sha256:470e25b55b0c367f97a9b91316193a692a09c30adf6ee8a08a67e535b18d0004</name><date>2024-12-29</date><newest>false</newest><latest>false</latest><size>2.3 kB</size><downloads>0</downloads><downloads_month>0</downloads_month><downloads_week>0</downloads_week><downloads_day>0</downloads_day><raw_size>2333</raw_size><raw_downloads>0</raw_downloads><raw_downloads_month>0</raw_downloads_month><raw_downloads_week>0</raw_downloads_week><raw_downloads_day>0</raw_downloads_day><tags>sha256-ac4d3f169632a30e1b7d33362e5fcf4b07f21633addace360ab1e4d073b48697.sig</tags></version><version><id>298266830</id><name>sha256:79750ba230649e219a9b2cb165487bab898ae9ba089c76b30883ebc421b0fe91</name><date>2024-12-29</date><newest>false</newest><latest>false</latest><size>6.2 MB</size><downloads>0</downloads><downloads_month>0</downloads_month><downloads_week>0</downloads_week><downloads_day>0</downloads_day><raw_size>6262335</raw_size><raw_downloads>0</raw_downloads><raw_downloads_month>0</raw_downloads_month><raw_downloads_week>0</raw_downloads_week><raw_downloads_day>0</raw_downloads_day></version><version><id>298271237</id><name>sha256:85a7ba914603a78c667fe3fea7916e75b13721d4e5a5c8afd4256011a6415d72</name><date>2024-12-29</date><newest>false</newest><latest>false</latest><size>6.1 MB</size><downloads>2</downloads><downloads_month>0</downloads_month><downloads_week>0</downloads_week><downloads_day>0</downloads_day><raw_size>6128197</raw_size><raw_downloads>2</raw_downloads><raw_downloads_month>0</raw_downloads_month><raw_downloads_week>0</raw_downloads_week><raw_downloads_day>0</raw_downloads_day></version><version><id>298271343</id><name>sha256:75b616bcc6a32efe66c21b5e2ea2f27b5a0625b7e6c93116e63349d3c633191d</name><date>2024-12-29</date><newest>false</newest><latest>false</latest><size>5.4 MB</size><downloads>0</downloads><downloads_month>0</downloads_month><downloads_week>0</downloads_week><downloads_day>0</downloads_day><raw_size>5492819</raw_size><raw_downloads>0</raw_downloads><raw_downloads_month>0</raw_downloads_month><raw_downloads_week>0</raw_downloads_week><raw_downloads_day>0</raw_downloads_day></version><version><id>298271396</id><name>sha256:d206607e86a02afdad44e3cf3c073a9c93930ccc515e2c4f14ff38a1596368b3</name><date>2024-12-29</date><newest>false</newest><latest>false</latest><size>2.3 kB</size><downloads>0</downloads><downloads_month>0</downloads_month><downloads_week>0</downloads_week><downloads_day>0</downloads_day><raw_size>2333</raw_size><raw_downloads>0</raw_downloads><raw_downloads_month>0</raw_downloads_month><raw_downloads_week>0</raw_downloads_week><raw_downloads_day>0</raw_downloads_day><tags>sha256-85a7ba914603a78c667fe3fea7916e75b13721d4e5a5c8afd4256011a6415d72.sig</tags></version><version><id>298271413</id><name>sha256:29e8fa49836545b7c4f1be73320283e534418b9c0fe780f528863806a4f5deb5</name><date>2024-12-29</date><newest>false</newest><latest>false</latest><size>6.2 MB</size><downloads>0</downloads><downloads_month>0</downloads_month><downloads_week>0</downloads_week><downloads_day>0</downloads_day><raw_size>6257666</raw_size><raw_downloads>0</raw_downloads><raw_downloads_month>0</raw_downloads_month><raw_downloads_week>0</raw_downloads_week><raw_downloads_day>0</raw_downloads_day></version><version><id>298271430</id><name>sha256:706d13fc92c19cda73f4ebc7edf65a150e7a3ff218a533d4f4bdad236bb1eb40</name><date>2024-12-29</date><newest>false</newest><latest>false</latest><size>6.2 MB</size><downloads>0</downloads><downloads_month>0</downloads_month><downloads_week>0</downloads_week><downloads_day>0</downloads_day><raw_size>6262354</raw_size><raw_downloads>0</raw_downloads><raw_downloads_month>0</raw_downloads_month><raw_downloads_week>0</raw_downloads_week><raw_downloads_day>0</raw_downloads_day></version><version><id>298271445</id><name>sha256:f6876d925539392463c4ea0942f159698d69565ecb3545dc4931a2acd1dcf3e8</name><date>2024-12-29</date><newest>false</newest><latest>false</latest><size>6.2 MB</size><downloads>2</downloads><downloads_month>0</downloads_month><downloads_week>0</downloads_week><downloads_day>0</downloads_day><raw_size>6262354</raw_size><raw_downloads>2</raw_downloads><raw_downloads_month>0</raw_downloads_month><raw_downloads_week>0</raw_downloads_week><raw_downloads_day>0</raw_downloads_day></version><version><id>298271462</id><name>sha256:c9c4793ff7706b6e37c9b53efde7581cc77f97d30d9c4756c6f24c4cebdd1a50</name><date>2024-12-29</date><newest>false</newest><latest>false</latest><size>2.3 kB</size><downloads>0</downloads><downloads_month>0</downloads_month><downloads_week>0</downloads_week><downloads_day>0</downloads_day><raw_size>2333</raw_size><raw_downloads>0</raw_downloads><raw_downloads_month>0</raw_downloads_month><raw_downloads_week>0</raw_downloads_week><raw_downloads_day>0</raw_downloads_day><tags>sha256-f6876d925539392463c4ea0942f159698d69565ecb3545dc4931a2acd1dcf3e8.sig</tags></version><version><id>298271486</id><name>sha256:e927d178a69ae7bd14dd25e4024ba253f512f5802880508a73d135d380733142</name><date>2024-12-29</date><newest>false</newest><latest>false</latest><size>6.2 MB</size><downloads>0</downloads><downloads_month>0</downloads_month><downloads_week>0</downloads_week><downloads_day>0</downloads_day><raw_size>6262354</raw_size><raw_downloads>0</raw_downloads><raw_downloads_month>0</raw_downloads_month><raw_downloads_week>0</raw_downloads_week><raw_downloads_day>0</raw_downloads_day></version><version><id>298277000</id><name>sha256:65a74b8df4c2653bd9a83da5fd004ea303bbcf18b0a8cafd305478d38f591cd8</name><date>2024-12-29</date><newest>false</newest><latest>false</latest><size>6.1 MB</size><downloads>2</downloads><downloads_month>0</downloads_month><downloads_week>0</downloads_week><downloads_day>0</downloads_day><raw_size>6128193</raw_size><raw_downloads>2</raw_downloads><raw_downloads_month>0</raw_downloads_month><raw_downloads_week>0</raw_downloads_week><raw_downloads_day>0</raw_downloads_day></version><version><id>298277074</id><name>sha256:03b69c2bba6059de1d601ce2e3944b92d4ad166798af0ab2bd4cb6a0949d4898</name><date>2024-12-29</date><newest>false</newest><latest>false</latest><size>5.4 MB</size><downloads>0</downloads><downloads_month>0</downloads_month><downloads_week>0</downloads_week><downloads_day>0</downloads_day><raw_size>5492820</raw_size><raw_downloads>0</raw_downloads><raw_downloads_month>0</raw_downloads_month><raw_downloads_week>0</raw_downloads_week><raw_downloads_day>0</raw_downloads_day></version><version><id>298277107</id><name>sha256:d85d22ea7878b98e568a0c9854d563fbbaf21025dfb3ad2c8b4be00f91d31291</name><date>2024-12-29</date><newest>false</newest><latest>false</latest><size>2.3 kB</size><downloads>0</downloads><downloads_month>0</downloads_month><downloads_week>0</downloads_week><downloads_day>0</downloads_day><raw_size>2333</raw_size><raw_downloads>0</raw_downloads><raw_downloads_month>0</raw_downloads_month><raw_downloads_week>0</raw_downloads_week><raw_downloads_day>0</raw_downloads_day><tags>sha256-65a74b8df4c2653bd9a83da5fd004ea303bbcf18b0a8cafd305478d38f591cd8.sig</tags></version><version><id>298277123</id><name>sha256:42fa7f3fa306f97b01fa9e9f02d00ec69798f62837b1fcf01343b14bfb186857</name><date>2024-12-29</date><newest>false</newest><latest>false</latest><size>6.2 MB</size><downloads>0</downloads><downloads_month>0</downloads_month><downloads_week>0</downloads_week><downloads_day>0</downloads_day><raw_size>6257661</raw_size><raw_downloads>0</raw_downloads><raw_downloads_month>0</raw_downloads_month><raw_downloads_week>0</raw_downloads_week><raw_downloads_day>0</raw_downloads_day></version><version><id>298277150</id><name>sha256:97e2fadd3b4758bb9a4b5b8e0f0b9bc1abf89cde9d6cf85436226107db1cb6fb</name><date>2024-12-29</date><newest>false</newest><latest>false</latest><size>6.2 MB</size><downloads>0</downloads><downloads_month>0</downloads_month><downloads_week>0</downloads_week><downloads_day>0</downloads_day><raw_size>6262349</raw_size><raw_downloads>0</raw_downloads><raw_downloads_month>0</raw_downloads_month><raw_downloads_week>0</raw_downloads_week><raw_downloads_day>0</raw_downloads_day></version><version><id>298277157</id><name>sha256:43ea5d2bffb365f8dbfe265e3f33af0dd8f8608c3b6086329eacf5e778745fc3</name><date>2024-12-29</date><newest>false</newest><latest>false</latest><size>6.2 MB</size><downloads>2</downloads><downloads_month>0</downloads_month><downloads_week>0</downloads_week><downloads_day>0</downloads_day><raw_size>6262349</raw_size><raw_downloads>2</raw_downloads><raw_downloads_month>0</raw_downloads_month><raw_downloads_week>0</raw_downloads_week><raw_downloads_day>0</raw_downloads_day></version><version><id>298277168</id><name>sha256:ca8753eaa1bb10b10078d110c86bb09b6a65ede7346388d2bdf1650d371ef2a4</name><date>2024-12-29</date><newest>false</newest><latest>false</latest><size>2.3 kB</size><downloads>0</downloads><downloads_month>0</downloads_month><downloads_week>0</downloads_week><downloads_day>0</downloads_day><raw_size>2333</raw_size><raw_downloads>0</raw_downloads><raw_downloads_month>0</raw_downloads_month><raw_downloads_week>0</raw_downloads_week><raw_downloads_day>0</raw_downloads_day><tags>sha256-43ea5d2bffb365f8dbfe265e3f33af0dd8f8608c3b6086329eacf5e778745fc3.sig</tags></version><version><id>298277211</id><name>sha256:1fc065e29ab6d90a2bfb47acc123046a533699903e747e605256c7b4a479950a</name><date>2024-12-29</date><newest>false</newest><latest>false</latest><size>6.2 MB</size><downloads>0</downloads><downloads_month>0</downloads_month><downloads_week>0</downloads_week><downloads_day>0</downloads_day><raw_size>6262349</raw_size><raw_downloads>0</raw_downloads><raw_downloads_month>0</raw_downloads_month><raw_downloads_week>0</raw_downloads_week><raw_downloads_day>0</raw_downloads_day></version><version><id>298278734</id><name>sha256:1b77245992a595c704618fa1fc6d3246f14056590bd1edaa98332c749b8681a6</name><date>2024-12-29</date><newest>false</newest><latest>false</latest><size>6.1 MB</size><downloads>5</downloads><downloads_month>3</downloads_month><downloads_week>0</downloads_week><downloads_day>0</downloads_day><raw_size>6128185</raw_size><raw_downloads>5</raw_downloads><raw_downloads_month>3</raw_downloads_month><raw_downloads_week>0</raw_downloads_week><raw_downloads_day>0</raw_downloads_day><tags>unencrypted</tags><tags>cosign-sig</tags><tags>unsig</tags></version><version><id>298278803</id><name>sha256:3713e46fa5cb1dd27eb0487d5d357077dd1703f4b51672f9ad3d06e0a101c69c</name><date>2024-12-29</date><newest>false</newest><latest>false</latest><size>2.3 kB</size><downloads>0</downloads><downloads_month>0</downloads_month><downloads_week>0</downloads_week><downloads_day>0</downloads_day><raw_size>2333</raw_size><raw_downloads>0</raw_downloads><raw_downloads_month>0</raw_downloads_month><raw_downloads_week>0</raw_downloads_week><raw_downloads_day>0</raw_downloads_day><tags>sha256-1b77245992a595c704618fa1fc6d3246f14056590bd1edaa98332c749b8681a6.sig</tags></version><version><id>298278838</id><name>sha256:31053cefa76409c44a833ea95a5c4ce63d5568ccec1897c361d799db36791bea</name><date>2024-12-29</date><newest>false</newest><latest>false</latest><size>6.2 MB</size><downloads>1</downloads><downloads_month>1</downloads_month><downloads_week>0</downloads_week><downloads_day>0</downloads_day><raw_size>6257656</raw_size><raw_downloads>1</raw_downloads><raw_downloads_month>1</raw_downloads_month><raw_downloads_week>0</raw_downloads_week><raw_downloads_day>0</raw_downloads_day><tags>simple-sig</tags></version><version><id>298278854</id><name>sha256:034c3831b96d44ea95e8151ed2386b92017688a0624d3fdcbf8fb8eb4f59a999</name><date>2024-12-29</date><newest>false</newest><latest>false</latest><size>6.2 MB</size><downloads>1</downloads><downloads_month>0</downloads_month><downloads_week>0</downloads_week><downloads_day>0</downloads_day><raw_size>6262344</raw_size><raw_downloads>1</raw_downloads><raw_downloads_month>0</raw_downloads_month><raw_downloads_week>0</raw_downloads_week><raw_downloads_day>0</raw_downloads_day><tags>enc-unsig</tags></version><version><id>298278861</id><name>sha256:2675949d778a43568937b6751ad766b1f4708abcee0ec5d748498357c9b077d8</name><date>2024-12-29</date><newest>false</newest><latest>false</latest><size>6.2 MB</size><downloads>3</downloads><downloads_month>1</downloads_month><downloads_week>0</downloads_week><downloads_day>0</downloads_day><raw_size>6262344</raw_size><raw_downloads>3</raw_downloads><raw_downloads_month>1</raw_downloads_month><raw_downloads_week>0</raw_downloads_week><raw_downloads_day>0</raw_downloads_day><tags>enc-cosign-sig</tags></version><version><id>298278876</id><name>sha256:13fa61af65aac7af707d4374a41bcda869913f75b56422c3f75816e6a945185d</name><date>2024-12-29</date><newest>false</newest><latest>false</latest><size>2.3 kB</size><downloads>0</downloads><downloads_month>0</downloads_month><downloads_week>0</downloads_week><downloads_day>0</downloads_day><raw_size>2333</raw_size><raw_downloads>0</raw_downloads><raw_downloads_month>0</raw_downloads_month><raw_downloads_week>0</raw_downloads_week><raw_downloads_day>0</raw_downloads_day><tags>sha256-2675949d778a43568937b6751ad766b1f4708abcee0ec5d748498357c9b077d8.sig</tags></version><version><id>298278905</id><name>sha256:fb5372f9c6638f52e94bb4dd6cee3241d14a163475180e5838579d51f93c5e65</name><date>2024-12-29</date><newest>true</newest><latest>true</latest><size>6.2 MB</size><downloads>2</downloads><downloads_month>1</downloads_month><downloads_week>0</downloads_week><downloads_day>0</downloads_day><raw_size>6262344</raw_size><raw_downloads>2</raw_downloads><raw_downloads_month>1</raw_downloads_month><raw_downloads_week>0</raw_downloads_week><raw_downloads_day>0</raw_downloads_day><tags>encrypted</tags></version></xml>
