<?xml version="1.0" encoding="UTF-8"?><xml><owner_type>orgs</owner_type><package_type>container</package_type><owner_id>16208487</owner_id><owner>anchore</owner><repo>test-images</repo><package>test-images%2Fvex-oci-attach</package><date>2025-06-08</date><size>9.4 kB</size><versions>2</versions><tagged>2</tagged><owner_rank>-1</owner_rank><repo_rank>1</repo_rank><downloads>114</downloads><downloads_month>0</downloads_month><downloads_week>0</downloads_week><downloads_day>0</downloads_day><raw_size>9430</raw_size><raw_versions>2</raw_versions><raw_tagged>2</raw_tagged><raw_owner_rank>-1</raw_owner_rank><raw_repo_rank>1</raw_repo_rank><raw_downloads>114</raw_downloads><raw_downloads_month>0</raw_downloads_month><raw_downloads_week>0</raw_downloads_week><raw_downloads_day>0</raw_downloads_day><version><id>228683351</id><name>sha256:8b95adbdf01ad43043ea9b63d6ac56abbe0e81b67fe40a27c39b6b83488f70ce</name><date>2025-06-08</date><newest>false</newest><latest>true</latest><size>29.7 MB</size><downloads>114</downloads><downloads_month>0</downloads_month><downloads_week>0</downloads_week><downloads_day>0</downloads_day><raw_size>29708249</raw_size><raw_downloads>114</raw_downloads><raw_downloads_month>0</raw_downloads_month><raw_downloads_week>0</raw_downloads_week><raw_downloads_day>0</raw_downloads_day><tags>51198f0</tags></version><version><id>228700186</id><name>sha256:61e51875ae39632d6ef81ce53f55863f87dc28a7f23dade040c8a31fa5b2c4b7</name><date>2025-06-08</date><newest>true</newest><latest>false</latest><size>9.4 kB</size><downloads>0</downloads><downloads_month>0</downloads_month><downloads_week>0</downloads_week><downloads_day>0</downloads_day><raw_size>9430</raw_size><raw_downloads>0</raw_downloads><raw_downloads_month>0</raw_downloads_month><raw_downloads_week>0</raw_downloads_week><raw_downloads_day>0</raw_downloads_day><tags>sha256-8b95adbdf01ad43043ea9b63d6ac56abbe0e81b67fe40a27c39b6b83488f70ce.att</tags></version></xml>
