<?xml version="1.0" encoding="UTF-8"?><xml><owner_type>users</owner_type><package_type>container</package_type><owner_id>24955913</owner_id><owner>samruddhikhandale</owner><repo>test-terraform</repo><package>test-terraform</package><date>2025-03-30</date><size>3.2 kB</size><versions>1</versions><tagged>1</tagged><owner_rank>53</owner_rank><repo_rank>2</repo_rank><downloads>163</downloads><downloads_month>0</downloads_month><downloads_week>0</downloads_week><downloads_day>0</downloads_day><raw_size>3207</raw_size><raw_versions>1</raw_versions><raw_tagged>1</raw_tagged><raw_owner_rank>53</raw_owner_rank><raw_repo_rank>2</raw_repo_rank><raw_downloads>163</raw_downloads><raw_downloads_month>0</raw_downloads_month><raw_downloads_week>0</raw_downloads_week><raw_downloads_day>0</raw_downloads_day><version><id>59868010</id><name>sha256:7489aad12c0fc8bf56c5d7a833ab73f87d9f2e38eefd4be1772c1c4c5798185a</name><date>2025-03-30</date><newest>true</newest><latest>true</latest><size>3.2 kB</size><downloads>163</downloads><downloads_month>0</downloads_month><downloads_week>0</downloads_week><downloads_day>0</downloads_day><raw_size>3207</raw_size><raw_downloads>163</raw_downloads><raw_downloads_month>0</raw_downloads_month><raw_downloads_week>0</raw_downloads_week><raw_downloads_day>0</raw_downloads_day><tags>latest</tags></version></xml>
