<?xml version="1.0" encoding="UTF-8"?><xml><owner_type>users</owner_type><package_type>container</package_type><owner_id>9874445</owner_id><owner>bfjelds</owner><repo>test-packages-as-container-repo</repo><package>test-packages-as-container-repo%2Ftest</package><date>2025-01-20</date><size>27 MB</size><versions>3</versions><tagged>3</tagged><owner_rank>1</owner_rank><repo_rank>1</repo_rank><downloads>529</downloads><downloads_month>0</downloads_month><downloads_week>0</downloads_week><downloads_day>0</downloads_day><raw_size>27095650</raw_size><raw_versions>3</raw_versions><raw_tagged>3</raw_tagged><raw_owner_rank>1</raw_owner_rank><raw_repo_rank>1</raw_repo_rank><raw_downloads>529</raw_downloads><raw_downloads_month>0</raw_downloads_month><raw_downloads_week>0</raw_downloads_week><raw_downloads_day>0</raw_downloads_day><version><id>5602383</id><name>sha256:6237fd8d18e2e2506ef73503f6d42ad1668eaf213f679ccce9d3f69bc6ca1d30</name><date>2025-01-20</date><newest>false</newest><latest>false</latest><size>22.7 MB</size><downloads>173</downloads><downloads_month>0</downloads_month><downloads_week>0</downloads_week><downloads_day>0</downloads_day><raw_size>22703239</raw_size><raw_downloads>173</raw_downloads><raw_downloads_month>0</raw_downloads_month><raw_downloads_week>0</raw_downloads_week><raw_downloads_day>0</raw_downloads_day><tags>v0.1.0-arm32v7</tags></version><version><id>5602385</id><name>sha256:bd965c4e20c07cf623e8a3cf9122bf196db9872fb323ff1bbe1fabc838299f8f</name><date>2025-01-20</date><newest>false</newest><latest>false</latest><size>25.8 MB</size><downloads>183</downloads><downloads_month>0</downloads_month><downloads_week>0</downloads_week><downloads_day>0</downloads_day><raw_size>25852828</raw_size><raw_downloads>183</raw_downloads><raw_downloads_month>0</raw_downloads_month><raw_downloads_week>0</raw_downloads_week><raw_downloads_day>0</raw_downloads_day><tags>v0.1.0-arm64v8</tags></version><version><id>5602805</id><name>sha256:e0a33348ac8cace6b4294885e6e0bb57ecdfe4b6e415f1a7f4c5da5fe3116e02</name><date>2025-01-20</date><newest>true</newest><latest>true</latest><size>27 MB</size><downloads>173</downloads><downloads_month>0</downloads_month><downloads_week>0</downloads_week><downloads_day>0</downloads_day><raw_size>27095650</raw_size><raw_downloads>173</raw_downloads><raw_downloads_month>0</raw_downloads_month><raw_downloads_week>0</raw_downloads_week><raw_downloads_day>0</raw_downloads_day><tags>v0.1.0-amd64</tags></version></xml>
