<?xml version="1.0" encoding="UTF-8"?><xml><owner_type>users</owner_type><package_type>container</package_type><owner_id>24955913</owner_id><owner>samruddhikhandale</owner><repo>test-action</repo><package>test-action</package><date>2025-04-22</date><size>2 kB</size><versions>3</versions><tagged>1</tagged><owner_rank>55</owner_rank><repo_rank>3</repo_rank><downloads>160</downloads><downloads_month>0</downloads_month><downloads_week>0</downloads_week><downloads_day>0</downloads_day><raw_size>2034</raw_size><raw_versions>3</raw_versions><raw_tagged>1</raw_tagged><raw_owner_rank>55</raw_owner_rank><raw_repo_rank>3</raw_repo_rank><raw_downloads>160</raw_downloads><raw_downloads_month>0</raw_downloads_month><raw_downloads_week>0</raw_downloads_week><raw_downloads_day>0</raw_downloads_day><version><id>179650091</id><name>sha256:106cb24ddb5dc77e87e942b64277ea314f96df43b6526ae6c06f46f273f1016e</name><date>2025-04-22</date><newest>true</newest><latest>true</latest><size>2 kB</size><downloads>59</downloads><downloads_month>0</downloads_month><downloads_week>0</downloads_week><downloads_day>0</downloads_day><raw_size>2034</raw_size><raw_downloads>59</raw_downloads><raw_downloads_month>0</raw_downloads_month><raw_downloads_week>0</raw_downloads_week><raw_downloads_day>0</raw_downloads_day><tags>latest</tags></version><version><id>84241937</id><name>sha256:63a3a8f62c06c1412b21ca2ee5cd96d2619afa07bc9543725126083324cb4d08</name><date>2025-04-22</date><newest>false</newest><latest>false</latest><size>2.2 kB</size><downloads>101</downloads><downloads_month>0</downloads_month><downloads_week>0</downloads_week><downloads_day>0</downloads_day><raw_size>2230</raw_size><raw_downloads>101</raw_downloads><raw_downloads_month>0</raw_downloads_month><raw_downloads_week>0</raw_downloads_week><raw_downloads_day>0</raw_downloads_day></version><version><id>84242910</id><name>sha256:37806eed2580958587d337de9cddc7833e641850926a8c486e671a1e669df79d</name><date>2025-04-22</date><newest>false</newest><latest>false</latest><size>2 kB</size><downloads>0</downloads><downloads_month>0</downloads_month><downloads_week>0</downloads_week><downloads_day>0</downloads_day><raw_size>2034</raw_size><raw_downloads>0</raw_downloads><raw_downloads_month>0</raw_downloads_month><raw_downloads_week>0</raw_downloads_week><raw_downloads_day>0</raw_downloads_day></version></xml>
