<?xml version="1.0" encoding="UTF-8"?><xml><owner_type>users</owner_type><package_type>container</package_type><owner_id>24955913</owner_id><owner>samruddhikhandale</owner><repo>test-action</repo><package>test-action%2Fcolor</package><date>2025-03-24</date><size>7</size><versions>1</versions><tagged>1</tagged><owner_rank>22</owner_rank><repo_rank>1</repo_rank><downloads>737</downloads><downloads_month>0</downloads_month><downloads_week>0</downloads_week><downloads_day>0</downloads_day><raw_size>7</raw_size><raw_versions>1</raw_versions><raw_tagged>1</raw_tagged><raw_owner_rank>22</raw_owner_rank><raw_repo_rank>1</raw_repo_rank><raw_downloads>737</raw_downloads><raw_downloads_month>0</raw_downloads_month><raw_downloads_week>0</raw_downloads_week><raw_downloads_day>0</raw_downloads_day><version><id>179650054</id><name>sha256:9205bc9a0d58aa8ea13d99bae4ea7950ce7bc5a6e175044fbc81378dab1a9614</name><date>2025-03-23</date><newest>true</newest><latest>true</latest><size>7</size><downloads>189</downloads><downloads_month>0</downloads_month><downloads_week>0</downloads_week><downloads_day>0</downloads_day><raw_size>7</raw_size><raw_downloads>189</raw_downloads><raw_downloads_month>0</raw_downloads_month><raw_downloads_week>0</raw_downloads_week><raw_downloads_day>0</raw_downloads_day><tags>2.0.0</tags><tags>2.0</tags><tags>2</tags><tags>latest</tags></version></xml>
