<?xml version="1.0" encoding="UTF-8"?><xml><owner_type>users</owner_type><package_type>container</package_type><owner_id>24955913</owner_id><owner>samruddhikhandale</owner><repo>test-action</repo><package>test-action%2Fhello</package><date>2025-03-25</date><size>7</size><versions>2</versions><tagged>2</tagged><owner_rank>40</owner_rank><repo_rank>2</repo_rank><downloads>676</downloads><downloads_month>0</downloads_month><downloads_week>0</downloads_week><downloads_day>0</downloads_day><raw_size>7</raw_size><raw_versions>2</raw_versions><raw_tagged>2</raw_tagged><raw_owner_rank>40</raw_owner_rank><raw_repo_rank>2</raw_repo_rank><raw_downloads>676</raw_downloads><raw_downloads_month>0</raw_downloads_month><raw_downloads_week>0</raw_downloads_week><raw_downloads_day>0</raw_downloads_day><version><id>179650076</id><name>sha256:deab14e8c3da15a44f91d25097e2de99eaaa5d432726c485cf79a99a2b2f11ba</name><date>2025-03-25</date><newest>true</newest><latest>false</latest><size>7</size><downloads>189</downloads><downloads_month>0</downloads_month><downloads_week>0</downloads_week><downloads_day>0</downloads_day><raw_size>7</raw_size><raw_downloads>189</raw_downloads><raw_downloads_month>0</raw_downloads_month><raw_downloads_week>0</raw_downloads_week><raw_downloads_day>0</raw_downloads_day><tags>1.1.0</tags><tags>1.1</tags><tags>latest</tags><tags>1</tags></version><version><id>84241932</id><name>sha256:d286564c775ebf55010565a6335f824bc72eb1f03139b551a4891f9b43317cb1</name><date>2025-03-25</date><newest>false</newest><latest>true</latest><size>7</size><downloads>487</downloads><downloads_month>0</downloads_month><downloads_week>0</downloads_week><downloads_day>0</downloads_day><raw_size>7</raw_size><raw_downloads>487</raw_downloads><raw_downloads_month>0</raw_downloads_month><raw_downloads_week>0</raw_downloads_week><raw_downloads_day>0</raw_downloads_day><tags>1.0.2</tags><tags>1.0</tags></version></xml>
