<?xml version="1.0" encoding="UTF-8"?><xml><owner_type>users</owner_type><package_type>container</package_type><owner_id>434495</owner_id><owner>danmichaelo</owner><repo>test-github-actions</repo><package>test-github-actions%2Ftest-app</package><date>2024-12-30</date><size>163 MB</size><versions>5</versions><tagged>5</tagged><downloads>895</downloads><downloads_month>0</downloads_month><downloads_week>0</downloads_week><downloads_day>0</downloads_day><raw_size>163027015</raw_size><raw_versions>5</raw_versions><raw_tagged>5</raw_tagged><raw_downloads>895</raw_downloads><raw_downloads_month>0</raw_downloads_month><raw_downloads_week>0</raw_downloads_week><raw_downloads_day>0</raw_downloads_day><version><id>4041858</id><name>sha256:7907e08a1403e6e4bfd86a47e5be44cac698fdcff8666c91848e5bfead6d0e51</name><date>2024-12-30</date><newest>false</newest><latest>false</latest><size>163 MB</size><downloads>303</downloads><downloads_month>0</downloads_month><downloads_week>0</downloads_week><downloads_day>0</downloads_day><raw_size>163027003</raw_size><raw_downloads>303</raw_downloads><raw_downloads_month>0</raw_downloads_month><raw_downloads_week>0</raw_downloads_week><raw_downloads_day>0</raw_downloads_day><tags>latest</tags><tags>sha-a3ff05e</tags></version><version><id>4042232</id><name>sha256:10609fed2e9b2bcd1b60f10c47cd327e7822e82c0c731cdc38935e77713688fe</name><date>2024-12-30</date><newest>false</newest><latest>false</latest><size>163 MB</size><downloads>148</downloads><downloads_month>0</downloads_month><downloads_week>0</downloads_week><downloads_day>0</downloads_day><raw_size>163026733</raw_size><raw_downloads>148</raw_downloads><raw_downloads_month>0</raw_downloads_month><raw_downloads_week>0</raw_downloads_week><raw_downloads_day>0</raw_downloads_day><tags>sha-f2a8d53</tags></version><version><id>4042233</id><name>sha256:1796e03a060813d15e28ad687b6df82bf0d4c564c8af55b63e3fbbb6dbbe5548</name><date>2024-12-30</date><newest>false</newest><latest>false</latest><size>163 MB</size><downloads>148</downloads><downloads_month>0</downloads_month><downloads_week>0</downloads_week><downloads_day>0</downloads_day><raw_size>163026839</raw_size><raw_downloads>148</raw_downloads><raw_downloads_month>0</raw_downloads_month><raw_downloads_week>0</raw_downloads_week><raw_downloads_day>0</raw_downloads_day><tags>sha-1c29fc6</tags></version><version><id>4042235</id><name>sha256:50e97190a873ee7051a101bf1462352abaaad065ba62fb0c8cf1fde422099ff6</name><date>2024-12-30</date><newest>false</newest><latest>false</latest><size>163 MB</size><downloads>148</downloads><downloads_month>0</downloads_month><downloads_week>0</downloads_week><downloads_day>0</downloads_day><raw_size>163026982</raw_size><raw_downloads>148</raw_downloads><raw_downloads_month>0</raw_downloads_month><raw_downloads_week>0</raw_downloads_week><raw_downloads_day>0</raw_downloads_day><tags>sha-84a4917</tags></version><version><id>4042473</id><name>sha256:5eca67e964e813bcff727be80b7801ba2369b90e2f54a6bdc15fbf4645184c2d</name><date>2024-12-30</date><newest>true</newest><latest>true</latest><size>163 MB</size><downloads>148</downloads><downloads_month>0</downloads_month><downloads_week>0</downloads_week><downloads_day>0</downloads_day><raw_size>163027015</raw_size><raw_downloads>148</raw_downloads><raw_downloads_month>0</raw_downloads_month><raw_downloads_week>0</raw_downloads_week><raw_downloads_day>0</raw_downloads_day><tags>sha-a91fb14</tags></version></xml>
