<?xml version="1.0" encoding="UTF-8"?><xml><owner_type>users</owner_type><package_type>container</package_type><owner_id>133175</owner_id><owner>hwinther</owner><repo>test</repo><package>test-rover</package><date>2025-05-17</date><size>710.7 MB</size><versions>1</versions><tagged>1</tagged><owner_rank>18</owner_rank><repo_rank>3</repo_rank><downloads>8</downloads><downloads_month>0</downloads_month><downloads_week>0</downloads_week><downloads_day>0</downloads_day><raw_size>710766944</raw_size><raw_versions>1</raw_versions><raw_tagged>1</raw_tagged><raw_owner_rank>18</raw_owner_rank><raw_repo_rank>3</raw_repo_rank><raw_downloads>8</raw_downloads><raw_downloads_month>0</raw_downloads_month><raw_downloads_week>0</raw_downloads_week><raw_downloads_day>0</raw_downloads_day><version><id>211950189</id><name>sha256:b4f98e473e9935ec614fa721717c18b74037bc9c4e6c5a50aef91cbc1b0afbc8</name><date>2025-05-17</date><newest>true</newest><latest>true</latest><size>710.7 MB</size><downloads>8</downloads><downloads_month>0</downloads_month><downloads_week>0</downloads_week><downloads_day>0</downloads_day><raw_size>710766944</raw_size><raw_downloads>8</raw_downloads><raw_downloads_month>0</raw_downloads_month><raw_downloads_week>0</raw_downloads_week><raw_downloads_day>0</raw_downloads_day><tags>latest</tags></version></xml>
