<?xml version="1.0" encoding="UTF-8"?><xml><owner_type>users</owner_type><package_type>container</package_type><owner_id>24955913</owner_id><owner>samruddhikhandale</owner><repo>test-legacyIds</repo><package>test-legacyids%2Fhello</package><date>2024-12-27</date><size>-1</size><versions>7</versions><tagged>7</tagged><downloads>1.4k</downloads><downloads_month>0</downloads_month><downloads_week>0</downloads_week><downloads_day>0</downloads_day><raw_size>-1</raw_size><raw_versions>7</raw_versions><raw_tagged>7</raw_tagged><raw_downloads>1495</raw_downloads><raw_downloads_month>0</raw_downloads_month><raw_downloads_week>0</raw_downloads_week><raw_downloads_day>0</raw_downloads_day><version><id>60059040</id><name>sha256:7c1ff255202088a6c223d0611e86ad748dcdfc7bfd56876abe3f587d6f6204fb</name><date>2024-12-27</date><newest>false</newest><latest>false</latest><size>-1</size><downloads>148</downloads><downloads_month>0</downloads_month><downloads_week>0</downloads_week><downloads_day>0</downloads_day><raw_size>-1</raw_size><raw_downloads>148</raw_downloads><raw_downloads_month>0</raw_downloads_month><raw_downloads_week>0</raw_downloads_week><raw_downloads_day>0</raw_downloads_day><tags>1.0.2</tags></version><version><id>60060125</id><name>sha256:ffee74e0367611cd49e0bc41525efb047083fb752dd0378a22687f23d8024258</name><date>2024-12-27</date><newest>false</newest><latest>false</latest><size>-1</size><downloads>148</downloads><downloads_month>0</downloads_month><downloads_week>0</downloads_week><downloads_day>0</downloads_day><raw_size>-1</raw_size><raw_downloads>148</raw_downloads><raw_downloads_month>0</raw_downloads_month><raw_downloads_week>0</raw_downloads_week><raw_downloads_day>0</raw_downloads_day><tags>1.0.3</tags></version><version><id>60068263</id><name>sha256:6e797218f5fbc65c907d08d318bc2e171042aefa10211cb9a731c9bc5c7fb861</name><date>2024-12-27</date><newest>false</newest><latest>false</latest><size>-1</size><downloads>149</downloads><downloads_month>0</downloads_month><downloads_week>0</downloads_week><downloads_day>0</downloads_day><raw_size>-1</raw_size><raw_downloads>149</raw_downloads><raw_downloads_month>0</raw_downloads_month><raw_downloads_week>0</raw_downloads_week><raw_downloads_day>0</raw_downloads_day><tags>1.0.4</tags></version><version><id>60089640</id><name>sha256:7e8c9c4e490b5f5ee5e6b85670fd3e875ec02438cd755cec1cea0bf8468071fa</name><date>2024-12-27</date><newest>false</newest><latest>false</latest><size>-1</size><downloads>149</downloads><downloads_month>0</downloads_month><downloads_week>0</downloads_week><downloads_day>0</downloads_day><raw_size>-1</raw_size><raw_downloads>149</raw_downloads><raw_downloads_month>0</raw_downloads_month><raw_downloads_week>0</raw_downloads_week><raw_downloads_day>0</raw_downloads_day><tags>1.0.5</tags></version><version><id>60091486</id><name>sha256:cea62581762498f82b0fdd78392743b96017e7655fa9506260861390475a5d1f</name><date>2024-12-27</date><newest>false</newest><latest>false</latest><size>-1</size><downloads>596</downloads><downloads_month>0</downloads_month><downloads_week>0</downloads_week><downloads_day>0</downloads_day><raw_size>-1</raw_size><raw_downloads>596</raw_downloads><raw_downloads_month>0</raw_downloads_month><raw_downloads_week>0</raw_downloads_week><raw_downloads_day>0</raw_downloads_day><tags>1.0.6</tags><tags>latest</tags><tags>1.0</tags><tags>1</tags></version><version><id>60091637</id><name>sha256:4fc95653c26a2e65ea2732a2e81e13c7f9784c8216372f7d106374b8db48f191</name><date>2024-12-27</date><newest>false</newest><latest>false</latest><size>-1</size><downloads>148</downloads><downloads_month>0</downloads_month><downloads_week>0</downloads_week><downloads_day>0</downloads_day><raw_size>-1</raw_size><raw_downloads>148</raw_downloads><raw_downloads_month>0</raw_downloads_month><raw_downloads_week>0</raw_downloads_week><raw_downloads_day>0</raw_downloads_day><tags>1.0.0</tags></version><version><id>60091831</id><name>sha256:687f443b692cf5305635fe4621b5fa38caaaa124a2327b0f4dbc80846aebd328</name><date>2024-12-27</date><newest>true</newest><latest>true</latest><size>-1</size><downloads>157</downloads><downloads_month>0</downloads_month><downloads_week>0</downloads_week><downloads_day>0</downloads_day><raw_size>-1</raw_size><raw_downloads>157</raw_downloads><raw_downloads_month>0</raw_downloads_month><raw_downloads_week>0</raw_downloads_week><raw_downloads_day>0</raw_downloads_day><tags>1.0.1</tags></version></xml>
