<?xml version="1.0" encoding="UTF-8"?><xml><owner_type>users</owner_type><package_type>container</package_type><owner_id>24955913</owner_id><owner>samruddhikhandale</owner><repo>test-legacyIds</repo><package>test-legacyids%2Fcolor</package><date>2025-03-26</date><size>5</size><versions>9</versions><tagged>8</tagged><owner_rank>2</owner_rank><repo_rank>2</repo_rank><downloads>1.6k</downloads><downloads_month>9</downloads_month><downloads_week>0</downloads_week><downloads_day>0</downloads_day><raw_size>5</raw_size><raw_versions>9</raw_versions><raw_tagged>8</raw_tagged><raw_owner_rank>2</raw_owner_rank><raw_repo_rank>2</raw_repo_rank><raw_downloads>1619</raw_downloads><raw_downloads_month>9</raw_downloads_month><raw_downloads_week>0</raw_downloads_week><raw_downloads_day>0</raw_downloads_day><version><id>-1</id><name>latest</name><date>2025-03-26</date><newest>true</newest><latest>true</latest><size>5</size><downloads>1.6k</downloads><downloads_month>9</downloads_month><downloads_week>0</downloads_week><downloads_day>0</downloads_day><raw_size>5</raw_size><raw_downloads>1619</raw_downloads><raw_downloads_month>9</raw_downloads_month><raw_downloads_week>0</raw_downloads_week><raw_downloads_day>0</raw_downloads_day><tags></tags></version></xml>
