<?xml version="1.0" encoding="UTF-8"?><xml><owner_type>users</owner_type><package_type>container</package_type><owner_id>24955913</owner_id><owner>samruddhikhandale</owner><repo>test-legacyIds</repo><package>test-legacyids%2Fcolor</package><date>2025-03-25</date><size>5</size><versions>9</versions><tagged>8</tagged><owner_rank>2</owner_rank><repo_rank>2</repo_rank><downloads>1.6k</downloads><downloads_month>9</downloads_month><downloads_week>0</downloads_week><downloads_day>0</downloads_day><raw_size>5</raw_size><raw_versions>9</raw_versions><raw_tagged>8</raw_tagged><raw_owner_rank>2</raw_owner_rank><raw_repo_rank>2</raw_repo_rank><raw_downloads>1619</raw_downloads><raw_downloads_month>9</raw_downloads_month><raw_downloads_week>0</raw_downloads_week><raw_downloads_day>0</raw_downloads_day><version><id>60059036</id><name>sha256:08961af425080ef289b4cc5560c637937650f69fefd5721136f7bb196fc07d04</name><date>2025-03-25</date><newest>false</newest><latest>false</latest><size>5</size><downloads>145</downloads><downloads_month>0</downloads_month><downloads_week>0</downloads_week><downloads_day>0</downloads_day><raw_size>5</raw_size><raw_downloads>145</raw_downloads><raw_downloads_month>0</raw_downloads_month><raw_downloads_week>0</raw_downloads_week><raw_downloads_day>0</raw_downloads_day><tags>1.0.3</tags></version><version><id>60060121</id><name>sha256:25c66876fb9d29032e0fe99b963cf41bd530e11af8aa1bd41c5ca5332b6fe2d5</name><date>2025-03-25</date><newest>false</newest><latest>false</latest><size>5</size><downloads>145</downloads><downloads_month>0</downloads_month><downloads_week>0</downloads_week><downloads_day>0</downloads_day><raw_size>5</raw_size><raw_downloads>145</raw_downloads><raw_downloads_month>0</raw_downloads_month><raw_downloads_week>0</raw_downloads_week><raw_downloads_day>0</raw_downloads_day><tags>1.0.4</tags></version><version><id>60063643</id><name>sha256:57be368bb64e5cb6e6f780a023311fb5c7326f4db40b0d23a6832f6db10e65fa</name><date>2025-03-25</date><newest>false</newest><latest>false</latest><size>5</size><downloads>0</downloads><downloads_month>0</downloads_month><downloads_week>0</downloads_week><downloads_day>0</downloads_day><raw_size>5</raw_size><raw_downloads>0</raw_downloads><raw_downloads_month>0</raw_downloads_month><raw_downloads_week>0</raw_downloads_week><raw_downloads_day>0</raw_downloads_day></version><version><id>60066157</id><name>sha256:31d06654cd04b3772a733593fcfea27b7d641c0790835a171ade26b7ace950bd</name><date>2025-03-25</date><newest>false</newest><latest>false</latest><size>5</size><downloads>145</downloads><downloads_month>0</downloads_month><downloads_week>0</downloads_week><downloads_day>0</downloads_day><raw_size>5</raw_size><raw_downloads>145</raw_downloads><raw_downloads_month>0</raw_downloads_month><raw_downloads_week>0</raw_downloads_week><raw_downloads_day>0</raw_downloads_day><tags>1.0.6</tags></version><version><id>60067453</id><name>sha256:0828002e35f37150dd82a756c8f32e7050013def42d5c89d7e0d959f3f7ce1e1</name><date>2025-03-25</date><newest>false</newest><latest>false</latest><size>5</size><downloads>145</downloads><downloads_month>0</downloads_month><downloads_week>0</downloads_week><downloads_day>0</downloads_day><raw_size>5</raw_size><raw_downloads>145</raw_downloads><raw_downloads_month>0</raw_downloads_month><raw_downloads_week>0</raw_downloads_week><raw_downloads_day>0</raw_downloads_day><tags>1.0.7</tags></version><version><id>60067860</id><name>sha256:81a82bfa4195649db97166dfd3e97f93a85a866285fe9a8da389c3bbd05254ce</name><date>2025-03-25</date><newest>false</newest><latest>false</latest><size>5</size><downloads>145</downloads><downloads_month>0</downloads_month><downloads_week>0</downloads_week><downloads_day>0</downloads_day><raw_size>5</raw_size><raw_downloads>145</raw_downloads><raw_downloads_month>0</raw_downloads_month><raw_downloads_week>0</raw_downloads_week><raw_downloads_day>0</raw_downloads_day><tags>1.0.8</tags></version><version><id>60068278</id><name>sha256:c5551f61e947759f5a59e45c46104a894d7a6c0fd4672a42d161375a7a80f5cd</name><date>2025-03-25</date><newest>false</newest><latest>false</latest><size>5</size><downloads>146</downloads><downloads_month>0</downloads_month><downloads_week>0</downloads_week><downloads_day>0</downloads_day><raw_size>5</raw_size><raw_downloads>146</raw_downloads><raw_downloads_month>0</raw_downloads_month><raw_downloads_week>0</raw_downloads_week><raw_downloads_day>0</raw_downloads_day><tags>1.0.9</tags></version><version><id>60089654</id><name>sha256:50da63e253e694b3c8b8bbadd4b5806312c048c980387620071444b80a215b04</name><date>2025-03-25</date><newest>false</newest><latest>false</latest><size>5</size><downloads>593</downloads><downloads_month>9</downloads_month><downloads_week>0</downloads_week><downloads_day>0</downloads_day><raw_size>5</raw_size><raw_downloads>593</raw_downloads><raw_downloads_month>9</raw_downloads_month><raw_downloads_week>0</raw_downloads_week><raw_downloads_day>0</raw_downloads_day><tags>1.0.10</tags><tags>latest</tags><tags>1.0</tags><tags>1</tags></version><version><id>60090043</id><name>sha256:571af1318794ef95e81aaa25c5302f442f4d87d6369bfef1f385470d14174bcd</name><date>2025-03-25</date><newest>true</newest><latest>true</latest><size>5</size><downloads>155</downloads><downloads_month>0</downloads_month><downloads_week>0</downloads_week><downloads_day>0</downloads_day><raw_size>5</raw_size><raw_downloads>155</raw_downloads><raw_downloads_month>0</raw_downloads_month><raw_downloads_week>0</raw_downloads_week><raw_downloads_day>0</raw_downloads_day><tags>1.0.0</tags></version></xml>
