<?xml version="1.0" encoding="UTF-8"?><xml><owner_type>users</owner_type><package_type>container</package_type><owner_id>24955913</owner_id><owner>samruddhikhandale</owner><repo>test-legacyIds</repo><package>test-legacyids%2Fcolor</package><date>2025-01-21</date><size>-1</size><versions>2</versions><tagged>2</tagged><owner_rank>2</owner_rank><repo_rank>2</repo_rank><downloads>1.6k</downloads><downloads_month>0</downloads_month><downloads_week>0</downloads_week><downloads_day>0</downloads_day><raw_size>-1</raw_size><raw_versions>2</raw_versions><raw_tagged>2</raw_tagged><raw_owner_rank>2</raw_owner_rank><raw_repo_rank>2</raw_repo_rank><raw_downloads>1609</raw_downloads><raw_downloads_month>0</raw_downloads_month><raw_downloads_week>0</raw_downloads_week><raw_downloads_day>0</raw_downloads_day><version><id>60066157</id><name>sha256:31d06654cd04b3772a733593fcfea27b7d641c0790835a171ade26b7ace950bd</name><date>2025-01-21</date><newest>false</newest><latest>false</latest><size>-1</size><downloads>145</downloads><downloads_month>0</downloads_month><downloads_week>0</downloads_week><downloads_day>0</downloads_day><raw_size>-1</raw_size><raw_downloads>145</raw_downloads><raw_downloads_month>0</raw_downloads_month><raw_downloads_week>0</raw_downloads_week><raw_downloads_day>0</raw_downloads_day><tags>1.0.6</tags></version><version><id>60089654</id><name>sha256:50da63e253e694b3c8b8bbadd4b5806312c048c980387620071444b80a215b04</name><date>2025-01-21</date><newest>true</newest><latest>true</latest><size>-1</size><downloads>584</downloads><downloads_month>0</downloads_month><downloads_week>0</downloads_week><downloads_day>0</downloads_day><raw_size>-1</raw_size><raw_downloads>584</raw_downloads><raw_downloads_month>0</raw_downloads_month><raw_downloads_week>0</raw_downloads_week><raw_downloads_day>0</raw_downloads_day><tags>1.0.10</tags><tags>latest</tags><tags>1.0</tags><tags>1</tags></version></xml>
