<?xml version="1.0" encoding="UTF-8"?><xml><owner_type>users</owner_type><package_type>container</package_type><owner_id>24955913</owner_id><owner>samruddhikhandale</owner><repo>test-legacyIds</repo><package>test-legacyids%2Fhello</package><date>2025-03-29</date><size>5</size><versions>2</versions><tagged>2</tagged><owner_rank>3</owner_rank><repo_rank>3</repo_rank><downloads>1.4k</downloads><downloads_month>0</downloads_month><downloads_week>0</downloads_week><downloads_day>0</downloads_day><raw_size>5</raw_size><raw_versions>2</raw_versions><raw_tagged>2</raw_tagged><raw_owner_rank>3</raw_owner_rank><raw_repo_rank>3</raw_repo_rank><raw_downloads>1496</raw_downloads><raw_downloads_month>0</raw_downloads_month><raw_downloads_week>0</raw_downloads_week><raw_downloads_day>0</raw_downloads_day><version><id>60068263</id><name>sha256:6e797218f5fbc65c907d08d318bc2e171042aefa10211cb9a731c9bc5c7fb861</name><date>2025-03-29</date><newest>false</newest><latest>false</latest><size>5</size><downloads>149</downloads><downloads_month>0</downloads_month><downloads_week>0</downloads_week><downloads_day>0</downloads_day><raw_size>5</raw_size><raw_downloads>149</raw_downloads><raw_downloads_month>0</raw_downloads_month><raw_downloads_week>0</raw_downloads_week><raw_downloads_day>0</raw_downloads_day><tags>1.0.4</tags></version><version><id>60091831</id><name>sha256:687f443b692cf5305635fe4621b5fa38caaaa124a2327b0f4dbc80846aebd328</name><date>2025-03-29</date><newest>true</newest><latest>true</latest><size>5</size><downloads>158</downloads><downloads_month>0</downloads_month><downloads_week>0</downloads_week><downloads_day>0</downloads_day><raw_size>5</raw_size><raw_downloads>158</raw_downloads><raw_downloads_month>0</raw_downloads_month><raw_downloads_week>0</raw_downloads_week><raw_downloads_day>0</raw_downloads_day><tags>1.0.1</tags></version></xml>
