<?xml version="1.0" encoding="UTF-8"?><xml><owner_type>users</owner_type><package_type>container</package_type><owner_id>24955913</owner_id><owner>samruddhikhandale</owner><repo>test-legacyIds</repo><package>test-legacyids</package><date>2025-01-14</date><size>1.8 kB</size><versions>3</versions><tagged>0</tagged><owner_rank>33</owner_rank><repo_rank>2</repo_rank><downloads>159</downloads><downloads_month>0</downloads_month><downloads_week>0</downloads_week><downloads_day>0</downloads_day><raw_size>1889</raw_size><raw_versions>3</raw_versions><raw_tagged>0</raw_tagged><raw_owner_rank>33</raw_owner_rank><raw_repo_rank>2</raw_repo_rank><raw_downloads>159</raw_downloads><raw_downloads_month>0</raw_downloads_month><raw_downloads_week>0</raw_downloads_week><raw_downloads_day>0</raw_downloads_day><version><id>60063642</id><name>sha256:d6bcc84f64e1bfa29d703cd2ecccd9d5da6d4c21cc2d3a71c15b0aed7d414385</name><date>2025-01-14</date><newest>false</newest><latest>false</latest><size>1.8 kB</size><downloads>0</downloads><downloads_month>0</downloads_month><downloads_week>0</downloads_week><downloads_day>0</downloads_day><raw_size>1888</raw_size><raw_downloads>0</raw_downloads><raw_downloads_month>0</raw_downloads_month><raw_downloads_week>0</raw_downloads_week><raw_downloads_day>0</raw_downloads_day></version><version><id>60067865</id><name>sha256:ebb6be8b9bb0aabcef775c32a1398d62eb77d2ff920b8f44440510a38ebca954</name><date>2025-01-14</date><newest>false</newest><latest>false</latest><size>1.8 kB</size><downloads>0</downloads><downloads_month>0</downloads_month><downloads_week>0</downloads_week><downloads_day>0</downloads_day><raw_size>1888</raw_size><raw_downloads>0</raw_downloads><raw_downloads_month>0</raw_downloads_month><raw_downloads_week>0</raw_downloads_week><raw_downloads_day>0</raw_downloads_day></version><version><id>60089660</id><name>sha256:0691aa9a4f9c5a7e751a30bd4e9cbd1ef6307e17cac0d04f1e9e77c84bed27bd</name><date>2025-01-14</date><newest>true</newest><latest>false</latest><size>1.8 kB</size><downloads>0</downloads><downloads_month>0</downloads_month><downloads_week>0</downloads_week><downloads_day>0</downloads_day><raw_size>1889</raw_size><raw_downloads>0</raw_downloads><raw_downloads_month>0</raw_downloads_month><raw_downloads_week>0</raw_downloads_week><raw_downloads_day>0</raw_downloads_day></version></xml>
