<?xml version="1.0" encoding="UTF-8"?><xml><owner_type>users</owner_type><package_type>container</package_type><owner_id>24955913</owner_id><owner>samruddhikhandale</owner><repo>test-legacyIds</repo><package>test-legacyids%2Fnew-color</package><date>2025-04-27</date><size>5</size><versions>9</versions><tagged>9</tagged><owner_rank>1</owner_rank><repo_rank>1</repo_rank><downloads>1.8k</downloads><downloads_month>0</downloads_month><downloads_week>0</downloads_week><downloads_day>0</downloads_day><raw_size>5</raw_size><raw_versions>9</raw_versions><raw_tagged>9</raw_tagged><raw_owner_rank>1</raw_owner_rank><raw_repo_rank>1</raw_repo_rank><raw_downloads>1849</raw_downloads><raw_downloads_month>0</raw_downloads_month><raw_downloads_week>0</raw_downloads_week><raw_downloads_day>0</raw_downloads_day><version><id>60063633</id><name>sha256:57be368bb64e5cb6e6f780a023311fb5c7326f4db40b0d23a6832f6db10e65fa</name><date>2025-04-27</date><newest>false</newest><latest>false</latest><size>5</size><downloads>152</downloads><downloads_month>0</downloads_month><downloads_week>0</downloads_week><downloads_day>0</downloads_day><raw_size>5</raw_size><raw_downloads>152</raw_downloads><raw_downloads_month>0</raw_downloads_month><raw_downloads_week>0</raw_downloads_week><raw_downloads_day>0</raw_downloads_day><tags>1.0.5</tags></version><version><id>60066155</id><name>sha256:31d06654cd04b3772a733593fcfea27b7d641c0790835a171ade26b7ace950bd</name><date>2025-04-27</date><newest>false</newest><latest>false</latest><size>5</size><downloads>152</downloads><downloads_month>0</downloads_month><downloads_week>0</downloads_week><downloads_day>0</downloads_day><raw_size>5</raw_size><raw_downloads>152</raw_downloads><raw_downloads_month>0</raw_downloads_month><raw_downloads_week>0</raw_downloads_week><raw_downloads_day>0</raw_downloads_day><tags>1.0.6</tags></version><version><id>60067445</id><name>sha256:0828002e35f37150dd82a756c8f32e7050013def42d5c89d7e0d959f3f7ce1e1</name><date>2025-04-27</date><newest>false</newest><latest>false</latest><size>5</size><downloads>152</downloads><downloads_month>0</downloads_month><downloads_week>0</downloads_week><downloads_day>0</downloads_day><raw_size>5</raw_size><raw_downloads>152</raw_downloads><raw_downloads_month>0</raw_downloads_month><raw_downloads_week>0</raw_downloads_week><raw_downloads_day>0</raw_downloads_day><tags>1.0.7</tags></version><version><id>60067856</id><name>sha256:81a82bfa4195649db97166dfd3e97f93a85a866285fe9a8da389c3bbd05254ce</name><date>2025-04-27</date><newest>false</newest><latest>false</latest><size>5</size><downloads>152</downloads><downloads_month>0</downloads_month><downloads_week>0</downloads_week><downloads_day>0</downloads_day><raw_size>5</raw_size><raw_downloads>152</raw_downloads><raw_downloads_month>0</raw_downloads_month><raw_downloads_week>0</raw_downloads_week><raw_downloads_day>0</raw_downloads_day><tags>1.0.8</tags></version><version><id>60068268</id><name>sha256:c5551f61e947759f5a59e45c46104a894d7a6c0fd4672a42d161375a7a80f5cd</name><date>2025-04-27</date><newest>false</newest><latest>false</latest><size>5</size><downloads>153</downloads><downloads_month>0</downloads_month><downloads_week>0</downloads_week><downloads_day>0</downloads_day><raw_size>5</raw_size><raw_downloads>153</raw_downloads><raw_downloads_month>0</raw_downloads_month><raw_downloads_week>0</raw_downloads_week><raw_downloads_day>0</raw_downloads_day><tags>1.0.9</tags></version><version><id>60089648</id><name>sha256:50da63e253e694b3c8b8bbadd4b5806312c048c980387620071444b80a215b04</name><date>2025-04-27</date><newest>false</newest><latest>false</latest><size>5</size><downloads>622</downloads><downloads_month>0</downloads_month><downloads_week>0</downloads_week><downloads_day>0</downloads_day><raw_size>5</raw_size><raw_downloads>622</raw_downloads><raw_downloads_month>0</raw_downloads_month><raw_downloads_week>0</raw_downloads_week><raw_downloads_day>0</raw_downloads_day><tags>1.0.10</tags><tags>latest</tags><tags>1.0</tags><tags>1</tags></version><version><id>60090037</id><name>sha256:571af1318794ef95e81aaa25c5302f442f4d87d6369bfef1f385470d14174bcd</name><date>2025-04-27</date><newest>false</newest><latest>false</latest><size>5</size><downloads>152</downloads><downloads_month>0</downloads_month><downloads_week>0</downloads_week><downloads_day>0</downloads_day><raw_size>5</raw_size><raw_downloads>152</raw_downloads><raw_downloads_month>0</raw_downloads_month><raw_downloads_week>0</raw_downloads_week><raw_downloads_day>0</raw_downloads_day><tags>1.0.0</tags></version><version><id>60090379</id><name>sha256:6865c9792cf8eec7716ede94d72c22f840343d6a54902115aa7faa60b5e6003e</name><date>2025-04-27</date><newest>false</newest><latest>false</latest><size>5</size><downloads>152</downloads><downloads_month>0</downloads_month><downloads_week>0</downloads_week><downloads_day>0</downloads_day><raw_size>5</raw_size><raw_downloads>152</raw_downloads><raw_downloads_month>0</raw_downloads_month><raw_downloads_week>0</raw_downloads_week><raw_downloads_day>0</raw_downloads_day><tags>1.0.3</tags></version><version><id>60090459</id><name>sha256:d312e33e46227b82ce0696cbd96f15bf705ccca849e0b901191103f3a1e749f6</name><date>2025-04-27</date><newest>true</newest><latest>true</latest><size>5</size><downloads>162</downloads><downloads_month>0</downloads_month><downloads_week>0</downloads_week><downloads_day>0</downloads_day><raw_size>5</raw_size><raw_downloads>162</raw_downloads><raw_downloads_month>0</raw_downloads_month><raw_downloads_week>0</raw_downloads_week><raw_downloads_day>0</raw_downloads_day><tags>1.0.4</tags></version></xml>
