<?xml version="1.0" encoding="UTF-8"?><xml><owner_type>users</owner_type><package_type>container</package_type><owner_id>7810770</owner_id><owner>sjinks</owner><repo>test-attestations</repo><package>test-attestations%2Falpine</package><date>2025-04-06</date><size>-1</size><versions>12</versions><tagged>6</tagged><owner_rank>25</owner_rank><repo_rank>1</repo_rank><downloads>44</downloads><downloads_month>0</downloads_month><downloads_week>0</downloads_week><downloads_day>0</downloads_day><raw_size>-1</raw_size><raw_versions>12</raw_versions><raw_tagged>6</raw_tagged><raw_owner_rank>25</raw_owner_rank><raw_repo_rank>1</raw_repo_rank><raw_downloads>44</raw_downloads><raw_downloads_month>0</raw_downloads_month><raw_downloads_week>0</raw_downloads_week><raw_downloads_day>0</raw_downloads_day><version><id>311008939</id><name>sha256:beec569b445c401bf56503a9b8cb87f543d6148586aa7d9faa7d7637a719c7bf</name><date>2025-04-06</date><newest>false</newest><latest>false</latest><size>-1</size><downloads>0</downloads><downloads_month>0</downloads_month><downloads_week>0</downloads_week><downloads_day>0</downloads_day><raw_size>-1</raw_size><raw_downloads>0</raw_downloads><raw_downloads_month>0</raw_downloads_month><raw_downloads_week>0</raw_downloads_week><raw_downloads_day>0</raw_downloads_day><tags>sha256-1deb74175f31842852e118e195a1fc9bd855788441a3988bd576850fe472fc3d</tags></version><version><id>311009600</id><name>sha256:ad06b7fe8d7ae183882f3f4ceb555976f893dd6c7c28ed8779773f427be01ae2</name><date>2025-04-06</date><newest>false</newest><latest>false</latest><size>-1</size><downloads>0</downloads><downloads_month>0</downloads_month><downloads_week>0</downloads_week><downloads_day>0</downloads_day><raw_size>-1</raw_size><raw_downloads>0</raw_downloads><raw_downloads_month>0</raw_downloads_month><raw_downloads_week>0</raw_downloads_week><raw_downloads_day>0</raw_downloads_day><tags>sha256-b45a36b2cdb5067a8d31538e1f18dec6d548be63850523160a322fed77de8be1</tags></version><version><id>311010511</id><name>sha256:6fcd209620944478fb45e49a93b7c255d03e8a08260b25cbf90102aab312dc6a</name><date>2025-04-06</date><newest>false</newest><latest>false</latest><size>-1</size><downloads>0</downloads><downloads_month>0</downloads_month><downloads_week>0</downloads_week><downloads_day>0</downloads_day><raw_size>-1</raw_size><raw_downloads>0</raw_downloads><raw_downloads_month>0</raw_downloads_month><raw_downloads_week>0</raw_downloads_week><raw_downloads_day>0</raw_downloads_day><tags>sha256-bafb0560cb873fce38c159e6d49ee2611c9adac68be2d1b907d5f4cb0eae34df</tags></version><version><id>311010673</id><name>sha256:f7fee215bf64467a8c59bb507950b2165ce7d00d0092e7744021efb32a56c7c9</name><date>2025-04-06</date><newest>false</newest><latest>false</latest><size>-1</size><downloads>1</downloads><downloads_month>0</downloads_month><downloads_week>0</downloads_week><downloads_day>0</downloads_day><raw_size>-1</raw_size><raw_downloads>1</raw_downloads><raw_downloads_month>0</raw_downloads_month><raw_downloads_week>0</raw_downloads_week><raw_downloads_day>0</raw_downloads_day></version><version><id>311010678</id><name>sha256:0ce9762485f1eee47d5ed8387f8720dcde1ee77da991c2de9f71569309322125</name><date>2025-04-06</date><newest>false</newest><latest>false</latest><size>303.8 kB</size><downloads>0</downloads><downloads_month>0</downloads_month><downloads_week>0</downloads_week><downloads_day>0</downloads_day><raw_size>303809</raw_size><raw_downloads>0</raw_downloads><raw_downloads_month>0</raw_downloads_month><raw_downloads_week>0</raw_downloads_week><raw_downloads_day>0</raw_downloads_day></version><version><id>311010679</id><name>sha256:71fdd8a04db93bdcfd0f49c16688531bc3c84f0d297ac58bf13fc0bcea716117</name><date>2025-04-06</date><newest>false</newest><latest>false</latest><size>-1</size><downloads>0</downloads><downloads_month>0</downloads_month><downloads_week>0</downloads_week><downloads_day>0</downloads_day><raw_size>-1</raw_size><raw_downloads>0</raw_downloads><raw_downloads_month>0</raw_downloads_month><raw_downloads_week>0</raw_downloads_week><raw_downloads_day>0</raw_downloads_day><tags>sha256-53d7057d9c9ab9823d8001bbf3b1014bd6818cb17f08cd34fc91c5fe8bc1a86d</tags></version><version><id>311011327</id><name>sha256:c0bba691b42a3155276afd707531e777c2ffbaa2d71bf768a9cb6e845f99ea19</name><date>2025-04-06</date><newest>false</newest><latest>false</latest><size>226.1 kB</size><downloads>2</downloads><downloads_month>0</downloads_month><downloads_week>0</downloads_week><downloads_day>0</downloads_day><raw_size>226171</raw_size><raw_downloads>2</raw_downloads><raw_downloads_month>0</raw_downloads_month><raw_downloads_week>0</raw_downloads_week><raw_downloads_day>0</raw_downloads_day></version><version><id>311011329</id><name>sha256:211d49c83e7c5afd201e50e2ef2fe8ed7ce5b1547d99a10473f5385119e17d05</name><date>2025-04-06</date><newest>false</newest><latest>true</latest><size>-1</size><downloads>4</downloads><downloads_month>0</downloads_month><downloads_week>0</downloads_week><downloads_day>0</downloads_day><raw_size>-1</raw_size><raw_downloads>4</raw_downloads><raw_downloads_month>0</raw_downloads_month><raw_downloads_week>0</raw_downloads_week><raw_downloads_day>0</raw_downloads_day><tags>custom</tags></version><version><id>311011334</id><name>sha256:433759792ac64de2e6b03326560b3b335a7f1e12fbb044a4ae10616d6cdc3397</name><date>2025-04-06</date><newest>false</newest><latest>false</latest><size>11.3 kB</size><downloads>1</downloads><downloads_month>0</downloads_month><downloads_week>0</downloads_week><downloads_day>0</downloads_day><raw_size>11337</raw_size><raw_downloads>1</raw_downloads><raw_downloads_month>0</raw_downloads_month><raw_downloads_week>0</raw_downloads_week><raw_downloads_day>0</raw_downloads_day></version><version><id>311011338</id><name>sha256:3c1d421c28dc6da7a1c6e79ddb6c3120b8dea21f8916257b93e8b6e5452637a6</name><date>2025-04-06</date><newest>false</newest><latest>false</latest><size>-1</size><downloads>1</downloads><downloads_month>0</downloads_month><downloads_week>0</downloads_week><downloads_day>0</downloads_day><raw_size>-1</raw_size><raw_downloads>1</raw_downloads><raw_downloads_month>0</raw_downloads_month><raw_downloads_week>0</raw_downloads_week><raw_downloads_day>0</raw_downloads_day></version><version><id>311011346</id><name>sha256:89ad52c2911e8d9aa092013a54038b24c5355878be6f3a40ef898577e608340c</name><date>2025-04-06</date><newest>false</newest><latest>false</latest><size>303.8 kB</size><downloads>0</downloads><downloads_month>0</downloads_month><downloads_week>0</downloads_week><downloads_day>0</downloads_day><raw_size>303865</raw_size><raw_downloads>0</raw_downloads><raw_downloads_month>0</raw_downloads_month><raw_downloads_week>0</raw_downloads_week><raw_downloads_day>0</raw_downloads_day></version><version><id>311011354</id><name>sha256:d36797fff0a76c137c8e9910f2d0b49d44b8b4d437640022b737b87e9f92e19d</name><date>2025-04-06</date><newest>true</newest><latest>false</latest><size>-1</size><downloads>1</downloads><downloads_month>0</downloads_month><downloads_week>0</downloads_week><downloads_day>0</downloads_day><raw_size>-1</raw_size><raw_downloads>1</raw_downloads><raw_downloads_month>0</raw_downloads_month><raw_downloads_week>0</raw_downloads_week><raw_downloads_day>0</raw_downloads_day><tags>sha256-211d49c83e7c5afd201e50e2ef2fe8ed7ce5b1547d99a10473f5385119e17d05</tags></version></xml>
