<?xml version="1.0" encoding="UTF-8"?><xml><owner_type>users</owner_type><package_type>container</package_type><owner_id>7810770</owner_id><owner>sjinks</owner><repo>test-attestations</repo><package>test-attestations%2Falpine</package><date>2025-05-31</date><size>-1</size><versions>35</versions><tagged>6</tagged><owner_rank>22</owner_rank><repo_rank>1</repo_rank><downloads>44</downloads><downloads_month>0</downloads_month><downloads_week>0</downloads_week><downloads_day>0</downloads_day><raw_size>-1</raw_size><raw_versions>35</raw_versions><raw_tagged>6</raw_tagged><raw_owner_rank>22</raw_owner_rank><raw_repo_rank>1</raw_repo_rank><raw_downloads>44</raw_downloads><raw_downloads_month>0</raw_downloads_month><raw_downloads_week>0</raw_downloads_week><raw_downloads_day>0</raw_downloads_day><version><id>311008919</id><name>sha256:6646a723726a1519c29f117e8386ab927ada64a06f36cd41873c99db63f5026d</name><date>2025-05-31</date><newest>false</newest><latest>false</latest><size>226.1 kB</size><downloads>0</downloads><downloads_month>0</downloads_month><downloads_week>0</downloads_week><downloads_day>0</downloads_day><raw_size>226157</raw_size><raw_downloads>0</raw_downloads><raw_downloads_month>0</raw_downloads_month><raw_downloads_week>0</raw_downloads_week><raw_downloads_day>0</raw_downloads_day></version><version><id>311008920</id><name>sha256:6f747f260d444608dc5e70f9b2dba7555dbe0fb11e7dd2af6f23672d70c27265</name><date>2025-05-31</date><newest>false</newest><latest>false</latest><size>9.4 MB</size><downloads>6</downloads><downloads_month>0</downloads_month><downloads_week>0</downloads_week><downloads_day>0</downloads_day><raw_size>9480916</raw_size><raw_downloads>6</raw_downloads><raw_downloads_month>0</raw_downloads_month><raw_downloads_week>0</raw_downloads_week><raw_downloads_day>0</raw_downloads_day></version><version><id>311008921</id><name>sha256:f66c6d91e634bd2fb180338c546015e05f7f7a68b3a5382aeb4a87890814b9fc</name><date>2025-05-31</date><newest>false</newest><latest>false</latest><size>8.3 MB</size><downloads>7</downloads><downloads_month>0</downloads_month><downloads_week>0</downloads_week><downloads_day>0</downloads_day><raw_size>8387002</raw_size><raw_downloads>7</raw_downloads><raw_downloads_month>0</raw_downloads_month><raw_downloads_week>0</raw_downloads_week><raw_downloads_day>0</raw_downloads_day></version><version><id>311008922</id><name>sha256:382c1155bde061632737638c6ba1be346c0384701d9f873c878c8a576f70d5f4</name><date>2025-05-31</date><newest>false</newest><latest>false</latest><size>226.1 kB</size><downloads>0</downloads><downloads_month>0</downloads_month><downloads_week>0</downloads_week><downloads_day>0</downloads_day><raw_size>226190</raw_size><raw_downloads>0</raw_downloads><raw_downloads_month>0</raw_downloads_month><raw_downloads_week>0</raw_downloads_week><raw_downloads_day>0</raw_downloads_day></version><version><id>311008923</id><name>sha256:1deb74175f31842852e118e195a1fc9bd855788441a3988bd576850fe472fc3d</name><date>2025-05-31</date><newest>false</newest><latest>false</latest><size>-1</size><downloads>0</downloads><downloads_month>0</downloads_month><downloads_week>0</downloads_week><downloads_day>0</downloads_day><raw_size>-1</raw_size><raw_downloads>0</raw_downloads><raw_downloads_month>0</raw_downloads_month><raw_downloads_week>0</raw_downloads_week><raw_downloads_day>0</raw_downloads_day></version><version><id>311008937</id><name>sha256:f86ec87544177fde4cea3201ac042c59fd6b782228675bf245f389095b846657</name><date>2025-05-31</date><newest>false</newest><latest>false</latest><size>11.2 kB</size><downloads>0</downloads><downloads_month>0</downloads_month><downloads_week>0</downloads_week><downloads_day>0</downloads_day><raw_size>11264</raw_size><raw_downloads>0</raw_downloads><raw_downloads_month>0</raw_downloads_month><raw_downloads_week>0</raw_downloads_week><raw_downloads_day>0</raw_downloads_day></version><version><id>311008939</id><name>sha256:beec569b445c401bf56503a9b8cb87f543d6148586aa7d9faa7d7637a719c7bf</name><date>2025-05-31</date><newest>false</newest><latest>false</latest><size>-1</size><downloads>0</downloads><downloads_month>0</downloads_month><downloads_week>0</downloads_week><downloads_day>0</downloads_day><raw_size>-1</raw_size><raw_downloads>0</raw_downloads><raw_downloads_month>0</raw_downloads_month><raw_downloads_week>0</raw_downloads_week><raw_downloads_day>0</raw_downloads_day><tags>sha256-1deb74175f31842852e118e195a1fc9bd855788441a3988bd576850fe472fc3d</tags></version><version><id>311009590</id><name>sha256:866b7813f0e7b24cda9871aab5886e54bf00e3e3ed01f7323ad691bd74274b16</name><date>2025-05-31</date><newest>false</newest><latest>false</latest><size>225.9 kB</size><downloads>1</downloads><downloads_month>0</downloads_month><downloads_week>0</downloads_week><downloads_day>0</downloads_day><raw_size>225985</raw_size><raw_downloads>1</raw_downloads><raw_downloads_month>0</raw_downloads_month><raw_downloads_week>0</raw_downloads_week><raw_downloads_day>0</raw_downloads_day></version><version><id>311009591</id><name>sha256:c987dabfb86773a80ed12ec81beede602ff3909be43014786c8fe4675d4f2d62</name><date>2025-05-31</date><newest>false</newest><latest>false</latest><size>226 kB</size><downloads>1</downloads><downloads_month>0</downloads_month><downloads_week>0</downloads_week><downloads_day>0</downloads_day><raw_size>226018</raw_size><raw_downloads>1</raw_downloads><raw_downloads_month>0</raw_downloads_month><raw_downloads_week>0</raw_downloads_week><raw_downloads_day>0</raw_downloads_day></version><version><id>311009593</id><name>sha256:b45a36b2cdb5067a8d31538e1f18dec6d548be63850523160a322fed77de8be1</name><date>2025-05-31</date><newest>false</newest><latest>false</latest><size>-1</size><downloads>2</downloads><downloads_month>0</downloads_month><downloads_week>0</downloads_week><downloads_day>0</downloads_day><raw_size>-1</raw_size><raw_downloads>2</raw_downloads><raw_downloads_month>0</raw_downloads_month><raw_downloads_week>0</raw_downloads_week><raw_downloads_day>0</raw_downloads_day></version><version><id>311009599</id><name>sha256:53d5ce18d99d456bd700da3fb3fff0a74825cc5350f4722ce5c81361a0f5636d</name><date>2025-05-31</date><newest>false</newest><latest>false</latest><size>11.3 kB</size><downloads>0</downloads><downloads_month>0</downloads_month><downloads_week>0</downloads_week><downloads_day>0</downloads_day><raw_size>11311</raw_size><raw_downloads>0</raw_downloads><raw_downloads_month>0</raw_downloads_month><raw_downloads_week>0</raw_downloads_week><raw_downloads_day>0</raw_downloads_day></version><version><id>311009600</id><name>sha256:ad06b7fe8d7ae183882f3f4ceb555976f893dd6c7c28ed8779773f427be01ae2</name><date>2025-05-31</date><newest>false</newest><latest>false</latest><size>-1</size><downloads>0</downloads><downloads_month>0</downloads_month><downloads_week>0</downloads_week><downloads_day>0</downloads_day><raw_size>-1</raw_size><raw_downloads>0</raw_downloads><raw_downloads_month>0</raw_downloads_month><raw_downloads_week>0</raw_downloads_week><raw_downloads_day>0</raw_downloads_day><tags>sha256-b45a36b2cdb5067a8d31538e1f18dec6d548be63850523160a322fed77de8be1</tags></version><version><id>311010505</id><name>sha256:c5d847dcb04ec718c6bb09c4acc0dec801410d16502cb30f289fffc858b48ad7</name><date>2025-05-31</date><newest>false</newest><latest>false</latest><size>225.9 kB</size><downloads>1</downloads><downloads_month>0</downloads_month><downloads_week>0</downloads_week><downloads_day>0</downloads_day><raw_size>225985</raw_size><raw_downloads>1</raw_downloads><raw_downloads_month>0</raw_downloads_month><raw_downloads_week>0</raw_downloads_week><raw_downloads_day>0</raw_downloads_day></version><version><id>311010506</id><name>sha256:8870aa2ebd6ab29ea73d9cca1357894fecd7fa669a0606cbb1293b2954b08ba6</name><date>2025-05-31</date><newest>false</newest><latest>false</latest><size>226 kB</size><downloads>1</downloads><downloads_month>0</downloads_month><downloads_week>0</downloads_week><downloads_day>0</downloads_day><raw_size>226018</raw_size><raw_downloads>1</raw_downloads><raw_downloads_month>0</raw_downloads_month><raw_downloads_week>0</raw_downloads_week><raw_downloads_day>0</raw_downloads_day></version><version><id>311010507</id><name>sha256:bafb0560cb873fce38c159e6d49ee2611c9adac68be2d1b907d5f4cb0eae34df</name><date>2025-05-31</date><newest>false</newest><latest>false</latest><size>-1</size><downloads>2</downloads><downloads_month>0</downloads_month><downloads_week>0</downloads_week><downloads_day>0</downloads_day><raw_size>-1</raw_size><raw_downloads>2</raw_downloads><raw_downloads_month>0</raw_downloads_month><raw_downloads_week>0</raw_downloads_week><raw_downloads_day>0</raw_downloads_day></version><version><id>311010510</id><name>sha256:f8ec510dab635c4424b19256116f98c77d8ad1d74e62c7f548d10b11efc428db</name><date>2025-05-31</date><newest>false</newest><latest>false</latest><size>11.1 kB</size><downloads>0</downloads><downloads_month>0</downloads_month><downloads_week>0</downloads_week><downloads_day>0</downloads_day><raw_size>11158</raw_size><raw_downloads>0</raw_downloads><raw_downloads_month>0</raw_downloads_month><raw_downloads_week>0</raw_downloads_week><raw_downloads_day>0</raw_downloads_day></version><version><id>311010511</id><name>sha256:6fcd209620944478fb45e49a93b7c255d03e8a08260b25cbf90102aab312dc6a</name><date>2025-05-31</date><newest>false</newest><latest>false</latest><size>-1</size><downloads>0</downloads><downloads_month>0</downloads_month><downloads_week>0</downloads_week><downloads_day>0</downloads_day><raw_size>-1</raw_size><raw_downloads>0</raw_downloads><raw_downloads_month>0</raw_downloads_month><raw_downloads_week>0</raw_downloads_week><raw_downloads_day>0</raw_downloads_day><tags>sha256-bafb0560cb873fce38c159e6d49ee2611c9adac68be2d1b907d5f4cb0eae34df</tags></version><version><id>311010662</id><name>sha256:5a9d7366fc9f9354b663ae21cea24d71974ce9687638f44a5bc714636725b2ec</name><date>2025-05-31</date><newest>false</newest><latest>false</latest><size>225.9 kB</size><downloads>2</downloads><downloads_month>0</downloads_month><downloads_week>0</downloads_week><downloads_day>0</downloads_day><raw_size>225985</raw_size><raw_downloads>2</raw_downloads><raw_downloads_month>0</raw_downloads_month><raw_downloads_week>0</raw_downloads_week><raw_downloads_day>0</raw_downloads_day></version><version><id>311010664</id><name>sha256:f7fa6b41704eb8743710d0df38f3037b50417a8e617181eaf1b9e3671aed96ca</name><date>2025-05-31</date><newest>false</newest><latest>false</latest><size>226 kB</size><downloads>2</downloads><downloads_month>0</downloads_month><downloads_week>0</downloads_week><downloads_day>0</downloads_day><raw_size>226018</raw_size><raw_downloads>2</raw_downloads><raw_downloads_month>0</raw_downloads_month><raw_downloads_week>0</raw_downloads_week><raw_downloads_day>0</raw_downloads_day></version><version><id>311010665</id><name>sha256:53d7057d9c9ab9823d8001bbf3b1014bd6818cb17f08cd34fc91c5fe8bc1a86d</name><date>2025-05-31</date><newest>false</newest><latest>false</latest><size>-1</size><downloads>5</downloads><downloads_month>0</downloads_month><downloads_week>0</downloads_week><downloads_day>0</downloads_day><raw_size>-1</raw_size><raw_downloads>5</raw_downloads><raw_downloads_month>0</raw_downloads_month><raw_downloads_week>0</raw_downloads_week><raw_downloads_day>0</raw_downloads_day></version><version><id>311010666</id><name>sha256:e3841a7b9466a5a0ce4f67a2134c41a3af0a8781a83e37c658cf77b902e797e0</name><date>2025-05-31</date><newest>false</newest><latest>false</latest><size>11.2 kB</size><downloads>0</downloads><downloads_month>0</downloads_month><downloads_week>0</downloads_week><downloads_day>0</downloads_day><raw_size>11260</raw_size><raw_downloads>0</raw_downloads><raw_downloads_month>0</raw_downloads_month><raw_downloads_week>0</raw_downloads_week><raw_downloads_day>0</raw_downloads_day></version><version><id>311010667</id><name>sha256:fb7862a84eda8dd1c7b211027977d6190c7be44002923b4fc0d12be21afbfc22</name><date>2025-05-31</date><newest>false</newest><latest>false</latest><size>-1</size><downloads>1</downloads><downloads_month>0</downloads_month><downloads_week>0</downloads_week><downloads_day>0</downloads_day><raw_size>-1</raw_size><raw_downloads>1</raw_downloads><raw_downloads_month>0</raw_downloads_month><raw_downloads_week>0</raw_downloads_week><raw_downloads_day>0</raw_downloads_day></version><version><id>311010671</id><name>sha256:132436f52fe9366bd68fe8b431b59b77edc19fda78a9632468629e129f077374</name><date>2025-05-31</date><newest>false</newest><latest>false</latest><size>303.7 kB</size><downloads>0</downloads><downloads_month>0</downloads_month><downloads_week>0</downloads_week><downloads_day>0</downloads_day><raw_size>303726</raw_size><raw_downloads>0</raw_downloads><raw_downloads_month>0</raw_downloads_month><raw_downloads_week>0</raw_downloads_week><raw_downloads_day>0</raw_downloads_day></version><version><id>311010673</id><name>sha256:f7fee215bf64467a8c59bb507950b2165ce7d00d0092e7744021efb32a56c7c9</name><date>2025-05-31</date><newest>false</newest><latest>false</latest><size>-1</size><downloads>1</downloads><downloads_month>0</downloads_month><downloads_week>0</downloads_week><downloads_day>0</downloads_day><raw_size>-1</raw_size><raw_downloads>1</raw_downloads><raw_downloads_month>0</raw_downloads_month><raw_downloads_week>0</raw_downloads_week><raw_downloads_day>0</raw_downloads_day></version><version><id>311010678</id><name>sha256:0ce9762485f1eee47d5ed8387f8720dcde1ee77da991c2de9f71569309322125</name><date>2025-05-31</date><newest>false</newest><latest>false</latest><size>303.8 kB</size><downloads>0</downloads><downloads_month>0</downloads_month><downloads_week>0</downloads_week><downloads_day>0</downloads_day><raw_size>303809</raw_size><raw_downloads>0</raw_downloads><raw_downloads_month>0</raw_downloads_month><raw_downloads_week>0</raw_downloads_week><raw_downloads_day>0</raw_downloads_day></version><version><id>311010679</id><name>sha256:71fdd8a04db93bdcfd0f49c16688531bc3c84f0d297ac58bf13fc0bcea716117</name><date>2025-05-31</date><newest>false</newest><latest>false</latest><size>-1</size><downloads>0</downloads><downloads_month>0</downloads_month><downloads_week>0</downloads_week><downloads_day>0</downloads_day><raw_size>-1</raw_size><raw_downloads>0</raw_downloads><raw_downloads_month>0</raw_downloads_month><raw_downloads_week>0</raw_downloads_week><raw_downloads_day>0</raw_downloads_day><tags>sha256-53d7057d9c9ab9823d8001bbf3b1014bd6818cb17f08cd34fc91c5fe8bc1a86d</tags></version><version><id>311011327</id><name>sha256:c0bba691b42a3155276afd707531e777c2ffbaa2d71bf768a9cb6e845f99ea19</name><date>2025-05-31</date><newest>false</newest><latest>false</latest><size>226.1 kB</size><downloads>2</downloads><downloads_month>0</downloads_month><downloads_week>0</downloads_week><downloads_day>0</downloads_day><raw_size>226171</raw_size><raw_downloads>2</raw_downloads><raw_downloads_month>0</raw_downloads_month><raw_downloads_week>0</raw_downloads_week><raw_downloads_day>0</raw_downloads_day></version><version><id>311011328</id><name>sha256:39a9a71a1982ff5e65b17ca5eb0f9a1220870ebc26bbde6f00c3ae5b06a29e21</name><date>2025-05-31</date><newest>false</newest><latest>false</latest><size>226.2 kB</size><downloads>2</downloads><downloads_month>0</downloads_month><downloads_week>0</downloads_week><downloads_day>0</downloads_day><raw_size>226204</raw_size><raw_downloads>2</raw_downloads><raw_downloads_month>0</raw_downloads_month><raw_downloads_week>0</raw_downloads_week><raw_downloads_day>0</raw_downloads_day></version><version><id>311011329</id><name>sha256:211d49c83e7c5afd201e50e2ef2fe8ed7ce5b1547d99a10473f5385119e17d05</name><date>2025-05-31</date><newest>false</newest><latest>true</latest><size>-1</size><downloads>4</downloads><downloads_month>0</downloads_month><downloads_week>0</downloads_week><downloads_day>0</downloads_day><raw_size>-1</raw_size><raw_downloads>4</raw_downloads><raw_downloads_month>0</raw_downloads_month><raw_downloads_week>0</raw_downloads_week><raw_downloads_day>0</raw_downloads_day><tags>custom</tags></version><version><id>311011334</id><name>sha256:433759792ac64de2e6b03326560b3b335a7f1e12fbb044a4ae10616d6cdc3397</name><date>2025-05-31</date><newest>false</newest><latest>false</latest><size>11.3 kB</size><downloads>1</downloads><downloads_month>0</downloads_month><downloads_week>0</downloads_week><downloads_day>0</downloads_day><raw_size>11337</raw_size><raw_downloads>1</raw_downloads><raw_downloads_month>0</raw_downloads_month><raw_downloads_week>0</raw_downloads_week><raw_downloads_day>0</raw_downloads_day></version><version><id>311011338</id><name>sha256:3c1d421c28dc6da7a1c6e79ddb6c3120b8dea21f8916257b93e8b6e5452637a6</name><date>2025-05-31</date><newest>false</newest><latest>false</latest><size>-1</size><downloads>1</downloads><downloads_month>0</downloads_month><downloads_week>0</downloads_week><downloads_day>0</downloads_day><raw_size>-1</raw_size><raw_downloads>1</raw_downloads><raw_downloads_month>0</raw_downloads_month><raw_downloads_week>0</raw_downloads_week><raw_downloads_day>0</raw_downloads_day></version><version><id>311011346</id><name>sha256:89ad52c2911e8d9aa092013a54038b24c5355878be6f3a40ef898577e608340c</name><date>2025-05-31</date><newest>false</newest><latest>false</latest><size>303.8 kB</size><downloads>0</downloads><downloads_month>0</downloads_month><downloads_week>0</downloads_week><downloads_day>0</downloads_day><raw_size>303865</raw_size><raw_downloads>0</raw_downloads><raw_downloads_month>0</raw_downloads_month><raw_downloads_week>0</raw_downloads_week><raw_downloads_day>0</raw_downloads_day></version><version><id>311011347</id><name>sha256:b627d84b016826a37dc65b65e6394f79af55d8b927e2cad685ef73973f556ab1</name><date>2025-05-31</date><newest>false</newest><latest>false</latest><size>-1</size><downloads>1</downloads><downloads_month>0</downloads_month><downloads_week>0</downloads_week><downloads_day>0</downloads_day><raw_size>-1</raw_size><raw_downloads>1</raw_downloads><raw_downloads_month>0</raw_downloads_month><raw_downloads_week>0</raw_downloads_week><raw_downloads_day>0</raw_downloads_day></version><version><id>311011352</id><name>sha256:c705edbade37caa9d5690eac8be3de863f2a91c539d31946005404d93c0daeb1</name><date>2025-05-31</date><newest>false</newest><latest>false</latest><size>303.8 kB</size><downloads>0</downloads><downloads_month>0</downloads_month><downloads_week>0</downloads_week><downloads_day>0</downloads_day><raw_size>303862</raw_size><raw_downloads>0</raw_downloads><raw_downloads_month>0</raw_downloads_month><raw_downloads_week>0</raw_downloads_week><raw_downloads_day>0</raw_downloads_day></version><version><id>311011354</id><name>sha256:d36797fff0a76c137c8e9910f2d0b49d44b8b4d437640022b737b87e9f92e19d</name><date>2025-05-31</date><newest>true</newest><latest>false</latest><size>-1</size><downloads>1</downloads><downloads_month>0</downloads_month><downloads_week>0</downloads_week><downloads_day>0</downloads_day><raw_size>-1</raw_size><raw_downloads>1</raw_downloads><raw_downloads_month>0</raw_downloads_month><raw_downloads_week>0</raw_downloads_week><raw_downloads_day>0</raw_downloads_day><tags>sha256-211d49c83e7c5afd201e50e2ef2fe8ed7ce5b1547d99a10473f5385119e17d05</tags></version></xml>
