<?xml version="1.0" encoding="UTF-8"?><xml><owner_type>users</owner_type><package_type>container</package_type><owner_id>7810770</owner_id><owner>sjinks</owner><repo>test-attestations</repo><package>test-attestations%2Falpine</package><date>2025-01-03</date><size>-1</size><versions>5</versions><tagged>1</tagged><downloads>42</downloads><downloads_month>0</downloads_month><downloads_week>0</downloads_week><downloads_day>0</downloads_day><raw_size>-1</raw_size><raw_versions>5</raw_versions><raw_tagged>1</raw_tagged><raw_downloads>42</raw_downloads><raw_downloads_month>0</raw_downloads_month><raw_downloads_week>0</raw_downloads_week><raw_downloads_day>0</raw_downloads_day><version><id>311008922</id><name>sha256:382c1155bde061632737638c6ba1be346c0384701d9f873c878c8a576f70d5f4</name><date>2025-01-03</date><newest>false</newest><latest>false</latest><size>226.1 kB</size><downloads>0</downloads><downloads_month>0</downloads_month><downloads_week>0</downloads_week><downloads_day>0</downloads_day><raw_size>226190</raw_size><raw_downloads>0</raw_downloads><raw_downloads_month>0</raw_downloads_month><raw_downloads_week>0</raw_downloads_week><raw_downloads_day>0</raw_downloads_day></version><version><id>311008923</id><name>sha256:1deb74175f31842852e118e195a1fc9bd855788441a3988bd576850fe472fc3d</name><date>2025-01-03</date><newest>false</newest><latest>false</latest><size>-1</size><downloads>0</downloads><downloads_month>0</downloads_month><downloads_week>0</downloads_week><downloads_day>0</downloads_day><raw_size>-1</raw_size><raw_downloads>0</raw_downloads><raw_downloads_month>0</raw_downloads_month><raw_downloads_week>0</raw_downloads_week><raw_downloads_day>0</raw_downloads_day></version><version><id>311009600</id><name>sha256:ad06b7fe8d7ae183882f3f4ceb555976f893dd6c7c28ed8779773f427be01ae2</name><date>2025-01-03</date><newest>false</newest><latest>true</latest><size>-1</size><downloads>0</downloads><downloads_month>0</downloads_month><downloads_week>0</downloads_week><downloads_day>0</downloads_day><raw_size>-1</raw_size><raw_downloads>0</raw_downloads><raw_downloads_month>0</raw_downloads_month><raw_downloads_week>0</raw_downloads_week><raw_downloads_day>0</raw_downloads_day><tags>sha256-b45a36b2cdb5067a8d31538e1f18dec6d548be63850523160a322fed77de8be1</tags></version><version><id>311010662</id><name>sha256:5a9d7366fc9f9354b663ae21cea24d71974ce9687638f44a5bc714636725b2ec</name><date>2025-01-03</date><newest>false</newest><latest>false</latest><size>225.9 kB</size><downloads>2</downloads><downloads_month>0</downloads_month><downloads_week>0</downloads_week><downloads_day>0</downloads_day><raw_size>225985</raw_size><raw_downloads>2</raw_downloads><raw_downloads_month>0</raw_downloads_month><raw_downloads_week>0</raw_downloads_week><raw_downloads_day>0</raw_downloads_day></version><version><id>311010678</id><name>sha256:0ce9762485f1eee47d5ed8387f8720dcde1ee77da991c2de9f71569309322125</name><date>2025-01-03</date><newest>true</newest><latest>false</latest><size>-1</size><downloads>-1</downloads><downloads_month>-1</downloads_month><downloads_week>-1</downloads_week><downloads_day>-1</downloads_day><raw_size>-1</raw_size><raw_downloads>-1</raw_downloads><raw_downloads_month>-1</raw_downloads_month><raw_downloads_week>-1</raw_downloads_week><raw_downloads_day>-1</raw_downloads_day></version></xml>
