<?xml version="1.0" encoding="UTF-8"?><xml><owner_type>orgs</owner_type><package_type>container</package_type><owner_id>35456799</owner_id><owner>SocialGouv</owner><repo>test-gh-signed-oci</repo><package>test-gh-signed-oci</package><date>2025-07-22</date><size>10.6 kB</size><versions>2</versions><tagged>2</tagged><owner_rank>153</owner_rank><repo_rank>1</repo_rank><downloads>1</downloads><downloads_month>0</downloads_month><downloads_week>0</downloads_week><downloads_day>0</downloads_day><raw_size>10632</raw_size><raw_versions>2</raw_versions><raw_tagged>2</raw_tagged><raw_owner_rank>153</raw_owner_rank><raw_repo_rank>1</raw_repo_rank><raw_downloads>1</raw_downloads><raw_downloads_month>0</raw_downloads_month><raw_downloads_week>0</raw_downloads_week><raw_downloads_day>0</raw_downloads_day><version><id>-1</id><name>latest</name><date>2025-07-22</date><newest>true</newest><latest>true</latest><size>10.6 kB</size><downloads>1</downloads><downloads_month>0</downloads_month><downloads_week>0</downloads_week><downloads_day>0</downloads_day><raw_size>10632</raw_size><raw_downloads>1</raw_downloads><raw_downloads_month>0</raw_downloads_month><raw_downloads_week>0</raw_downloads_week><raw_downloads_day>0</raw_downloads_day></version></xml>
