<?xml version="1.0" encoding="UTF-8"?><xml><owner_type>users</owner_type><package_type>container</package_type><owner_id>6759608</owner_id><owner>BbolroC</owner><repo>kata-containers</repo><package>test-images</package><date>2025-01-15</date><size>12 kB</size><versions>3</versions><tagged>0</tagged><owner_rank>4</owner_rank><repo_rank>2</repo_rank><downloads>384</downloads><downloads_month>0</downloads_month><downloads_week>0</downloads_week><downloads_day>0</downloads_day><raw_size>12092</raw_size><raw_versions>3</raw_versions><raw_tagged>0</raw_tagged><raw_owner_rank>4</raw_owner_rank><raw_repo_rank>2</raw_repo_rank><raw_downloads>384</raw_downloads><raw_downloads_month>0</raw_downloads_month><raw_downloads_week>0</raw_downloads_week><raw_downloads_day>0</raw_downloads_day><version><id>147374610</id><name>sha256:6ed0b215fb72722737c1b52bcd5e96f9c9d2fa347c56cdb76e264d389a585b02</name><date>2025-01-15</date><newest>false</newest><latest>false</latest><size>-1</size><downloads>9</downloads><downloads_month>0</downloads_month><downloads_week>0</downloads_week><downloads_day>0</downloads_day><raw_size>-1</raw_size><raw_downloads>9</raw_downloads><raw_downloads_month>0</raw_downloads_month><raw_downloads_week>0</raw_downloads_week><raw_downloads_day>0</raw_downloads_day></version><version><id>148378062</id><name>sha256:916cb6fcb6906c459ffe8a4669718d92f551e5d0ca89cc24c7b2613ea364a844</name><date>2025-01-15</date><newest>false</newest><latest>false</latest><size>12.1 kB</size><downloads>4</downloads><downloads_month>0</downloads_month><downloads_week>0</downloads_week><downloads_day>0</downloads_day><raw_size>12107</raw_size><raw_downloads>4</raw_downloads><raw_downloads_month>0</raw_downloads_month><raw_downloads_week>0</raw_downloads_week><raw_downloads_day>0</raw_downloads_day></version><version><id>148418275</id><name>sha256:8b12fbf434930e841aac96a9c9bd77df4d982cddedd07d29b2426660a850713d</name><date>2025-01-15</date><newest>true</newest><latest>false</latest><size>12 kB</size><downloads>6</downloads><downloads_month>0</downloads_month><downloads_week>0</downloads_week><downloads_day>0</downloads_day><raw_size>12092</raw_size><raw_downloads>6</raw_downloads><raw_downloads_month>0</raw_downloads_month><raw_downloads_week>0</raw_downloads_week><raw_downloads_day>0</raw_downloads_day></version></xml>
