<?xml version="1.0" encoding="UTF-8"?><xml><owner_type>users</owner_type><package_type>container</package_type><owner_id>6759608</owner_id><owner>BbolroC</owner><repo>kata-containers</repo><package>test-images</package><date>2025-04-27</date><size>-1</size><versions>98</versions><tagged>42</tagged><owner_rank>-1</owner_rank><repo_rank>2</repo_rank><downloads>386</downloads><downloads_month>0</downloads_month><downloads_week>0</downloads_week><downloads_day>0</downloads_day><raw_size>-1</raw_size><raw_versions>98</raw_versions><raw_tagged>42</raw_tagged><raw_owner_rank>-1</raw_owner_rank><raw_repo_rank>2</raw_repo_rank><raw_downloads>386</raw_downloads><raw_downloads_month>0</raw_downloads_month><raw_downloads_week>0</raw_downloads_week><raw_downloads_day>0</raw_downloads_day><version><id>125524262</id><name>sha256:3d449c91d6e331d18e37bb4758fe81a7e0ea07abc0e77c165ba87bcc8187859f</name><date>2025-04-27</date><newest>false</newest><latest>false</latest><size>12.1 kB</size><downloads>0</downloads><downloads_month>0</downloads_month><downloads_week>0</downloads_week><downloads_day>0</downloads_day><raw_size>12107</raw_size><raw_downloads>0</raw_downloads><raw_downloads_month>0</raw_downloads_month><raw_downloads_week>0</raw_downloads_week><raw_downloads_day>0</raw_downloads_day></version><version><id>125524263</id><name>sha256:d83171117c8f20b742c388c77d5725298e287621090999a41f3d7d180266399e</name><date>2025-04-27</date><newest>false</newest><latest>false</latest><size>6.6 MB</size><downloads>0</downloads><downloads_month>0</downloads_month><downloads_week>0</downloads_week><downloads_day>0</downloads_day><raw_size>6624228</raw_size><raw_downloads>0</raw_downloads><raw_downloads_month>0</raw_downloads_month><raw_downloads_week>0</raw_downloads_week><raw_downloads_day>0</raw_downloads_day></version><version><id>125524267</id><name>sha256:c55cf2c864aed0ea1b20a21ccfe5d5e67809e4093a9896c3236b80b98f660e8b</name><date>2025-04-27</date><newest>false</newest><latest>false</latest><size>5.7 MB</size><downloads>0</downloads><downloads_month>0</downloads_month><downloads_week>0</downloads_week><downloads_day>0</downloads_day><raw_size>5775737</raw_size><raw_downloads>0</raw_downloads><raw_downloads_month>0</raw_downloads_month><raw_downloads_week>0</raw_downloads_week><raw_downloads_day>0</raw_downloads_day></version><version><id>125524270</id><name>sha256:4830cb0cd9133d9de42ffab335850dc9d8c8f0a815c01707ef8fbae91cd28a2f</name><date>2025-04-27</date><newest>false</newest><latest>false</latest><size>12 kB</size><downloads>0</downloads><downloads_month>0</downloads_month><downloads_week>0</downloads_week><downloads_day>0</downloads_day><raw_size>12091</raw_size><raw_downloads>0</raw_downloads><raw_downloads_month>0</raw_downloads_month><raw_downloads_week>0</raw_downloads_week><raw_downloads_day>0</raw_downloads_day></version><version><id>125524271</id><name>sha256:66acad835b8ef923964b269694b2a788dcb797f09b8cbbefda9c48e43a1161b5</name><date>2025-04-27</date><newest>false</newest><latest>false</latest><size>-1</size><downloads>0</downloads><downloads_month>0</downloads_month><downloads_week>0</downloads_week><downloads_day>0</downloads_day><raw_size>-1</raw_size><raw_downloads>0</raw_downloads><raw_downloads_month>0</raw_downloads_month><raw_downloads_week>0</raw_downloads_week><raw_downloads_day>0</raw_downloads_day></version><version><id>125610325</id><name>sha256:394250cc89c08d7fc4bee6e245a046b6074b02255243ee70281c4cc484592821</name><date>2025-04-27</date><newest>false</newest><latest>false</latest><size>12.1 kB</size><downloads>0</downloads><downloads_month>0</downloads_month><downloads_week>0</downloads_week><downloads_day>0</downloads_day><raw_size>12108</raw_size><raw_downloads>0</raw_downloads><raw_downloads_month>0</raw_downloads_month><raw_downloads_week>0</raw_downloads_week><raw_downloads_day>0</raw_downloads_day></version><version><id>125610328</id><name>sha256:780bc38f8a6e41ba5fceb9d6e43988680119b3fbd47ae1e9c013595dce0122db</name><date>2025-04-27</date><newest>false</newest><latest>false</latest><size>6.6 MB</size><downloads>0</downloads><downloads_month>0</downloads_month><downloads_week>0</downloads_week><downloads_day>0</downloads_day><raw_size>6624233</raw_size><raw_downloads>0</raw_downloads><raw_downloads_month>0</raw_downloads_month><raw_downloads_week>0</raw_downloads_week><raw_downloads_day>0</raw_downloads_day></version><version><id>125610331</id><name>sha256:005b8c6331f8f3251f3791e260d69b2cf972ccf5b007a47982fe8b8deceed9b9</name><date>2025-04-27</date><newest>false</newest><latest>false</latest><size>5.7 MB</size><downloads>0</downloads><downloads_month>0</downloads_month><downloads_week>0</downloads_week><downloads_day>0</downloads_day><raw_size>5775704</raw_size><raw_downloads>0</raw_downloads><raw_downloads_month>0</raw_downloads_month><raw_downloads_week>0</raw_downloads_week><raw_downloads_day>0</raw_downloads_day></version><version><id>125610334</id><name>sha256:be734735af15210fe5c8ca368518816031411909ea8e44584aea3d8b97cdad23</name><date>2025-04-27</date><newest>false</newest><latest>false</latest><size>12 kB</size><downloads>0</downloads><downloads_month>0</downloads_month><downloads_week>0</downloads_week><downloads_day>0</downloads_day><raw_size>12092</raw_size><raw_downloads>0</raw_downloads><raw_downloads_month>0</raw_downloads_month><raw_downloads_week>0</raw_downloads_week><raw_downloads_day>0</raw_downloads_day></version><version><id>125610337</id><name>sha256:befc08a0e5f6a402287bd5c786a4c850cd4b8e7c1fa50086d27d17bd8dfe49a0</name><date>2025-04-27</date><newest>false</newest><latest>false</latest><size>-1</size><downloads>0</downloads><downloads_month>0</downloads_month><downloads_week>0</downloads_week><downloads_day>0</downloads_day><raw_size>-1</raw_size><raw_downloads>0</raw_downloads><raw_downloads_month>0</raw_downloads_month><raw_downloads_week>0</raw_downloads_week><raw_downloads_day>0</raw_downloads_day></version><version><id>125611418</id><name>sha256:25aed21a017039701abbc69e6e4b8929ddd0b6b53a399c8760fce36805c8c738</name><date>2025-04-27</date><newest>false</newest><latest>false</latest><size>12.1 kB</size><downloads>0</downloads><downloads_month>0</downloads_month><downloads_week>0</downloads_week><downloads_day>0</downloads_day><raw_size>12108</raw_size><raw_downloads>0</raw_downloads><raw_downloads_month>0</raw_downloads_month><raw_downloads_week>0</raw_downloads_week><raw_downloads_day>0</raw_downloads_day></version><version><id>125611421</id><name>sha256:e6b4a20517152b21213e742d795394dfdf2364978d1917650fba46bcae1bc0c8</name><date>2025-04-27</date><newest>false</newest><latest>false</latest><size>6.6 MB</size><downloads>0</downloads><downloads_month>0</downloads_month><downloads_week>0</downloads_week><downloads_day>0</downloads_day><raw_size>6624219</raw_size><raw_downloads>0</raw_downloads><raw_downloads_month>0</raw_downloads_month><raw_downloads_week>0</raw_downloads_week><raw_downloads_day>0</raw_downloads_day></version><version><id>125611425</id><name>sha256:1cfd3afd1ce8969f18b2dbc74538f36e0aff43903ce117e6ba550b0eec29ba56</name><date>2025-04-27</date><newest>false</newest><latest>false</latest><size>5.7 MB</size><downloads>0</downloads><downloads_month>0</downloads_month><downloads_week>0</downloads_week><downloads_day>0</downloads_day><raw_size>5775729</raw_size><raw_downloads>0</raw_downloads><raw_downloads_month>0</raw_downloads_month><raw_downloads_week>0</raw_downloads_week><raw_downloads_day>0</raw_downloads_day></version><version><id>125611427</id><name>sha256:93d28e5fc2d474f8979d16ed134b243dcbdea03ee63fad8af53f36729feab213</name><date>2025-04-27</date><newest>false</newest><latest>false</latest><size>12 kB</size><downloads>0</downloads><downloads_month>0</downloads_month><downloads_week>0</downloads_week><downloads_day>0</downloads_day><raw_size>12092</raw_size><raw_downloads>0</raw_downloads><raw_downloads_month>0</raw_downloads_month><raw_downloads_week>0</raw_downloads_week><raw_downloads_day>0</raw_downloads_day></version><version><id>125611430</id><name>sha256:88382762779a82734e7c0ac5d864b62aecf4e180da18e9792dd0c072ead1914f</name><date>2025-04-27</date><newest>false</newest><latest>false</latest><size>-1</size><downloads>0</downloads><downloads_month>0</downloads_month><downloads_week>0</downloads_week><downloads_day>0</downloads_day><raw_size>-1</raw_size><raw_downloads>0</raw_downloads><raw_downloads_month>0</raw_downloads_month><raw_downloads_week>0</raw_downloads_week><raw_downloads_day>0</raw_downloads_day></version><version><id>125727586</id><name>sha256:9fedbc13d99549cb1bc07632d010b7d2d5c422b79e03187dfd4a35fdb759b8fd</name><date>2025-04-27</date><newest>false</newest><latest>false</latest><size>6.6 MB</size><downloads>0</downloads><downloads_month>0</downloads_month><downloads_week>0</downloads_week><downloads_day>0</downloads_day><raw_size>6624221</raw_size><raw_downloads>0</raw_downloads><raw_downloads_month>0</raw_downloads_month><raw_downloads_week>0</raw_downloads_week><raw_downloads_day>0</raw_downloads_day></version><version><id>125727588</id><name>sha256:c079687f2ac108d59a62909fca49beb49e24ae8fb1acb45826f4cd8cc1d547ec</name><date>2025-04-27</date><newest>false</newest><latest>false</latest><size>12.1 kB</size><downloads>0</downloads><downloads_month>0</downloads_month><downloads_week>0</downloads_week><downloads_day>0</downloads_day><raw_size>12108</raw_size><raw_downloads>0</raw_downloads><raw_downloads_month>0</raw_downloads_month><raw_downloads_week>0</raw_downloads_week><raw_downloads_day>0</raw_downloads_day></version><version><id>125727590</id><name>sha256:e850f87c0229a572780754f7afd96a6df182b308b08a12b85b17497b6d57bf45</name><date>2025-04-27</date><newest>false</newest><latest>false</latest><size>5.7 MB</size><downloads>0</downloads><downloads_month>0</downloads_month><downloads_week>0</downloads_week><downloads_day>0</downloads_day><raw_size>5775701</raw_size><raw_downloads>0</raw_downloads><raw_downloads_month>0</raw_downloads_month><raw_downloads_week>0</raw_downloads_week><raw_downloads_day>0</raw_downloads_day></version><version><id>125727592</id><name>sha256:7b8acfcde9c1f1d7bc71d9b1f521358a40811caf5afa579a17cb19f8eaaa898a</name><date>2025-04-27</date><newest>false</newest><latest>false</latest><size>12 kB</size><downloads>0</downloads><downloads_month>0</downloads_month><downloads_week>0</downloads_week><downloads_day>0</downloads_day><raw_size>12092</raw_size><raw_downloads>0</raw_downloads><raw_downloads_month>0</raw_downloads_month><raw_downloads_week>0</raw_downloads_week><raw_downloads_day>0</raw_downloads_day></version><version><id>125727595</id><name>sha256:ef737e38a84a94dc78072d422bd191ccb9c3660f6268e2b06942e32b51c52740</name><date>2025-04-27</date><newest>false</newest><latest>false</latest><size>-1</size><downloads>0</downloads><downloads_month>0</downloads_month><downloads_week>0</downloads_week><downloads_day>0</downloads_day><raw_size>-1</raw_size><raw_downloads>0</raw_downloads><raw_downloads_month>0</raw_downloads_month><raw_downloads_week>0</raw_downloads_week><raw_downloads_day>0</raw_downloads_day></version><version><id>125758207</id><name>sha256:8818dae7ff3324a8f8aa3448be3180caa1e9ebf3ce80e0997d516b6b83406e1b</name><date>2025-04-27</date><newest>false</newest><latest>false</latest><size>6.6 MB</size><downloads>0</downloads><downloads_month>0</downloads_month><downloads_week>0</downloads_week><downloads_day>0</downloads_day><raw_size>6624231</raw_size><raw_downloads>0</raw_downloads><raw_downloads_month>0</raw_downloads_month><raw_downloads_week>0</raw_downloads_week><raw_downloads_day>0</raw_downloads_day></version><version><id>125758211</id><name>sha256:2073b73133115ac9cc8c7149d93cb6a64e409fd601e3d5759eef4e3e22d11e5f</name><date>2025-04-27</date><newest>false</newest><latest>false</latest><size>12.1 kB</size><downloads>0</downloads><downloads_month>0</downloads_month><downloads_week>0</downloads_week><downloads_day>0</downloads_day><raw_size>12108</raw_size><raw_downloads>0</raw_downloads><raw_downloads_month>0</raw_downloads_month><raw_downloads_week>0</raw_downloads_week><raw_downloads_day>0</raw_downloads_day></version><version><id>125758215</id><name>sha256:5c5f05a235a7e03b0e6dcf8589f6eeb352dd70e989849890228e693424648161</name><date>2025-04-27</date><newest>false</newest><latest>false</latest><size>5.7 MB</size><downloads>0</downloads><downloads_month>0</downloads_month><downloads_week>0</downloads_week><downloads_day>0</downloads_day><raw_size>5775712</raw_size><raw_downloads>0</raw_downloads><raw_downloads_month>0</raw_downloads_month><raw_downloads_week>0</raw_downloads_week><raw_downloads_day>0</raw_downloads_day></version><version><id>125758218</id><name>sha256:af48ed3ae120127f9f9400f59f22fe153f7792bfae108e750b13b696d418754e</name><date>2025-04-27</date><newest>false</newest><latest>false</latest><size>12 kB</size><downloads>0</downloads><downloads_month>0</downloads_month><downloads_week>0</downloads_week><downloads_day>0</downloads_day><raw_size>12092</raw_size><raw_downloads>0</raw_downloads><raw_downloads_month>0</raw_downloads_month><raw_downloads_week>0</raw_downloads_week><raw_downloads_day>0</raw_downloads_day></version><version><id>125758221</id><name>sha256:dc708a551519e891aa7e7c74b10f792c153f141feb75d14e7d6ec764bfda41f3</name><date>2025-04-27</date><newest>false</newest><latest>false</latest><size>-1</size><downloads>0</downloads><downloads_month>0</downloads_month><downloads_week>0</downloads_week><downloads_day>0</downloads_day><raw_size>-1</raw_size><raw_downloads>0</raw_downloads><raw_downloads_month>0</raw_downloads_month><raw_downloads_week>0</raw_downloads_week><raw_downloads_day>0</raw_downloads_day></version><version><id>127083710</id><name>sha256:1d01ab84f025e9af3a6a5a5010cd6266042787132bd137e9c6b858fec8be6fd3</name><date>2025-04-27</date><newest>false</newest><latest>false</latest><size>12.1 kB</size><downloads>0</downloads><downloads_month>0</downloads_month><downloads_week>0</downloads_week><downloads_day>0</downloads_day><raw_size>12108</raw_size><raw_downloads>0</raw_downloads><raw_downloads_month>0</raw_downloads_month><raw_downloads_week>0</raw_downloads_week><raw_downloads_day>0</raw_downloads_day></version><version><id>127083717</id><name>sha256:cd197c1d2763fe21b2a31d61ca6768db8ee0f794d68d7adc1154b96acfe14ddd</name><date>2025-04-27</date><newest>false</newest><latest>false</latest><size>6.6 MB</size><downloads>0</downloads><downloads_month>0</downloads_month><downloads_week>0</downloads_week><downloads_day>0</downloads_day><raw_size>6624215</raw_size><raw_downloads>0</raw_downloads><raw_downloads_month>0</raw_downloads_month><raw_downloads_week>0</raw_downloads_week><raw_downloads_day>0</raw_downloads_day></version><version><id>127083721</id><name>sha256:3b5f4b55bfc85ae9764d870012b9aa7c866ce6d1220affe650de980774158f87</name><date>2025-04-27</date><newest>false</newest><latest>false</latest><size>5.7 MB</size><downloads>0</downloads><downloads_month>0</downloads_month><downloads_week>0</downloads_week><downloads_day>0</downloads_day><raw_size>5775708</raw_size><raw_downloads>0</raw_downloads><raw_downloads_month>0</raw_downloads_month><raw_downloads_week>0</raw_downloads_week><raw_downloads_day>0</raw_downloads_day></version><version><id>127083725</id><name>sha256:13b3f9995813ccdb53539dcc93ecd62f378d8931611eef4b7baaef480601fc42</name><date>2025-04-27</date><newest>false</newest><latest>false</latest><size>12 kB</size><downloads>0</downloads><downloads_month>0</downloads_month><downloads_week>0</downloads_week><downloads_day>0</downloads_day><raw_size>12092</raw_size><raw_downloads>0</raw_downloads><raw_downloads_month>0</raw_downloads_month><raw_downloads_week>0</raw_downloads_week><raw_downloads_day>0</raw_downloads_day></version><version><id>127083731</id><name>sha256:ba800c4b74f08ac1b69a492286682afa244ec3ef33b48a97e53d844796402444</name><date>2025-04-27</date><newest>false</newest><latest>false</latest><size>-1</size><downloads>0</downloads><downloads_month>0</downloads_month><downloads_week>0</downloads_week><downloads_day>0</downloads_day><raw_size>-1</raw_size><raw_downloads>0</raw_downloads><raw_downloads_month>0</raw_downloads_month><raw_downloads_week>0</raw_downloads_week><raw_downloads_day>0</raw_downloads_day></version><version><id>127135900</id><name>sha256:bf96fd360868f82fa0302e60715b414fa994226c78c3db57610fd9bd8700cc5b</name><date>2025-04-27</date><newest>false</newest><latest>false</latest><size>12.1 kB</size><downloads>0</downloads><downloads_month>0</downloads_month><downloads_week>0</downloads_week><downloads_day>0</downloads_day><raw_size>12108</raw_size><raw_downloads>0</raw_downloads><raw_downloads_month>0</raw_downloads_month><raw_downloads_week>0</raw_downloads_week><raw_downloads_day>0</raw_downloads_day></version><version><id>127135904</id><name>sha256:0fae819ac6b5e63c41ea7a920c98c94bb66d775203829aa1741af3b9d06cbdce</name><date>2025-04-27</date><newest>false</newest><latest>false</latest><size>6.6 MB</size><downloads>0</downloads><downloads_month>0</downloads_month><downloads_week>0</downloads_week><downloads_day>0</downloads_day><raw_size>6624226</raw_size><raw_downloads>0</raw_downloads><raw_downloads_month>0</raw_downloads_month><raw_downloads_week>0</raw_downloads_week><raw_downloads_day>0</raw_downloads_day></version><version><id>127135909</id><name>sha256:f1fb8647a3e6190996efcae9b3324b7437ad00da375cf9427ba5770ebc86a2fa</name><date>2025-04-27</date><newest>false</newest><latest>false</latest><size>5.7 MB</size><downloads>0</downloads><downloads_month>0</downloads_month><downloads_week>0</downloads_week><downloads_day>0</downloads_day><raw_size>5775700</raw_size><raw_downloads>0</raw_downloads><raw_downloads_month>0</raw_downloads_month><raw_downloads_week>0</raw_downloads_week><raw_downloads_day>0</raw_downloads_day></version><version><id>127135913</id><name>sha256:93fd608f0cc3c1ae8d9fe096bdc25b99a22298255fb858deb8c0143b0c2cbbf6</name><date>2025-04-27</date><newest>false</newest><latest>false</latest><size>12 kB</size><downloads>0</downloads><downloads_month>0</downloads_month><downloads_week>0</downloads_week><downloads_day>0</downloads_day><raw_size>12092</raw_size><raw_downloads>0</raw_downloads><raw_downloads_month>0</raw_downloads_month><raw_downloads_week>0</raw_downloads_week><raw_downloads_day>0</raw_downloads_day></version><version><id>127135918</id><name>sha256:741dc9c26ba0c0579115a94974fb573a9b705dd5dc18331822eb9b305dbea89a</name><date>2025-04-27</date><newest>false</newest><latest>false</latest><size>-1</size><downloads>0</downloads><downloads_month>0</downloads_month><downloads_week>0</downloads_week><downloads_day>0</downloads_day><raw_size>-1</raw_size><raw_downloads>0</raw_downloads><raw_downloads_month>0</raw_downloads_month><raw_downloads_week>0</raw_downloads_week><raw_downloads_day>0</raw_downloads_day><tags>[]</tags></version><version><id>127163736</id><name>sha256:458445d9764a7ce3660892ba19bcf0e181a05ce1528a25adbf0a0bdb3dd32b4c</name><date>2025-04-27</date><newest>false</newest><latest>false</latest><size>12.1 kB</size><downloads>0</downloads><downloads_month>0</downloads_month><downloads_week>0</downloads_week><downloads_day>0</downloads_day><raw_size>12107</raw_size><raw_downloads>0</raw_downloads><raw_downloads_month>0</raw_downloads_month><raw_downloads_week>0</raw_downloads_week><raw_downloads_day>0</raw_downloads_day></version><version><id>127163740</id><name>sha256:e52626d36616deba2734d12f9b3a0f5bee13566da766c2dbf3abfdba11dd6a9c</name><date>2025-04-27</date><newest>false</newest><latest>false</latest><size>6.6 MB</size><downloads>0</downloads><downloads_month>0</downloads_month><downloads_week>0</downloads_week><downloads_day>0</downloads_day><raw_size>6624215</raw_size><raw_downloads>0</raw_downloads><raw_downloads_month>0</raw_downloads_month><raw_downloads_week>0</raw_downloads_week><raw_downloads_day>0</raw_downloads_day></version><version><id>127163748</id><name>sha256:2617f1931622f17b84eda7c1186b19441a3aeaf6a137a4d6b8c97e138ebec64d</name><date>2025-04-27</date><newest>false</newest><latest>false</latest><size>5.7 MB</size><downloads>0</downloads><downloads_month>0</downloads_month><downloads_week>0</downloads_week><downloads_day>0</downloads_day><raw_size>5775691</raw_size><raw_downloads>0</raw_downloads><raw_downloads_month>0</raw_downloads_month><raw_downloads_week>0</raw_downloads_week><raw_downloads_day>0</raw_downloads_day></version><version><id>127163751</id><name>sha256:4eeca4ae56b0ba9d55d5465eb605407555a2cee5b45f440f27e3d4496d0fe0d4</name><date>2025-04-27</date><newest>false</newest><latest>false</latest><size>12 kB</size><downloads>0</downloads><downloads_month>0</downloads_month><downloads_week>0</downloads_week><downloads_day>0</downloads_day><raw_size>12091</raw_size><raw_downloads>0</raw_downloads><raw_downloads_month>0</raw_downloads_month><raw_downloads_week>0</raw_downloads_week><raw_downloads_day>0</raw_downloads_day></version><version><id>127163754</id><name>sha256:6d490aa60fab9cf00dba740952d453f684878a68bac327f8672e2ab56bdd0690</name><date>2025-04-27</date><newest>false</newest><latest>false</latest><size>-1</size><downloads>0</downloads><downloads_month>0</downloads_month><downloads_week>0</downloads_week><downloads_day>0</downloads_day><raw_size>-1</raw_size><raw_downloads>0</raw_downloads><raw_downloads_month>0</raw_downloads_month><raw_downloads_week>0</raw_downloads_week><raw_downloads_day>0</raw_downloads_day></version><version><id>127383610</id><name>sha256:da29f1ac8961416825ecd812ebe82e504a3b41fe380b27a3240d52720aad1887</name><date>2025-04-27</date><newest>false</newest><latest>false</latest><size>6.6 MB</size><downloads>0</downloads><downloads_month>0</downloads_month><downloads_week>0</downloads_week><downloads_day>0</downloads_day><raw_size>6624224</raw_size><raw_downloads>0</raw_downloads><raw_downloads_month>0</raw_downloads_month><raw_downloads_week>0</raw_downloads_week><raw_downloads_day>0</raw_downloads_day></version><version><id>127383611</id><name>sha256:3ed1fc3b2c68e8a2e01fcd774fe6b43a69b6aa17fbe3db035cdd3730ce35a96d</name><date>2025-04-27</date><newest>false</newest><latest>false</latest><size>5.7 MB</size><downloads>0</downloads><downloads_month>0</downloads_month><downloads_week>0</downloads_week><downloads_day>0</downloads_day><raw_size>5775715</raw_size><raw_downloads>0</raw_downloads><raw_downloads_month>0</raw_downloads_month><raw_downloads_week>0</raw_downloads_week><raw_downloads_day>0</raw_downloads_day></version><version><id>127383612</id><name>sha256:59f020da7c75b5a18de1334aa339642b00405d5ee5b29d07c6f4587bc2d5d27a</name><date>2025-04-27</date><newest>false</newest><latest>false</latest><size>12 kB</size><downloads>0</downloads><downloads_month>0</downloads_month><downloads_week>0</downloads_week><downloads_day>0</downloads_day><raw_size>12092</raw_size><raw_downloads>0</raw_downloads><raw_downloads_month>0</raw_downloads_month><raw_downloads_week>0</raw_downloads_week><raw_downloads_day>0</raw_downloads_day></version><version><id>127383613</id><name>sha256:eb6bccfdd36f771bae5370a3f2ee78a48207dd6d0d11cc41edc2354905250d37</name><date>2025-04-27</date><newest>false</newest><latest>false</latest><size>-1</size><downloads>0</downloads><downloads_month>0</downloads_month><downloads_week>0</downloads_week><downloads_day>0</downloads_day><raw_size>-1</raw_size><raw_downloads>0</raw_downloads><raw_downloads_month>0</raw_downloads_month><raw_downloads_week>0</raw_downloads_week><raw_downloads_day>0</raw_downloads_day></version><version><id>127409769</id><name>sha256:2d150ca89947178e1067feb591bf4cab88f430d5b14ad8e89fde0f8cd7986981</name><date>2025-04-27</date><newest>false</newest><latest>false</latest><size>6.6 MB</size><downloads>0</downloads><downloads_month>0</downloads_month><downloads_week>0</downloads_week><downloads_day>0</downloads_day><raw_size>6624230</raw_size><raw_downloads>0</raw_downloads><raw_downloads_month>0</raw_downloads_month><raw_downloads_week>0</raw_downloads_week><raw_downloads_day>0</raw_downloads_day></version><version><id>127409773</id><name>sha256:255464f241a78127d31b12c74b5fb57154385f8db72dc7936f964546f756f2e8</name><date>2025-04-27</date><newest>false</newest><latest>false</latest><size>12.1 kB</size><downloads>0</downloads><downloads_month>0</downloads_month><downloads_week>0</downloads_week><downloads_day>0</downloads_day><raw_size>12108</raw_size><raw_downloads>0</raw_downloads><raw_downloads_month>0</raw_downloads_month><raw_downloads_week>0</raw_downloads_week><raw_downloads_day>0</raw_downloads_day></version><version><id>127409779</id><name>sha256:7bccd7dd95e9318b2696a1f28e276e88087abf89065bf9e5efda1f1f0d402528</name><date>2025-04-27</date><newest>false</newest><latest>false</latest><size>5.7 MB</size><downloads>0</downloads><downloads_month>0</downloads_month><downloads_week>0</downloads_week><downloads_day>0</downloads_day><raw_size>5775706</raw_size><raw_downloads>0</raw_downloads><raw_downloads_month>0</raw_downloads_month><raw_downloads_week>0</raw_downloads_week><raw_downloads_day>0</raw_downloads_day></version><version><id>127409780</id><name>sha256:758954319f1fcd11816901f74b37b3faeb99ef0eedaa9da0a1143b6805a5e2ad</name><date>2025-04-27</date><newest>false</newest><latest>false</latest><size>12 kB</size><downloads>0</downloads><downloads_month>0</downloads_month><downloads_week>0</downloads_week><downloads_day>0</downloads_day><raw_size>12092</raw_size><raw_downloads>0</raw_downloads><raw_downloads_month>0</raw_downloads_month><raw_downloads_week>0</raw_downloads_week><raw_downloads_day>0</raw_downloads_day></version><version><id>127409781</id><name>sha256:12b5051b4db2ec7848f4120332f85682298523545ebcdc89d3815dd06ce3803c</name><date>2025-04-27</date><newest>false</newest><latest>true</latest><size>-1</size><downloads>0</downloads><downloads_month>0</downloads_month><downloads_week>0</downloads_week><downloads_day>0</downloads_day><raw_size>-1</raw_size><raw_downloads>0</raw_downloads><raw_downloads_month>0</raw_downloads_month><raw_downloads_week>0</raw_downloads_week><raw_downloads_day>0</raw_downloads_day></version><version><id>127544330</id><name>sha256:7b3af0d3eed29d783f9fe89fc6d26ce7a83f8917791724cb195f3b8ad3b4bb45</name><date>2025-04-27</date><newest>false</newest><latest>false</latest><size>12.1 kB</size><downloads>4</downloads><downloads_month>0</downloads_month><downloads_week>0</downloads_week><downloads_day>0</downloads_day><raw_size>12108</raw_size><raw_downloads>4</raw_downloads><raw_downloads_month>0</raw_downloads_month><raw_downloads_week>0</raw_downloads_week><raw_downloads_day>0</raw_downloads_day></version><version><id>127544332</id><name>sha256:4abd0968f9e6f1c3f09aa8ecfc71ded9e422ba16bebe9e29c62de17353628229</name><date>2025-04-27</date><newest>false</newest><latest>false</latest><size>6.6 MB</size><downloads>4</downloads><downloads_month>0</downloads_month><downloads_week>0</downloads_week><downloads_day>0</downloads_day><raw_size>6624232</raw_size><raw_downloads>4</raw_downloads><raw_downloads_month>0</raw_downloads_month><raw_downloads_week>0</raw_downloads_week><raw_downloads_day>0</raw_downloads_day></version><version><id>127544335</id><name>sha256:1cd94ff73cdb62452bdc85dc5c2c0aef278f4f4d2b3a189df64a66ab99284141</name><date>2025-04-27</date><newest>false</newest><latest>false</latest><size>5.7 MB</size><downloads>4</downloads><downloads_month>0</downloads_month><downloads_week>0</downloads_week><downloads_day>0</downloads_day><raw_size>5775729</raw_size><raw_downloads>4</raw_downloads><raw_downloads_month>0</raw_downloads_month><raw_downloads_week>0</raw_downloads_week><raw_downloads_day>0</raw_downloads_day></version><version><id>127544339</id><name>sha256:9533df15969413ea32f01c13665ec2d242208be1d37044696ba43fb51c4a49a8</name><date>2025-04-27</date><newest>false</newest><latest>false</latest><size>12 kB</size><downloads>4</downloads><downloads_month>0</downloads_month><downloads_week>0</downloads_week><downloads_day>0</downloads_day><raw_size>12092</raw_size><raw_downloads>4</raw_downloads><raw_downloads_month>0</raw_downloads_month><raw_downloads_week>0</raw_downloads_week><raw_downloads_day>0</raw_downloads_day></version><version><id>127544344</id><name>sha256:63e4a8aaf7a3640f89fa5622e17947ae1a30a0ffb1c9282826b9594489304b66</name><date>2025-04-27</date><newest>false</newest><latest>false</latest><size>-1</size><downloads>8</downloads><downloads_month>0</downloads_month><downloads_week>0</downloads_week><downloads_day>0</downloads_day><raw_size>-1</raw_size><raw_downloads>8</raw_downloads><raw_downloads_month>0</raw_downloads_month><raw_downloads_week>0</raw_downloads_week><raw_downloads_day>0</raw_downloads_day></version><version><id>127552840</id><name>sha256:77694664abf43bf49c585084684194f86198b90f90397cb05ef57f3fe51c2edc</name><date>2025-04-27</date><newest>false</newest><latest>false</latest><size>6.6 MB</size><downloads>4</downloads><downloads_month>0</downloads_month><downloads_week>0</downloads_week><downloads_day>0</downloads_day><raw_size>6624217</raw_size><raw_downloads>4</raw_downloads><raw_downloads_month>0</raw_downloads_month><raw_downloads_week>0</raw_downloads_week><raw_downloads_day>0</raw_downloads_day></version><version><id>127552844</id><name>sha256:2bb79a961ba7b207f3dcaef79c1f5b6693ca720819c512b1acea03134dc76534</name><date>2025-04-27</date><newest>false</newest><latest>false</latest><size>5.7 MB</size><downloads>4</downloads><downloads_month>0</downloads_month><downloads_week>0</downloads_week><downloads_day>0</downloads_day><raw_size>5775718</raw_size><raw_downloads>4</raw_downloads><raw_downloads_month>0</raw_downloads_month><raw_downloads_week>0</raw_downloads_week><raw_downloads_day>0</raw_downloads_day></version><version><id>127552848</id><name>sha256:cd30319eff53b2f65f3759a08c6a18349704d0ab006823c6f20fe142abeae5e3</name><date>2025-04-27</date><newest>false</newest><latest>false</latest><size>12 kB</size><downloads>4</downloads><downloads_month>0</downloads_month><downloads_week>0</downloads_week><downloads_day>0</downloads_day><raw_size>12092</raw_size><raw_downloads>4</raw_downloads><raw_downloads_month>0</raw_downloads_month><raw_downloads_week>0</raw_downloads_week><raw_downloads_day>0</raw_downloads_day></version><version><id>127552854</id><name>sha256:1ab35725db2f7bfd024934627e2751c39c5db7c06b0a3ba3b3f18f375e07a3ae</name><date>2025-04-27</date><newest>false</newest><latest>false</latest><size>-1</size><downloads>8</downloads><downloads_month>0</downloads_month><downloads_week>0</downloads_week><downloads_day>0</downloads_day><raw_size>-1</raw_size><raw_downloads>8</raw_downloads><raw_downloads_month>0</raw_downloads_month><raw_downloads_week>0</raw_downloads_week><raw_downloads_day>0</raw_downloads_day></version><version><id>127566935</id><name>sha256:651a3516eb82ae1410e32ef8a71f89299d1497bf2411f61f4f139b7a001d516b</name><date>2025-04-27</date><newest>false</newest><latest>false</latest><size>12.1 kB</size><downloads>4</downloads><downloads_month>0</downloads_month><downloads_week>0</downloads_week><downloads_day>0</downloads_day><raw_size>12108</raw_size><raw_downloads>4</raw_downloads><raw_downloads_month>0</raw_downloads_month><raw_downloads_week>0</raw_downloads_week><raw_downloads_day>0</raw_downloads_day></version><version><id>127566938</id><name>sha256:bbeefeb018ed27540fc40be451e98f9ad7febeaa9afa156d4a9f49d7c18b20fc</name><date>2025-04-27</date><newest>false</newest><latest>false</latest><size>6.6 MB</size><downloads>4</downloads><downloads_month>0</downloads_month><downloads_week>0</downloads_week><downloads_day>0</downloads_day><raw_size>6624231</raw_size><raw_downloads>4</raw_downloads><raw_downloads_month>0</raw_downloads_month><raw_downloads_week>0</raw_downloads_week><raw_downloads_day>0</raw_downloads_day></version><version><id>127566940</id><name>sha256:0c39f7966ff9bcaa807b8022a5f9510a1a8f7bb6b60ac3e28d4540f2ba5f6429</name><date>2025-04-27</date><newest>false</newest><latest>false</latest><size>5.7 MB</size><downloads>4</downloads><downloads_month>0</downloads_month><downloads_week>0</downloads_week><downloads_day>0</downloads_day><raw_size>5775722</raw_size><raw_downloads>4</raw_downloads><raw_downloads_month>0</raw_downloads_month><raw_downloads_week>0</raw_downloads_week><raw_downloads_day>0</raw_downloads_day></version><version><id>127566943</id><name>sha256:998391abda7f1c67dbc1a99673484308a27f5a76e8d78beabb5dda4bedc2ba51</name><date>2025-04-27</date><newest>false</newest><latest>false</latest><size>12 kB</size><downloads>4</downloads><downloads_month>0</downloads_month><downloads_week>0</downloads_week><downloads_day>0</downloads_day><raw_size>12092</raw_size><raw_downloads>4</raw_downloads><raw_downloads_month>0</raw_downloads_month><raw_downloads_week>0</raw_downloads_week><raw_downloads_day>0</raw_downloads_day></version><version><id>127566948</id><name>sha256:5693bdeefa66ac55f1f5540ef4aea41cd125f63868f306d032bdf7067f4467b5</name><date>2025-04-27</date><newest>false</newest><latest>false</latest><size>-1</size><downloads>8</downloads><downloads_month>0</downloads_month><downloads_week>0</downloads_week><downloads_day>0</downloads_day><raw_size>-1</raw_size><raw_downloads>8</raw_downloads><raw_downloads_month>0</raw_downloads_month><raw_downloads_week>0</raw_downloads_week><raw_downloads_day>0</raw_downloads_day></version><version><id>127573624</id><name>sha256:75bc1b7d3a2bbf4eae55afe0d31ee2c32a6b50149ee0f516d40ee8c2783e97e3</name><date>2025-04-27</date><newest>false</newest><latest>false</latest><size>12.1 kB</size><downloads>4</downloads><downloads_month>0</downloads_month><downloads_week>0</downloads_week><downloads_day>0</downloads_day><raw_size>12108</raw_size><raw_downloads>4</raw_downloads><raw_downloads_month>0</raw_downloads_month><raw_downloads_week>0</raw_downloads_week><raw_downloads_day>0</raw_downloads_day></version><version><id>127573627</id><name>sha256:b5606887e6e8999839b21fa5fbf45ea30936d002d6cb1c0564a25a75f33ad367</name><date>2025-04-27</date><newest>false</newest><latest>false</latest><size>6.6 MB</size><downloads>5</downloads><downloads_month>0</downloads_month><downloads_week>0</downloads_week><downloads_day>0</downloads_day><raw_size>6624232</raw_size><raw_downloads>5</raw_downloads><raw_downloads_month>0</raw_downloads_month><raw_downloads_week>0</raw_downloads_week><raw_downloads_day>0</raw_downloads_day></version><version><id>127573632</id><name>sha256:0132f13f40ed2030ad7c00f9d4d2ce9a44bfdbba2685fa7b7ac0e8f490cbb168</name><date>2025-04-27</date><newest>false</newest><latest>false</latest><size>5.7 MB</size><downloads>4</downloads><downloads_month>0</downloads_month><downloads_week>0</downloads_week><downloads_day>0</downloads_day><raw_size>5775714</raw_size><raw_downloads>4</raw_downloads><raw_downloads_month>0</raw_downloads_month><raw_downloads_week>0</raw_downloads_week><raw_downloads_day>0</raw_downloads_day></version><version><id>127573637</id><name>sha256:27c0fa7709db4314398db833d0ba880302c79c6983d184b7d99bbcd7da818258</name><date>2025-04-27</date><newest>false</newest><latest>false</latest><size>12 kB</size><downloads>4</downloads><downloads_month>0</downloads_month><downloads_week>0</downloads_week><downloads_day>0</downloads_day><raw_size>12092</raw_size><raw_downloads>4</raw_downloads><raw_downloads_month>0</raw_downloads_month><raw_downloads_week>0</raw_downloads_week><raw_downloads_day>0</raw_downloads_day></version><version><id>127573644</id><name>sha256:12cf768d77e98027bd647526973c854f792cd3b605793e1a780f8e6de85d6517</name><date>2025-04-27</date><newest>false</newest><latest>false</latest><size>-1</size><downloads>14</downloads><downloads_month>0</downloads_month><downloads_week>0</downloads_week><downloads_day>0</downloads_day><raw_size>-1</raw_size><raw_downloads>14</raw_downloads><raw_downloads_month>0</raw_downloads_month><raw_downloads_week>0</raw_downloads_week><raw_downloads_day>0</raw_downloads_day></version><version><id>145493094</id><name>sha256:e7b530cb8fb5fe7b9dce50e6b7e9e44647115fab04b38fe586b10360c6078e64</name><date>2025-04-27</date><newest>false</newest><latest>false</latest><size>6.6 MB</size><downloads>4</downloads><downloads_month>0</downloads_month><downloads_week>0</downloads_week><downloads_day>0</downloads_day><raw_size>6645707</raw_size><raw_downloads>4</raw_downloads><raw_downloads_month>0</raw_downloads_month><raw_downloads_week>0</raw_downloads_week><raw_downloads_day>0</raw_downloads_day></version><version><id>145493097</id><name>sha256:a34a962e7b97ce0fbf1105960856c868456d8e3c81e3bea2e06f30c91e576b7c</name><date>2025-04-27</date><newest>false</newest><latest>false</latest><size>12.1 kB</size><downloads>4</downloads><downloads_month>0</downloads_month><downloads_week>0</downloads_week><downloads_day>0</downloads_day><raw_size>12108</raw_size><raw_downloads>4</raw_downloads><raw_downloads_month>0</raw_downloads_month><raw_downloads_week>0</raw_downloads_week><raw_downloads_day>0</raw_downloads_day></version><version><id>145493101</id><name>sha256:4430d7b34ee74adcb8448e43593e9a8b84c1c5fb632c4f86284b6f944c89270c</name><date>2025-04-27</date><newest>false</newest><latest>false</latest><size>5.7 MB</size><downloads>4</downloads><downloads_month>0</downloads_month><downloads_week>0</downloads_week><downloads_day>0</downloads_day><raw_size>5797181</raw_size><raw_downloads>4</raw_downloads><raw_downloads_month>0</raw_downloads_month><raw_downloads_week>0</raw_downloads_week><raw_downloads_day>0</raw_downloads_day></version><version><id>145493102</id><name>sha256:d40141df3f74fd0c27f52853477a74fa82d880e91a954936f1afe124af86f146</name><date>2025-04-27</date><newest>false</newest><latest>false</latest><size>12 kB</size><downloads>4</downloads><downloads_month>0</downloads_month><downloads_week>0</downloads_week><downloads_day>0</downloads_day><raw_size>12092</raw_size><raw_downloads>4</raw_downloads><raw_downloads_month>0</raw_downloads_month><raw_downloads_week>0</raw_downloads_week><raw_downloads_day>0</raw_downloads_day></version><version><id>145493106</id><name>sha256:39bf0e3bab6b47aee7441187755a5f9088b5f65c8d11ffbfc5bd536dc7561662</name><date>2025-04-27</date><newest>false</newest><latest>false</latest><size>-1</size><downloads>12</downloads><downloads_month>0</downloads_month><downloads_week>0</downloads_week><downloads_day>0</downloads_day><raw_size>-1</raw_size><raw_downloads>12</raw_downloads><raw_downloads_month>0</raw_downloads_month><raw_downloads_week>0</raw_downloads_week><raw_downloads_day>0</raw_downloads_day></version><version><id>147163571</id><name>sha256:daaf2ad3ab12b19057684563bf0d83035f31ae3b000dd5b28b363e62ad459a2f</name><date>2025-04-27</date><newest>false</newest><latest>false</latest><size>6.6 MB</size><downloads>4</downloads><downloads_month>0</downloads_month><downloads_week>0</downloads_week><downloads_day>0</downloads_day><raw_size>6645698</raw_size><raw_downloads>4</raw_downloads><raw_downloads_month>0</raw_downloads_month><raw_downloads_week>0</raw_downloads_week><raw_downloads_day>0</raw_downloads_day></version><version><id>147163575</id><name>sha256:2e75be667a8a3a7852643337068164acf16da4e274246b4ae3543378d30568a6</name><date>2025-04-27</date><newest>false</newest><latest>false</latest><size>5.7 MB</size><downloads>4</downloads><downloads_month>0</downloads_month><downloads_week>0</downloads_week><downloads_day>0</downloads_day><raw_size>5797187</raw_size><raw_downloads>4</raw_downloads><raw_downloads_month>0</raw_downloads_month><raw_downloads_week>0</raw_downloads_week><raw_downloads_day>0</raw_downloads_day></version><version><id>147163579</id><name>sha256:931b3391582a1d0e03b1c994d3559d4421df41033f590f42dbf3f3407f5c5c9e</name><date>2025-04-27</date><newest>false</newest><latest>false</latest><size>12.1 kB</size><downloads>4</downloads><downloads_month>0</downloads_month><downloads_week>0</downloads_week><downloads_day>0</downloads_day><raw_size>12107</raw_size><raw_downloads>4</raw_downloads><raw_downloads_month>0</raw_downloads_month><raw_downloads_week>0</raw_downloads_week><raw_downloads_day>0</raw_downloads_day></version><version><id>147163581</id><name>sha256:fb92a53932528b32e9f05c1b744992e08b6ef0ba0bf7114c4c62a759f2a727e3</name><date>2025-04-27</date><newest>false</newest><latest>false</latest><size>12 kB</size><downloads>4</downloads><downloads_month>0</downloads_month><downloads_week>0</downloads_week><downloads_day>0</downloads_day><raw_size>12091</raw_size><raw_downloads>4</raw_downloads><raw_downloads_month>0</raw_downloads_month><raw_downloads_week>0</raw_downloads_week><raw_downloads_day>0</raw_downloads_day></version><version><id>147163586</id><name>sha256:1e539508165a2efbfbe7d7aec501b7d379cab37bf407bfa5d0be5d1f5581ceb9</name><date>2025-04-27</date><newest>false</newest><latest>false</latest><size>-1</size><downloads>8</downloads><downloads_month>0</downloads_month><downloads_week>0</downloads_week><downloads_day>0</downloads_day><raw_size>-1</raw_size><raw_downloads>8</raw_downloads><raw_downloads_month>0</raw_downloads_month><raw_downloads_week>0</raw_downloads_week><raw_downloads_day>0</raw_downloads_day></version><version><id>147170894</id><name>sha256:74426a3a7416292043a1a81882021be8074b05f9e76e79a6449f1b1595ae2445</name><date>2025-04-27</date><newest>false</newest><latest>false</latest><size>6.6 MB</size><downloads>4</downloads><downloads_month>0</downloads_month><downloads_week>0</downloads_week><downloads_day>0</downloads_day><raw_size>6645722</raw_size><raw_downloads>4</raw_downloads><raw_downloads_month>0</raw_downloads_month><raw_downloads_week>0</raw_downloads_week><raw_downloads_day>0</raw_downloads_day></version><version><id>147170904</id><name>sha256:092ec544deea6907ea1eba1244a1af33aad5d1d2820b2406b9c29721d4b7298f</name><date>2025-04-27</date><newest>false</newest><latest>false</latest><size>12.1 kB</size><downloads>4</downloads><downloads_month>0</downloads_month><downloads_week>0</downloads_week><downloads_day>0</downloads_day><raw_size>12108</raw_size><raw_downloads>4</raw_downloads><raw_downloads_month>0</raw_downloads_month><raw_downloads_week>0</raw_downloads_week><raw_downloads_day>0</raw_downloads_day></version><version><id>147170912</id><name>sha256:f730eea955a5535076b3c604d47811a3f1a00875a0eaa6ed9b350669412d0a6d</name><date>2025-04-27</date><newest>false</newest><latest>false</latest><size>5.7 MB</size><downloads>4</downloads><downloads_month>0</downloads_month><downloads_week>0</downloads_week><downloads_day>0</downloads_day><raw_size>5797195</raw_size><raw_downloads>4</raw_downloads><raw_downloads_month>0</raw_downloads_month><raw_downloads_week>0</raw_downloads_week><raw_downloads_day>0</raw_downloads_day></version><version><id>147170922</id><name>sha256:94396de54d80ace2f0cdb79f80a78065622269d62b115aa2e81e7d239441ae20</name><date>2025-04-27</date><newest>false</newest><latest>false</latest><size>12 kB</size><downloads>4</downloads><downloads_month>0</downloads_month><downloads_week>0</downloads_week><downloads_day>0</downloads_day><raw_size>12092</raw_size><raw_downloads>4</raw_downloads><raw_downloads_month>0</raw_downloads_month><raw_downloads_week>0</raw_downloads_week><raw_downloads_day>0</raw_downloads_day></version><version><id>147170927</id><name>sha256:b55c5693a31a262b1544e7ea9594ee1ee0b3a58db1e17fd4099b5c992050a415</name><date>2025-04-27</date><newest>false</newest><latest>false</latest><size>-1</size><downloads>8</downloads><downloads_month>0</downloads_month><downloads_week>0</downloads_week><downloads_day>0</downloads_day><raw_size>-1</raw_size><raw_downloads>8</raw_downloads><raw_downloads_month>0</raw_downloads_month><raw_downloads_week>0</raw_downloads_week><raw_downloads_day>0</raw_downloads_day></version><version><id>147374597</id><name>sha256:666a0bd1942ca3b793106045ce6a96e0582d61447f5be173334cfbe10af4a95d</name><date>2025-04-27</date><newest>false</newest><latest>false</latest><size>6.6 MB</size><downloads>4</downloads><downloads_month>0</downloads_month><downloads_week>0</downloads_week><downloads_day>0</downloads_day><raw_size>6645707</raw_size><raw_downloads>4</raw_downloads><raw_downloads_month>0</raw_downloads_month><raw_downloads_week>0</raw_downloads_week><raw_downloads_day>0</raw_downloads_day></version><version><id>147374602</id><name>sha256:09d7c96a1667bf50b4949455ccd4cf8f84949eecc7cd8866b5b2859fadd3fbfc</name><date>2025-04-27</date><newest>false</newest><latest>false</latest><size>5.7 MB</size><downloads>4</downloads><downloads_month>0</downloads_month><downloads_week>0</downloads_week><downloads_day>0</downloads_day><raw_size>5797179</raw_size><raw_downloads>4</raw_downloads><raw_downloads_month>0</raw_downloads_month><raw_downloads_week>0</raw_downloads_week><raw_downloads_day>0</raw_downloads_day></version><version><id>147374604</id><name>sha256:eafcd9ef8a01d36202e34045ab02090dfaa2a7e7eb891aa4e00e9e621489dbc0</name><date>2025-04-27</date><newest>false</newest><latest>false</latest><size>12.1 kB</size><downloads>4</downloads><downloads_month>0</downloads_month><downloads_week>0</downloads_week><downloads_day>0</downloads_day><raw_size>12108</raw_size><raw_downloads>4</raw_downloads><raw_downloads_month>0</raw_downloads_month><raw_downloads_week>0</raw_downloads_week><raw_downloads_day>0</raw_downloads_day></version><version><id>147374607</id><name>sha256:6b819732efdf841c39d37714c1c49dd840fc11f03609b96261ea403a94dbecb0</name><date>2025-04-27</date><newest>false</newest><latest>false</latest><size>12 kB</size><downloads>4</downloads><downloads_month>0</downloads_month><downloads_week>0</downloads_week><downloads_day>0</downloads_day><raw_size>12092</raw_size><raw_downloads>4</raw_downloads><raw_downloads_month>0</raw_downloads_month><raw_downloads_week>0</raw_downloads_week><raw_downloads_day>0</raw_downloads_day></version><version><id>147374610</id><name>sha256:6ed0b215fb72722737c1b52bcd5e96f9c9d2fa347c56cdb76e264d389a585b02</name><date>2025-04-27</date><newest>false</newest><latest>false</latest><size>-1</size><downloads>9</downloads><downloads_month>0</downloads_month><downloads_week>0</downloads_week><downloads_day>0</downloads_day><raw_size>-1</raw_size><raw_downloads>9</raw_downloads><raw_downloads_month>0</raw_downloads_month><raw_downloads_week>0</raw_downloads_week><raw_downloads_day>0</raw_downloads_day></version><version><id>148378046</id><name>sha256:83aba6e1128f23caeab1038e72d00b0cbe03050bb33c3490c41265f909166d56</name><date>2025-04-27</date><newest>false</newest><latest>false</latest><size>12 kB</size><downloads>4</downloads><downloads_month>0</downloads_month><downloads_week>0</downloads_week><downloads_day>0</downloads_day><raw_size>12091</raw_size><raw_downloads>4</raw_downloads><raw_downloads_month>0</raw_downloads_month><raw_downloads_week>0</raw_downloads_week><raw_downloads_day>0</raw_downloads_day></version><version><id>148378051</id><name>sha256:34d44cb34e3c3f72a96ad7860889d9d62a03419d7101d0e2c98ffa4eb622cf6d</name><date>2025-04-27</date><newest>false</newest><latest>false</latest><size>6.6 MB</size><downloads>4</downloads><downloads_month>0</downloads_month><downloads_week>0</downloads_week><downloads_day>0</downloads_day><raw_size>6645682</raw_size><raw_downloads>4</raw_downloads><raw_downloads_month>0</raw_downloads_month><raw_downloads_week>0</raw_downloads_week><raw_downloads_day>0</raw_downloads_day></version><version><id>148378056</id><name>sha256:4d9b55fefa12664b865f52780c9abf4d5426188ca4c031b59db361b83f83b392</name><date>2025-04-27</date><newest>false</newest><latest>false</latest><size>5.7 MB</size><downloads>4</downloads><downloads_month>0</downloads_month><downloads_week>0</downloads_week><downloads_day>0</downloads_day><raw_size>5797182</raw_size><raw_downloads>4</raw_downloads><raw_downloads_month>0</raw_downloads_month><raw_downloads_week>0</raw_downloads_week><raw_downloads_day>0</raw_downloads_day></version><version><id>148378062</id><name>sha256:916cb6fcb6906c459ffe8a4669718d92f551e5d0ca89cc24c7b2613ea364a844</name><date>2025-04-27</date><newest>false</newest><latest>false</latest><size>12.1 kB</size><downloads>4</downloads><downloads_month>0</downloads_month><downloads_week>0</downloads_week><downloads_day>0</downloads_day><raw_size>12107</raw_size><raw_downloads>4</raw_downloads><raw_downloads_month>0</raw_downloads_month><raw_downloads_week>0</raw_downloads_week><raw_downloads_day>0</raw_downloads_day></version><version><id>148378064</id><name>sha256:1c4610c53701572c3fa775362dd4625745507382682df506f5a63a8fbb539cc3</name><date>2025-04-27</date><newest>false</newest><latest>false</latest><size>-1</size><downloads>8</downloads><downloads_month>0</downloads_month><downloads_week>0</downloads_week><downloads_day>0</downloads_day><raw_size>-1</raw_size><raw_downloads>8</raw_downloads><raw_downloads_month>0</raw_downloads_month><raw_downloads_week>0</raw_downloads_week><raw_downloads_day>0</raw_downloads_day></version><version><id>148418254</id><name>sha256:d6b1f5c2a3f0639ece0fa68c913e06fc48b40534d1009544f389e2bee90f61d3</name><date>2025-04-27</date><newest>false</newest><latest>false</latest><size>12.1 kB</size><downloads>6</downloads><downloads_month>0</downloads_month><downloads_week>0</downloads_week><downloads_day>0</downloads_day><raw_size>12108</raw_size><raw_downloads>6</raw_downloads><raw_downloads_month>0</raw_downloads_month><raw_downloads_week>0</raw_downloads_week><raw_downloads_day>0</raw_downloads_day></version><version><id>148418260</id><name>sha256:c22a34c9be18c2560a5e05567fa2e9de144534be808af30b07b3bb115e8a3ad8</name><date>2025-04-27</date><newest>false</newest><latest>false</latest><size>6.6 MB</size><downloads>19</downloads><downloads_month>0</downloads_month><downloads_week>0</downloads_week><downloads_day>0</downloads_day><raw_size>6645699</raw_size><raw_downloads>19</raw_downloads><raw_downloads_month>0</raw_downloads_month><raw_downloads_week>0</raw_downloads_week><raw_downloads_day>0</raw_downloads_day></version><version><id>148418268</id><name>sha256:ae6810dcc8fa26a0d70120c4b73f1436707c8fd1a4ca55afa408d491ef2ff343</name><date>2025-04-27</date><newest>false</newest><latest>false</latest><size>5.7 MB</size><downloads>6</downloads><downloads_month>0</downloads_month><downloads_week>0</downloads_week><downloads_day>0</downloads_day><raw_size>5797186</raw_size><raw_downloads>6</raw_downloads><raw_downloads_month>0</raw_downloads_month><raw_downloads_week>0</raw_downloads_week><raw_downloads_day>0</raw_downloads_day></version><version><id>148418275</id><name>sha256:8b12fbf434930e841aac96a9c9bd77df4d982cddedd07d29b2426660a850713d</name><date>2025-04-27</date><newest>false</newest><latest>false</latest><size>12 kB</size><downloads>6</downloads><downloads_month>0</downloads_month><downloads_week>0</downloads_week><downloads_day>0</downloads_day><raw_size>12092</raw_size><raw_downloads>6</raw_downloads><raw_downloads_month>0</raw_downloads_month><raw_downloads_week>0</raw_downloads_week><raw_downloads_day>0</raw_downloads_day></version><version><id>148418280</id><name>sha256:1edfeaf547534d47904c60f23aa1a4b551b26084853f064eb6ab78e462136d3c</name><date>2025-04-27</date><newest>true</newest><latest>false</latest><size>-1</size><downloads>121</downloads><downloads_month>0</downloads_month><downloads_week>0</downloads_week><downloads_day>0</downloads_day><raw_size>-1</raw_size><raw_downloads>121</raw_downloads><raw_downloads_month>0</raw_downloads_month><raw_downloads_week>0</raw_downloads_week><raw_downloads_day>0</raw_downloads_day><tags>unencrypted-999999</tags></version></xml>
