<?xml version="1.0" encoding="UTF-8"?><xml><owner_type>users</owner_type><package_type>container</package_type><owner_id>6759608</owner_id><owner>BbolroC</owner><repo>kata-containers</repo><package>test-images</package><date>2024-12-29</date><size>-1</size><versions>13</versions><tagged>0</tagged><downloads>384</downloads><downloads_month>0</downloads_month><downloads_week>0</downloads_week><downloads_day>0</downloads_day><raw_size>-1</raw_size><raw_versions>13</raw_versions><raw_tagged>0</raw_tagged><raw_downloads>384</raw_downloads><raw_downloads_month>0</raw_downloads_month><raw_downloads_week>0</raw_downloads_week><raw_downloads_day>0</raw_downloads_day><version><id>127544339</id><name>sha256:9533df15969413ea32f01c13665ec2d242208be1d37044696ba43fb51c4a49a8</name><date>2024-12-29</date><newest>false</newest><latest>false</latest><size>12 kB</size><downloads>4</downloads><downloads_month>0</downloads_month><downloads_week>0</downloads_week><downloads_day>0</downloads_day><raw_size>12092</raw_size><raw_downloads>4</raw_downloads><raw_downloads_month>0</raw_downloads_month><raw_downloads_week>0</raw_downloads_week><raw_downloads_day>0</raw_downloads_day></version><version><id>127544344</id><name>sha256:63e4a8aaf7a3640f89fa5622e17947ae1a30a0ffb1c9282826b9594489304b66</name><date>2024-12-29</date><newest>false</newest><latest>false</latest><size>-1</size><downloads>8</downloads><downloads_month>0</downloads_month><downloads_week>0</downloads_week><downloads_day>0</downloads_day><raw_size>-1</raw_size><raw_downloads>8</raw_downloads><raw_downloads_month>0</raw_downloads_month><raw_downloads_week>0</raw_downloads_week><raw_downloads_day>0</raw_downloads_day></version><version><id>127552834</id><name>sha256:1b790de8f0a3d67999d6bf64f7bbabd6162fef6152aa652d5a511ae25fd73769</name><date>2024-12-29</date><newest>false</newest><latest>false</latest><size>12.1 kB</size><downloads>4</downloads><downloads_month>0</downloads_month><downloads_week>0</downloads_week><downloads_day>0</downloads_day><raw_size>12108</raw_size><raw_downloads>4</raw_downloads><raw_downloads_month>0</raw_downloads_month><raw_downloads_week>0</raw_downloads_week><raw_downloads_day>0</raw_downloads_day></version><version><id>127552840</id><name>sha256:77694664abf43bf49c585084684194f86198b90f90397cb05ef57f3fe51c2edc</name><date>2024-12-29</date><newest>false</newest><latest>false</latest><size>6.6 MB</size><downloads>4</downloads><downloads_month>0</downloads_month><downloads_week>0</downloads_week><downloads_day>0</downloads_day><raw_size>6624217</raw_size><raw_downloads>4</raw_downloads><raw_downloads_month>0</raw_downloads_month><raw_downloads_week>0</raw_downloads_week><raw_downloads_day>0</raw_downloads_day></version><version><id>127552854</id><name>sha256:1ab35725db2f7bfd024934627e2751c39c5db7c06b0a3ba3b3f18f375e07a3ae</name><date>2024-12-29</date><newest>false</newest><latest>false</latest><size>-1</size><downloads>8</downloads><downloads_month>0</downloads_month><downloads_week>0</downloads_week><downloads_day>0</downloads_day><raw_size>-1</raw_size><raw_downloads>8</raw_downloads><raw_downloads_month>0</raw_downloads_month><raw_downloads_week>0</raw_downloads_week><raw_downloads_day>0</raw_downloads_day></version><version><id>127566948</id><name>sha256:5693bdeefa66ac55f1f5540ef4aea41cd125f63868f306d032bdf7067f4467b5</name><date>2024-12-29</date><newest>false</newest><latest>false</latest><size>-1</size><downloads>8</downloads><downloads_month>0</downloads_month><downloads_week>0</downloads_week><downloads_day>0</downloads_day><raw_size>-1</raw_size><raw_downloads>8</raw_downloads><raw_downloads_month>0</raw_downloads_month><raw_downloads_week>0</raw_downloads_week><raw_downloads_day>0</raw_downloads_day></version><version><id>145493094</id><name>sha256:e7b530cb8fb5fe7b9dce50e6b7e9e44647115fab04b38fe586b10360c6078e64</name><date>2024-12-29</date><newest>false</newest><latest>false</latest><size>6.6 MB</size><downloads>4</downloads><downloads_month>0</downloads_month><downloads_week>0</downloads_week><downloads_day>0</downloads_day><raw_size>6645707</raw_size><raw_downloads>4</raw_downloads><raw_downloads_month>0</raw_downloads_month><raw_downloads_week>0</raw_downloads_week><raw_downloads_day>0</raw_downloads_day></version><version><id>147163581</id><name>sha256:fb92a53932528b32e9f05c1b744992e08b6ef0ba0bf7114c4c62a759f2a727e3</name><date>2024-12-29</date><newest>false</newest><latest>false</latest><size>12 kB</size><downloads>4</downloads><downloads_month>0</downloads_month><downloads_week>0</downloads_week><downloads_day>0</downloads_day><raw_size>12091</raw_size><raw_downloads>4</raw_downloads><raw_downloads_month>0</raw_downloads_month><raw_downloads_week>0</raw_downloads_week><raw_downloads_day>0</raw_downloads_day></version><version><id>147170894</id><name>sha256:74426a3a7416292043a1a81882021be8074b05f9e76e79a6449f1b1595ae2445</name><date>2024-12-29</date><newest>false</newest><latest>false</latest><size>6.6 MB</size><downloads>4</downloads><downloads_month>0</downloads_month><downloads_week>0</downloads_week><downloads_day>0</downloads_day><raw_size>6645722</raw_size><raw_downloads>4</raw_downloads><raw_downloads_month>0</raw_downloads_month><raw_downloads_week>0</raw_downloads_week><raw_downloads_day>0</raw_downloads_day></version><version><id>147170927</id><name>sha256:b55c5693a31a262b1544e7ea9594ee1ee0b3a58db1e17fd4099b5c992050a415</name><date>2024-12-29</date><newest>false</newest><latest>false</latest><size>-1</size><downloads>8</downloads><downloads_month>0</downloads_month><downloads_week>0</downloads_week><downloads_day>0</downloads_day><raw_size>-1</raw_size><raw_downloads>8</raw_downloads><raw_downloads_month>0</raw_downloads_month><raw_downloads_week>0</raw_downloads_week><raw_downloads_day>0</raw_downloads_day></version><version><id>147374602</id><name>sha256:09d7c96a1667bf50b4949455ccd4cf8f84949eecc7cd8866b5b2859fadd3fbfc</name><date>2024-12-29</date><newest>false</newest><latest>false</latest><size>5.7 MB</size><downloads>4</downloads><downloads_month>0</downloads_month><downloads_week>0</downloads_week><downloads_day>0</downloads_day><raw_size>5797179</raw_size><raw_downloads>4</raw_downloads><raw_downloads_month>0</raw_downloads_month><raw_downloads_week>0</raw_downloads_week><raw_downloads_day>0</raw_downloads_day></version><version><id>148378062</id><name>sha256:916cb6fcb6906c459ffe8a4669718d92f551e5d0ca89cc24c7b2613ea364a844</name><date>2024-12-29</date><newest>false</newest><latest>false</latest><size>12.1 kB</size><downloads>4</downloads><downloads_month>0</downloads_month><downloads_week>0</downloads_week><downloads_day>0</downloads_day><raw_size>12107</raw_size><raw_downloads>4</raw_downloads><raw_downloads_month>0</raw_downloads_month><raw_downloads_week>0</raw_downloads_week><raw_downloads_day>0</raw_downloads_day></version><version><id>148378064</id><name>sha256:1c4610c53701572c3fa775362dd4625745507382682df506f5a63a8fbb539cc3</name><date>2024-12-29</date><newest>true</newest><latest>false</latest><size>-1</size><downloads>8</downloads><downloads_month>0</downloads_month><downloads_week>0</downloads_week><downloads_day>0</downloads_day><raw_size>-1</raw_size><raw_downloads>8</raw_downloads><raw_downloads_month>0</raw_downloads_month><raw_downloads_week>0</raw_downloads_week><raw_downloads_day>0</raw_downloads_day></version></xml>
