<?xml version="1.0" encoding="UTF-8"?><xml><owner_type>users</owner_type><package_type>container</package_type><owner_id>1810547</owner_id><owner>eddumelendez</owner><repo>test-devcontainer</repo><package>test-devcontainer%2Ftcc</package><date>2025-10-12</date><size>6</size><versions>2</versions><tagged>2</tagged><owner_rank>1</owner_rank><repo_rank>1</repo_rank><downloads>737</downloads><downloads_month>8</downloads_month><downloads_week>1</downloads_week><downloads_day>0</downloads_day><raw_size>6</raw_size><raw_versions>2</raw_versions><raw_tagged>2</raw_tagged><raw_owner_rank>1</raw_owner_rank><raw_repo_rank>1</raw_repo_rank><raw_downloads>737</raw_downloads><raw_downloads_month>8</raw_downloads_month><raw_downloads_week>1</raw_downloads_week><raw_downloads_day>0</raw_downloads_day><version><id>128134181</id><name>sha256:5e35c6c10b2a2dae60c31cac9b669d0908ab78edd55805d46f5acd9dc61bcf3e</name><date>2025-10-12</date><newest>false</newest><latest>false</latest><size>6</size><downloads>472</downloads><downloads_month>0</downloads_month><downloads_week>0</downloads_week><downloads_day>0</downloads_day><raw_size>6</raw_size><raw_downloads>472</raw_downloads><raw_downloads_month>0</raw_downloads_month><raw_downloads_week>0</raw_downloads_week><raw_downloads_day>0</raw_downloads_day><tags>0.0.1</tags></version><version><id>255446694</id><name>sha256:26bd65f989c4c7453d4ca51ffd8768347eab52ae584da24d4b5c55d626eb0208</name><date>2025-10-12</date><newest>true</newest><latest>true</latest><size>6</size><downloads>265</downloads><downloads_month>8</downloads_month><downloads_week>1</downloads_week><downloads_day>0</downloads_day><raw_size>6</raw_size><raw_downloads>265</raw_downloads><raw_downloads_month>8</raw_downloads_month><raw_downloads_week>1</raw_downloads_week><raw_downloads_day>0</raw_downloads_day><tags>0.0.2</tags><tags>latest</tags><tags>0.0</tags><tags>0</tags></version></xml>
