<?xml version="1.0" encoding="UTF-8"?><xml><owner_type>orgs</owner_type><package_type>container</package_type><owner_id>67435213</owner_id><owner>drogue-iot</owner><repo>drogue-cloud</repo><package>test-cert-generator</package><date>2025-03-08</date><size>71.4 MB</size><versions>2</versions><tagged>1</tagged><owner_rank>20</owner_rank><repo_rank>15</repo_rank><downloads>6.3k</downloads><downloads_month>0</downloads_month><downloads_week>0</downloads_week><downloads_day>0</downloads_day><raw_size>71444408</raw_size><raw_versions>2</raw_versions><raw_tagged>1</raw_tagged><raw_owner_rank>20</raw_owner_rank><raw_repo_rank>15</raw_repo_rank><raw_downloads>6367</raw_downloads><raw_downloads_month>0</raw_downloads_month><raw_downloads_week>0</raw_downloads_week><raw_downloads_day>0</raw_downloads_day><version><id>51283608</id><name>sha256:6ba7e1608286c2734bacba1cfbaffe7b7e284975b0cda038f7396aef23e2f2cc</name><date>2025-03-08</date><newest>false</newest><latest>true</latest><size>71 MB</size><downloads>280</downloads><downloads_month>0</downloads_month><downloads_week>0</downloads_week><downloads_day>0</downloads_day><raw_size>71085621</raw_size><raw_downloads>280</raw_downloads><raw_downloads_month>0</raw_downloads_month><raw_downloads_week>0</raw_downloads_week><raw_downloads_day>0</raw_downloads_day><tags>0.11.0</tags></version><version><id>88459546</id><name>sha256:76149d530d2349a3e32a6c77647c9bde2191396a43a50cc20730cad69d83c6ea</name><date>2025-03-08</date><newest>true</newest><latest>false</latest><size>71.4 MB</size><downloads>0</downloads><downloads_month>0</downloads_month><downloads_week>0</downloads_week><downloads_day>0</downloads_day><raw_size>71444408</raw_size><raw_downloads>0</raw_downloads><raw_downloads_month>0</raw_downloads_month><raw_downloads_week>0</raw_downloads_week><raw_downloads_day>0</raw_downloads_day></version></xml>
