<?xml version="1.0" encoding="UTF-8"?><xml><owner_type>orgs</owner_type><package_type>container</package_type><owner_id>67435213</owner_id><owner>drogue-iot</owner><repo>drogue-cloud</repo><package>test-cert-generator</package><date>2025-03-03</date><size>71.4 MB</size><versions>2</versions><tagged>1</tagged><owner_rank>14</owner_rank><repo_rank>10</repo_rank><downloads>6.3k</downloads><downloads_month>0</downloads_month><downloads_week>0</downloads_week><downloads_day>0</downloads_day><raw_size>71444408</raw_size><raw_versions>2</raw_versions><raw_tagged>1</raw_tagged><raw_owner_rank>14</raw_owner_rank><raw_repo_rank>10</raw_repo_rank><raw_downloads>6367</raw_downloads><raw_downloads_month>0</raw_downloads_month><raw_downloads_week>0</raw_downloads_week><raw_downloads_day>0</raw_downloads_day><version><id>-1</id><name>latest</name><date>2025-03-03</date><newest>true</newest><latest>true</latest><size>71.4 MB</size><downloads>6.3k</downloads><downloads_month>0</downloads_month><downloads_week>0</downloads_week><downloads_day>0</downloads_day><raw_size>71444408</raw_size><raw_downloads>6367</raw_downloads><raw_downloads_month>0</raw_downloads_month><raw_downloads_week>0</raw_downloads_week><raw_downloads_day>0</raw_downloads_day><tags></tags></version></xml>
