<?xml version="1.0" encoding="UTF-8"?><xml><owner_type>orgs</owner_type><package_type>container</package_type><owner_id>67435213</owner_id><owner>drogue-iot</owner><repo>drogue-cloud</repo><package>test-cert-generator</package><date>2025-04-25</date><size>71.8 MB</size><versions>12</versions><tagged>2</tagged><owner_rank>20</owner_rank><repo_rank>15</repo_rank><downloads>6.3k</downloads><downloads_month>-1</downloads_month><downloads_week>-1</downloads_week><downloads_day>-1</downloads_day><raw_size>71845079</raw_size><raw_versions>12</raw_versions><raw_tagged>2</raw_tagged><raw_owner_rank>20</raw_owner_rank><raw_repo_rank>15</raw_repo_rank><raw_downloads>6367</raw_downloads><raw_downloads_month>-1</raw_downloads_month><raw_downloads_week>-1</raw_downloads_week><raw_downloads_day>-1</raw_downloads_day><version><id>50585532</id><name>sha256:622b8bfa95103608f2d0fe01af63a90a1b8e46c159851ec3bcda28e230b4b39f</name><date>2025-04-25</date><newest>false</newest><latest>false</latest><size>68.3 MB</size><downloads>0</downloads><downloads_month>0</downloads_month><downloads_week>0</downloads_week><downloads_day>0</downloads_day><raw_size>68372341</raw_size><raw_downloads>0</raw_downloads><raw_downloads_month>0</raw_downloads_month><raw_downloads_week>0</raw_downloads_week><raw_downloads_day>0</raw_downloads_day></version><version><id>51283608</id><name>sha256:6ba7e1608286c2734bacba1cfbaffe7b7e284975b0cda038f7396aef23e2f2cc</name><date>2025-04-25</date><newest>false</newest><latest>false</latest><size>71.8 MB</size><downloads>-1</downloads><downloads_month>-1</downloads_month><downloads_week>-1</downloads_week><downloads_day>-1</downloads_day><raw_size>71827456</raw_size><raw_downloads>-1</raw_downloads><raw_downloads_month>-1</raw_downloads_month><raw_downloads_week>-1</raw_downloads_week><raw_downloads_day>-1</raw_downloads_day><tags>0.11.0</tags></version><version><id>52274805</id><name>sha256:35f3f37fd17498ca2f596adee43d0d023815ff0d2e27372084329efcca559278</name><date>2025-04-25</date><newest>false</newest><latest>false</latest><size>67.7 MB</size><downloads>0</downloads><downloads_month>0</downloads_month><downloads_week>0</downloads_week><downloads_day>0</downloads_day><raw_size>67728118</raw_size><raw_downloads>0</raw_downloads><raw_downloads_month>0</raw_downloads_month><raw_downloads_week>0</raw_downloads_week><raw_downloads_day>0</raw_downloads_day></version><version><id>52462587</id><name>sha256:5f3c20029978b3c946bf450f47f34491e7bad6748adbca512b7a0e8d6f7040de</name><date>2025-04-25</date><newest>false</newest><latest>false</latest><size>67.7 MB</size><downloads>0</downloads><downloads_month>0</downloads_month><downloads_week>0</downloads_week><downloads_day>0</downloads_day><raw_size>67728084</raw_size><raw_downloads>0</raw_downloads><raw_downloads_month>0</raw_downloads_month><raw_downloads_week>0</raw_downloads_week><raw_downloads_day>0</raw_downloads_day></version><version><id>52465521</id><name>sha256:269c27f91153b6c88c333cc2577f357629324dda269976e5413dfc12dda7e684</name><date>2025-04-25</date><newest>false</newest><latest>false</latest><size>67.7 MB</size><downloads>0</downloads><downloads_month>0</downloads_month><downloads_week>0</downloads_week><downloads_day>0</downloads_day><raw_size>67728126</raw_size><raw_downloads>0</raw_downloads><raw_downloads_month>0</raw_downloads_month><raw_downloads_week>0</raw_downloads_week><raw_downloads_day>0</raw_downloads_day></version><version><id>52468964</id><name>sha256:d7d07ae2a6f0a20e382e2defce69da9f199d23c8e99427da11cd68402507754d</name><date>2025-04-25</date><newest>false</newest><latest>false</latest><size>67.7 MB</size><downloads>0</downloads><downloads_month>0</downloads_month><downloads_week>0</downloads_week><downloads_day>0</downloads_day><raw_size>67728142</raw_size><raw_downloads>0</raw_downloads><raw_downloads_month>0</raw_downloads_month><raw_downloads_week>0</raw_downloads_week><raw_downloads_day>0</raw_downloads_day></version><version><id>53526159</id><name>sha256:caf8325c788478eeb6ccebc9e7f23e71fbaa9fb5565bdf95dcb1b39b5b434cf3</name><date>2025-04-25</date><newest>false</newest><latest>false</latest><size>67.7 MB</size><downloads>0</downloads><downloads_month>0</downloads_month><downloads_week>0</downloads_week><downloads_day>0</downloads_day><raw_size>67728133</raw_size><raw_downloads>0</raw_downloads><raw_downloads_month>0</raw_downloads_month><raw_downloads_week>0</raw_downloads_week><raw_downloads_day>0</raw_downloads_day></version><version><id>59088616</id><name>sha256:009e85d6d75417861320ff09af5083fded5f35ddbdf4e4f1faf82a50403cedcc</name><date>2025-04-25</date><newest>false</newest><latest>false</latest><size>71.2 MB</size><downloads>4</downloads><downloads_month>0</downloads_month><downloads_week>0</downloads_week><downloads_day>0</downloads_day><raw_size>71296077</raw_size><raw_downloads>4</raw_downloads><raw_downloads_month>0</raw_downloads_month><raw_downloads_week>0</raw_downloads_week><raw_downloads_day>0</raw_downloads_day></version><version><id>69606635</id><name>sha256:ea6bfd7e1a7cc853c3f287c78930b377fffb37f2782a6fba025b7f55f01cea66</name><date>2025-04-25</date><newest>false</newest><latest>false</latest><size>71.3 MB</size><downloads>4</downloads><downloads_month>0</downloads_month><downloads_week>0</downloads_week><downloads_day>0</downloads_day><raw_size>71379530</raw_size><raw_downloads>4</raw_downloads><raw_downloads_month>0</raw_downloads_month><raw_downloads_week>0</raw_downloads_week><raw_downloads_day>0</raw_downloads_day></version><version><id>88459546</id><name>sha256:76149d530d2349a3e32a6c77647c9bde2191396a43a50cc20730cad69d83c6ea</name><date>2025-04-25</date><newest>false</newest><latest>false</latest><size>71.4 MB</size><downloads>0</downloads><downloads_month>0</downloads_month><downloads_week>0</downloads_week><downloads_day>0</downloads_day><raw_size>71444408</raw_size><raw_downloads>0</raw_downloads><raw_downloads_month>0</raw_downloads_month><raw_downloads_week>0</raw_downloads_week><raw_downloads_day>0</raw_downloads_day></version><version><id>88459926</id><name>sha256:43479eb2152fbb3a3ffdd54b45d355d5eb92988c69625e79ae4e7bf5aca851af</name><date>2025-04-25</date><newest>false</newest><latest>false</latest><size>71.4 MB</size><downloads>8</downloads><downloads_month>0</downloads_month><downloads_week>0</downloads_week><downloads_day>0</downloads_day><raw_size>71444379</raw_size><raw_downloads>8</raw_downloads><raw_downloads_month>0</raw_downloads_month><raw_downloads_week>0</raw_downloads_week><raw_downloads_day>0</raw_downloads_day></version><version><id>95860063</id><name>sha256:a288d10cb56c118d8e5c18573bcfeb921dbf4aa60051f7bf128f01a3444f22f7</name><date>2025-04-25</date><newest>true</newest><latest>true</latest><size>71.8 MB</size><downloads>151</downloads><downloads_month>0</downloads_month><downloads_week>0</downloads_week><downloads_day>0</downloads_day><raw_size>71845079</raw_size><raw_downloads>151</raw_downloads><raw_downloads_month>0</raw_downloads_month><raw_downloads_week>0</raw_downloads_week><raw_downloads_day>0</raw_downloads_day><tags>latest</tags></version></xml>
