<?xml version="1.0" encoding="UTF-8"?><xml><owner_type>orgs</owner_type><package_type>container</package_type><owner_id>67435213</owner_id><owner>drogue-iot</owner><repo>drogue-cloud</repo><package>test-cert-generator</package><date>2024-12-29</date><size>71.8 MB</size><versions>10</versions><tagged>4</tagged><downloads>6.3k</downloads><downloads_month>0</downloads_month><downloads_week>0</downloads_week><downloads_day>0</downloads_day><raw_size>71845079</raw_size><raw_versions>10</raw_versions><raw_tagged>4</raw_tagged><raw_downloads>6367</raw_downloads><raw_downloads_month>0</raw_downloads_month><raw_downloads_week>0</raw_downloads_week><raw_downloads_day>0</raw_downloads_day><version><id>45351416</id><name>sha256:9e3f26dd4a6a192087738e2d07ffb1bdfab6424738e584db4bfa3107a3f8c50c</name><date>2024-12-29</date><newest>false</newest><latest>false</latest><size>70.9 MB</size><downloads>0</downloads><downloads_month>0</downloads_month><downloads_week>0</downloads_week><downloads_day>0</downloads_day><raw_size>70922376</raw_size><raw_downloads>0</raw_downloads><raw_downloads_month>0</raw_downloads_month><raw_downloads_week>0</raw_downloads_week><raw_downloads_day>0</raw_downloads_day></version><version><id>45591080</id><name>sha256:a38976c2961bac39d728f01840120402c21f5fd2e1f5ab4b23117d3ad0b470aa</name><date>2024-12-29</date><newest>false</newest><latest>false</latest><size>-1</size><downloads>-1</downloads><downloads_month>-1</downloads_month><downloads_week>-1</downloads_week><downloads_day>-1</downloads_day><raw_size>-1</raw_size><raw_downloads>-1</raw_downloads><raw_downloads_month>-1</raw_downloads_month><raw_downloads_week>-1</raw_downloads_week><raw_downloads_day>-1</raw_downloads_day><tags>[]</tags></version><version><id>45610111</id><name>sha256:136e354d18e2c2238374f02210a9de9208a12581b75efaa1497ade70500a595d</name><date>2024-12-29</date><newest>false</newest><latest>false</latest><size>70.9 MB</size><downloads>0</downloads><downloads_month>0</downloads_month><downloads_week>0</downloads_week><downloads_day>0</downloads_day><raw_size>70935418</raw_size><raw_downloads>0</raw_downloads><raw_downloads_month>0</raw_downloads_month><raw_downloads_week>0</raw_downloads_week><raw_downloads_day>0</raw_downloads_day></version><version><id>49184811</id><name>sha256:6547c96441f9421e12663226f4da0bcb63c3b8e483bc720099f6ea931ce0e520</name><date>2024-12-29</date><newest>false</newest><latest>false</latest><size>63.5 MB</size><downloads>0</downloads><downloads_month>0</downloads_month><downloads_week>0</downloads_week><downloads_day>0</downloads_day><raw_size>63526699</raw_size><raw_downloads>0</raw_downloads><raw_downloads_month>0</raw_downloads_month><raw_downloads_week>0</raw_downloads_week><raw_downloads_day>0</raw_downloads_day></version><version><id>49424468</id><name>sha256:c9b75006818e8615541d849b4426ff0dbb5ab3018e823cbf7658ba3572158fc9</name><date>2024-12-29</date><newest>false</newest><latest>false</latest><size>71 MB</size><downloads>1</downloads><downloads_month>0</downloads_month><downloads_week>0</downloads_week><downloads_day>0</downloads_day><raw_size>71081295</raw_size><raw_downloads>1</raw_downloads><raw_downloads_month>0</raw_downloads_month><raw_downloads_week>0</raw_downloads_week><raw_downloads_day>0</raw_downloads_day></version><version><id>49445021</id><name>sha256:eaed31a3e22f2b6cadd98724d80c6780cc3879c5afe96a2f83362377d3c9313a</name><date>2024-12-29</date><newest>false</newest><latest>false</latest><size>71 MB</size><downloads>1</downloads><downloads_month>0</downloads_month><downloads_week>0</downloads_week><downloads_day>0</downloads_day><raw_size>71081240</raw_size><raw_downloads>1</raw_downloads><raw_downloads_month>0</raw_downloads_month><raw_downloads_week>0</raw_downloads_week><raw_downloads_day>0</raw_downloads_day></version><version><id>49827834</id><name>sha256:5ca979e13ab7cbd5bffecc38d0dd746f6b662f94343fa33935eaad735a624cf8</name><date>2024-12-29</date><newest>false</newest><latest>false</latest><size>71 MB</size><downloads>0</downloads><downloads_month>0</downloads_month><downloads_week>0</downloads_week><downloads_day>0</downloads_day><raw_size>71081928</raw_size><raw_downloads>0</raw_downloads><raw_downloads_month>0</raw_downloads_month><raw_downloads_week>0</raw_downloads_week><raw_downloads_day>0</raw_downloads_day></version><version><id>50584896</id><name>sha256:f5e6fd78cb07d815b1fb9e6da9ec94374dceef9ab165745f6058bb28ddbabbce</name><date>2024-12-29</date><newest>false</newest><latest>false</latest><size>-1</size><downloads>-1</downloads><downloads_month>-1</downloads_month><downloads_week>-1</downloads_week><downloads_day>-1</downloads_day><raw_size>-1</raw_size><raw_downloads>-1</raw_downloads><raw_downloads_month>-1</raw_downloads_month><raw_downloads_week>-1</raw_downloads_week><raw_downloads_day>-1</raw_downloads_day><tags>0.11.0-rc1</tags></version><version><id>88459546</id><name>sha256:76149d530d2349a3e32a6c77647c9bde2191396a43a50cc20730cad69d83c6ea</name><date>2024-12-29</date><newest>false</newest><latest>false</latest><size>71.4 MB</size><downloads>0</downloads><downloads_month>0</downloads_month><downloads_week>0</downloads_week><downloads_day>0</downloads_day><raw_size>71444408</raw_size><raw_downloads>0</raw_downloads><raw_downloads_month>0</raw_downloads_month><raw_downloads_week>0</raw_downloads_week><raw_downloads_day>0</raw_downloads_day></version><version><id>95860063</id><name>sha256:a288d10cb56c118d8e5c18573bcfeb921dbf4aa60051f7bf128f01a3444f22f7</name><date>2024-12-29</date><newest>true</newest><latest>true</latest><size>71.8 MB</size><downloads>151</downloads><downloads_month>0</downloads_month><downloads_week>0</downloads_week><downloads_day>0</downloads_day><raw_size>71845079</raw_size><raw_downloads>151</raw_downloads><raw_downloads_month>0</raw_downloads_month><raw_downloads_week>0</raw_downloads_week><raw_downloads_day>0</raw_downloads_day><tags>latest</tags></version></xml>
