<?xml version="1.0" encoding="UTF-8"?><xml><owner_type>users</owner_type><package_type>container</package_type><owner_id>24955913</owner_id><owner>samruddhikhandale</owner><repo>test-installsAfter-legacyIds</repo><package>test-installsafter-legacyids</package><date>2025-01-19</date><size>2 kB</size><versions>1</versions><tagged>0</tagged><owner_rank>25</owner_rank><repo_rank>2</repo_rank><downloads>161</downloads><downloads_month>0</downloads_month><downloads_week>0</downloads_week><downloads_day>0</downloads_day><raw_size>2013</raw_size><raw_versions>1</raw_versions><raw_tagged>0</raw_tagged><raw_owner_rank>25</raw_owner_rank><raw_repo_rank>2</raw_repo_rank><raw_downloads>161</raw_downloads><raw_downloads_month>0</raw_downloads_month><raw_downloads_week>0</raw_downloads_week><raw_downloads_day>0</raw_downloads_day><version><id>60220899</id><name>sha256:0775415d1df4f3b769ead95aaf744a3a281c7ed1e7b40ea87577866b7ae04ed3</name><date>2025-01-19</date><newest>true</newest><latest>false</latest><size>2 kB</size><downloads>0</downloads><downloads_month>0</downloads_month><downloads_week>0</downloads_week><downloads_day>0</downloads_day><raw_size>2013</raw_size><raw_downloads>0</raw_downloads><raw_downloads_month>0</raw_downloads_month><raw_downloads_week>0</raw_downloads_week><raw_downloads_day>0</raw_downloads_day></version></xml>
