<?xml version="1.0" encoding="UTF-8"?><xml><owner_type>users</owner_type><package_type>container</package_type><owner_id>24955913</owner_id><owner>samruddhikhandale</owner><repo>test-installsAfter-legacyIds</repo><package>test-installsafter-legacyids%2Fhello</package><date>2025-03-08</date><size>5</size><versions>2</versions><tagged>2</tagged><owner_rank>13</owner_rank><repo_rank>1</repo_rank><downloads>762</downloads><downloads_month>1</downloads_month><downloads_week>0</downloads_week><downloads_day>0</downloads_day><raw_size>5</raw_size><raw_versions>2</raw_versions><raw_tagged>2</raw_tagged><raw_owner_rank>13</raw_owner_rank><raw_repo_rank>1</raw_repo_rank><raw_downloads>762</raw_downloads><raw_downloads_month>1</raw_downloads_month><raw_downloads_week>0</raw_downloads_week><raw_downloads_day>0</raw_downloads_day><version><id>60220239</id><name>sha256:954f085c985357fdeab5cf15b255f43e3bc330da17177b9170a723a1c86f1037</name><date>2025-03-08</date><newest>false</newest><latest>false</latest><size>5</size><downloads>148</downloads><downloads_month>0</downloads_month><downloads_week>0</downloads_week><downloads_day>0</downloads_day><raw_size>5</raw_size><raw_downloads>148</raw_downloads><raw_downloads_month>0</raw_downloads_month><raw_downloads_week>0</raw_downloads_week><raw_downloads_day>0</raw_downloads_day><tags>1.0.0</tags></version><version><id>60220879</id><name>sha256:ff5208e25f092af0ebfc1667344a8ff09e6eb4eba8b178adbd12fc0c142abcc0</name><date>2025-03-08</date><newest>true</newest><latest>true</latest><size>5</size><downloads>614</downloads><downloads_month>1</downloads_month><downloads_week>0</downloads_week><downloads_day>0</downloads_day><raw_size>5</raw_size><raw_downloads>614</raw_downloads><raw_downloads_month>1</raw_downloads_month><raw_downloads_week>0</raw_downloads_week><raw_downloads_day>0</raw_downloads_day><tags>1.0.1</tags><tags>latest</tags><tags>1.0</tags><tags>1</tags></version></xml>
