<?xml version="1.0" encoding="UTF-8"?><xml><owner_type>users</owner_type><package_type>container</package_type><owner_id>24955913</owner_id><owner>samruddhikhandale</owner><repo>test-installsAfter-legacyIds</repo><package>test-installsafter-legacyids</package><date>2025-07-10</date><size>1.8 kB</size><versions>3</versions><tagged>1</tagged><owner_rank>53</owner_rank><repo_rank>4</repo_rank><downloads>162</downloads><downloads_month>0</downloads_month><downloads_week>0</downloads_week><downloads_day>0</downloads_day><raw_size>1843</raw_size><raw_versions>3</raw_versions><raw_tagged>1</raw_tagged><raw_owner_rank>53</raw_owner_rank><raw_repo_rank>4</raw_repo_rank><raw_downloads>162</raw_downloads><raw_downloads_month>0</raw_downloads_month><raw_downloads_week>0</raw_downloads_week><raw_downloads_day>0</raw_downloads_day><version><id>60220241</id><name>sha256:270f8d9c1f9aad052dc2d959812f073dc7efef017e41bbe6b2cd70e1918254a9</name><date>2025-07-10</date><newest>false</newest><latest>false</latest><size>1.8 kB</size><downloads>0</downloads><downloads_month>0</downloads_month><downloads_week>0</downloads_week><downloads_day>0</downloads_day><raw_size>1818</raw_size><raw_downloads>0</raw_downloads><raw_downloads_month>0</raw_downloads_month><raw_downloads_week>0</raw_downloads_week><raw_downloads_day>0</raw_downloads_day></version><version><id>60220899</id><name>sha256:0775415d1df4f3b769ead95aaf744a3a281c7ed1e7b40ea87577866b7ae04ed3</name><date>2025-07-10</date><newest>false</newest><latest>false</latest><size>2 kB</size><downloads>0</downloads><downloads_month>0</downloads_month><downloads_week>0</downloads_week><downloads_day>0</downloads_day><raw_size>2013</raw_size><raw_downloads>0</raw_downloads><raw_downloads_month>0</raw_downloads_month><raw_downloads_week>0</raw_downloads_week><raw_downloads_day>0</raw_downloads_day></version><version><id>60709620</id><name>sha256:ed38dd543b9dba95c1be759c676fec5525cd69a2543ba635b3840fbecbed5cf8</name><date>2025-07-10</date><newest>true</newest><latest>true</latest><size>1.8 kB</size><downloads>162</downloads><downloads_month>0</downloads_month><downloads_week>0</downloads_week><downloads_day>0</downloads_day><raw_size>1843</raw_size><raw_downloads>162</raw_downloads><raw_downloads_month>0</raw_downloads_month><raw_downloads_week>0</raw_downloads_week><raw_downloads_day>0</raw_downloads_day><tags>latest</tags></version></xml>
