<?xml version="1.0" encoding="UTF-8"?><xml><owner_type>users</owner_type><package_type>container</package_type><owner_id>24955913</owner_id><owner>samruddhikhandale</owner><repo>test-installsAfter-legacyIds</repo><package>test-installsafter-legacyids%2Fcolor</package><date>2024-12-27</date><size>-1</size><versions>1</versions><tagged>1</tagged><downloads>738</downloads><downloads_month>0</downloads_month><downloads_week>0</downloads_week><downloads_day>0</downloads_day><raw_size>-1</raw_size><raw_versions>1</raw_versions><raw_tagged>1</raw_tagged><raw_downloads>738</raw_downloads><raw_downloads_month>0</raw_downloads_month><raw_downloads_week>0</raw_downloads_week><raw_downloads_day>0</raw_downloads_day><version><id>60220889</id><name>sha256:f1fd34be77c887c36ad0dd317a8b7a94f26d914dfd76eb8db8edd2be91591cae</name><date>2024-12-27</date><newest>true</newest><latest>true</latest><size>-1</size><downloads>593</downloads><downloads_month>0</downloads_month><downloads_week>0</downloads_week><downloads_day>0</downloads_day><raw_size>-1</raw_size><raw_downloads>593</raw_downloads><raw_downloads_month>0</raw_downloads_month><raw_downloads_week>0</raw_downloads_week><raw_downloads_day>0</raw_downloads_day><tags>1.0.1</tags><tags>latest</tags><tags>1.0</tags><tags>1</tags></version></xml>
