<?xml version="1.0" encoding="UTF-8"?><xml><owner_type>users</owner_type><package_type>container</package_type><owner_id>24955913</owner_id><owner>samruddhikhandale</owner><repo>test-starter-template</repo><package>test-starter-template%2Fhello</package><date>2025-10-09</date><size>7.1 kB</size><versions>1</versions><tagged>1</tagged><owner_rank>46</owner_rank><repo_rank>2</repo_rank><downloads>609</downloads><downloads_month>0</downloads_month><downloads_week>0</downloads_week><downloads_day>0</downloads_day><raw_size>7193</raw_size><raw_versions>1</raw_versions><raw_tagged>1</raw_tagged><raw_owner_rank>46</raw_owner_rank><raw_repo_rank>2</raw_repo_rank><raw_downloads>609</raw_downloads><raw_downloads_month>0</raw_downloads_month><raw_downloads_week>0</raw_downloads_week><raw_downloads_day>0</raw_downloads_day><version><id>48773090</id><name>sha256:75acc7561f744daec8d3e99d09aceb6c2ce502d158f59d9749888b78d76fce9c</name><date>2025-10-09</date><newest>true</newest><latest>true</latest><size>7.1 kB</size><downloads>609</downloads><downloads_month>0</downloads_month><downloads_week>0</downloads_week><downloads_day>0</downloads_day><raw_size>7193</raw_size><raw_downloads>609</raw_downloads><raw_downloads_month>0</raw_downloads_month><raw_downloads_week>0</raw_downloads_week><raw_downloads_day>0</raw_downloads_day><tags>latest</tags><tags>1.0.0</tags><tags>1.0</tags><tags>1</tags></version></xml>
