<?xml version="1.0" encoding="UTF-8"?><xml><owner_type>users</owner_type><package_type>container</package_type><owner_id>24955913</owner_id><owner>samruddhikhandale</owner><repo>test-starter-template</repo><package>test-starter-template%2Fcolor</package><date>2025-03-09</date><size>5.6 kB</size><versions>1</versions><tagged>1</tagged><owner_rank>45</owner_rank><repo_rank>1</repo_rank><downloads>617</downloads><downloads_month>0</downloads_month><downloads_week>0</downloads_week><downloads_day>0</downloads_day><raw_size>5657</raw_size><raw_versions>1</raw_versions><raw_tagged>1</raw_tagged><raw_owner_rank>45</raw_owner_rank><raw_repo_rank>1</raw_repo_rank><raw_downloads>617</raw_downloads><raw_downloads_month>0</raw_downloads_month><raw_downloads_week>0</raw_downloads_week><raw_downloads_day>0</raw_downloads_day><version><id>48772736</id><name>sha256:913d8b47b6ffca8700568428e9c791e11a554b1e587fd781230f0157e2264bc4</name><date>2025-03-09</date><newest>true</newest><latest>true</latest><size>5.6 kB</size><downloads>616</downloads><downloads_month>0</downloads_month><downloads_week>0</downloads_week><downloads_day>0</downloads_day><raw_size>5657</raw_size><raw_downloads>616</raw_downloads><raw_downloads_month>0</raw_downloads_month><raw_downloads_week>0</raw_downloads_week><raw_downloads_day>0</raw_downloads_day><tags>latest</tags><tags>1.0.0</tags><tags>1.0</tags><tags>1</tags></version></xml>
