<?xml version="1.0" encoding="UTF-8"?><xml><owner_type>orgs</owner_type><package_type>container</package_type><owner_id>131524</owner_id><owner>mozilla</owner><repo>test-github-features</repo><package>test-github-features</package><date>2025-06-19</date><size>408.5 MB</size><versions>139</versions><tagged>100</tagged><owner_rank>2</owner_rank><repo_rank>1</repo_rank><downloads>3.7k</downloads><downloads_month>76</downloads_month><downloads_week>26</downloads_week><downloads_day>26</downloads_day><raw_size>408588124</raw_size><raw_versions>139</raw_versions><raw_tagged>100</raw_tagged><raw_owner_rank>2</raw_owner_rank><raw_repo_rank>1</raw_repo_rank><raw_downloads>3739</raw_downloads><raw_downloads_month>76</raw_downloads_month><raw_downloads_week>26</raw_downloads_week><raw_downloads_day>26</raw_downloads_day><version><id>191588722</id><name>sha256:150a9394ff952d9fc33c824a1d29ac1b6e97792222699a910daba65ca7357a6c</name><date>2025-06-19</date><newest>false</newest><latest>false</latest><size>454.4 MB</size><downloads>5</downloads><downloads_month>0</downloads_month><downloads_week>0</downloads_week><downloads_day>0</downloads_day><raw_size>454416517</raw_size><raw_downloads>5</raw_downloads><raw_downloads_month>0</raw_downloads_month><raw_downloads_week>0</raw_downloads_week><raw_downloads_day>0</raw_downloads_day><tags>[]</tags></version><version><id>191588729</id><name>sha256:816d04115ef40d99fb53e3d9bb293ab35e5f3395c2f354bf9a336d5a625b2cad</name><date>2025-06-19</date><newest>false</newest><latest>false</latest><size>408.5 MB</size><downloads>37</downloads><downloads_month>0</downloads_month><downloads_week>0</downloads_week><downloads_day>0</downloads_day><raw_size>408588124</raw_size><raw_downloads>37</raw_downloads><raw_downloads_month>0</raw_downloads_month><raw_downloads_week>0</raw_downloads_week><raw_downloads_day>0</raw_downloads_day><tags>gh-readonly-queue-main-pr-26-2b1c1687c041a9d66c181967859d973101bee0f8</tags></version><version><id>191589518</id><name>sha256:857801413f0683c387e7d9e7b38d3618ab51eb2cf5e8cbf9b6d840467526039c</name><date>2025-06-19</date><newest>false</newest><latest>false</latest><size>19.4 kB</size><downloads>1</downloads><downloads_month>0</downloads_month><downloads_week>0</downloads_week><downloads_day>0</downloads_day><raw_size>19440</raw_size><raw_downloads>1</raw_downloads><raw_downloads_month>0</raw_downloads_month><raw_downloads_week>0</raw_downloads_week><raw_downloads_day>0</raw_downloads_day><tags>[]</tags></version><version><id>191589526</id><name>sha256:a761c462fa284cf84d2078d7ac0d3a720307cdc297bf708999f3f96e82828e4f</name><date>2025-06-19</date><newest>false</newest><latest>false</latest><size>408.5 MB</size><downloads>36</downloads><downloads_month>0</downloads_month><downloads_week>0</downloads_week><downloads_day>0</downloads_day><raw_size>408588124</raw_size><raw_downloads>36</raw_downloads><raw_downloads_month>0</raw_downloads_month><raw_downloads_week>0</raw_downloads_week><raw_downloads_day>0</raw_downloads_day><tags>main</tags></version><version><id>191591699</id><name>sha256:e562eb134703c66dcdd6b92fb5078567d3aebf180e59d5df254a5ef9627b2718</name><date>2025-06-19</date><newest>false</newest><latest>false</latest><size>454.4 MB</size><downloads>5</downloads><downloads_month>0</downloads_month><downloads_week>0</downloads_week><downloads_day>0</downloads_day><raw_size>454416525</raw_size><raw_downloads>5</raw_downloads><raw_downloads_month>0</raw_downloads_month><raw_downloads_week>0</raw_downloads_week><raw_downloads_day>0</raw_downloads_day><tags>[]</tags></version><version><id>191591706</id><name>sha256:ef3861df19be24f9e5e3ade2ce9e5467b9d71931796274f3a6d9693c4045efc4</name><date>2025-06-19</date><newest>false</newest><latest>false</latest><size>19.4 kB</size><downloads>1</downloads><downloads_month>0</downloads_month><downloads_week>0</downloads_week><downloads_day>0</downloads_day><raw_size>19460</raw_size><raw_downloads>1</raw_downloads><raw_downloads_month>0</raw_downloads_month><raw_downloads_week>0</raw_downloads_week><raw_downloads_day>0</raw_downloads_day><tags>[]</tags></version><version><id>191591712</id><name>sha256:c0b42acdce2869cca12fbe82e514714800382805e4c4d1fcb4af82fe42ceb3bb</name><date>2025-06-19</date><newest>false</newest><latest>false</latest><size>408.5 MB</size><downloads>37</downloads><downloads_month>0</downloads_month><downloads_week>0</downloads_week><downloads_day>0</downloads_day><raw_size>408588124</raw_size><raw_downloads>37</raw_downloads><raw_downloads_month>0</raw_downloads_month><raw_downloads_week>0</raw_downloads_week><raw_downloads_day>0</raw_downloads_day><tags>gh-readonly-queue-main-pr-27-13fbf733e645cd0a79739274e44bef716e2c5f72</tags></version><version><id>191592398</id><name>sha256:7bbb393267b6ec9d58889cecd9e3ae6e71c8db8f39f74fd5bf8e34a407d740b3</name><date>2025-06-19</date><newest>false</newest><latest>false</latest><size>454.4 MB</size><downloads>26</downloads><downloads_month>0</downloads_month><downloads_week>0</downloads_week><downloads_day>0</downloads_day><raw_size>454416141</raw_size><raw_downloads>26</raw_downloads><raw_downloads_month>0</raw_downloads_month><raw_downloads_week>0</raw_downloads_week><raw_downloads_day>0</raw_downloads_day><tags>[]</tags></version><version><id>191592400</id><name>sha256:e710240beb40f16df59dccf410e43de24e824cca4ab97c8e0880ebf6a0a79f3b</name><date>2025-06-19</date><newest>false</newest><latest>false</latest><size>19.2 kB</size><downloads>0</downloads><downloads_month>0</downloads_month><downloads_week>0</downloads_week><downloads_day>0</downloads_day><raw_size>19271</raw_size><raw_downloads>0</raw_downloads><raw_downloads_month>0</raw_downloads_month><raw_downloads_week>0</raw_downloads_week><raw_downloads_day>0</raw_downloads_day><tags>[]</tags></version><version><id>191592405</id><name>sha256:79f79557e1ede19abe4d1e39a96d78f3c4e1e044563ac306ac871822103dfb42</name><date>2025-06-19</date><newest>false</newest><latest>false</latest><size>408.5 MB</size><downloads>6</downloads><downloads_month>0</downloads_month><downloads_week>0</downloads_week><downloads_day>0</downloads_day><raw_size>408588124</raw_size><raw_downloads>6</raw_downloads><raw_downloads_month>0</raw_downloads_month><raw_downloads_week>0</raw_downloads_week><raw_downloads_day>0</raw_downloads_day><tags>[]</tags></version><version><id>191618160</id><name>sha256:a1f6740cf712217e95f11ea81f4690a623062eda454c10c7035e2c5e107d912c</name><date>2025-06-19</date><newest>false</newest><latest>false</latest><size>454.4 MB</size><downloads>4</downloads><downloads_month>0</downloads_month><downloads_week>0</downloads_week><downloads_day>0</downloads_day><raw_size>454416156</raw_size><raw_downloads>4</raw_downloads><raw_downloads_month>0</raw_downloads_month><raw_downloads_week>0</raw_downloads_week><raw_downloads_day>0</raw_downloads_day><tags>[]</tags></version><version><id>191618166</id><name>sha256:de996f77f3d93b1e06d97fb95634ad9f5745e3416d69efa587cf625e83a9aed7</name><date>2025-06-19</date><newest>false</newest><latest>false</latest><size>19.2 kB</size><downloads>0</downloads><downloads_month>0</downloads_month><downloads_week>0</downloads_week><downloads_day>0</downloads_day><raw_size>19274</raw_size><raw_downloads>0</raw_downloads><raw_downloads_month>0</raw_downloads_month><raw_downloads_week>0</raw_downloads_week><raw_downloads_day>0</raw_downloads_day><tags>[]</tags></version><version><id>191618168</id><name>sha256:48856cb0c5c83e190230c421498e6236b81df4e827ac0ec8b4ffa2d168615b9d</name><date>2025-06-19</date><newest>false</newest><latest>false</latest><size>408.5 MB</size><downloads>4</downloads><downloads_month>0</downloads_month><downloads_week>0</downloads_week><downloads_day>0</downloads_day><raw_size>408588124</raw_size><raw_downloads>4</raw_downloads><raw_downloads_month>0</raw_downloads_month><raw_downloads_week>0</raw_downloads_week><raw_downloads_day>0</raw_downloads_day><tags>[]</tags></version><version><id>191618466</id><name>sha256:c882d4667926b003a542b312f0fa8bf4208f40ea6196e507106b5ce0ef546f07</name><date>2025-06-19</date><newest>false</newest><latest>false</latest><size>19.2 kB</size><downloads>0</downloads><downloads_month>0</downloads_month><downloads_week>0</downloads_week><downloads_day>0</downloads_day><raw_size>19271</raw_size><raw_downloads>0</raw_downloads><raw_downloads_month>0</raw_downloads_month><raw_downloads_week>0</raw_downloads_week><raw_downloads_day>0</raw_downloads_day><tags>[]</tags></version><version><id>191618471</id><name>sha256:57d1643ab78097813a6d3a82c138cdaa07ad5ea33b412a5a6d1ebd202406b7de</name><date>2025-06-19</date><newest>false</newest><latest>false</latest><size>408.5 MB</size><downloads>6</downloads><downloads_month>0</downloads_month><downloads_week>0</downloads_week><downloads_day>0</downloads_day><raw_size>408588124</raw_size><raw_downloads>6</raw_downloads><raw_downloads_month>0</raw_downloads_month><raw_downloads_week>0</raw_downloads_week><raw_downloads_day>0</raw_downloads_day><tags>[]</tags></version><version><id>191682165</id><name>sha256:58922fda65ee294ddcb8f7cf60519bec49dc2f2cf18ca7c5c328bc1550057cdc</name><date>2025-06-19</date><newest>false</newest><latest>false</latest><size>454.4 MB</size><downloads>3</downloads><downloads_month>0</downloads_month><downloads_week>0</downloads_week><downloads_day>0</downloads_day><raw_size>454416162</raw_size><raw_downloads>3</raw_downloads><raw_downloads_month>0</raw_downloads_month><raw_downloads_week>0</raw_downloads_week><raw_downloads_day>0</raw_downloads_day><tags>[]</tags></version><version><id>191682166</id><name>sha256:6ba50bd520dfadc79fe4cb855df51add17220067e041f56ed69ccb369fb6f338</name><date>2025-06-19</date><newest>false</newest><latest>false</latest><size>19.2 kB</size><downloads>0</downloads><downloads_month>0</downloads_month><downloads_week>0</downloads_week><downloads_day>0</downloads_day><raw_size>19274</raw_size><raw_downloads>0</raw_downloads><raw_downloads_month>0</raw_downloads_month><raw_downloads_week>0</raw_downloads_week><raw_downloads_day>0</raw_downloads_day><tags>[]</tags></version><version><id>191682168</id><name>sha256:f42d58ce1c32b6ef2373b759b2b95bf513be302333e4abdc732fecf7faa755d1</name><date>2025-06-19</date><newest>false</newest><latest>false</latest><size>408.5 MB</size><downloads>0</downloads><downloads_month>0</downloads_month><downloads_week>0</downloads_week><downloads_day>0</downloads_day><raw_size>408588124</raw_size><raw_downloads>0</raw_downloads><raw_downloads_month>0</raw_downloads_month><raw_downloads_week>0</raw_downloads_week><raw_downloads_day>0</raw_downloads_day><tags>[]</tags></version><version><id>191683383</id><name>sha256:1889b3f34ae7c3910aa32e49562398840a9b0b58e729ed6a113dd603504a3389</name><date>2025-06-19</date><newest>false</newest><latest>false</latest><size>19.2 kB</size><downloads>0</downloads><downloads_month>0</downloads_month><downloads_week>0</downloads_week><downloads_day>0</downloads_day><raw_size>19274</raw_size><raw_downloads>0</raw_downloads><raw_downloads_month>0</raw_downloads_month><raw_downloads_week>0</raw_downloads_week><raw_downloads_day>0</raw_downloads_day><tags>[]</tags></version><version><id>191683386</id><name>sha256:58ccb181e10077c06dc34ee5bc13690c7aa802e219235d4ae6af1e0b44f37b30</name><date>2025-06-19</date><newest>false</newest><latest>false</latest><size>408.5 MB</size><downloads>3</downloads><downloads_month>0</downloads_month><downloads_week>0</downloads_week><downloads_day>0</downloads_day><raw_size>408588124</raw_size><raw_downloads>3</raw_downloads><raw_downloads_month>0</raw_downloads_month><raw_downloads_week>0</raw_downloads_week><raw_downloads_day>0</raw_downloads_day><tags>[]</tags></version><version><id>192420179</id><name>sha256:a34a7b1c4f58e631f7960d09bc0c7ee59f856c57c53dd21fb368974ac131b0c5</name><date>2025-06-19</date><newest>false</newest><latest>false</latest><size>19.2 kB</size><downloads>1</downloads><downloads_month>0</downloads_month><downloads_week>0</downloads_week><downloads_day>0</downloads_day><raw_size>19246</raw_size><raw_downloads>1</raw_downloads><raw_downloads_month>0</raw_downloads_month><raw_downloads_week>0</raw_downloads_week><raw_downloads_day>0</raw_downloads_day><tags>[]</tags></version><version><id>192420188</id><name>sha256:2d65d05d546f94ca5ae9c803ea8fc3f3486cba25810249ecc70c9a7eb8a92aa3</name><date>2025-06-19</date><newest>false</newest><latest>false</latest><size>408.5 MB</size><downloads>37</downloads><downloads_month>0</downloads_month><downloads_week>0</downloads_week><downloads_day>0</downloads_day><raw_size>408588124</raw_size><raw_downloads>37</raw_downloads><raw_downloads_month>0</raw_downloads_month><raw_downloads_week>0</raw_downloads_week><raw_downloads_day>0</raw_downloads_day><tags>sha-97019ed</tags></version><version><id>192430203</id><name>sha256:dced70217fd528491a26e5a120923b4aa6626540e060160d3478ce1269020f18</name><date>2025-06-19</date><newest>false</newest><latest>false</latest><size>19.4 kB</size><downloads>1</downloads><downloads_month>0</downloads_month><downloads_week>0</downloads_week><downloads_day>0</downloads_day><raw_size>19412</raw_size><raw_downloads>1</raw_downloads><raw_downloads_month>0</raw_downloads_month><raw_downloads_week>0</raw_downloads_week><raw_downloads_day>0</raw_downloads_day><tags>[]</tags></version><version><id>192430258</id><name>sha256:d1ba930d9fb91e0e484e197ca7f773c63e81566c3d2744a37939209073801f96</name><date>2025-06-19</date><newest>false</newest><latest>false</latest><size>408.5 MB</size><downloads>39</downloads><downloads_month>0</downloads_month><downloads_week>0</downloads_week><downloads_day>0</downloads_day><raw_size>408588124</raw_size><raw_downloads>39</raw_downloads><raw_downloads_month>0</raw_downloads_month><raw_downloads_week>0</raw_downloads_week><raw_downloads_day>0</raw_downloads_day><tags>sha-2e15311</tags></version><version><id>192437559</id><name>sha256:e09abb24843161f39e16ac3f2ce35870bcee5c332ea96c7664defa22c9ad7931</name><date>2025-06-19</date><newest>false</newest><latest>false</latest><size>454.4 MB</size><downloads>5</downloads><downloads_month>0</downloads_month><downloads_week>0</downloads_week><downloads_day>0</downloads_day><raw_size>454415785</raw_size><raw_downloads>5</raw_downloads><raw_downloads_month>0</raw_downloads_month><raw_downloads_week>0</raw_downloads_week><raw_downloads_day>0</raw_downloads_day><tags>[]</tags></version><version><id>192437567</id><name>sha256:405e3baaceb1d9745588469ea62afc7ad8500737fef3ce5e1e42c894bf211a56</name><date>2025-06-19</date><newest>false</newest><latest>false</latest><size>19.4 kB</size><downloads>1</downloads><downloads_month>0</downloads_month><downloads_week>0</downloads_week><downloads_day>0</downloads_day><raw_size>19409</raw_size><raw_downloads>1</raw_downloads><raw_downloads_month>0</raw_downloads_month><raw_downloads_week>0</raw_downloads_week><raw_downloads_day>0</raw_downloads_day><tags>[]</tags></version><version><id>192437574</id><name>sha256:0ac6a127429c2a595a8e8218eacbd37dc8880a04f694277c3834e581eb2dcc03</name><date>2025-06-19</date><newest>false</newest><latest>false</latest><size>408.5 MB</size><downloads>37</downloads><downloads_month>0</downloads_month><downloads_week>0</downloads_week><downloads_day>0</downloads_day><raw_size>408588124</raw_size><raw_downloads>37</raw_downloads><raw_downloads_month>0</raw_downloads_month><raw_downloads_week>0</raw_downloads_week><raw_downloads_day>0</raw_downloads_day><tags>sha-9df6ff5</tags></version><version><id>192438830</id><name>sha256:c6b09b1b1f6588126ee35ba909f903f246a7866f5779b31c15047cdd553a44af</name><date>2025-06-19</date><newest>false</newest><latest>false</latest><size>454.4 MB</size><downloads>55</downloads><downloads_month>0</downloads_month><downloads_week>0</downloads_week><downloads_day>0</downloads_day><raw_size>454415791</raw_size><raw_downloads>55</raw_downloads><raw_downloads_month>0</raw_downloads_month><raw_downloads_week>0</raw_downloads_week><raw_downloads_day>0</raw_downloads_day><tags>[]</tags></version><version><id>192438838</id><name>sha256:1662a7999d435223f3cb5a7fb28a577b3441049fc2cee75a9dc2191571410b4f</name><date>2025-06-19</date><newest>false</newest><latest>false</latest><size>19.4 kB</size><downloads>1</downloads><downloads_month>0</downloads_month><downloads_week>0</downloads_week><downloads_day>0</downloads_day><raw_size>19408</raw_size><raw_downloads>1</raw_downloads><raw_downloads_month>0</raw_downloads_month><raw_downloads_week>0</raw_downloads_week><raw_downloads_day>0</raw_downloads_day><tags>[]</tags></version><version><id>192438845</id><name>sha256:4cf4e3abdd003ab3c3ce766632907ba769aed7296aef6c557011e5cda0c11fbd</name><date>2025-06-19</date><newest>false</newest><latest>false</latest><size>408.5 MB</size><downloads>36</downloads><downloads_month>0</downloads_month><downloads_week>0</downloads_week><downloads_day>0</downloads_day><raw_size>408588124</raw_size><raw_downloads>36</raw_downloads><raw_downloads_month>0</raw_downloads_month><raw_downloads_week>0</raw_downloads_week><raw_downloads_day>0</raw_downloads_day><tags>sha-a2292b9</tags></version><version><id>192439286</id><name>sha256:810bb37c3bd0c522ea912ba42707c1dc3a7ee44e323f7b556390e52434e52746</name><date>2025-06-19</date><newest>false</newest><latest>false</latest><size>19.4 kB</size><downloads>1</downloads><downloads_month>0</downloads_month><downloads_week>0</downloads_week><downloads_day>0</downloads_day><raw_size>19409</raw_size><raw_downloads>1</raw_downloads><raw_downloads_month>0</raw_downloads_month><raw_downloads_week>0</raw_downloads_week><raw_downloads_day>0</raw_downloads_day><tags>[]</tags></version><version><id>192439294</id><name>sha256:3487596d752016b8005894eb0e397ec27dd8ba814cb28c3fcb23a1a0ef6ddd89</name><date>2025-06-19</date><newest>false</newest><latest>false</latest><size>408.5 MB</size><downloads>36</downloads><downloads_month>0</downloads_month><downloads_week>0</downloads_week><downloads_day>0</downloads_day><raw_size>408588124</raw_size><raw_downloads>36</raw_downloads><raw_downloads_month>0</raw_downloads_month><raw_downloads_week>0</raw_downloads_week><raw_downloads_day>0</raw_downloads_day><tags>sha-0a285c9</tags></version><version><id>192472168</id><name>sha256:d1353f55a8b68028c320a3bddb792445a69a0d459c056c51ff95072b711b94f9</name><date>2025-06-19</date><newest>false</newest><latest>false</latest><size>19.4 kB</size><downloads>1</downloads><downloads_month>0</downloads_month><downloads_week>0</downloads_week><downloads_day>0</downloads_day><raw_size>19409</raw_size><raw_downloads>1</raw_downloads><raw_downloads_month>0</raw_downloads_month><raw_downloads_week>0</raw_downloads_week><raw_downloads_day>0</raw_downloads_day><tags>[]</tags></version><version><id>192472173</id><name>sha256:f74121297d452c72ed653a76bfe47830cb795a4df0915e15d1d66ce2132f3803</name><date>2025-06-19</date><newest>false</newest><latest>false</latest><size>408.5 MB</size><downloads>36</downloads><downloads_month>0</downloads_month><downloads_week>0</downloads_week><downloads_day>0</downloads_day><raw_size>408588124</raw_size><raw_downloads>36</raw_downloads><raw_downloads_month>0</raw_downloads_month><raw_downloads_week>0</raw_downloads_week><raw_downloads_day>0</raw_downloads_day><tags>sha-59e9ab0</tags></version><version><id>192477388</id><name>sha256:e8b2a82052842dc989372655a8908f6c92f6639ee18f4d56a57fe8839fe31da0</name><date>2025-06-19</date><newest>false</newest><latest>false</latest><size>19.4 kB</size><downloads>1</downloads><downloads_month>0</downloads_month><downloads_week>0</downloads_week><downloads_day>0</downloads_day><raw_size>19409</raw_size><raw_downloads>1</raw_downloads><raw_downloads_month>0</raw_downloads_month><raw_downloads_week>0</raw_downloads_week><raw_downloads_day>0</raw_downloads_day><tags>[]</tags></version><version><id>192477393</id><name>sha256:4145e66365cad3f7c67e7d895243ad1e15cc4506eaaedc833950009a0a3cfd54</name><date>2025-06-19</date><newest>false</newest><latest>false</latest><size>408.5 MB</size><downloads>36</downloads><downloads_month>0</downloads_month><downloads_week>0</downloads_week><downloads_day>0</downloads_day><raw_size>408588124</raw_size><raw_downloads>36</raw_downloads><raw_downloads_month>0</raw_downloads_month><raw_downloads_week>0</raw_downloads_week><raw_downloads_day>0</raw_downloads_day><tags>sha-a932a65</tags></version><version><id>192479638</id><name>sha256:114117549954ffef984998a729ddd426c99c56f081e2b88af103563ded0fa85d</name><date>2025-06-19</date><newest>false</newest><latest>false</latest><size>19.4 kB</size><downloads>1</downloads><downloads_month>0</downloads_month><downloads_week>0</downloads_week><downloads_day>0</downloads_day><raw_size>19409</raw_size><raw_downloads>1</raw_downloads><raw_downloads_month>0</raw_downloads_month><raw_downloads_week>0</raw_downloads_week><raw_downloads_day>0</raw_downloads_day><tags>[]</tags></version><version><id>192479643</id><name>sha256:442977a30dd128c42a059b9239009c42160f27bf72117bd2c963b8deae2a9756</name><date>2025-06-19</date><newest>false</newest><latest>false</latest><size>408.5 MB</size><downloads>36</downloads><downloads_month>0</downloads_month><downloads_week>0</downloads_week><downloads_day>0</downloads_day><raw_size>408588124</raw_size><raw_downloads>36</raw_downloads><raw_downloads_month>0</raw_downloads_month><raw_downloads_week>0</raw_downloads_week><raw_downloads_day>0</raw_downloads_day><tags>sha-471106e</tags></version><version><id>192512360</id><name>sha256:6d2a4c4ed5fa8817051826b82dc064658f0bc11d984d446d38180b79e3f713ae</name><date>2025-06-19</date><newest>false</newest><latest>false</latest><size>19.4 kB</size><downloads>1</downloads><downloads_month>0</downloads_month><downloads_week>0</downloads_week><downloads_day>0</downloads_day><raw_size>19408</raw_size><raw_downloads>1</raw_downloads><raw_downloads_month>0</raw_downloads_month><raw_downloads_week>0</raw_downloads_week><raw_downloads_day>0</raw_downloads_day><tags>[]</tags></version><version><id>192512362</id><name>sha256:2006365bc9c7bd5637b84fc8bcd87a1b2189a3d617d80793072e5d44c506a81e</name><date>2025-06-19</date><newest>false</newest><latest>false</latest><size>408.5 MB</size><downloads>36</downloads><downloads_month>0</downloads_month><downloads_week>0</downloads_week><downloads_day>0</downloads_day><raw_size>408588124</raw_size><raw_downloads>36</raw_downloads><raw_downloads_month>0</raw_downloads_month><raw_downloads_week>0</raw_downloads_week><raw_downloads_day>0</raw_downloads_day><tags>sha-d1677b8</tags></version><version><id>192513152</id><name>sha256:7135765ccf2286029538282cd16eea80b552a62bc190340fa7816dba9ad1e73e</name><date>2025-06-19</date><newest>false</newest><latest>false</latest><size>19.4 kB</size><downloads>1</downloads><downloads_month>0</downloads_month><downloads_week>0</downloads_week><downloads_day>0</downloads_day><raw_size>19409</raw_size><raw_downloads>1</raw_downloads><raw_downloads_month>0</raw_downloads_month><raw_downloads_week>0</raw_downloads_week><raw_downloads_day>0</raw_downloads_day><tags>[]</tags></version><version><id>192513159</id><name>sha256:e1ba28aa2a402ef25cdcee15b188abe4b93b2b9440cb5699d7b3727f9c930e33</name><date>2025-06-19</date><newest>false</newest><latest>false</latest><size>408.5 MB</size><downloads>36</downloads><downloads_month>0</downloads_month><downloads_week>0</downloads_week><downloads_day>0</downloads_day><raw_size>408588124</raw_size><raw_downloads>36</raw_downloads><raw_downloads_month>0</raw_downloads_month><raw_downloads_week>0</raw_downloads_week><raw_downloads_day>0</raw_downloads_day><tags>sha-4836c5e</tags></version><version><id>192516582</id><name>sha256:7a197525d0bbe520def59e71e2c46fc1ddfc313f1506c044be2bcdb45672dd42</name><date>2025-06-19</date><newest>false</newest><latest>false</latest><size>19.4 kB</size><downloads>1</downloads><downloads_month>0</downloads_month><downloads_week>0</downloads_week><downloads_day>0</downloads_day><raw_size>19408</raw_size><raw_downloads>1</raw_downloads><raw_downloads_month>0</raw_downloads_month><raw_downloads_week>0</raw_downloads_week><raw_downloads_day>0</raw_downloads_day><tags>[]</tags></version><version><id>192516583</id><name>sha256:63c70ebc342846b468d32f4e2df9ac38dca1072694a294bd549954423b91b76f</name><date>2025-06-19</date><newest>false</newest><latest>false</latest><size>408.5 MB</size><downloads>36</downloads><downloads_month>0</downloads_month><downloads_week>0</downloads_week><downloads_day>0</downloads_day><raw_size>408588124</raw_size><raw_downloads>36</raw_downloads><raw_downloads_month>0</raw_downloads_month><raw_downloads_week>0</raw_downloads_week><raw_downloads_day>0</raw_downloads_day><tags>sha-f0ca345</tags></version><version><id>192517238</id><name>sha256:80d8e0630016f07f708d9c449d2c88d1397b41b1dca0bbfcd2f7ccf113d19835</name><date>2025-06-19</date><newest>false</newest><latest>false</latest><size>19.4 kB</size><downloads>1</downloads><downloads_month>0</downloads_month><downloads_week>0</downloads_week><downloads_day>0</downloads_day><raw_size>19408</raw_size><raw_downloads>1</raw_downloads><raw_downloads_month>0</raw_downloads_month><raw_downloads_week>0</raw_downloads_week><raw_downloads_day>0</raw_downloads_day><tags>[]</tags></version><version><id>192517243</id><name>sha256:a0ee0260b46b0feaad8ffe56d4b4e2f6e2acd738d581cb553e5cfb5913cf39f0</name><date>2025-06-19</date><newest>false</newest><latest>false</latest><size>408.5 MB</size><downloads>36</downloads><downloads_month>0</downloads_month><downloads_week>0</downloads_week><downloads_day>0</downloads_day><raw_size>408588124</raw_size><raw_downloads>36</raw_downloads><raw_downloads_month>0</raw_downloads_month><raw_downloads_week>0</raw_downloads_week><raw_downloads_day>0</raw_downloads_day><tags>sha-77d3466</tags></version><version><id>192519693</id><name>sha256:a788a2c35708a33beb0375a6961d910fa31b71dcf83bb77cbc801f99ba86dc0b</name><date>2025-06-19</date><newest>false</newest><latest>false</latest><size>19.4 kB</size><downloads>1</downloads><downloads_month>0</downloads_month><downloads_week>0</downloads_week><downloads_day>0</downloads_day><raw_size>19409</raw_size><raw_downloads>1</raw_downloads><raw_downloads_month>0</raw_downloads_month><raw_downloads_week>0</raw_downloads_week><raw_downloads_day>0</raw_downloads_day><tags>[]</tags></version><version><id>192519696</id><name>sha256:e3bbbfd6466ccbd4fede12b402d47fdc0c1c0c68d4d58ee1ef420237b492650f</name><date>2025-06-19</date><newest>false</newest><latest>false</latest><size>408.5 MB</size><downloads>36</downloads><downloads_month>0</downloads_month><downloads_week>0</downloads_week><downloads_day>0</downloads_day><raw_size>408588124</raw_size><raw_downloads>36</raw_downloads><raw_downloads_month>0</raw_downloads_month><raw_downloads_week>0</raw_downloads_week><raw_downloads_day>0</raw_downloads_day><tags>sha-a27c1c4</tags></version><version><id>192522719</id><name>sha256:15ca103c8989b1456ae6efa9b79ffc304921ec951acc0afb72a4557b75094695</name><date>2025-06-19</date><newest>false</newest><latest>false</latest><size>19.4 kB</size><downloads>1</downloads><downloads_month>0</downloads_month><downloads_week>0</downloads_week><downloads_day>0</downloads_day><raw_size>19408</raw_size><raw_downloads>1</raw_downloads><raw_downloads_month>0</raw_downloads_month><raw_downloads_week>0</raw_downloads_week><raw_downloads_day>0</raw_downloads_day><tags>[]</tags></version><version><id>192522722</id><name>sha256:49adfc1faed9b07fc8face96dcbe3dd07dd66d3469fd8792a608835947a8df5e</name><date>2025-06-19</date><newest>false</newest><latest>false</latest><size>408.5 MB</size><downloads>36</downloads><downloads_month>0</downloads_month><downloads_week>0</downloads_week><downloads_day>0</downloads_day><raw_size>408588124</raw_size><raw_downloads>36</raw_downloads><raw_downloads_month>0</raw_downloads_month><raw_downloads_week>0</raw_downloads_week><raw_downloads_day>0</raw_downloads_day><tags>sha-8afd69a</tags></version><version><id>192523301</id><name>sha256:8374120d9175b56f0bb3f51fe55f9c70c3d9732a826c35fd946ecccb78cfd051</name><date>2025-06-19</date><newest>false</newest><latest>false</latest><size>19.4 kB</size><downloads>1</downloads><downloads_month>0</downloads_month><downloads_week>0</downloads_week><downloads_day>0</downloads_day><raw_size>19409</raw_size><raw_downloads>1</raw_downloads><raw_downloads_month>0</raw_downloads_month><raw_downloads_week>0</raw_downloads_week><raw_downloads_day>0</raw_downloads_day><tags>[]</tags></version><version><id>192523306</id><name>sha256:93ed3f462dddeda96438769beeb22402d7e834abfc2dee75bb265aa7d6e5a278</name><date>2025-06-19</date><newest>false</newest><latest>false</latest><size>408.5 MB</size><downloads>36</downloads><downloads_month>0</downloads_month><downloads_week>0</downloads_week><downloads_day>0</downloads_day><raw_size>408588124</raw_size><raw_downloads>36</raw_downloads><raw_downloads_month>0</raw_downloads_month><raw_downloads_week>0</raw_downloads_week><raw_downloads_day>0</raw_downloads_day><tags>sha-3bea0ef</tags></version><version><id>192524817</id><name>sha256:708faf5d1118674964f1393fa7980b6d48f96e81d976384024b4aabfc6824e06</name><date>2025-06-19</date><newest>false</newest><latest>false</latest><size>19.4 kB</size><downloads>1</downloads><downloads_month>0</downloads_month><downloads_week>0</downloads_week><downloads_day>0</downloads_day><raw_size>19409</raw_size><raw_downloads>1</raw_downloads><raw_downloads_month>0</raw_downloads_month><raw_downloads_week>0</raw_downloads_week><raw_downloads_day>0</raw_downloads_day><tags>[]</tags></version><version><id>192524823</id><name>sha256:0d50efc70f0e9beb72f75443c10df17bae2da40c73c3eddc9a430001d0a8a6db</name><date>2025-06-19</date><newest>false</newest><latest>false</latest><size>408.5 MB</size><downloads>36</downloads><downloads_month>0</downloads_month><downloads_week>0</downloads_week><downloads_day>0</downloads_day><raw_size>408588124</raw_size><raw_downloads>36</raw_downloads><raw_downloads_month>0</raw_downloads_month><raw_downloads_week>0</raw_downloads_week><raw_downloads_day>0</raw_downloads_day><tags>sha-fee85cd</tags></version><version><id>192530534</id><name>sha256:224c582b525790f2521eb2b066fc84eb8731a1f88e89096351e437fe538cbd3b</name><date>2025-06-19</date><newest>false</newest><latest>false</latest><size>408.5 MB</size><downloads>2</downloads><downloads_month>0</downloads_month><downloads_week>0</downloads_week><downloads_day>0</downloads_day><raw_size>408588124</raw_size><raw_downloads>2</raw_downloads><raw_downloads_month>0</raw_downloads_month><raw_downloads_week>0</raw_downloads_week><raw_downloads_day>0</raw_downloads_day><tags>[]</tags></version><version><id>192531295</id><name>sha256:61a7791e10ed51c88acf42b29f8b115467ae05982e8234c9fcf0b5534503ad04</name><date>2025-06-19</date><newest>false</newest><latest>false</latest><size>454.4 MB</size><downloads>5</downloads><downloads_month>0</downloads_month><downloads_week>0</downloads_week><downloads_day>0</downloads_day><raw_size>454415802</raw_size><raw_downloads>5</raw_downloads><raw_downloads_month>0</raw_downloads_month><raw_downloads_week>0</raw_downloads_week><raw_downloads_day>0</raw_downloads_day><tags>[]</tags></version><version><id>192531299</id><name>sha256:c35473c1687382a8a6d010bdab3abdcf3f53ba1b9f7091e4e7f1db8982440d77</name><date>2025-06-19</date><newest>false</newest><latest>false</latest><size>19.4 kB</size><downloads>1</downloads><downloads_month>0</downloads_month><downloads_week>0</downloads_week><downloads_day>0</downloads_day><raw_size>19415</raw_size><raw_downloads>1</raw_downloads><raw_downloads_month>0</raw_downloads_month><raw_downloads_week>0</raw_downloads_week><raw_downloads_day>0</raw_downloads_day><tags>[]</tags></version><version><id>192531304</id><name>sha256:db96800584d90c871bfb30ff93c7d33048c0d6de67cf08540d7c7ad439171322</name><date>2025-06-19</date><newest>false</newest><latest>false</latest><size>408.5 MB</size><downloads>36</downloads><downloads_month>0</downloads_month><downloads_week>0</downloads_week><downloads_day>0</downloads_day><raw_size>408588124</raw_size><raw_downloads>36</raw_downloads><raw_downloads_month>0</raw_downloads_month><raw_downloads_week>0</raw_downloads_week><raw_downloads_day>0</raw_downloads_day><tags>sha-6c64329</tags></version><version><id>192531660</id><name>sha256:8bb482da36a65da5e474ffd62f04003f7dbf8b1bc01f9463122c8ab8d8e0cf03</name><date>2025-06-19</date><newest>false</newest><latest>false</latest><size>19.4 kB</size><downloads>0</downloads><downloads_month>0</downloads_month><downloads_week>0</downloads_week><downloads_day>0</downloads_day><raw_size>19415</raw_size><raw_downloads>0</raw_downloads><raw_downloads_month>0</raw_downloads_month><raw_downloads_week>0</raw_downloads_week><raw_downloads_day>0</raw_downloads_day><tags>[]</tags></version><version><id>192531667</id><name>sha256:a91bc216e21f9cf03aba3fc1e43c3630712acaedc21339598e3a47fab7f828cb</name><date>2025-06-19</date><newest>false</newest><latest>false</latest><size>408.5 MB</size><downloads>6</downloads><downloads_month>0</downloads_month><downloads_week>0</downloads_week><downloads_day>0</downloads_day><raw_size>408588124</raw_size><raw_downloads>6</raw_downloads><raw_downloads_month>0</raw_downloads_month><raw_downloads_week>0</raw_downloads_week><raw_downloads_day>0</raw_downloads_day><tags>[]</tags></version><version><id>192531961</id><name>sha256:2ada8d35b6a0b5834c53db291c47bbc2318cc1e1fafc58c955fc50216157db20</name><date>2025-06-19</date><newest>false</newest><latest>false</latest><size>19.4 kB</size><downloads>1</downloads><downloads_month>0</downloads_month><downloads_week>0</downloads_week><downloads_day>0</downloads_day><raw_size>19412</raw_size><raw_downloads>1</raw_downloads><raw_downloads_month>0</raw_downloads_month><raw_downloads_week>0</raw_downloads_week><raw_downloads_day>0</raw_downloads_day><tags>[]</tags></version><version><id>192904774</id><name>sha256:dbe416b4ad4e558b35358499f5c760d2ec8478f37b4c0fce0d8f95b304e74019</name><date>2025-06-19</date><newest>false</newest><latest>false</latest><size>19.4 kB</size><downloads>1</downloads><downloads_month>0</downloads_month><downloads_week>0</downloads_week><downloads_day>0</downloads_day><raw_size>19412</raw_size><raw_downloads>1</raw_downloads><raw_downloads_month>0</raw_downloads_month><raw_downloads_week>0</raw_downloads_week><raw_downloads_day>0</raw_downloads_day><tags>[]</tags></version><version><id>192904780</id><name>sha256:1696e77c644cff92d9de4a5e574445e7513ea56a6f47cb6af1efa6ab50bf8320</name><date>2025-06-19</date><newest>false</newest><latest>false</latest><size>408.5 MB</size><downloads>39</downloads><downloads_month>0</downloads_month><downloads_week>0</downloads_week><downloads_day>0</downloads_day><raw_size>408588124</raw_size><raw_downloads>39</raw_downloads><raw_downloads_month>0</raw_downloads_month><raw_downloads_week>0</raw_downloads_week><raw_downloads_day>0</raw_downloads_day><tags>sha-a6298d5</tags></version><version><id>192907613</id><name>sha256:a40838b34a84f6fbe4f6defad0a5bb620583572a65fe19240c670e4534fac433</name><date>2025-06-19</date><newest>false</newest><latest>false</latest><size>19.4 kB</size><downloads>1</downloads><downloads_month>0</downloads_month><downloads_week>0</downloads_week><downloads_day>0</downloads_day><raw_size>19412</raw_size><raw_downloads>1</raw_downloads><raw_downloads_month>0</raw_downloads_month><raw_downloads_week>0</raw_downloads_week><raw_downloads_day>0</raw_downloads_day><tags>[]</tags></version><version><id>192907618</id><name>sha256:718f0f647c4ce9c904e687175e95b05ba9d7a13c73bbdea1974b360f213d409b</name><date>2025-06-19</date><newest>false</newest><latest>false</latest><size>408.5 MB</size><downloads>39</downloads><downloads_month>0</downloads_month><downloads_week>0</downloads_week><downloads_day>0</downloads_day><raw_size>408588124</raw_size><raw_downloads>39</raw_downloads><raw_downloads_month>0</raw_downloads_month><raw_downloads_week>0</raw_downloads_week><raw_downloads_day>0</raw_downloads_day><tags>sha-178cb4d</tags></version><version><id>192909380</id><name>sha256:920c8437df075eef2417298c09d1a131bf28fb2e8ee8ddf4129a7978e8261a0c</name><date>2025-06-19</date><newest>false</newest><latest>false</latest><size>19.4 kB</size><downloads>1</downloads><downloads_month>0</downloads_month><downloads_week>0</downloads_week><downloads_day>0</downloads_day><raw_size>19412</raw_size><raw_downloads>1</raw_downloads><raw_downloads_month>0</raw_downloads_month><raw_downloads_week>0</raw_downloads_week><raw_downloads_day>0</raw_downloads_day><tags>[]</tags></version><version><id>192909385</id><name>sha256:d69c1c9b56edea68a18a9dc114122bc8ed143617fd7ec667e44303581a32b036</name><date>2025-06-19</date><newest>false</newest><latest>false</latest><size>408.5 MB</size><downloads>39</downloads><downloads_month>0</downloads_month><downloads_week>0</downloads_week><downloads_day>0</downloads_day><raw_size>408588124</raw_size><raw_downloads>39</raw_downloads><raw_downloads_month>0</raw_downloads_month><raw_downloads_week>0</raw_downloads_week><raw_downloads_day>0</raw_downloads_day><tags>sha-bcd2b3a</tags></version><version><id>192927475</id><name>sha256:bd945a7e5789eaf23fdd7d24c4249bb2261fe5bc28506951598f7f8ad02ba000</name><date>2025-06-19</date><newest>false</newest><latest>false</latest><size>19.4 kB</size><downloads>1</downloads><downloads_month>0</downloads_month><downloads_week>0</downloads_week><downloads_day>0</downloads_day><raw_size>19412</raw_size><raw_downloads>1</raw_downloads><raw_downloads_month>0</raw_downloads_month><raw_downloads_week>0</raw_downloads_week><raw_downloads_day>0</raw_downloads_day><tags>[]</tags></version><version><id>192927480</id><name>sha256:325e782f3820d0789b22daa110a97e80ea91849af168776d1ac4be956b2a890e</name><date>2025-06-19</date><newest>false</newest><latest>false</latest><size>408.5 MB</size><downloads>40</downloads><downloads_month>0</downloads_month><downloads_week>0</downloads_week><downloads_day>0</downloads_day><raw_size>408588124</raw_size><raw_downloads>40</raw_downloads><raw_downloads_month>0</raw_downloads_month><raw_downloads_week>0</raw_downloads_week><raw_downloads_day>0</raw_downloads_day><tags>sha-7f7573c</tags></version><version><id>192928486</id><name>sha256:0ab05062d83d5c45db251f33e8fe7a09972deac67eb5c1990a9aec7554b66b5f</name><date>2025-06-19</date><newest>false</newest><latest>false</latest><size>19.4 kB</size><downloads>1</downloads><downloads_month>0</downloads_month><downloads_week>0</downloads_week><downloads_day>0</downloads_day><raw_size>19412</raw_size><raw_downloads>1</raw_downloads><raw_downloads_month>0</raw_downloads_month><raw_downloads_week>0</raw_downloads_week><raw_downloads_day>0</raw_downloads_day><tags>[]</tags></version><version><id>192928490</id><name>sha256:288d777d583f2df96d7217b8cbcd102fd553dcb604cfc9a42810835aff50afe2</name><date>2025-06-19</date><newest>false</newest><latest>false</latest><size>408.5 MB</size><downloads>40</downloads><downloads_month>0</downloads_month><downloads_week>0</downloads_week><downloads_day>0</downloads_day><raw_size>408588124</raw_size><raw_downloads>40</raw_downloads><raw_downloads_month>0</raw_downloads_month><raw_downloads_week>0</raw_downloads_week><raw_downloads_day>0</raw_downloads_day><tags>sha-f0217f0</tags></version><version><id>192929282</id><name>sha256:efca4210cb1e2a25997ac2853fcf90a3db6237e0d10cf40cb5e91789df7b8d6b</name><date>2025-06-19</date><newest>false</newest><latest>false</latest><size>19.4 kB</size><downloads>1</downloads><downloads_month>0</downloads_month><downloads_week>0</downloads_week><downloads_day>0</downloads_day><raw_size>19412</raw_size><raw_downloads>1</raw_downloads><raw_downloads_month>0</raw_downloads_month><raw_downloads_week>0</raw_downloads_week><raw_downloads_day>0</raw_downloads_day><tags>[]</tags></version><version><id>192929290</id><name>sha256:74db54ea22913b1ba2d508206065939ff3da8d0bc62f7c90cbf369332483d9d6</name><date>2025-06-19</date><newest>false</newest><latest>false</latest><size>408.5 MB</size><downloads>40</downloads><downloads_month>0</downloads_month><downloads_week>0</downloads_week><downloads_day>0</downloads_day><raw_size>408588124</raw_size><raw_downloads>40</raw_downloads><raw_downloads_month>0</raw_downloads_month><raw_downloads_week>0</raw_downloads_week><raw_downloads_day>0</raw_downloads_day><tags>sha-a46d231</tags></version><version><id>192929794</id><name>sha256:e968be7db98bffa463be465250072cc51a866effa3d557f78ca98cf991d6b00e</name><date>2025-06-19</date><newest>false</newest><latest>false</latest><size>19.4 kB</size><downloads>1</downloads><downloads_month>0</downloads_month><downloads_week>0</downloads_week><downloads_day>0</downloads_day><raw_size>19412</raw_size><raw_downloads>1</raw_downloads><raw_downloads_month>0</raw_downloads_month><raw_downloads_week>0</raw_downloads_week><raw_downloads_day>0</raw_downloads_day><tags>[]</tags></version><version><id>192929800</id><name>sha256:fa3778dede7e07ab8ce011dd86d9771bded2a8125ca4d70378cca0285a24cf25</name><date>2025-06-19</date><newest>false</newest><latest>false</latest><size>408.5 MB</size><downloads>40</downloads><downloads_month>0</downloads_month><downloads_week>0</downloads_week><downloads_day>0</downloads_day><raw_size>408588124</raw_size><raw_downloads>40</raw_downloads><raw_downloads_month>0</raw_downloads_month><raw_downloads_week>0</raw_downloads_week><raw_downloads_day>0</raw_downloads_day><tags>sha-6579eb7</tags></version><version><id>192931723</id><name>sha256:783c7adcfcbd1b91ebc59d7472de77f0a01f28658d52ff7647e5477409bf097a</name><date>2025-06-19</date><newest>false</newest><latest>false</latest><size>19.4 kB</size><downloads>1</downloads><downloads_month>0</downloads_month><downloads_week>0</downloads_week><downloads_day>0</downloads_day><raw_size>19412</raw_size><raw_downloads>1</raw_downloads><raw_downloads_month>0</raw_downloads_month><raw_downloads_week>0</raw_downloads_week><raw_downloads_day>0</raw_downloads_day><tags>[]</tags></version><version><id>192931726</id><name>sha256:36432b3f56229a0f8d6974f1499f87a8af7185b7a671cfa0f179afbe45d9e75b</name><date>2025-06-19</date><newest>false</newest><latest>false</latest><size>408.5 MB</size><downloads>40</downloads><downloads_month>0</downloads_month><downloads_week>0</downloads_week><downloads_day>0</downloads_day><raw_size>408588124</raw_size><raw_downloads>40</raw_downloads><raw_downloads_month>0</raw_downloads_month><raw_downloads_week>0</raw_downloads_week><raw_downloads_day>0</raw_downloads_day><tags>sha-ba6f97c</tags></version><version><id>192933332</id><name>sha256:0f0f62db5e42b97fc6116324d714875afe28581108b52a801a90c9aed0ea5be3</name><date>2025-06-19</date><newest>false</newest><latest>false</latest><size>19.4 kB</size><downloads>1</downloads><downloads_month>0</downloads_month><downloads_week>0</downloads_week><downloads_day>0</downloads_day><raw_size>19411</raw_size><raw_downloads>1</raw_downloads><raw_downloads_month>0</raw_downloads_month><raw_downloads_week>0</raw_downloads_week><raw_downloads_day>0</raw_downloads_day><tags>[]</tags></version><version><id>192933335</id><name>sha256:0aed6a131b40d0af9332a0a957158efb02723b123dc7021cc822584257320081</name><date>2025-06-19</date><newest>false</newest><latest>false</latest><size>408.5 MB</size><downloads>40</downloads><downloads_month>0</downloads_month><downloads_week>0</downloads_week><downloads_day>0</downloads_day><raw_size>408588124</raw_size><raw_downloads>40</raw_downloads><raw_downloads_month>0</raw_downloads_month><raw_downloads_week>0</raw_downloads_week><raw_downloads_day>0</raw_downloads_day><tags>sha-e31bb79</tags></version><version><id>192933808</id><name>sha256:82daf410430aead96c1e70a076b70919dffe01ac3aa3e64beeb8800f54e94657</name><date>2025-06-19</date><newest>false</newest><latest>false</latest><size>19.4 kB</size><downloads>1</downloads><downloads_month>0</downloads_month><downloads_week>0</downloads_week><downloads_day>0</downloads_day><raw_size>19412</raw_size><raw_downloads>1</raw_downloads><raw_downloads_month>0</raw_downloads_month><raw_downloads_week>0</raw_downloads_week><raw_downloads_day>0</raw_downloads_day></version><version><id>192933818</id><name>sha256:48a2a1c5accf984b5d07f8d810d60d7bb4f6d210d5695957f8f6d3708654abb8</name><date>2025-06-19</date><newest>false</newest><latest>false</latest><size>408.5 MB</size><downloads>40</downloads><downloads_month>0</downloads_month><downloads_week>0</downloads_week><downloads_day>0</downloads_day><raw_size>408588124</raw_size><raw_downloads>40</raw_downloads><raw_downloads_month>0</raw_downloads_month><raw_downloads_week>0</raw_downloads_week><raw_downloads_day>0</raw_downloads_day><tags>sha-48e5a71</tags></version><version><id>192936272</id><name>sha256:dde8b08cd2e86f97b0d85b7261ce6b402e3301e651320fa0d0e2e5a9976d592d</name><date>2025-06-19</date><newest>false</newest><latest>false</latest><size>19.4 kB</size><downloads>1</downloads><downloads_month>0</downloads_month><downloads_week>0</downloads_week><downloads_day>0</downloads_day><raw_size>19412</raw_size><raw_downloads>1</raw_downloads><raw_downloads_month>0</raw_downloads_month><raw_downloads_week>0</raw_downloads_week><raw_downloads_day>0</raw_downloads_day></version><version><id>192936276</id><name>sha256:ffb1cdb1959b83c82d248caa93f5719dacd4a7de56ae5a3a12755183f0fe2f3f</name><date>2025-06-19</date><newest>false</newest><latest>false</latest><size>408.5 MB</size><downloads>40</downloads><downloads_month>0</downloads_month><downloads_week>0</downloads_week><downloads_day>0</downloads_day><raw_size>408588124</raw_size><raw_downloads>40</raw_downloads><raw_downloads_month>0</raw_downloads_month><raw_downloads_week>0</raw_downloads_week><raw_downloads_day>0</raw_downloads_day><tags>sha-f143e59</tags></version><version><id>192936594</id><name>sha256:b6b1a7935fab63baf25edddba542eae0bf1d2fe4c747747de3ca4ced3b6c4586</name><date>2025-06-19</date><newest>false</newest><latest>false</latest><size>19.4 kB</size><downloads>1</downloads><downloads_month>0</downloads_month><downloads_week>0</downloads_week><downloads_day>0</downloads_day><raw_size>19412</raw_size><raw_downloads>1</raw_downloads><raw_downloads_month>0</raw_downloads_month><raw_downloads_week>0</raw_downloads_week><raw_downloads_day>0</raw_downloads_day></version><version><id>192936601</id><name>sha256:3054ebbd4835d851d14631983c81d49aacde3203c851518ead85d14ec6efff28</name><date>2025-06-19</date><newest>false</newest><latest>false</latest><size>408.5 MB</size><downloads>40</downloads><downloads_month>0</downloads_month><downloads_week>0</downloads_week><downloads_day>0</downloads_day><raw_size>408588124</raw_size><raw_downloads>40</raw_downloads><raw_downloads_month>0</raw_downloads_month><raw_downloads_week>0</raw_downloads_week><raw_downloads_day>0</raw_downloads_day><tags>sha-7253f40</tags></version><version><id>192938536</id><name>sha256:915f16930e3ad26a504fad8e47199ab6351149e343d36c133de47ff3b527dfe1</name><date>2025-06-19</date><newest>false</newest><latest>false</latest><size>19.4 kB</size><downloads>1</downloads><downloads_month>0</downloads_month><downloads_week>0</downloads_week><downloads_day>0</downloads_day><raw_size>19411</raw_size><raw_downloads>1</raw_downloads><raw_downloads_month>0</raw_downloads_month><raw_downloads_week>0</raw_downloads_week><raw_downloads_day>0</raw_downloads_day></version><version><id>192938545</id><name>sha256:fbbfe31a8e149f2840de4303b8ba438900cc5c46aa546fb782cd405e458607a7</name><date>2025-06-19</date><newest>false</newest><latest>false</latest><size>408.5 MB</size><downloads>45</downloads><downloads_month>0</downloads_month><downloads_week>0</downloads_week><downloads_day>0</downloads_day><raw_size>408588124</raw_size><raw_downloads>45</raw_downloads><raw_downloads_month>0</raw_downloads_month><raw_downloads_week>0</raw_downloads_week><raw_downloads_day>0</raw_downloads_day><tags>sha-1fe8911</tags></version><version><id>197128897</id><name>sha256:e0fffa5513e4632a86ec0ceea9961ba9a344b3086b8a0919c10fca7df1ea7c0c</name><date>2025-06-19</date><newest>false</newest><latest>false</latest><size>409.4 MB</size><downloads>22</downloads><downloads_month>0</downloads_month><downloads_week>0</downloads_week><downloads_day>0</downloads_day><raw_size>409446841</raw_size><raw_downloads>22</raw_downloads><raw_downloads_month>0</raw_downloads_month><raw_downloads_week>0</raw_downloads_week><raw_downloads_day>0</raw_downloads_day></version><version><id>197128904</id><name>sha256:0a032ba1b50c15f7889d8b3ed19e8e5cb75eb63150c45e81777333cb00ca5c65</name><date>2025-06-19</date><newest>false</newest><latest>false</latest><size>22.8 kB</size><downloads>6</downloads><downloads_month>0</downloads_month><downloads_week>0</downloads_week><downloads_day>0</downloads_day><raw_size>22893</raw_size><raw_downloads>6</raw_downloads><raw_downloads_month>0</raw_downloads_month><raw_downloads_week>0</raw_downloads_week><raw_downloads_day>0</raw_downloads_day></version><version><id>197128908</id><name>sha256:a1c3de0592db7af9c34611e6481e7a752e1e4ada1109b19bd7156cb8d694819c</name><date>2025-06-19</date><newest>false</newest><latest>false</latest><size>408.5 MB</size><downloads>16</downloads><downloads_month>0</downloads_month><downloads_week>0</downloads_week><downloads_day>0</downloads_day><raw_size>408588124</raw_size><raw_downloads>16</raw_downloads><raw_downloads_month>0</raw_downloads_month><raw_downloads_week>0</raw_downloads_week><raw_downloads_day>0</raw_downloads_day></version><version><id>197133978</id><name>sha256:5f455f8f756b9c4a417b2f6193cfe09e232ddd8825c40a5381a8cd1bd6deedff</name><date>2025-06-19</date><newest>false</newest><latest>false</latest><size>23.5 kB</size><downloads>8</downloads><downloads_month>0</downloads_month><downloads_week>0</downloads_week><downloads_day>0</downloads_day><raw_size>23513</raw_size><raw_downloads>8</raw_downloads><raw_downloads_month>0</raw_downloads_month><raw_downloads_week>0</raw_downloads_week><raw_downloads_day>0</raw_downloads_day></version><version><id>197133988</id><name>sha256:d61cab59a457ec1947fbecb04da6a0d6254321a84b6198119e83d400640e3f80</name><date>2025-06-19</date><newest>false</newest><latest>false</latest><size>408.5 MB</size><downloads>49</downloads><downloads_month>0</downloads_month><downloads_week>0</downloads_week><downloads_day>0</downloads_day><raw_size>408588124</raw_size><raw_downloads>49</raw_downloads><raw_downloads_month>0</raw_downloads_month><raw_downloads_week>0</raw_downloads_week><raw_downloads_day>0</raw_downloads_day><tags>sha-67385fb</tags></version><version><id>197135023</id><name>sha256:b4a95c578fd60fefc0079beac9d8539065d261d075f373c0460ec852967737a4</name><date>2025-06-19</date><newest>false</newest><latest>false</latest><size>409.4 MB</size><downloads>14</downloads><downloads_month>0</downloads_month><downloads_week>0</downloads_week><downloads_day>0</downloads_day><raw_size>409446871</raw_size><raw_downloads>14</raw_downloads><raw_downloads_month>0</raw_downloads_month><raw_downloads_week>0</raw_downloads_week><raw_downloads_day>0</raw_downloads_day></version><version><id>197135032</id><name>sha256:d7c855607d074fdc963c957990b55304bf7d8bc83e1ba8c89432a8b0141ccf6b</name><date>2025-06-19</date><newest>false</newest><latest>false</latest><size>23 kB</size><downloads>8</downloads><downloads_month>0</downloads_month><downloads_week>0</downloads_week><downloads_day>0</downloads_day><raw_size>23062</raw_size><raw_downloads>8</raw_downloads><raw_downloads_month>0</raw_downloads_month><raw_downloads_week>0</raw_downloads_week><raw_downloads_day>0</raw_downloads_day></version><version><id>197135039</id><name>sha256:6a3f9ac9d10bfe54470043c5c04e35f05e6cf8bd2d66f1b7ca3756154979cfae</name><date>2025-06-19</date><newest>false</newest><latest>false</latest><size>408.5 MB</size><downloads>48</downloads><downloads_month>0</downloads_month><downloads_week>0</downloads_week><downloads_day>0</downloads_day><raw_size>408588124</raw_size><raw_downloads>48</raw_downloads><raw_downloads_month>0</raw_downloads_month><raw_downloads_week>0</raw_downloads_week><raw_downloads_day>0</raw_downloads_day><tags>staging</tags></version><version><id>197135977</id><name>sha256:718e3005da282f94e5a2ea82bf6a32588324b774cb2b1a94d795fa7aca2dd350</name><date>2025-06-19</date><newest>false</newest><latest>false</latest><size>409.4 MB</size><downloads>21</downloads><downloads_month>0</downloads_month><downloads_week>0</downloads_week><downloads_day>0</downloads_day><raw_size>409447072</raw_size><raw_downloads>21</raw_downloads><raw_downloads_month>0</raw_downloads_month><raw_downloads_week>0</raw_downloads_week><raw_downloads_day>0</raw_downloads_day></version><version><id>197135981</id><name>sha256:fd49b16b647e6279f08dd65e486e89ce630f3cc0173b19371acc4bbc50612330</name><date>2025-06-19</date><newest>false</newest><latest>false</latest><size>23 kB</size><downloads>8</downloads><downloads_month>0</downloads_month><downloads_week>0</downloads_week><downloads_day>0</downloads_day><raw_size>23058</raw_size><raw_downloads>8</raw_downloads><raw_downloads_month>0</raw_downloads_month><raw_downloads_week>0</raw_downloads_week><raw_downloads_day>0</raw_downloads_day></version><version><id>197135986</id><name>sha256:6f2fea098510ab77e1c677a25d1b1a6294d29fddfe0b3eccaa9f1253ead4b035</name><date>2025-06-19</date><newest>false</newest><latest>false</latest><size>408.5 MB</size><downloads>84</downloads><downloads_month>0</downloads_month><downloads_week>0</downloads_week><downloads_day>0</downloads_day><raw_size>408588124</raw_size><raw_downloads>84</raw_downloads><raw_downloads_month>0</raw_downloads_month><raw_downloads_week>0</raw_downloads_week><raw_downloads_day>0</raw_downloads_day><tags>sha-bb958f6</tags></version><version><id>229440771</id><name>sha256:097bb2f54ebaef72f348a61c6a33e036d8801ee6329c60564baba279d9af1fad</name><date>2025-06-19</date><newest>false</newest><latest>false</latest><size>408.5 MB</size><downloads>171</downloads><downloads_month>42</downloads_month><downloads_week>17</downloads_week><downloads_day>17</downloads_day><raw_size>408597601</raw_size><raw_downloads>171</raw_downloads><raw_downloads_month>42</raw_downloads_month><raw_downloads_week>17</raw_downloads_week><raw_downloads_day>17</raw_downloads_day></version><version><id>229440784</id><name>sha256:d09651e97d4e4e04769835e59a5c6a6a0586b2d35082fd7bc4506546bf8b45a5</name><date>2025-06-19</date><newest>false</newest><latest>false</latest><size>23 kB</size><downloads>8</downloads><downloads_month>0</downloads_month><downloads_week>0</downloads_week><downloads_day>0</downloads_day><raw_size>23059</raw_size><raw_downloads>8</raw_downloads><raw_downloads_month>0</raw_downloads_month><raw_downloads_week>0</raw_downloads_week><raw_downloads_day>0</raw_downloads_day></version><version><id>229440795</id><name>sha256:a7e9d63f9d563a0a1ed902d09d8eecc23d0dd9066cb2df0138cb2831c87545b6</name><date>2025-06-19</date><newest>false</newest><latest>false</latest><size>408.5 MB</size><downloads>19</downloads><downloads_month>0</downloads_month><downloads_week>0</downloads_week><downloads_day>0</downloads_day><raw_size>408588124</raw_size><raw_downloads>19</raw_downloads><raw_downloads_month>0</raw_downloads_month><raw_downloads_week>0</raw_downloads_week><raw_downloads_day>0</raw_downloads_day><tags>sha-2bb52df</tags></version><version><id>229445725</id><name>sha256:88874d87a5edcf4795c2e8dfe44630346a75a3d57bd6a8da686c4bae07b6c730</name><date>2025-06-19</date><newest>false</newest><latest>false</latest><size>23.6 kB</size><downloads>8</downloads><downloads_month>0</downloads_month><downloads_week>0</downloads_week><downloads_day>0</downloads_day><raw_size>23679</raw_size><raw_downloads>8</raw_downloads><raw_downloads_month>0</raw_downloads_month><raw_downloads_week>0</raw_downloads_week><raw_downloads_day>0</raw_downloads_day></version><version><id>229445734</id><name>sha256:234014e8c63b063e5b00e1c89b4821c3f95b6cc76e9475419a6bcf1863d12dd4</name><date>2025-06-19</date><newest>false</newest><latest>false</latest><size>408.5 MB</size><downloads>19</downloads><downloads_month>0</downloads_month><downloads_week>0</downloads_week><downloads_day>0</downloads_day><raw_size>408588124</raw_size><raw_downloads>19</raw_downloads><raw_downloads_month>0</raw_downloads_month><raw_downloads_week>0</raw_downloads_week><raw_downloads_day>0</raw_downloads_day><tags>sha-f355e56</tags></version><version><id>229448420</id><name>sha256:d758ad487523e70c85bc3e1aff03b01e75ba35ea42f520fa063984c8f9373dbe</name><date>2025-06-19</date><newest>false</newest><latest>false</latest><size>23.6 kB</size><downloads>9</downloads><downloads_month>0</downloads_month><downloads_week>0</downloads_week><downloads_day>0</downloads_day><raw_size>23679</raw_size><raw_downloads>9</raw_downloads><raw_downloads_month>0</raw_downloads_month><raw_downloads_week>0</raw_downloads_week><raw_downloads_day>0</raw_downloads_day></version><version><id>229448424</id><name>sha256:6be152a41f312a5ce868049f5675b402c173c2fd59f65b73118b15f5e38406b4</name><date>2025-06-19</date><newest>false</newest><latest>false</latest><size>408.5 MB</size><downloads>19</downloads><downloads_month>0</downloads_month><downloads_week>0</downloads_week><downloads_day>0</downloads_day><raw_size>408588124</raw_size><raw_downloads>19</raw_downloads><raw_downloads_month>0</raw_downloads_month><raw_downloads_week>0</raw_downloads_week><raw_downloads_day>0</raw_downloads_day><tags>sha-a0b908f</tags></version><version><id>229506911</id><name>sha256:cd73518e85f1d0976ea2c05d2b1d9a9ed9c007ed141942b9c6d845979936ef71</name><date>2025-06-19</date><newest>false</newest><latest>false</latest><size>23.6 kB</size><downloads>9</downloads><downloads_month>0</downloads_month><downloads_week>0</downloads_week><downloads_day>0</downloads_day><raw_size>23679</raw_size><raw_downloads>9</raw_downloads><raw_downloads_month>0</raw_downloads_month><raw_downloads_week>0</raw_downloads_week><raw_downloads_day>0</raw_downloads_day></version><version><id>229506917</id><name>sha256:7e5ba3e24a20848246b9a0d22f5a7a5375b9997d5a10f7c3cada1579f1a0dbf2</name><date>2025-06-19</date><newest>false</newest><latest>true</latest><size>408.5 MB</size><downloads>135</downloads><downloads_month>34</downloads_month><downloads_week>9</downloads_week><downloads_day>9</downloads_day><raw_size>408588124</raw_size><raw_downloads>135</raw_downloads><raw_downloads_month>34</raw_downloads_month><raw_downloads_week>9</raw_downloads_week><raw_downloads_day>9</raw_downloads_day><tags>latest</tags></version><version><id>229507516</id><name>sha256:8533d5277d1085babc3b1bf12b8c1d13b256409879cd5f38fcffedd39df11b11</name><date>2025-06-19</date><newest>false</newest><latest>false</latest><size>408.5 MB</size><downloads>8</downloads><downloads_month>0</downloads_month><downloads_week>0</downloads_week><downloads_day>0</downloads_day><raw_size>408597634</raw_size><raw_downloads>8</raw_downloads><raw_downloads_month>0</raw_downloads_month><raw_downloads_week>0</raw_downloads_week><raw_downloads_day>0</raw_downloads_day></version><version><id>229507520</id><name>sha256:e98747220df5f9842d726963a4d20c5a0b204e03c224c9853bb6db3795200449</name><date>2025-06-19</date><newest>false</newest><latest>false</latest><size>23.5 kB</size><downloads>8</downloads><downloads_month>0</downloads_month><downloads_week>0</downloads_week><downloads_day>0</downloads_day><raw_size>23513</raw_size><raw_downloads>8</raw_downloads><raw_downloads_month>0</raw_downloads_month><raw_downloads_week>0</raw_downloads_week><raw_downloads_day>0</raw_downloads_day></version><version><id>229507525</id><name>sha256:8825479aa33c68112118f301faa26049208185e0d59038aca2df9882e60a1a02</name><date>2025-06-19</date><newest>false</newest><latest>false</latest><size>408.5 MB</size><downloads>12</downloads><downloads_month>0</downloads_month><downloads_week>0</downloads_week><downloads_day>0</downloads_day><raw_size>408588124</raw_size><raw_downloads>12</raw_downloads><raw_downloads_month>0</raw_downloads_month><raw_downloads_week>0</raw_downloads_week><raw_downloads_day>0</raw_downloads_day></version><version><id>229509881</id><name>sha256:0c76733c02bda6b63145428ac8ab8389825b3bff48ee4eb8fda57e140893dfa0</name><date>2025-06-19</date><newest>false</newest><latest>false</latest><size>408.5 MB</size><downloads>12</downloads><downloads_month>0</downloads_month><downloads_week>0</downloads_week><downloads_day>0</downloads_day><raw_size>408598296</raw_size><raw_downloads>12</raw_downloads><raw_downloads_month>0</raw_downloads_month><raw_downloads_week>0</raw_downloads_week><raw_downloads_day>0</raw_downloads_day></version><version><id>229509886</id><name>sha256:ba3f8ac8cb65ef80596c84faf905fe31aa3e45f6c86d63cb05f7bf984952a3a7</name><date>2025-06-19</date><newest>false</newest><latest>false</latest><size>23.5 kB</size><downloads>9</downloads><downloads_month>0</downloads_month><downloads_week>0</downloads_week><downloads_day>0</downloads_day><raw_size>23513</raw_size><raw_downloads>9</raw_downloads><raw_downloads_month>0</raw_downloads_month><raw_downloads_week>0</raw_downloads_week><raw_downloads_day>0</raw_downloads_day></version><version><id>229509890</id><name>sha256:7ce51eaf71ee84167e6b42dce597cfcaecca337337756f5ad451cdcf3ade856d</name><date>2025-06-19</date><newest>false</newest><latest>false</latest><size>408.5 MB</size><downloads>16</downloads><downloads_month>0</downloads_month><downloads_week>0</downloads_week><downloads_day>0</downloads_day><raw_size>408588124</raw_size><raw_downloads>16</raw_downloads><raw_downloads_month>0</raw_downloads_month><raw_downloads_week>0</raw_downloads_week><raw_downloads_day>0</raw_downloads_day><tags>sha-b5cd6db</tags></version><version><id>235209192</id><name>sha256:7c8151c91383989b873fab3f20e1920cd54e9c6421a16981fa9593a5061e54ef</name><date>2025-06-19</date><newest>false</newest><latest>false</latest><size>408.5 MB</size><downloads>28</downloads><downloads_month>0</downloads_month><downloads_week>0</downloads_week><downloads_day>0</downloads_day><raw_size>408596421</raw_size><raw_downloads>28</raw_downloads><raw_downloads_month>0</raw_downloads_month><raw_downloads_week>0</raw_downloads_week><raw_downloads_day>0</raw_downloads_day></version><version><id>235209194</id><name>sha256:8d74fea9de3d81d13f93c6f49dd9071f4a88b163b3a66e4f6726f0dc813d0922</name><date>2025-06-19</date><newest>false</newest><latest>false</latest><size>22.7 kB</size><downloads>9</downloads><downloads_month>0</downloads_month><downloads_week>0</downloads_week><downloads_day>0</downloads_day><raw_size>22720</raw_size><raw_downloads>9</raw_downloads><raw_downloads_month>0</raw_downloads_month><raw_downloads_week>0</raw_downloads_week><raw_downloads_day>0</raw_downloads_day></version><version><id>235209197</id><name>sha256:a97f5b614c9bebe4bfd109f340f150b4b89a0ac158ab3832a8e49cad123b7df3</name><date>2025-06-19</date><newest>false</newest><latest>false</latest><size>408.5 MB</size><downloads>18</downloads><downloads_month>0</downloads_month><downloads_week>0</downloads_week><downloads_day>0</downloads_day><raw_size>408588124</raw_size><raw_downloads>18</raw_downloads><raw_downloads_month>0</raw_downloads_month><raw_downloads_week>0</raw_downloads_week><raw_downloads_day>0</raw_downloads_day><tags>sha-f872835</tags></version><version><id>235210952</id><name>sha256:411f657eed020673a353488961a2029d22993ef2a8119a24b5e6b732d3f474c7</name><date>2025-06-19</date><newest>false</newest><latest>false</latest><size>23.3 kB</size><downloads>10</downloads><downloads_month>0</downloads_month><downloads_week>0</downloads_week><downloads_day>0</downloads_day><raw_size>23340</raw_size><raw_downloads>10</raw_downloads><raw_downloads_month>0</raw_downloads_month><raw_downloads_week>0</raw_downloads_week><raw_downloads_day>0</raw_downloads_day></version><version><id>235210953</id><name>sha256:235e0b8216639010c2ea20f2fa9fe37ef04ea677e081f98fe43833b552b4eb94</name><date>2025-06-19</date><newest>false</newest><latest>false</latest><size>408.5 MB</size><downloads>20</downloads><downloads_month>0</downloads_month><downloads_week>0</downloads_week><downloads_day>0</downloads_day><raw_size>408588124</raw_size><raw_downloads>20</raw_downloads><raw_downloads_month>0</raw_downloads_month><raw_downloads_week>0</raw_downloads_week><raw_downloads_day>0</raw_downloads_day><tags>sha-59c44b7</tags><tags>pr-72</tags></version><version><id>235225207</id><name>sha256:b698e55db59915c4d3f6c9acb10f382b263d7c413e940cf93ac7deeb18ff5ff9</name><date>2025-06-19</date><newest>false</newest><latest>false</latest><size>445.4 MB</size><downloads>14</downloads><downloads_month>0</downloads_month><downloads_week>0</downloads_week><downloads_day>0</downloads_day><raw_size>445498240</raw_size><raw_downloads>14</raw_downloads><raw_downloads_month>0</raw_downloads_month><raw_downloads_week>0</raw_downloads_week><raw_downloads_day>0</raw_downloads_day></version><version><id>235225215</id><name>sha256:e77c98cb86dc9e218b965baca216a517160ba9219f7da668ebe10a783e00dc99</name><date>2025-06-19</date><newest>false</newest><latest>false</latest><size>22.4 kB</size><downloads>8</downloads><downloads_month>0</downloads_month><downloads_week>0</downloads_week><downloads_day>0</downloads_day><raw_size>22406</raw_size><raw_downloads>8</raw_downloads><raw_downloads_month>0</raw_downloads_month><raw_downloads_week>0</raw_downloads_week><raw_downloads_day>0</raw_downloads_day></version><version><id>235225223</id><name>sha256:fb3c485c69947ec2932edf60368ee923df3c4d5f6bd564fba1b613885a50187a</name><date>2025-06-19</date><newest>false</newest><latest>false</latest><size>408.5 MB</size><downloads>12</downloads><downloads_month>0</downloads_month><downloads_week>0</downloads_week><downloads_day>0</downloads_day><raw_size>408588124</raw_size><raw_downloads>12</raw_downloads><raw_downloads_month>0</raw_downloads_month><raw_downloads_week>0</raw_downloads_week><raw_downloads_day>0</raw_downloads_day></version><version><id>235225334</id><name>sha256:cc035c563d88237f5d23d6fcaba002bd589bb0779a5e6cd52cdd55ab787b56bb</name><date>2025-06-19</date><newest>false</newest><latest>false</latest><size>408.5 MB</size><downloads>13</downloads><downloads_month>0</downloads_month><downloads_week>0</downloads_week><downloads_day>0</downloads_day><raw_size>408588124</raw_size><raw_downloads>13</raw_downloads><raw_downloads_month>0</raw_downloads_month><raw_downloads_week>0</raw_downloads_week><raw_downloads_day>0</raw_downloads_day></version><version><id>235233695</id><name>sha256:b73c0530397e45f3ac07e8199feb6161d1256f331079a08bca141e3ef996bc29</name><date>2025-06-19</date><newest>false</newest><latest>false</latest><size>445.4 MB</size><downloads>13</downloads><downloads_month>0</downloads_month><downloads_week>0</downloads_week><downloads_day>0</downloads_day><raw_size>445497907</raw_size><raw_downloads>13</raw_downloads><raw_downloads_month>0</raw_downloads_month><raw_downloads_week>0</raw_downloads_week><raw_downloads_day>0</raw_downloads_day></version><version><id>235233704</id><name>sha256:5564a8ad5f4f4ae190a3e76870563e694e4d9937f4c4a26f8e953f0fb5dd82b7</name><date>2025-06-19</date><newest>false</newest><latest>false</latest><size>22.4 kB</size><downloads>10</downloads><downloads_month>0</downloads_month><downloads_week>0</downloads_week><downloads_day>0</downloads_day><raw_size>22409</raw_size><raw_downloads>10</raw_downloads><raw_downloads_month>0</raw_downloads_month><raw_downloads_week>0</raw_downloads_week><raw_downloads_day>0</raw_downloads_day></version><version><id>235233713</id><name>sha256:a2835b88a65ffd48d4ec40ec53786f92ed72c6e96f209ee0fa9b4fdca672145a</name><date>2025-06-19</date><newest>false</newest><latest>false</latest><size>408.5 MB</size><downloads>16</downloads><downloads_month>0</downloads_month><downloads_week>0</downloads_week><downloads_day>0</downloads_day><raw_size>408588124</raw_size><raw_downloads>16</raw_downloads><raw_downloads_month>0</raw_downloads_month><raw_downloads_week>0</raw_downloads_week><raw_downloads_day>0</raw_downloads_day><tags>72-merge-next</tags></version><version><id>235233842</id><name>sha256:491f59f8c719f8963c7509d2f8757e4160d015fc943f7b72d5288f793105bee7</name><date>2025-06-19</date><newest>false</newest><latest>false</latest><size>408.5 MB</size><downloads>16</downloads><downloads_month>0</downloads_month><downloads_week>0</downloads_week><downloads_day>0</downloads_day><raw_size>408588124</raw_size><raw_downloads>16</raw_downloads><raw_downloads_month>0</raw_downloads_month><raw_downloads_week>0</raw_downloads_week><raw_downloads_day>0</raw_downloads_day><tags>72-merge-next-cache</tags></version><version><id>235244762</id><name>sha256:f1370e3ba55cb70c3aace6c2e6936811eb64a608c0beb634556bf2f2ea7e299c</name><date>2025-06-19</date><newest>false</newest><latest>false</latest><size>23 kB</size><downloads>9</downloads><downloads_month>0</downloads_month><downloads_week>0</downloads_week><downloads_day>0</downloads_day><raw_size>23025</raw_size><raw_downloads>9</raw_downloads><raw_downloads_month>0</raw_downloads_month><raw_downloads_week>0</raw_downloads_week><raw_downloads_day>0</raw_downloads_day></version><version><id>235244768</id><name>sha256:b23ebbaa26614598b2bd0c201f92fa2b0f4a7670753f31722ebd20ba1bb1e426</name><date>2025-06-19</date><newest>false</newest><latest>false</latest><size>408.5 MB</size><downloads>12</downloads><downloads_month>0</downloads_month><downloads_week>0</downloads_week><downloads_day>0</downloads_day><raw_size>408588124</raw_size><raw_downloads>12</raw_downloads><raw_downloads_month>0</raw_downloads_month><raw_downloads_week>0</raw_downloads_week><raw_downloads_day>0</raw_downloads_day></version><version><id>235244777</id><name>sha256:305a2f0bde35b8cade2bbb404ab1f35c0c681b51d1c60716932f6bbc6014c2b9</name><date>2025-06-19</date><newest>false</newest><latest>false</latest><size>408.5 MB</size><downloads>16</downloads><downloads_month>0</downloads_month><downloads_week>0</downloads_week><downloads_day>0</downloads_day><raw_size>408588124</raw_size><raw_downloads>16</raw_downloads><raw_downloads_month>0</raw_downloads_month><raw_downloads_week>0</raw_downloads_week><raw_downloads_day>0</raw_downloads_day><tags>pr-72-next-cache</tags></version><version><id>235278256</id><name>sha256:a120a4dba6323928f88d35025228ce95a2e87f45e4519dd20edd40c68a59244a</name><date>2025-06-19</date><newest>false</newest><latest>false</latest><size>445.4 MB</size><downloads>4</downloads><downloads_month>0</downloads_month><downloads_week>0</downloads_week><downloads_day>0</downloads_day><raw_size>445498456</raw_size><raw_downloads>4</raw_downloads><raw_downloads_month>0</raw_downloads_month><raw_downloads_week>0</raw_downloads_week><raw_downloads_day>0</raw_downloads_day></version><version><id>235367983</id><name>sha256:c30b4811a41298b987f4451b314da0495c49b774903d25881125926c145e5f0e</name><date>2025-06-19</date><newest>false</newest><latest>false</latest><size>408.5 MB</size><downloads>10</downloads><downloads_month>0</downloads_month><downloads_week>0</downloads_week><downloads_day>0</downloads_day><raw_size>408597668</raw_size><raw_downloads>10</raw_downloads><raw_downloads_month>0</raw_downloads_month><raw_downloads_week>0</raw_downloads_week><raw_downloads_day>0</raw_downloads_day><tags>pr-72-next</tags></version><version><id>235367984</id><name>sha256:e8d803f0c12274d8a5e2ce2dc26d5aa3e0f77d646df0f87cb3a1aaf3c51a2f78</name><date>2025-06-19</date><newest>false</newest><latest>false</latest><size>2.1 kB</size><downloads>10</downloads><downloads_month>0</downloads_month><downloads_week>0</downloads_week><downloads_day>0</downloads_day><raw_size>2179</raw_size><raw_downloads>10</raw_downloads><raw_downloads_month>0</raw_downloads_month><raw_downloads_week>0</raw_downloads_week><raw_downloads_day>0</raw_downloads_day></version><version><id>235367988</id><name>sha256:ce1f677612490ef24fa6563f03595f03888f191c9d7f2606162aa5bc74ba59a8</name><date>2025-06-19</date><newest>false</newest><latest>false</latest><size>408.5 MB</size><downloads>12</downloads><downloads_month>0</downloads_month><downloads_week>0</downloads_week><downloads_day>0</downloads_day><raw_size>408588124</raw_size><raw_downloads>12</raw_downloads><raw_downloads_month>0</raw_downloads_month><raw_downloads_week>0</raw_downloads_week><raw_downloads_day>0</raw_downloads_day></version><version><id>235372702</id><name>sha256:a9e3585de31e647485e850d7391e10a9c1575c557bf33fe3ab7cb44b6ddb6ec1</name><date>2025-06-19</date><newest>false</newest><latest>false</latest><size>408.5 MB</size><downloads>10</downloads><downloads_month>0</downloads_month><downloads_week>0</downloads_week><downloads_day>0</downloads_day><raw_size>408597630</raw_size><raw_downloads>10</raw_downloads><raw_downloads_month>0</raw_downloads_month><raw_downloads_week>0</raw_downloads_week><raw_downloads_day>0</raw_downloads_day><tags>pr-72-next</tags></version><version><id>235372707</id><name>sha256:0b900653e1666e5ecf9af553aef8ed141dd640285445c0da3d1017f040270097</name><date>2025-06-19</date><newest>false</newest><latest>false</latest><size>2.1 kB</size><downloads>10</downloads><downloads_month>0</downloads_month><downloads_week>0</downloads_week><downloads_day>0</downloads_day><raw_size>2179</raw_size><raw_downloads>10</raw_downloads><raw_downloads_month>0</raw_downloads_month><raw_downloads_week>0</raw_downloads_week><raw_downloads_day>0</raw_downloads_day></version><version><id>235372714</id><name>sha256:4762740fb8801db3ced724a58aa7146c3691157df6c12c6029f27c7c79cb36d9</name><date>2025-06-19</date><newest>false</newest><latest>false</latest><size>408.5 MB</size><downloads>12</downloads><downloads_month>0</downloads_month><downloads_week>0</downloads_week><downloads_day>0</downloads_day><raw_size>408588124</raw_size><raw_downloads>12</raw_downloads><raw_downloads_month>0</raw_downloads_month><raw_downloads_week>0</raw_downloads_week><raw_downloads_day>0</raw_downloads_day></version><version><id>235376315</id><name>sha256:75ab415de7b735cbb36366810816ae2ed035dc0dddd42750aa033a2d84d6f8d2</name><date>2025-06-19</date><newest>false</newest><latest>false</latest><size>408.5 MB</size><downloads>22</downloads><downloads_month>0</downloads_month><downloads_week>0</downloads_week><downloads_day>0</downloads_day><raw_size>408597710</raw_size><raw_downloads>22</raw_downloads><raw_downloads_month>0</raw_downloads_month><raw_downloads_week>0</raw_downloads_week><raw_downloads_day>0</raw_downloads_day><tags>pr-72-next</tags></version><version><id>235376319</id><name>sha256:0b0ba86f508b565fa4726035b27d4ca27b17ba9bb11de49e228f6c7378487704</name><date>2025-06-19</date><newest>false</newest><latest>false</latest><size>2.1 kB</size><downloads>11</downloads><downloads_month>0</downloads_month><downloads_week>0</downloads_week><downloads_day>0</downloads_day><raw_size>2179</raw_size><raw_downloads>11</raw_downloads><raw_downloads_month>0</raw_downloads_month><raw_downloads_week>0</raw_downloads_week><raw_downloads_day>0</raw_downloads_day></version><version><id>235376320</id><name>sha256:58d7da458a892fd80268a0330dd6ac316e259c189421d2419cf0e4727a7be44a</name><date>2025-06-19</date><newest>true</newest><latest>false</latest><size>408.5 MB</size><downloads>24</downloads><downloads_month>0</downloads_month><downloads_week>0</downloads_week><downloads_day>0</downloads_day><raw_size>408588124</raw_size><raw_downloads>24</raw_downloads><raw_downloads_month>0</raw_downloads_month><raw_downloads_week>0</raw_downloads_week><raw_downloads_day>0</raw_downloads_day><tags>pr-72-next</tags></version></xml>
