<?xml version="1.0" encoding="UTF-8"?><xml><owner_type>orgs</owner_type><package_type>container</package_type><owner_id>131524</owner_id><owner>mozilla</owner><repo>test-github-features</repo><package>test-github-features</package><date>2024-12-29</date><size>-1</size><versions>33</versions><tagged>10</tagged><downloads>3.5k</downloads><downloads_month>0</downloads_month><downloads_week>0</downloads_week><downloads_day>0</downloads_day><raw_size>-1</raw_size><raw_versions>33</raw_versions><raw_tagged>10</raw_tagged><raw_downloads>3519</raw_downloads><raw_downloads_month>0</raw_downloads_month><raw_downloads_week>0</raw_downloads_week><raw_downloads_day>0</raw_downloads_day><version><id>197128908</id><name>sha256:a1c3de0592db7af9c34611e6481e7a752e1e4ada1109b19bd7156cb8d694819c</name><date>2024-12-29</date><newest>false</newest><latest>false</latest><size>-1</size><downloads>16</downloads><downloads_month>0</downloads_month><downloads_week>0</downloads_week><downloads_day>0</downloads_day><raw_size>-1</raw_size><raw_downloads>16</raw_downloads><raw_downloads_month>0</raw_downloads_month><raw_downloads_week>0</raw_downloads_week><raw_downloads_day>0</raw_downloads_day></version><version><id>197133978</id><name>sha256:5f455f8f756b9c4a417b2f6193cfe09e232ddd8825c40a5381a8cd1bd6deedff</name><date>2024-12-29</date><newest>false</newest><latest>false</latest><size>23.5 kB</size><downloads>8</downloads><downloads_month>0</downloads_month><downloads_week>0</downloads_week><downloads_day>0</downloads_day><raw_size>23513</raw_size><raw_downloads>8</raw_downloads><raw_downloads_month>0</raw_downloads_month><raw_downloads_week>0</raw_downloads_week><raw_downloads_day>0</raw_downloads_day></version><version><id>197133988</id><name>sha256:d61cab59a457ec1947fbecb04da6a0d6254321a84b6198119e83d400640e3f80</name><date>2024-12-29</date><newest>false</newest><latest>false</latest><size>-1</size><downloads>49</downloads><downloads_month>0</downloads_month><downloads_week>0</downloads_week><downloads_day>0</downloads_day><raw_size>-1</raw_size><raw_downloads>49</raw_downloads><raw_downloads_month>0</raw_downloads_month><raw_downloads_week>0</raw_downloads_week><raw_downloads_day>0</raw_downloads_day><tags>sha-67385fb</tags></version><version><id>197135023</id><name>sha256:b4a95c578fd60fefc0079beac9d8539065d261d075f373c0460ec852967737a4</name><date>2024-12-29</date><newest>false</newest><latest>false</latest><size>409.4 MB</size><downloads>13</downloads><downloads_month>0</downloads_month><downloads_week>0</downloads_week><downloads_day>0</downloads_day><raw_size>409446871</raw_size><raw_downloads>13</raw_downloads><raw_downloads_month>0</raw_downloads_month><raw_downloads_week>0</raw_downloads_week><raw_downloads_day>0</raw_downloads_day></version><version><id>197135032</id><name>sha256:d7c855607d074fdc963c957990b55304bf7d8bc83e1ba8c89432a8b0141ccf6b</name><date>2024-12-29</date><newest>false</newest><latest>false</latest><size>23 kB</size><downloads>8</downloads><downloads_month>0</downloads_month><downloads_week>0</downloads_week><downloads_day>0</downloads_day><raw_size>23062</raw_size><raw_downloads>8</raw_downloads><raw_downloads_month>0</raw_downloads_month><raw_downloads_week>0</raw_downloads_week><raw_downloads_day>0</raw_downloads_day></version><version><id>197135977</id><name>sha256:718e3005da282f94e5a2ea82bf6a32588324b774cb2b1a94d795fa7aca2dd350</name><date>2024-12-29</date><newest>false</newest><latest>false</latest><size>409.4 MB</size><downloads>21</downloads><downloads_month>0</downloads_month><downloads_week>0</downloads_week><downloads_day>0</downloads_day><raw_size>409447072</raw_size><raw_downloads>21</raw_downloads><raw_downloads_month>0</raw_downloads_month><raw_downloads_week>0</raw_downloads_week><raw_downloads_day>0</raw_downloads_day></version><version><id>197135981</id><name>sha256:fd49b16b647e6279f08dd65e486e89ce630f3cc0173b19371acc4bbc50612330</name><date>2024-12-29</date><newest>false</newest><latest>false</latest><size>23 kB</size><downloads>8</downloads><downloads_month>0</downloads_month><downloads_week>0</downloads_week><downloads_day>0</downloads_day><raw_size>23058</raw_size><raw_downloads>8</raw_downloads><raw_downloads_month>0</raw_downloads_month><raw_downloads_week>0</raw_downloads_week><raw_downloads_day>0</raw_downloads_day></version><version><id>229440771</id><name>sha256:097bb2f54ebaef72f348a61c6a33e036d8801ee6329c60564baba279d9af1fad</name><date>2024-12-29</date><newest>false</newest><latest>false</latest><size>408.5 MB</size><downloads>51</downloads><downloads_month>0</downloads_month><downloads_week>0</downloads_week><downloads_day>0</downloads_day><raw_size>408597601</raw_size><raw_downloads>51</raw_downloads><raw_downloads_month>0</raw_downloads_month><raw_downloads_week>0</raw_downloads_week><raw_downloads_day>0</raw_downloads_day></version><version><id>229445725</id><name>sha256:88874d87a5edcf4795c2e8dfe44630346a75a3d57bd6a8da686c4bae07b6c730</name><date>2024-12-29</date><newest>false</newest><latest>false</latest><size>23.6 kB</size><downloads>8</downloads><downloads_month>0</downloads_month><downloads_week>0</downloads_week><downloads_day>0</downloads_day><raw_size>23679</raw_size><raw_downloads>8</raw_downloads><raw_downloads_month>0</raw_downloads_month><raw_downloads_week>0</raw_downloads_week><raw_downloads_day>0</raw_downloads_day></version><version><id>229445734</id><name>sha256:234014e8c63b063e5b00e1c89b4821c3f95b6cc76e9475419a6bcf1863d12dd4</name><date>2024-12-29</date><newest>false</newest><latest>false</latest><size>-1</size><downloads>19</downloads><downloads_month>0</downloads_month><downloads_week>0</downloads_week><downloads_day>0</downloads_day><raw_size>-1</raw_size><raw_downloads>19</raw_downloads><raw_downloads_month>0</raw_downloads_month><raw_downloads_week>0</raw_downloads_week><raw_downloads_day>0</raw_downloads_day><tags>sha-f355e56</tags></version><version><id>229448420</id><name>sha256:d758ad487523e70c85bc3e1aff03b01e75ba35ea42f520fa063984c8f9373dbe</name><date>2024-12-29</date><newest>false</newest><latest>false</latest><size>23.6 kB</size><downloads>9</downloads><downloads_month>0</downloads_month><downloads_week>0</downloads_week><downloads_day>0</downloads_day><raw_size>23679</raw_size><raw_downloads>9</raw_downloads><raw_downloads_month>0</raw_downloads_month><raw_downloads_week>0</raw_downloads_week><raw_downloads_day>0</raw_downloads_day></version><version><id>229448424</id><name>sha256:6be152a41f312a5ce868049f5675b402c173c2fd59f65b73118b15f5e38406b4</name><date>2024-12-29</date><newest>false</newest><latest>false</latest><size>-1</size><downloads>19</downloads><downloads_month>0</downloads_month><downloads_week>0</downloads_week><downloads_day>0</downloads_day><raw_size>-1</raw_size><raw_downloads>19</raw_downloads><raw_downloads_month>0</raw_downloads_month><raw_downloads_week>0</raw_downloads_week><raw_downloads_day>0</raw_downloads_day><tags>sha-a0b908f</tags></version><version><id>229506917</id><name>sha256:7e5ba3e24a20848246b9a0d22f5a7a5375b9997d5a10f7c3cada1579f1a0dbf2</name><date>2024-12-29</date><newest>false</newest><latest>false</latest><size>-1</size><downloads>23</downloads><downloads_month>0</downloads_month><downloads_week>0</downloads_week><downloads_day>0</downloads_day><raw_size>-1</raw_size><raw_downloads>23</raw_downloads><raw_downloads_month>0</raw_downloads_month><raw_downloads_week>0</raw_downloads_week><raw_downloads_day>0</raw_downloads_day><tags>latest</tags></version><version><id>229507516</id><name>sha256:8533d5277d1085babc3b1bf12b8c1d13b256409879cd5f38fcffedd39df11b11</name><date>2024-12-29</date><newest>false</newest><latest>false</latest><size>408.5 MB</size><downloads>8</downloads><downloads_month>0</downloads_month><downloads_week>0</downloads_week><downloads_day>0</downloads_day><raw_size>408597634</raw_size><raw_downloads>8</raw_downloads><raw_downloads_month>0</raw_downloads_month><raw_downloads_week>0</raw_downloads_week><raw_downloads_day>0</raw_downloads_day></version><version><id>229509886</id><name>sha256:ba3f8ac8cb65ef80596c84faf905fe31aa3e45f6c86d63cb05f7bf984952a3a7</name><date>2024-12-29</date><newest>false</newest><latest>false</latest><size>23.5 kB</size><downloads>9</downloads><downloads_month>0</downloads_month><downloads_week>0</downloads_week><downloads_day>0</downloads_day><raw_size>23513</raw_size><raw_downloads>9</raw_downloads><raw_downloads_month>0</raw_downloads_month><raw_downloads_week>0</raw_downloads_week><raw_downloads_day>0</raw_downloads_day></version><version><id>229509890</id><name>sha256:7ce51eaf71ee84167e6b42dce597cfcaecca337337756f5ad451cdcf3ade856d</name><date>2024-12-29</date><newest>false</newest><latest>false</latest><size>-1</size><downloads>16</downloads><downloads_month>0</downloads_month><downloads_week>0</downloads_week><downloads_day>0</downloads_day><raw_size>-1</raw_size><raw_downloads>16</raw_downloads><raw_downloads_month>0</raw_downloads_month><raw_downloads_week>0</raw_downloads_week><raw_downloads_day>0</raw_downloads_day><tags>sha-b5cd6db</tags></version><version><id>235209192</id><name>sha256:7c8151c91383989b873fab3f20e1920cd54e9c6421a16981fa9593a5061e54ef</name><date>2024-12-29</date><newest>false</newest><latest>false</latest><size>408.5 MB</size><downloads>26</downloads><downloads_month>0</downloads_month><downloads_week>0</downloads_week><downloads_day>0</downloads_day><raw_size>408596421</raw_size><raw_downloads>26</raw_downloads><raw_downloads_month>0</raw_downloads_month><raw_downloads_week>0</raw_downloads_week><raw_downloads_day>0</raw_downloads_day></version><version><id>235209194</id><name>sha256:8d74fea9de3d81d13f93c6f49dd9071f4a88b163b3a66e4f6726f0dc813d0922</name><date>2024-12-29</date><newest>false</newest><latest>false</latest><size>22.7 kB</size><downloads>9</downloads><downloads_month>0</downloads_month><downloads_week>0</downloads_week><downloads_day>0</downloads_day><raw_size>22720</raw_size><raw_downloads>9</raw_downloads><raw_downloads_month>0</raw_downloads_month><raw_downloads_week>0</raw_downloads_week><raw_downloads_day>0</raw_downloads_day></version><version><id>235209197</id><name>sha256:a97f5b614c9bebe4bfd109f340f150b4b89a0ac158ab3832a8e49cad123b7df3</name><date>2024-12-29</date><newest>false</newest><latest>false</latest><size>-1</size><downloads>16</downloads><downloads_month>0</downloads_month><downloads_week>0</downloads_week><downloads_day>0</downloads_day><raw_size>-1</raw_size><raw_downloads>16</raw_downloads><raw_downloads_month>0</raw_downloads_month><raw_downloads_week>0</raw_downloads_week><raw_downloads_day>0</raw_downloads_day><tags>sha-f872835</tags></version><version><id>235225207</id><name>sha256:b698e55db59915c4d3f6c9acb10f382b263d7c413e940cf93ac7deeb18ff5ff9</name><date>2024-12-29</date><newest>false</newest><latest>false</latest><size>445.4 MB</size><downloads>14</downloads><downloads_month>0</downloads_month><downloads_week>0</downloads_week><downloads_day>0</downloads_day><raw_size>445498240</raw_size><raw_downloads>14</raw_downloads><raw_downloads_month>0</raw_downloads_month><raw_downloads_week>0</raw_downloads_week><raw_downloads_day>0</raw_downloads_day></version><version><id>235225215</id><name>sha256:e77c98cb86dc9e218b965baca216a517160ba9219f7da668ebe10a783e00dc99</name><date>2024-12-29</date><newest>false</newest><latest>false</latest><size>22.4 kB</size><downloads>8</downloads><downloads_month>0</downloads_month><downloads_week>0</downloads_week><downloads_day>0</downloads_day><raw_size>22406</raw_size><raw_downloads>8</raw_downloads><raw_downloads_month>0</raw_downloads_month><raw_downloads_week>0</raw_downloads_week><raw_downloads_day>0</raw_downloads_day></version><version><id>235225334</id><name>sha256:cc035c563d88237f5d23d6fcaba002bd589bb0779a5e6cd52cdd55ab787b56bb</name><date>2024-12-29</date><newest>false</newest><latest>false</latest><size>-1</size><downloads>13</downloads><downloads_month>0</downloads_month><downloads_week>0</downloads_week><downloads_day>0</downloads_day><raw_size>-1</raw_size><raw_downloads>13</raw_downloads><raw_downloads_month>0</raw_downloads_month><raw_downloads_week>0</raw_downloads_week><raw_downloads_day>0</raw_downloads_day></version><version><id>235233704</id><name>sha256:5564a8ad5f4f4ae190a3e76870563e694e4d9937f4c4a26f8e953f0fb5dd82b7</name><date>2024-12-29</date><newest>false</newest><latest>false</latest><size>22.4 kB</size><downloads>10</downloads><downloads_month>0</downloads_month><downloads_week>0</downloads_week><downloads_day>0</downloads_day><raw_size>22409</raw_size><raw_downloads>10</raw_downloads><raw_downloads_month>0</raw_downloads_month><raw_downloads_week>0</raw_downloads_week><raw_downloads_day>0</raw_downloads_day></version><version><id>235233713</id><name>sha256:a2835b88a65ffd48d4ec40ec53786f92ed72c6e96f209ee0fa9b4fdca672145a</name><date>2024-12-29</date><newest>false</newest><latest>false</latest><size>-1</size><downloads>16</downloads><downloads_month>1</downloads_month><downloads_week>0</downloads_week><downloads_day>0</downloads_day><raw_size>-1</raw_size><raw_downloads>16</raw_downloads><raw_downloads_month>1</raw_downloads_month><raw_downloads_week>0</raw_downloads_week><raw_downloads_day>0</raw_downloads_day><tags>72-merge-next</tags></version><version><id>235244762</id><name>sha256:f1370e3ba55cb70c3aace6c2e6936811eb64a608c0beb634556bf2f2ea7e299c</name><date>2024-12-29</date><newest>false</newest><latest>false</latest><size>23 kB</size><downloads>9</downloads><downloads_month>0</downloads_month><downloads_week>0</downloads_week><downloads_day>0</downloads_day><raw_size>23025</raw_size><raw_downloads>9</raw_downloads><raw_downloads_month>0</raw_downloads_month><raw_downloads_week>0</raw_downloads_week><raw_downloads_day>0</raw_downloads_day></version><version><id>235244768</id><name>sha256:b23ebbaa26614598b2bd0c201f92fa2b0f4a7670753f31722ebd20ba1bb1e426</name><date>2024-12-29</date><newest>false</newest><latest>false</latest><size>-1</size><downloads>12</downloads><downloads_month>0</downloads_month><downloads_week>0</downloads_week><downloads_day>0</downloads_day><raw_size>-1</raw_size><raw_downloads>12</raw_downloads><raw_downloads_month>0</raw_downloads_month><raw_downloads_week>0</raw_downloads_week><raw_downloads_day>0</raw_downloads_day></version><version><id>235367983</id><name>sha256:c30b4811a41298b987f4451b314da0495c49b774903d25881125926c145e5f0e</name><date>2024-12-29</date><newest>false</newest><latest>false</latest><size>408.5 MB</size><downloads>10</downloads><downloads_month>0</downloads_month><downloads_week>0</downloads_week><downloads_day>0</downloads_day><raw_size>408597668</raw_size><raw_downloads>10</raw_downloads><raw_downloads_month>0</raw_downloads_month><raw_downloads_week>0</raw_downloads_week><raw_downloads_day>0</raw_downloads_day><tags>pr-72-next</tags></version><version><id>235367984</id><name>sha256:e8d803f0c12274d8a5e2ce2dc26d5aa3e0f77d646df0f87cb3a1aaf3c51a2f78</name><date>2024-12-29</date><newest>false</newest><latest>false</latest><size>2.1 kB</size><downloads>10</downloads><downloads_month>0</downloads_month><downloads_week>0</downloads_week><downloads_day>0</downloads_day><raw_size>2179</raw_size><raw_downloads>10</raw_downloads><raw_downloads_month>0</raw_downloads_month><raw_downloads_week>0</raw_downloads_week><raw_downloads_day>0</raw_downloads_day></version><version><id>235367988</id><name>sha256:ce1f677612490ef24fa6563f03595f03888f191c9d7f2606162aa5bc74ba59a8</name><date>2024-12-29</date><newest>false</newest><latest>false</latest><size>-1</size><downloads>12</downloads><downloads_month>0</downloads_month><downloads_week>0</downloads_week><downloads_day>0</downloads_day><raw_size>-1</raw_size><raw_downloads>12</raw_downloads><raw_downloads_month>0</raw_downloads_month><raw_downloads_week>0</raw_downloads_week><raw_downloads_day>0</raw_downloads_day></version><version><id>235372702</id><name>sha256:a9e3585de31e647485e850d7391e10a9c1575c557bf33fe3ab7cb44b6ddb6ec1</name><date>2024-12-29</date><newest>false</newest><latest>false</latest><size>408.5 MB</size><downloads>10</downloads><downloads_month>0</downloads_month><downloads_week>0</downloads_week><downloads_day>0</downloads_day><raw_size>408597630</raw_size><raw_downloads>10</raw_downloads><raw_downloads_month>0</raw_downloads_month><raw_downloads_week>0</raw_downloads_week><raw_downloads_day>0</raw_downloads_day><tags>pr-72-next</tags></version><version><id>235372707</id><name>sha256:0b900653e1666e5ecf9af553aef8ed141dd640285445c0da3d1017f040270097</name><date>2024-12-29</date><newest>false</newest><latest>false</latest><size>2.1 kB</size><downloads>10</downloads><downloads_month>0</downloads_month><downloads_week>0</downloads_week><downloads_day>0</downloads_day><raw_size>2179</raw_size><raw_downloads>10</raw_downloads><raw_downloads_month>0</raw_downloads_month><raw_downloads_week>0</raw_downloads_week><raw_downloads_day>0</raw_downloads_day></version><version><id>235372714</id><name>sha256:4762740fb8801db3ced724a58aa7146c3691157df6c12c6029f27c7c79cb36d9</name><date>2024-12-29</date><newest>false</newest><latest>false</latest><size>-1</size><downloads>12</downloads><downloads_month>0</downloads_month><downloads_week>0</downloads_week><downloads_day>0</downloads_day><raw_size>-1</raw_size><raw_downloads>12</raw_downloads><raw_downloads_month>0</raw_downloads_month><raw_downloads_week>0</raw_downloads_week><raw_downloads_day>0</raw_downloads_day></version><version><id>235376320</id><name>sha256:58d7da458a892fd80268a0330dd6ac316e259c189421d2419cf0e4727a7be44a</name><date>2024-12-29</date><newest>true</newest><latest>true</latest><size>-1</size><downloads>20</downloads><downloads_month>0</downloads_month><downloads_week>0</downloads_week><downloads_day>0</downloads_day><raw_size>-1</raw_size><raw_downloads>20</raw_downloads><raw_downloads_month>0</raw_downloads_month><raw_downloads_week>0</raw_downloads_week><raw_downloads_day>0</raw_downloads_day><tags>pr-72-next</tags></version></xml>
