<?xml version="1.0" encoding="UTF-8"?><xml><owner_type>orgs</owner_type><package_type>container</package_type><owner_id>19211038</owner_id><owner>nextcloud</owner><repo>test-deploy</repo><package>test-deploy</package><date>2025-06-11</date><size>-1</size><versions>46</versions><tagged>9</tagged><owner_rank>-1</owner_rank><repo_rank>1</repo_rank><downloads>15.7k</downloads><downloads_month>-1</downloads_month><downloads_week>-1</downloads_week><downloads_day>-1</downloads_day><raw_size>-1</raw_size><raw_versions>46</raw_versions><raw_tagged>9</raw_tagged><raw_owner_rank>-1</raw_owner_rank><raw_repo_rank>1</raw_repo_rank><raw_downloads>15727</raw_downloads><raw_downloads_month>-1</raw_downloads_month><raw_downloads_week>-1</raw_downloads_week><raw_downloads_day>-1</raw_downloads_day><version><id>339493112</id><name>sha256:8d180cda3aec5884ddd79944a7a207ae1bba36f53ecea7e04b15caac17affcac</name><date>2025-06-11</date><newest>false</newest><latest>false</latest><size>-1</size><downloads>1</downloads><downloads_month>1</downloads_month><downloads_week>0</downloads_week><downloads_day>0</downloads_day><raw_size>-1</raw_size><raw_downloads>1</raw_downloads><raw_downloads_month>1</raw_downloads_month><raw_downloads_week>0</raw_downloads_week><raw_downloads_day>0</raw_downloads_day><tags>latest-rocm</tags></version><version><id>339689080</id><name>sha256:3f96e7e90076008cceadb5b4128edb2237ebf33c1d3ac8d18a03b150b6dfc3d1</name><date>2025-06-11</date><newest>false</newest><latest>false</latest><size>564 MB</size><downloads>308</downloads><downloads_month>308</downloads_month><downloads_week>70</downloads_week><downloads_day>0</downloads_day><raw_size>564034890</raw_size><raw_downloads>308</raw_downloads><raw_downloads_month>308</raw_downloads_month><raw_downloads_week>70</raw_downloads_week><raw_downloads_day>0</raw_downloads_day></version><version><id>339689083</id><name>sha256:acfc8c334e068d81ab4ee6afd75df83a85d7beb115f5f057afca8c49eaa014f6</name><date>2025-06-11</date><newest>false</newest><latest>false</latest><size>2 kB</size><downloads>0</downloads><downloads_month>0</downloads_month><downloads_week>0</downloads_week><downloads_day>0</downloads_day><raw_size>2098</raw_size><raw_downloads>0</raw_downloads><raw_downloads_month>0</raw_downloads_month><raw_downloads_week>0</raw_downloads_week><raw_downloads_day>0</raw_downloads_day></version><version><id>339697761</id><name>sha256:5fa4246e29cfa1b83d84274f5fc9037d1a1503eba2adede372fcfa80f174d4d1</name><date>2025-06-11</date><newest>false</newest><latest>false</latest><size>2.1 GB</size><downloads>40</downloads><downloads_month>40</downloads_month><downloads_week>20</downloads_week><downloads_day>1</downloads_day><raw_size>2147483647</raw_size><raw_downloads>40</raw_downloads><raw_downloads_month>40</raw_downloads_month><raw_downloads_week>20</raw_downloads_week><raw_downloads_day>1</raw_downloads_day></version><version><id>339697768</id><name>sha256:232a03797e64f4923b7cb22928dcce038ad041a53ca6bc89d9ad1f147d12ac08</name><date>2025-06-11</date><newest>false</newest><latest>false</latest><size>2.1 kB</size><downloads>0</downloads><downloads_month>0</downloads_month><downloads_week>0</downloads_week><downloads_day>0</downloads_day><raw_size>2103</raw_size><raw_downloads>0</raw_downloads><raw_downloads_month>0</raw_downloads_month><raw_downloads_week>0</raw_downloads_week><raw_downloads_day>0</raw_downloads_day></version><version><id>339697779</id><name>sha256:7f1f938e88b8390d1ecd905151397fff55a2f42096f6b3e27670ba825886b6eb</name><date>2025-06-11</date><newest>false</newest><latest>false</latest><size>-1</size><downloads>41</downloads><downloads_month>41</downloads_month><downloads_week>20</downloads_week><downloads_day>1</downloads_day><raw_size>-1</raw_size><raw_downloads>41</raw_downloads><raw_downloads_month>41</raw_downloads_month><raw_downloads_week>20</raw_downloads_week><raw_downloads_day>1</raw_downloads_day><tags>release-cuda</tags></version><version><id>339709252</id><name>sha256:d67fd8226c00c0bda04e8b126e7709fd668d3fb2eba5c67cc368a0b309f02a7f</name><date>2025-06-11</date><newest>false</newest><latest>false</latest><size>2.1 kB</size><downloads>0</downloads><downloads_month>0</downloads_month><downloads_week>0</downloads_week><downloads_day>0</downloads_day><raw_size>2102</raw_size><raw_downloads>0</raw_downloads><raw_downloads_month>0</raw_downloads_month><raw_downloads_week>0</raw_downloads_week><raw_downloads_day>0</raw_downloads_day></version><version><id>370277311</id><name>sha256:821e43ebbe6c7a1fecb1076bef9b73fc0359bb901dab4d26b3664ab06268cfd4</name><date>2025-06-11</date><newest>false</newest><latest>false</latest><size>2.1 GB</size><downloads>0</downloads><downloads_month>0</downloads_month><downloads_week>0</downloads_week><downloads_day>0</downloads_day><raw_size>2147483647</raw_size><raw_downloads>0</raw_downloads><raw_downloads_month>0</raw_downloads_month><raw_downloads_week>0</raw_downloads_week><raw_downloads_day>0</raw_downloads_day></version><version><id>370277312</id><name>sha256:65f05fec0e6d77bcccaadfdc4897a43784b1818db6a27036bbdc9c4476aaa28f</name><date>2025-06-11</date><newest>false</newest><latest>false</latest><size>2.1 kB</size><downloads>0</downloads><downloads_month>0</downloads_month><downloads_week>0</downloads_week><downloads_day>0</downloads_day><raw_size>2102</raw_size><raw_downloads>0</raw_downloads><raw_downloads_month>0</raw_downloads_month><raw_downloads_week>0</raw_downloads_week><raw_downloads_day>0</raw_downloads_day></version><version><id>370277317</id><name>sha256:18bc3aa1c325538a91533e22f36b19e85fc11d362848710c8e3b78249d2fd5e8</name><date>2025-06-11</date><newest>false</newest><latest>false</latest><size>237 MB</size><downloads>0</downloads><downloads_month>0</downloads_month><downloads_week>0</downloads_week><downloads_day>0</downloads_day><raw_size>237062062</raw_size><raw_downloads>0</raw_downloads><raw_downloads_month>0</raw_downloads_month><raw_downloads_week>0</raw_downloads_week><raw_downloads_day>0</raw_downloads_day></version><version><id>370520506</id><name>sha256:3d154565fa0cfe2c3a1f2a08b2962844414dc37db424ab42ee3d5e8ef8955d2f</name><date>2025-06-11</date><newest>false</newest><latest>false</latest><size>370.1 MB</size><downloads>11</downloads><downloads_month>11</downloads_month><downloads_week>7</downloads_week><downloads_day>0</downloads_day><raw_size>370182849</raw_size><raw_downloads>11</raw_downloads><raw_downloads_month>11</raw_downloads_month><raw_downloads_week>7</raw_downloads_week><raw_downloads_day>0</raw_downloads_day></version><version><id>370520507</id><name>sha256:d09bc00b069a418f2cfc4b995a6cb203b0a6ff8510433ffe976a56278221d9db</name><date>2025-06-11</date><newest>false</newest><latest>false</latest><size>566.5 MB</size><downloads>1.3k</downloads><downloads_month>416</downloads_month><downloads_week>80</downloads_week><downloads_day>7</downloads_day><raw_size>566599240</raw_size><raw_downloads>1394</raw_downloads><raw_downloads_month>416</raw_downloads_month><raw_downloads_week>80</raw_downloads_week><raw_downloads_day>7</raw_downloads_day></version><version><id>370520508</id><name>sha256:2c059063aa07b9eabb5e3326c404d34efcef03a6d08379fba0d8207ecb0a5698</name><date>2025-06-11</date><newest>false</newest><latest>false</latest><size>2 kB</size><downloads>0</downloads><downloads_month>0</downloads_month><downloads_week>0</downloads_week><downloads_day>0</downloads_day><raw_size>2097</raw_size><raw_downloads>0</raw_downloads><raw_downloads_month>0</raw_downloads_month><raw_downloads_week>0</raw_downloads_week><raw_downloads_day>0</raw_downloads_day></version><version><id>370520510</id><name>sha256:e522dc6148bb6dc146289ece34f23761e7fb535d46c004aec1761521780b4ef1</name><date>2025-06-11</date><newest>false</newest><latest>false</latest><size>2 kB</size><downloads>0</downloads><downloads_month>0</downloads_month><downloads_week>0</downloads_week><downloads_day>0</downloads_day><raw_size>2097</raw_size><raw_downloads>0</raw_downloads><raw_downloads_month>0</raw_downloads_month><raw_downloads_week>0</raw_downloads_week><raw_downloads_day>0</raw_downloads_day></version><version><id>370520511</id><name>sha256:6170bb743ba4379131bd869fc36db5403e57375fc56494ac3d0b037cba7af7cc</name><date>2025-06-11</date><newest>false</newest><latest>false</latest><size>237 MB</size><downloads>6.8k</downloads><downloads_month>2.5k</downloads_month><downloads_week>545</downloads_week><downloads_day>15</downloads_day><raw_size>237062062</raw_size><raw_downloads>6848</raw_downloads><raw_downloads_month>2545</raw_downloads_month><raw_downloads_week>545</raw_downloads_week><raw_downloads_day>15</raw_downloads_day><tags>release</tags></version><version><id>370522051</id><name>sha256:a0d917e9b69ee12a212253039504378933eb3c24e9174b3d126bf0fa47cab95e</name><date>2025-06-11</date><newest>false</newest><latest>false</latest><size>2.1 GB</size><downloads>322</downloads><downloads_month>47</downloads_month><downloads_week>15</downloads_week><downloads_day>0</downloads_day><raw_size>2147483647</raw_size><raw_downloads>322</raw_downloads><raw_downloads_month>47</raw_downloads_month><raw_downloads_week>15</raw_downloads_week><raw_downloads_day>0</raw_downloads_day></version><version><id>370522052</id><name>sha256:4553c5309cc5d33f873d30c05b81d22052a1d27d0f19b223265e2d063be5d609</name><date>2025-06-11</date><newest>false</newest><latest>false</latest><size>2.1 kB</size><downloads>0</downloads><downloads_month>0</downloads_month><downloads_week>0</downloads_week><downloads_day>0</downloads_day><raw_size>2103</raw_size><raw_downloads>0</raw_downloads><raw_downloads_month>0</raw_downloads_month><raw_downloads_week>0</raw_downloads_week><raw_downloads_day>0</raw_downloads_day></version><version><id>370522055</id><name>sha256:86c2a4c2bcc548e92f83b33f79acea90306744aa2b38e7f5b3ebe83cf3f66f35</name><date>2025-06-11</date><newest>false</newest><latest>false</latest><size>237 MB</size><downloads>652</downloads><downloads_month>157</downloads_month><downloads_week>32</downloads_week><downloads_day>0</downloads_day><raw_size>237062062</raw_size><raw_downloads>652</raw_downloads><raw_downloads_month>157</raw_downloads_month><raw_downloads_week>32</raw_downloads_week><raw_downloads_day>0</raw_downloads_day><tags>release-cuda</tags></version><version><id>370524265</id><name>sha256:445700663ec89fa92c771d071a86dd069132628773044ee139e9d7047f3c30cf</name><date>2025-06-11</date><newest>false</newest><latest>false</latest><size>2.1 GB</size><downloads>20</downloads><downloads_month>4</downloads_month><downloads_week>0</downloads_week><downloads_day>0</downloads_day><raw_size>2147483647</raw_size><raw_downloads>20</raw_downloads><raw_downloads_month>4</raw_downloads_month><raw_downloads_week>0</raw_downloads_week><raw_downloads_day>0</raw_downloads_day></version><version><id>370524267</id><name>sha256:f4b5dd2ee89d19b5e224b57a89838ec4e3139687db7d10ea6082e058127e6cb6</name><date>2025-06-11</date><newest>false</newest><latest>false</latest><size>2.1 kB</size><downloads>0</downloads><downloads_month>0</downloads_month><downloads_week>0</downloads_week><downloads_day>0</downloads_day><raw_size>2103</raw_size><raw_downloads>0</raw_downloads><raw_downloads_month>0</raw_downloads_month><raw_downloads_week>0</raw_downloads_week><raw_downloads_day>0</raw_downloads_day></version><version><id>370524270</id><name>sha256:d51ed26bb203da42989c1e149bb6d527b2aff7fd8af8deacf658c88e44edc301</name><date>2025-06-11</date><newest>false</newest><latest>false</latest><size>-1</size><downloads>85</downloads><downloads_month>17</downloads_month><downloads_week>4</downloads_week><downloads_day>1</downloads_day><raw_size>-1</raw_size><raw_downloads>85</raw_downloads><raw_downloads_month>17</raw_downloads_month><raw_downloads_week>4</raw_downloads_week><raw_downloads_day>1</raw_downloads_day><tags>release-rocm</tags></version><version><id>382169431</id><name>sha256:dbedaa86200c17305694877ccb9d07f49f5b981a17cd2daa8213c4bdc1b2d1fc</name><date>2025-06-11</date><newest>false</newest><latest>false</latest><size>239.6 MB</size><downloads>0</downloads><downloads_month>0</downloads_month><downloads_week>0</downloads_week><downloads_day>0</downloads_day><raw_size>239613780</raw_size><raw_downloads>0</raw_downloads><raw_downloads_month>0</raw_downloads_month><raw_downloads_week>0</raw_downloads_week><raw_downloads_day>0</raw_downloads_day></version><version><id>382169443</id><name>sha256:ffaa4fa30d9006383964ce81bb26341865480289b9a190d53de7df1c10563341</name><date>2025-06-11</date><newest>false</newest><latest>false</latest><size>335.9 MB</size><downloads>0</downloads><downloads_month>0</downloads_month><downloads_week>0</downloads_week><downloads_day>0</downloads_day><raw_size>335961011</raw_size><raw_downloads>0</raw_downloads><raw_downloads_month>0</raw_downloads_month><raw_downloads_week>0</raw_downloads_week><raw_downloads_day>0</raw_downloads_day></version><version><id>382169454</id><name>sha256:4af02cb467cb8f257218d23b8c0a721d45ad7fcae8e4ef466cdbb03824645f1d</name><date>2025-06-11</date><newest>false</newest><latest>false</latest><size>2 kB</size><downloads>0</downloads><downloads_month>0</downloads_month><downloads_week>0</downloads_week><downloads_day>0</downloads_day><raw_size>2097</raw_size><raw_downloads>0</raw_downloads><raw_downloads_month>0</raw_downloads_month><raw_downloads_week>0</raw_downloads_week><raw_downloads_day>0</raw_downloads_day></version><version><id>382169460</id><name>sha256:3aac39ce29ebd4a4abce74f477f2f8d6dc91e41e0a9b1afba03e0c408f4823fb</name><date>2025-06-11</date><newest>false</newest><latest>false</latest><size>2 kB</size><downloads>0</downloads><downloads_month>0</downloads_month><downloads_week>0</downloads_week><downloads_day>0</downloads_day><raw_size>2097</raw_size><raw_downloads>0</raw_downloads><raw_downloads_month>0</raw_downloads_month><raw_downloads_week>0</raw_downloads_week><raw_downloads_day>0</raw_downloads_day></version><version><id>382169462</id><name>sha256:61878994592892552fd18c1889ae3a0f1bafaee28e6c7c0fb43c41cd73cf317a</name><date>2025-06-11</date><newest>false</newest><latest>false</latest><size>237 MB</size><downloads>0</downloads><downloads_month>0</downloads_month><downloads_week>0</downloads_week><downloads_day>0</downloads_day><raw_size>237062062</raw_size><raw_downloads>0</raw_downloads><raw_downloads_month>0</raw_downloads_month><raw_downloads_week>0</raw_downloads_week><raw_downloads_day>0</raw_downloads_day></version><version><id>382296137</id><name>sha256:3ff2a772cb6a497eef68da219bc992ca436c32dce1889bd10eda3e9a6a78b687</name><date>2025-06-11</date><newest>false</newest><latest>false</latest><size>237 MB</size><downloads>0</downloads><downloads_month>0</downloads_month><downloads_week>0</downloads_week><downloads_day>0</downloads_day><raw_size>237072505</raw_size><raw_downloads>0</raw_downloads><raw_downloads_month>0</raw_downloads_month><raw_downloads_week>0</raw_downloads_week><raw_downloads_day>0</raw_downloads_day></version><version><id>382296147</id><name>sha256:2464690fa43bd5f26fdda10f7e27bd162e9ae3d6f35c5235a38c928b2f5baf6e</name><date>2025-06-11</date><newest>false</newest><latest>false</latest><size>332.8 MB</size><downloads>0</downloads><downloads_month>0</downloads_month><downloads_week>0</downloads_week><downloads_day>0</downloads_day><raw_size>332886647</raw_size><raw_downloads>0</raw_downloads><raw_downloads_month>0</raw_downloads_month><raw_downloads_week>0</raw_downloads_week><raw_downloads_day>0</raw_downloads_day></version><version><id>382296160</id><name>sha256:5a04a2425cc7ba0b129dad7e6b4e7bb57f10b7d2aea705a1f6a2cce3de24880e</name><date>2025-06-11</date><newest>false</newest><latest>false</latest><size>2 kB</size><downloads>0</downloads><downloads_month>0</downloads_month><downloads_week>0</downloads_week><downloads_day>0</downloads_day><raw_size>2097</raw_size><raw_downloads>0</raw_downloads><raw_downloads_month>0</raw_downloads_month><raw_downloads_week>0</raw_downloads_week><raw_downloads_day>0</raw_downloads_day></version><version><id>382296173</id><name>sha256:5cf23b35a8bbc5c1068e9461049973cc25a724a42689524707698b56f92d07f8</name><date>2025-06-11</date><newest>false</newest><latest>false</latest><size>2 kB</size><downloads>0</downloads><downloads_month>0</downloads_month><downloads_week>0</downloads_week><downloads_day>0</downloads_day><raw_size>2097</raw_size><raw_downloads>0</raw_downloads><raw_downloads_month>0</raw_downloads_month><raw_downloads_week>0</raw_downloads_week><raw_downloads_day>0</raw_downloads_day></version><version><id>382296191</id><name>sha256:316ace0ba611d2f45b8f357fd441f2cf673d6501c789373cedaace5d11b37da5</name><date>2025-06-11</date><newest>false</newest><latest>false</latest><size>237 MB</size><downloads>0</downloads><downloads_month>0</downloads_month><downloads_week>0</downloads_week><downloads_day>0</downloads_day><raw_size>237062062</raw_size><raw_downloads>0</raw_downloads><raw_downloads_month>0</raw_downloads_month><raw_downloads_week>0</raw_downloads_week><raw_downloads_day>0</raw_downloads_day></version><version><id>382303749</id><name>sha256:00881e250182da07a6c9e7c42b1571e6a722022d17ab06b99f4616942df47d33</name><date>2025-06-11</date><newest>false</newest><latest>false</latest><size>237 MB</size><downloads>0</downloads><downloads_month>0</downloads_month><downloads_week>0</downloads_week><downloads_day>0</downloads_day><raw_size>237073285</raw_size><raw_downloads>0</raw_downloads><raw_downloads_month>0</raw_downloads_month><raw_downloads_week>0</raw_downloads_week><raw_downloads_day>0</raw_downloads_day></version><version><id>382303759</id><name>sha256:5536c1b15dd390f25c8a13d5769df570106f12cd11edc1c8608ae1b133554fad</name><date>2025-06-11</date><newest>false</newest><latest>false</latest><size>332.8 MB</size><downloads>0</downloads><downloads_month>0</downloads_month><downloads_week>0</downloads_week><downloads_day>0</downloads_day><raw_size>332887509</raw_size><raw_downloads>0</raw_downloads><raw_downloads_month>0</raw_downloads_month><raw_downloads_week>0</raw_downloads_week><raw_downloads_day>0</raw_downloads_day></version><version><id>382303772</id><name>sha256:cce2a93ce49bc0578fbe5fd3574f1447e08565852fffab6159f50b8067310654</name><date>2025-06-11</date><newest>false</newest><latest>false</latest><size>2 kB</size><downloads>0</downloads><downloads_month>0</downloads_month><downloads_week>0</downloads_week><downloads_day>0</downloads_day><raw_size>2095</raw_size><raw_downloads>0</raw_downloads><raw_downloads_month>0</raw_downloads_month><raw_downloads_week>0</raw_downloads_week><raw_downloads_day>0</raw_downloads_day></version><version><id>382303781</id><name>sha256:32cc03c1bf67486444523a61c41b59dc2e7aebb4d7cdb04553003361b9adb872</name><date>2025-06-11</date><newest>false</newest><latest>false</latest><size>2 kB</size><downloads>0</downloads><downloads_month>0</downloads_month><downloads_week>0</downloads_week><downloads_day>0</downloads_day><raw_size>2095</raw_size><raw_downloads>0</raw_downloads><raw_downloads_month>0</raw_downloads_month><raw_downloads_week>0</raw_downloads_week><raw_downloads_day>0</raw_downloads_day></version><version><id>382303792</id><name>sha256:a9930e7c408d44714bcfa8f337e1f957beaba4ebbd86ad8ec508655bfe247f74</name><date>2025-06-11</date><newest>false</newest><latest>false</latest><size>-1</size><downloads>0</downloads><downloads_month>0</downloads_month><downloads_week>0</downloads_week><downloads_day>0</downloads_day><raw_size>-1</raw_size><raw_downloads>0</raw_downloads><raw_downloads_month>0</raw_downloads_month><raw_downloads_week>0</raw_downloads_week><raw_downloads_day>0</raw_downloads_day></version><version><id>382438391</id><name>sha256:693231d5cfe47379c5028e0e5f38693f8d89b179e521621df82a6f311c2b7026</name><date>2025-06-11</date><newest>false</newest><latest>false</latest><size>332.8 MB</size><downloads>7</downloads><downloads_month>3</downloads_month><downloads_week>1</downloads_week><downloads_day>0</downloads_day><raw_size>332889358</raw_size><raw_downloads>7</raw_downloads><raw_downloads_month>3</raw_downloads_month><raw_downloads_week>1</raw_downloads_week><raw_downloads_day>0</raw_downloads_day></version><version><id>382438412</id><name>sha256:cca3fdd7e8cd1edf452b0dec7206d103eeba0c8abaa5454c47a06ca82e9a5353</name><date>2025-06-11</date><newest>false</newest><latest>false</latest><size>2 kB</size><downloads>0</downloads><downloads_month>0</downloads_month><downloads_week>0</downloads_week><downloads_day>0</downloads_day><raw_size>2097</raw_size><raw_downloads>0</raw_downloads><raw_downloads_month>0</raw_downloads_month><raw_downloads_week>0</raw_downloads_week><raw_downloads_day>0</raw_downloads_day></version><version><id>382438420</id><name>sha256:54b67d0b38901bca67cda537768a63f70c5925f3eda19274ec2b348d83669217</name><date>2025-06-11</date><newest>false</newest><latest>false</latest><size>2 kB</size><downloads>0</downloads><downloads_month>0</downloads_month><downloads_week>0</downloads_week><downloads_day>0</downloads_day><raw_size>2097</raw_size><raw_downloads>0</raw_downloads><raw_downloads_month>0</raw_downloads_month><raw_downloads_week>0</raw_downloads_week><raw_downloads_day>0</raw_downloads_day></version><version><id>382438436</id><name>sha256:95510c30ee7656c6e64b1617b4da749e5149d9bffe89149ea561a982eba1e37f</name><date>2025-06-11</date><newest>false</newest><latest>true</latest><size>237 MB</size><downloads>21</downloads><downloads_month>1</downloads_month><downloads_week>0</downloads_week><downloads_day>0</downloads_day><raw_size>237062062</raw_size><raw_downloads>21</raw_downloads><raw_downloads_month>1</raw_downloads_month><raw_downloads_week>0</raw_downloads_week><raw_downloads_day>0</raw_downloads_day><tags>latest</tags></version><version><id>382468797</id><name>sha256:440d5b93460d3202526bc8e3f3507c88fcf7b78fe90d1ac504dc9a6122c8b230</name><date>2025-06-11</date><newest>false</newest><latest>false</latest><size>2.1 GB</size><downloads>12</downloads><downloads_month>8</downloads_month><downloads_week>6</downloads_week><downloads_day>0</downloads_day><raw_size>2147483647</raw_size><raw_downloads>12</raw_downloads><raw_downloads_month>8</raw_downloads_month><raw_downloads_week>6</raw_downloads_week><raw_downloads_day>0</raw_downloads_day></version><version><id>382468813</id><name>sha256:c7e32f09559554154372672805f7cd6076a124c61ce092f1b0404349d35db7c0</name><date>2025-06-11</date><newest>false</newest><latest>false</latest><size>2.1 kB</size><downloads>0</downloads><downloads_month>0</downloads_month><downloads_week>0</downloads_week><downloads_day>0</downloads_day><raw_size>2102</raw_size><raw_downloads>0</raw_downloads><raw_downloads_month>0</raw_downloads_month><raw_downloads_week>0</raw_downloads_week><raw_downloads_day>0</raw_downloads_day></version><version><id>382468829</id><name>sha256:d23db1e0e216c6f950bbdfa238a3030bde86330fb462c23a07f25976dba82061</name><date>2025-06-11</date><newest>false</newest><latest>false</latest><size>-1</size><downloads>5</downloads><downloads_month>2</downloads_month><downloads_week>1</downloads_week><downloads_day>0</downloads_day><raw_size>-1</raw_size><raw_downloads>5</raw_downloads><raw_downloads_month>2</raw_downloads_month><raw_downloads_week>1</raw_downloads_week><raw_downloads_day>0</raw_downloads_day><tags>latest-cuda</tags></version><version><id>382498568</id><name>sha256:012aa0f6d5cd47743f97c88f6f0fa18444b0f6944affea3bd0496dacafae7d2b</name><date>2025-06-11</date><newest>false</newest><latest>false</latest><size>2.1 GB</size><downloads>0</downloads><downloads_month>0</downloads_month><downloads_week>0</downloads_week><downloads_day>0</downloads_day><raw_size>2147483647</raw_size><raw_downloads>0</raw_downloads><raw_downloads_month>0</raw_downloads_month><raw_downloads_week>0</raw_downloads_week><raw_downloads_day>0</raw_downloads_day></version><version><id>382498578</id><name>sha256:43923a5d8b05a5536f49f420ddafaeb885a4e3fde05e3b6bc84f9c7a1a5589cd</name><date>2025-06-11</date><newest>false</newest><latest>false</latest><size>2.1 kB</size><downloads>0</downloads><downloads_month>0</downloads_month><downloads_week>0</downloads_week><downloads_day>0</downloads_day><raw_size>2102</raw_size><raw_downloads>0</raw_downloads><raw_downloads_month>0</raw_downloads_month><raw_downloads_week>0</raw_downloads_week><raw_downloads_day>0</raw_downloads_day></version><version><id>382498585</id><name>sha256:a9f5048b1df783719790f3a4fc5d5ae39b3ddc34752090789bc475c731bd0d30</name><date>2025-06-11</date><newest>true</newest><latest>false</latest><size>-1</size><downloads>0</downloads><downloads_month>0</downloads_month><downloads_week>0</downloads_week><downloads_day>0</downloads_day><raw_size>-1</raw_size><raw_downloads>0</raw_downloads><raw_downloads_month>0</raw_downloads_month><raw_downloads_week>0</raw_downloads_week><raw_downloads_day>0</raw_downloads_day><tags>latest-rocm</tags></version></xml>
