<?xml version="1.0" encoding="UTF-8"?><xml><owner_type>orgs</owner_type><package_type>container</package_type><owner_id>19211038</owner_id><owner>nextcloud</owner><repo>test-deploy</repo><package>test-deploy</package><date>2025-02-07</date><size>2.1 kB</size><versions>7</versions><tagged>2</tagged><owner_rank>59</owner_rank><repo_rank>1</repo_rank><downloads>3.4k</downloads><downloads_month>390</downloads_month><downloads_week>110</downloads_week><downloads_day>2</downloads_day><raw_size>2102</raw_size><raw_versions>7</raw_versions><raw_tagged>2</raw_tagged><raw_owner_rank>59</raw_owner_rank><raw_repo_rank>1</raw_repo_rank><raw_downloads>3482</raw_downloads><raw_downloads_month>390</raw_downloads_month><raw_downloads_week>110</raw_downloads_week><raw_downloads_day>2</raw_downloads_day><version><id>-1</id><name>latest</name><date>2025-02-07</date><newest>true</newest><latest>true</latest><size>2.1 kB</size><downloads>3.4k</downloads><downloads_month>390</downloads_month><downloads_week>110</downloads_week><downloads_day>2</downloads_day><raw_size>2102</raw_size><raw_downloads>3482</raw_downloads><raw_downloads_month>390</raw_downloads_month><raw_downloads_week>110</raw_downloads_week><raw_downloads_day>2</raw_downloads_day><tags></tags></version></xml>
