<?xml version="1.0" encoding="UTF-8"?><xml><owner_type>users</owner_type><package_type>container</package_type><owner_id>771387</owner_id><owner>jeffmendoza</owner><repo>test-gha-versions</repo><package>test-gha-versions%2Ftest-gha-versions</package><date>2025-01-21</date><size>-1</size><versions>10</versions><tagged>7</tagged><owner_rank>-1</owner_rank><repo_rank>1</repo_rank><downloads>30</downloads><downloads_month>0</downloads_month><downloads_week>0</downloads_week><downloads_day>0</downloads_day><raw_size>-1</raw_size><raw_versions>10</raw_versions><raw_tagged>7</raw_tagged><raw_owner_rank>-1</raw_owner_rank><raw_repo_rank>1</raw_repo_rank><raw_downloads>30</raw_downloads><raw_downloads_month>0</raw_downloads_month><raw_downloads_week>0</raw_downloads_week><raw_downloads_day>0</raw_downloads_day><version><id>262101441</id><name>sha256:a36070d195c8b5fdcaf9a953e7156ac7214d91356a359a3d76eb2b55ba99d829</name><date>2025-01-21</date><newest>false</newest><latest>false</latest><size>1.7 MB</size><downloads>1</downloads><downloads_month>0</downloads_month><downloads_week>0</downloads_week><downloads_day>0</downloads_day><raw_size>1755232</raw_size><raw_downloads>1</raw_downloads><raw_downloads_month>0</raw_downloads_month><raw_downloads_week>0</raw_downloads_week><raw_downloads_day>0</raw_downloads_day></version><version><id>262209180</id><name>sha256:abaf69fb8a1d1fd7f13afa2b3f79c6a545a5d4d6931a706a2cb8a7adc7794f23</name><date>2025-01-21</date><newest>false</newest><latest>false</latest><size>4.5 kB</size><downloads>1</downloads><downloads_month>0</downloads_month><downloads_week>0</downloads_week><downloads_day>0</downloads_day><raw_size>4542</raw_size><raw_downloads>1</raw_downloads><raw_downloads_month>0</raw_downloads_month><raw_downloads_week>0</raw_downloads_week><raw_downloads_day>0</raw_downloads_day><tags>sha256-8d2a1fa2e78329d82ac4c75403606fbcd2cc937295040b1126e8e84d3ce631ed.sbom</tags></version><version><id>262209183</id><name>sha256:8d2a1fa2e78329d82ac4c75403606fbcd2cc937295040b1126e8e84d3ce631ed</name><date>2025-01-21</date><newest>false</newest><latest>false</latest><size>1.7 MB</size><downloads>0</downloads><downloads_month>0</downloads_month><downloads_week>0</downloads_week><downloads_day>0</downloads_day><raw_size>1755238</raw_size><raw_downloads>0</raw_downloads><raw_downloads_month>0</raw_downloads_month><raw_downloads_week>0</raw_downloads_week><raw_downloads_day>0</raw_downloads_day></version><version><id>262209949</id><name>sha256:7242a1c874081db456155ed6d8625a9cf2ef8396962ba0b53dec1f889fe0de49</name><date>2025-01-21</date><newest>false</newest><latest>false</latest><size>4.5 kB</size><downloads>1</downloads><downloads_month>0</downloads_month><downloads_week>0</downloads_week><downloads_day>0</downloads_day><raw_size>4542</raw_size><raw_downloads>1</raw_downloads><raw_downloads_month>0</raw_downloads_month><raw_downloads_week>0</raw_downloads_week><raw_downloads_day>0</raw_downloads_day><tags>sha256-0e1b46732c2b9685123aaaccf9707779fdeb3576047c1d14979a53b575ba8360.sbom</tags></version><version><id>262209951</id><name>sha256:0e1b46732c2b9685123aaaccf9707779fdeb3576047c1d14979a53b575ba8360</name><date>2025-01-21</date><newest>false</newest><latest>false</latest><size>1.7 MB</size><downloads>3</downloads><downloads_month>0</downloads_month><downloads_week>0</downloads_week><downloads_day>0</downloads_day><raw_size>1754788</raw_size><raw_downloads>3</raw_downloads><raw_downloads_month>0</raw_downloads_month><raw_downloads_week>0</raw_downloads_week><raw_downloads_day>0</raw_downloads_day></version><version><id>262210661</id><name>sha256:a313c06aaff381b8fc04df8afdcc7815bd070a4566fdc459921fbd35f76e3904</name><date>2025-01-21</date><newest>false</newest><latest>false</latest><size>4.5 kB</size><downloads>1</downloads><downloads_month>0</downloads_month><downloads_week>0</downloads_week><downloads_day>0</downloads_day><raw_size>4542</raw_size><raw_downloads>1</raw_downloads><raw_downloads_month>0</raw_downloads_month><raw_downloads_week>0</raw_downloads_week><raw_downloads_day>0</raw_downloads_day><tags>sha256-41a69aab424dd9a24becddf6cbaac295b72ea701ef7e824a6029f31efc70e7c8.sbom</tags></version><version><id>262211354</id><name>sha256:374e731dc5eca251cb8d72a5767b7d55eddb1df588907c581056d006c5b2576c</name><date>2025-01-21</date><newest>false</newest><latest>false</latest><size>4.5 kB</size><downloads>1</downloads><downloads_month>0</downloads_month><downloads_week>0</downloads_week><downloads_day>0</downloads_day><raw_size>4542</raw_size><raw_downloads>1</raw_downloads><raw_downloads_month>0</raw_downloads_month><raw_downloads_week>0</raw_downloads_week><raw_downloads_day>0</raw_downloads_day><tags>sha256-5a4a180eadea3893c5741b01545a9a52cb764b1b8cc056173eb31b2b718330f0.sbom</tags></version><version><id>262211356</id><name>sha256:5a4a180eadea3893c5741b01545a9a52cb764b1b8cc056173eb31b2b718330f0</name><date>2025-01-21</date><newest>false</newest><latest>false</latest><size>1.7 MB</size><downloads>3</downloads><downloads_month>0</downloads_month><downloads_week>0</downloads_week><downloads_day>0</downloads_day><raw_size>1754792</raw_size><raw_downloads>3</raw_downloads><raw_downloads_month>0</raw_downloads_month><raw_downloads_week>0</raw_downloads_week><raw_downloads_day>0</raw_downloads_day><tags>main</tags></version><version><id>262211727</id><name>sha256:59216cd76e26c9beebddd23329707c2fbd362ac1cb4fe08f828a74cb8dc51a57</name><date>2025-01-21</date><newest>false</newest><latest>false</latest><size>4.5 kB</size><downloads>1</downloads><downloads_month>0</downloads_month><downloads_week>0</downloads_week><downloads_day>0</downloads_day><raw_size>4542</raw_size><raw_downloads>1</raw_downloads><raw_downloads_month>0</raw_downloads_month><raw_downloads_week>0</raw_downloads_week><raw_downloads_day>0</raw_downloads_day><tags>sha256-011289483c65138faa77d3ce7f40e145de2d0cf598b4db6a88a87cd23b97fd89.sbom</tags></version><version><id>262211728</id><name>sha256:011289483c65138faa77d3ce7f40e145de2d0cf598b4db6a88a87cd23b97fd89</name><date>2025-01-21</date><newest>true</newest><latest>true</latest><size>1.7 MB</size><downloads>4</downloads><downloads_month>0</downloads_month><downloads_week>0</downloads_week><downloads_day>0</downloads_day><raw_size>1754778</raw_size><raw_downloads>4</raw_downloads><raw_downloads_month>0</raw_downloads_month><raw_downloads_week>0</raw_downloads_week><raw_downloads_day>0</raw_downloads_day><tags>v0.0.1-beta3</tags><tags>latest</tags></version></xml>
