<?xml version="1.0" encoding="UTF-8"?><xml><owner_type>users</owner_type><package_type>container</package_type><owner_id>771387</owner_id><owner>jeffmendoza</owner><repo>test-gha-versions</repo><package>test-gha-versions%2Ftest-gha-versions</package><date>2025-05-16</date><size>1.7 MB</size><versions>24</versions><tagged>14</tagged><owner_rank>3</owner_rank><repo_rank>1</repo_rank><downloads>30</downloads><downloads_month>0</downloads_month><downloads_week>0</downloads_week><downloads_day>0</downloads_day><raw_size>1754778</raw_size><raw_versions>24</raw_versions><raw_tagged>14</raw_tagged><raw_owner_rank>3</raw_owner_rank><raw_repo_rank>1</raw_repo_rank><raw_downloads>30</raw_downloads><raw_downloads_month>0</raw_downloads_month><raw_downloads_week>0</raw_downloads_week><raw_downloads_day>0</raw_downloads_day><version><id>262080610</id><name>sha256:a979e8fc178ec14495379d1f32f07cb68376ff0492bbe65158850c0fb2b5657b</name><date>2025-05-16</date><newest>false</newest><latest>false</latest><size>4.5 kB</size><downloads>1</downloads><downloads_month>0</downloads_month><downloads_week>0</downloads_week><downloads_day>0</downloads_day><raw_size>4542</raw_size><raw_downloads>1</raw_downloads><raw_downloads_month>0</raw_downloads_month><raw_downloads_week>0</raw_downloads_week><raw_downloads_day>0</raw_downloads_day><tags>sha256-a3b1d1ccbc8acda9fe130e731a33aa11be51ee8ef97c5587fb48e0b74312f7fa.sbom</tags></version><version><id>262080611</id><name>sha256:a3b1d1ccbc8acda9fe130e731a33aa11be51ee8ef97c5587fb48e0b74312f7fa</name><date>2025-05-16</date><newest>false</newest><latest>false</latest><size>1.7 MB</size><downloads>1</downloads><downloads_month>0</downloads_month><downloads_week>0</downloads_week><downloads_day>0</downloads_day><raw_size>1755152</raw_size><raw_downloads>1</raw_downloads><raw_downloads_month>0</raw_downloads_month><raw_downloads_week>0</raw_downloads_week><raw_downloads_day>0</raw_downloads_day></version><version><id>262081597</id><name>sha256:041a639c3ddde23d4d94616eefcf174dc4e83b0e1d44d1d137c829f048589609</name><date>2025-05-16</date><newest>false</newest><latest>false</latest><size>4.5 kB</size><downloads>1</downloads><downloads_month>0</downloads_month><downloads_week>0</downloads_week><downloads_day>0</downloads_day><raw_size>4542</raw_size><raw_downloads>1</raw_downloads><raw_downloads_month>0</raw_downloads_month><raw_downloads_week>0</raw_downloads_week><raw_downloads_day>0</raw_downloads_day><tags>sha256-3f57edcabe501dba301a507683d896032b81025b67b3753b642a50795cf8af1e.sbom</tags></version><version><id>262081600</id><name>sha256:3f57edcabe501dba301a507683d896032b81025b67b3753b642a50795cf8af1e</name><date>2025-05-16</date><newest>false</newest><latest>false</latest><size>1.7 MB</size><downloads>1</downloads><downloads_month>0</downloads_month><downloads_week>0</downloads_week><downloads_day>0</downloads_day><raw_size>1755146</raw_size><raw_downloads>1</raw_downloads><raw_downloads_month>0</raw_downloads_month><raw_downloads_week>0</raw_downloads_week><raw_downloads_day>0</raw_downloads_day></version><version><id>262082483</id><name>sha256:7a9683d1b425082ddd4f13df938a6594dfa403a89240df57e2eb07e436ef61d0</name><date>2025-05-16</date><newest>false</newest><latest>false</latest><size>4.5 kB</size><downloads>1</downloads><downloads_month>0</downloads_month><downloads_week>0</downloads_week><downloads_day>0</downloads_day><raw_size>4542</raw_size><raw_downloads>1</raw_downloads><raw_downloads_month>0</raw_downloads_month><raw_downloads_week>0</raw_downloads_week><raw_downloads_day>0</raw_downloads_day><tags>sha256-2d89b0c5e6fad6ff2dcb66d82255ef9ddbf78103782aa7f3424883492bc33602.sbom</tags></version><version><id>262082484</id><name>sha256:2d89b0c5e6fad6ff2dcb66d82255ef9ddbf78103782aa7f3424883492bc33602</name><date>2025-05-16</date><newest>false</newest><latest>false</latest><size>1.7 MB</size><downloads>1</downloads><downloads_month>0</downloads_month><downloads_week>0</downloads_week><downloads_day>0</downloads_day><raw_size>1755141</raw_size><raw_downloads>1</raw_downloads><raw_downloads_month>0</raw_downloads_month><raw_downloads_week>0</raw_downloads_week><raw_downloads_day>0</raw_downloads_day></version><version><id>262083293</id><name>sha256:bf2238c8ceb4cf68d235e6f90710f307b1f34cd0f11bfac9ce37b79e4f3918bf</name><date>2025-05-16</date><newest>false</newest><latest>false</latest><size>4.5 kB</size><downloads>1</downloads><downloads_month>0</downloads_month><downloads_week>0</downloads_week><downloads_day>0</downloads_day><raw_size>4542</raw_size><raw_downloads>1</raw_downloads><raw_downloads_month>0</raw_downloads_month><raw_downloads_week>0</raw_downloads_week><raw_downloads_day>0</raw_downloads_day><tags>sha256-ddafcce17428fa25cc0b6f0abf0718419dafbd79fa402ef4881dd2ee1089d864.sbom</tags></version><version><id>262083294</id><name>sha256:ddafcce17428fa25cc0b6f0abf0718419dafbd79fa402ef4881dd2ee1089d864</name><date>2025-05-16</date><newest>false</newest><latest>false</latest><size>1.7 MB</size><downloads>1</downloads><downloads_month>0</downloads_month><downloads_week>0</downloads_week><downloads_day>0</downloads_day><raw_size>1755167</raw_size><raw_downloads>1</raw_downloads><raw_downloads_month>0</raw_downloads_month><raw_downloads_week>0</raw_downloads_week><raw_downloads_day>0</raw_downloads_day></version><version><id>262091574</id><name>sha256:469ea5490081864a81aaaa8076a9ff0d0f9de9917eeb61dc29daa66bdfd0ca82</name><date>2025-05-16</date><newest>false</newest><latest>false</latest><size>4.5 kB</size><downloads>1</downloads><downloads_month>0</downloads_month><downloads_week>0</downloads_week><downloads_day>0</downloads_day><raw_size>4542</raw_size><raw_downloads>1</raw_downloads><raw_downloads_month>0</raw_downloads_month><raw_downloads_week>0</raw_downloads_week><raw_downloads_day>0</raw_downloads_day><tags>sha256-dcf33745c26ced5cd037d3105b7cbd848219a8e2500ebf22ea2fa80862b7ad93.sbom</tags></version><version><id>262091577</id><name>sha256:dcf33745c26ced5cd037d3105b7cbd848219a8e2500ebf22ea2fa80862b7ad93</name><date>2025-05-16</date><newest>false</newest><latest>false</latest><size>1.7 MB</size><downloads>0</downloads><downloads_month>0</downloads_month><downloads_week>0</downloads_week><downloads_day>0</downloads_day><raw_size>1755145</raw_size><raw_downloads>0</raw_downloads><raw_downloads_month>0</raw_downloads_month><raw_downloads_week>0</raw_downloads_week><raw_downloads_day>0</raw_downloads_day></version><version><id>262100954</id><name>sha256:35965a828f60d123603eebd5d5f258d28034f389c0eeac67def73fb19c6bfce5</name><date>2025-05-16</date><newest>false</newest><latest>false</latest><size>4.5 kB</size><downloads>1</downloads><downloads_month>0</downloads_month><downloads_week>0</downloads_week><downloads_day>0</downloads_day><raw_size>4542</raw_size><raw_downloads>1</raw_downloads><raw_downloads_month>0</raw_downloads_month><raw_downloads_week>0</raw_downloads_week><raw_downloads_day>0</raw_downloads_day><tags>sha256-c448b4297724a7a467fb5d22a689b2ffd598d12989ca8da604c20e209d4bd261.sbom</tags></version><version><id>262100955</id><name>sha256:c448b4297724a7a467fb5d22a689b2ffd598d12989ca8da604c20e209d4bd261</name><date>2025-05-16</date><newest>false</newest><latest>false</latest><size>1.7 MB</size><downloads>1</downloads><downloads_month>0</downloads_month><downloads_week>0</downloads_week><downloads_day>0</downloads_day><raw_size>1755236</raw_size><raw_downloads>1</raw_downloads><raw_downloads_month>0</raw_downloads_month><raw_downloads_week>0</raw_downloads_week><raw_downloads_day>0</raw_downloads_day></version><version><id>262101440</id><name>sha256:3cd44c010de1a7402d24fc4584e3b74e5fa8b394a95ee667deea29f4f4e4a45f</name><date>2025-05-16</date><newest>false</newest><latest>false</latest><size>4.5 kB</size><downloads>1</downloads><downloads_month>0</downloads_month><downloads_week>0</downloads_week><downloads_day>0</downloads_day><raw_size>4542</raw_size><raw_downloads>1</raw_downloads><raw_downloads_month>0</raw_downloads_month><raw_downloads_week>0</raw_downloads_week><raw_downloads_day>0</raw_downloads_day><tags>sha256-a36070d195c8b5fdcaf9a953e7156ac7214d91356a359a3d76eb2b55ba99d829.sbom</tags></version><version><id>262101441</id><name>sha256:a36070d195c8b5fdcaf9a953e7156ac7214d91356a359a3d76eb2b55ba99d829</name><date>2025-05-16</date><newest>false</newest><latest>false</latest><size>1.7 MB</size><downloads>1</downloads><downloads_month>0</downloads_month><downloads_week>0</downloads_week><downloads_day>0</downloads_day><raw_size>1755232</raw_size><raw_downloads>1</raw_downloads><raw_downloads_month>0</raw_downloads_month><raw_downloads_week>0</raw_downloads_week><raw_downloads_day>0</raw_downloads_day></version><version><id>262209180</id><name>sha256:abaf69fb8a1d1fd7f13afa2b3f79c6a545a5d4d6931a706a2cb8a7adc7794f23</name><date>2025-05-16</date><newest>false</newest><latest>false</latest><size>4.5 kB</size><downloads>1</downloads><downloads_month>0</downloads_month><downloads_week>0</downloads_week><downloads_day>0</downloads_day><raw_size>4542</raw_size><raw_downloads>1</raw_downloads><raw_downloads_month>0</raw_downloads_month><raw_downloads_week>0</raw_downloads_week><raw_downloads_day>0</raw_downloads_day><tags>sha256-8d2a1fa2e78329d82ac4c75403606fbcd2cc937295040b1126e8e84d3ce631ed.sbom</tags></version><version><id>262209183</id><name>sha256:8d2a1fa2e78329d82ac4c75403606fbcd2cc937295040b1126e8e84d3ce631ed</name><date>2025-05-16</date><newest>false</newest><latest>false</latest><size>1.7 MB</size><downloads>0</downloads><downloads_month>0</downloads_month><downloads_week>0</downloads_week><downloads_day>0</downloads_day><raw_size>1755238</raw_size><raw_downloads>0</raw_downloads><raw_downloads_month>0</raw_downloads_month><raw_downloads_week>0</raw_downloads_week><raw_downloads_day>0</raw_downloads_day></version><version><id>262209949</id><name>sha256:7242a1c874081db456155ed6d8625a9cf2ef8396962ba0b53dec1f889fe0de49</name><date>2025-05-16</date><newest>false</newest><latest>false</latest><size>4.5 kB</size><downloads>1</downloads><downloads_month>0</downloads_month><downloads_week>0</downloads_week><downloads_day>0</downloads_day><raw_size>4542</raw_size><raw_downloads>1</raw_downloads><raw_downloads_month>0</raw_downloads_month><raw_downloads_week>0</raw_downloads_week><raw_downloads_day>0</raw_downloads_day><tags>sha256-0e1b46732c2b9685123aaaccf9707779fdeb3576047c1d14979a53b575ba8360.sbom</tags></version><version><id>262209951</id><name>sha256:0e1b46732c2b9685123aaaccf9707779fdeb3576047c1d14979a53b575ba8360</name><date>2025-05-16</date><newest>false</newest><latest>false</latest><size>1.7 MB</size><downloads>3</downloads><downloads_month>0</downloads_month><downloads_week>0</downloads_week><downloads_day>0</downloads_day><raw_size>1754788</raw_size><raw_downloads>3</raw_downloads><raw_downloads_month>0</raw_downloads_month><raw_downloads_week>0</raw_downloads_week><raw_downloads_day>0</raw_downloads_day></version><version><id>262210661</id><name>sha256:a313c06aaff381b8fc04df8afdcc7815bd070a4566fdc459921fbd35f76e3904</name><date>2025-05-16</date><newest>false</newest><latest>false</latest><size>4.5 kB</size><downloads>1</downloads><downloads_month>0</downloads_month><downloads_week>0</downloads_week><downloads_day>0</downloads_day><raw_size>4542</raw_size><raw_downloads>1</raw_downloads><raw_downloads_month>0</raw_downloads_month><raw_downloads_week>0</raw_downloads_week><raw_downloads_day>0</raw_downloads_day><tags>sha256-41a69aab424dd9a24becddf6cbaac295b72ea701ef7e824a6029f31efc70e7c8.sbom</tags></version><version><id>262210663</id><name>sha256:41a69aab424dd9a24becddf6cbaac295b72ea701ef7e824a6029f31efc70e7c8</name><date>2025-05-16</date><newest>false</newest><latest>false</latest><size>1.7 MB</size><downloads>2</downloads><downloads_month>0</downloads_month><downloads_week>0</downloads_week><downloads_day>0</downloads_day><raw_size>1754791</raw_size><raw_downloads>2</raw_downloads><raw_downloads_month>0</raw_downloads_month><raw_downloads_week>0</raw_downloads_week><raw_downloads_day>0</raw_downloads_day></version><version><id>262211354</id><name>sha256:374e731dc5eca251cb8d72a5767b7d55eddb1df588907c581056d006c5b2576c</name><date>2025-05-16</date><newest>false</newest><latest>false</latest><size>4.5 kB</size><downloads>1</downloads><downloads_month>0</downloads_month><downloads_week>0</downloads_week><downloads_day>0</downloads_day><raw_size>4542</raw_size><raw_downloads>1</raw_downloads><raw_downloads_month>0</raw_downloads_month><raw_downloads_week>0</raw_downloads_week><raw_downloads_day>0</raw_downloads_day><tags>sha256-5a4a180eadea3893c5741b01545a9a52cb764b1b8cc056173eb31b2b718330f0.sbom</tags></version><version><id>262211356</id><name>sha256:5a4a180eadea3893c5741b01545a9a52cb764b1b8cc056173eb31b2b718330f0</name><date>2025-05-16</date><newest>false</newest><latest>false</latest><size>1.7 MB</size><downloads>3</downloads><downloads_month>0</downloads_month><downloads_week>0</downloads_week><downloads_day>0</downloads_day><raw_size>1754792</raw_size><raw_downloads>3</raw_downloads><raw_downloads_month>0</raw_downloads_month><raw_downloads_week>0</raw_downloads_week><raw_downloads_day>0</raw_downloads_day><tags>main</tags></version><version><id>262211727</id><name>sha256:59216cd76e26c9beebddd23329707c2fbd362ac1cb4fe08f828a74cb8dc51a57</name><date>2025-05-16</date><newest>false</newest><latest>false</latest><size>4.5 kB</size><downloads>1</downloads><downloads_month>0</downloads_month><downloads_week>0</downloads_week><downloads_day>0</downloads_day><raw_size>4542</raw_size><raw_downloads>1</raw_downloads><raw_downloads_month>0</raw_downloads_month><raw_downloads_week>0</raw_downloads_week><raw_downloads_day>0</raw_downloads_day><tags>sha256-011289483c65138faa77d3ce7f40e145de2d0cf598b4db6a88a87cd23b97fd89.sbom</tags></version><version><id>262211728</id><name>sha256:011289483c65138faa77d3ce7f40e145de2d0cf598b4db6a88a87cd23b97fd89</name><date>2025-05-16</date><newest>true</newest><latest>true</latest><size>1.7 MB</size><downloads>4</downloads><downloads_month>0</downloads_month><downloads_week>0</downloads_week><downloads_day>0</downloads_day><raw_size>1754778</raw_size><raw_downloads>4</raw_downloads><raw_downloads_month>0</raw_downloads_month><raw_downloads_week>0</raw_downloads_week><raw_downloads_day>0</raw_downloads_day><tags>v0.0.1-beta3</tags><tags>latest</tags></version></xml>
