<?xml version="1.0" encoding="UTF-8"?><xml><owner_type>orgs</owner_type><package_type>container</package_type><owner_id>33289952</owner_id><owner>kata-containers</owner><repo>kata-containers</repo><package>test-images</package><date>2025-04-05</date><size>-1</size><versions>112</versions><tagged>59</tagged><owner_rank>2</owner_rank><repo_rank>2</repo_rank><downloads>96.2k</downloads><downloads_month>31</downloads_month><downloads_week>31</downloads_week><downloads_day>6</downloads_day><raw_size>-1</raw_size><raw_versions>112</raw_versions><raw_tagged>59</raw_tagged><raw_owner_rank>2</raw_owner_rank><raw_repo_rank>2</raw_repo_rank><raw_downloads>96217</raw_downloads><raw_downloads_month>31</raw_downloads_month><raw_downloads_week>31</raw_downloads_week><raw_downloads_day>6</raw_downloads_day><version><id>350279323</id><name>sha256:e9ddd19a73a766984a40e7b22e1c9266b3e9a0f68b49192b6a98898ec457ddf6</name><date>2025-04-05</date><newest>false</newest><latest>false</latest><size>7.4 MB</size><downloads>6</downloads><downloads_month>6</downloads_month><downloads_week>6</downloads_week><downloads_day>6</downloads_day><raw_size>7497244</raw_size><raw_downloads>6</raw_downloads><raw_downloads_month>6</raw_downloads_month><raw_downloads_week>6</raw_downloads_week><raw_downloads_day>6</raw_downloads_day></version><version><id>350371668</id><name>sha256:bd2f3af9b3468a0d8e15aba9aa4d9b6ceb97d22ae1d1a2508034a8a9e0aec040</name><date>2025-04-05</date><newest>false</newest><latest>false</latest><size>12 kB</size><downloads>0</downloads><downloads_month>0</downloads_month><downloads_week>0</downloads_week><downloads_day>0</downloads_day><raw_size>12040</raw_size><raw_downloads>0</raw_downloads><raw_downloads_month>0</raw_downloads_month><raw_downloads_week>0</raw_downloads_week><raw_downloads_day>0</raw_downloads_day></version><version><id>350371672</id><name>sha256:239ec004b69a84652f064b72d575d6aa095fec9596990d02a043425d4767ee0f</name><date>2025-04-05</date><newest>false</newest><latest>false</latest><size>12 kB</size><downloads>0</downloads><downloads_month>0</downloads_month><downloads_week>0</downloads_week><downloads_day>0</downloads_day><raw_size>12024</raw_size><raw_downloads>0</raw_downloads><raw_downloads_month>0</raw_downloads_month><raw_downloads_week>0</raw_downloads_week><raw_downloads_day>0</raw_downloads_day></version><version><id>369956722</id><name>sha256:afff33f90cb4a287ab5b2cfa5808c4894b7e06a388e5ae79889f956d8c19714c</name><date>2025-04-05</date><newest>false</newest><latest>false</latest><size>-1</size><downloads>4</downloads><downloads_month>4</downloads_month><downloads_week>4</downloads_week><downloads_day>0</downloads_day><raw_size>-1</raw_size><raw_downloads>4</raw_downloads><raw_downloads_month>4</raw_downloads_month><raw_downloads_week>4</raw_downloads_week><raw_downloads_day>0</raw_downloads_day><tags>unencrypted-10983</tags></version><version><id>369974557</id><name>sha256:6162cd50be76bec3e6bd322d958ed0b75eb5800c664d001e7bf0e94210b164e5</name><date>2025-04-05</date><newest>false</newest><latest>false</latest><size>7.5 MB</size><downloads>4</downloads><downloads_month>4</downloads_month><downloads_week>4</downloads_week><downloads_day>0</downloads_day><raw_size>7502065</raw_size><raw_downloads>4</raw_downloads><raw_downloads_month>4</raw_downloads_month><raw_downloads_week>4</raw_downloads_week><raw_downloads_day>0</raw_downloads_day></version><version><id>369974558</id><name>sha256:95cd3f131d28e12665e174a1f054143352911ae3330bb42727e13f291d6ec5f2</name><date>2025-04-05</date><newest>false</newest><latest>false</latest><size>6.7 MB</size><downloads>0</downloads><downloads_month>0</downloads_month><downloads_week>0</downloads_week><downloads_day>0</downloads_day><raw_size>6742059</raw_size><raw_downloads>0</raw_downloads><raw_downloads_month>0</raw_downloads_month><raw_downloads_week>0</raw_downloads_week><raw_downloads_day>0</raw_downloads_day></version><version><id>369974560</id><name>sha256:5445ee22704a76252a201ac6f56695773f718d685894da01f5e9cf0917b25a5d</name><date>2025-04-05</date><newest>false</newest><latest>false</latest><size>12 kB</size><downloads>0</downloads><downloads_month>0</downloads_month><downloads_week>0</downloads_week><downloads_day>0</downloads_day><raw_size>12040</raw_size><raw_downloads>0</raw_downloads><raw_downloads_month>0</raw_downloads_month><raw_downloads_week>0</raw_downloads_week><raw_downloads_day>0</raw_downloads_day></version><version><id>369974564</id><name>sha256:b3d364fed10221253dcf524fe7a57df600429c6d7a9e81697cbafa5554ea305a</name><date>2025-04-05</date><newest>false</newest><latest>false</latest><size>12 kB</size><downloads>0</downloads><downloads_month>0</downloads_month><downloads_week>0</downloads_week><downloads_day>0</downloads_day><raw_size>12024</raw_size><raw_downloads>0</raw_downloads><raw_downloads_month>0</raw_downloads_month><raw_downloads_week>0</raw_downloads_week><raw_downloads_day>0</raw_downloads_day></version><version><id>369974565</id><name>sha256:c57d5e618d7515bb77f9a3042ccb6ac523391c99ac5e553daeec7364f5a0e2ab</name><date>2025-04-05</date><newest>false</newest><latest>false</latest><size>-1</size><downloads>4</downloads><downloads_month>4</downloads_month><downloads_week>4</downloads_week><downloads_day>0</downloads_day><raw_size>-1</raw_size><raw_downloads>4</raw_downloads><raw_downloads_month>4</raw_downloads_month><raw_downloads_week>4</raw_downloads_week><raw_downloads_day>0</raw_downloads_day><tags>unencrypted-11000</tags></version><version><id>370068416</id><name>sha256:01c72f702e0362e163503840b507dd79e0e4e07d71dd62da4c8f6e7828ab3790</name><date>2025-04-05</date><newest>false</newest><latest>false</latest><size>6.7 MB</size><downloads>2</downloads><downloads_month>2</downloads_month><downloads_week>2</downloads_week><downloads_day>2</downloads_day><raw_size>6742064</raw_size><raw_downloads>2</raw_downloads><raw_downloads_month>2</raw_downloads_month><raw_downloads_week>2</raw_downloads_week><raw_downloads_day>2</raw_downloads_day></version><version><id>370068429</id><name>sha256:e9badbcd8f417335a668744de1230888fd8edba205117e0f44e94c8cc582aae5</name><date>2025-04-05</date><newest>false</newest><latest>false</latest><size>12 kB</size><downloads>0</downloads><downloads_month>0</downloads_month><downloads_week>0</downloads_week><downloads_day>0</downloads_day><raw_size>12043</raw_size><raw_downloads>0</raw_downloads><raw_downloads_month>0</raw_downloads_month><raw_downloads_week>0</raw_downloads_week><raw_downloads_day>0</raw_downloads_day></version><version><id>370068441</id><name>sha256:bdb8c90a0b34495bb77072c74f24a89bc71ee09a1b4d906c6040250e0dc52cbd</name><date>2025-04-05</date><newest>false</newest><latest>false</latest><size>-1</size><downloads>6</downloads><downloads_month>6</downloads_month><downloads_week>6</downloads_week><downloads_day>6</downloads_day><raw_size>-1</raw_size><raw_downloads>6</raw_downloads><raw_downloads_month>6</raw_downloads_month><raw_downloads_week>6</raw_downloads_week><raw_downloads_day>6</raw_downloads_day><tags>unencrypted-nightly</tags></version><version><id>379012377</id><name>sha256:27e2060183959410742f185717b1d63a9d87ec487487a6700ff0581d74d99a98</name><date>2025-04-05</date><newest>false</newest><latest>false</latest><size>15.5 kB</size><downloads>0</downloads><downloads_month>0</downloads_month><downloads_week>0</downloads_week><downloads_day>0</downloads_day><raw_size>15519</raw_size><raw_downloads>0</raw_downloads><raw_downloads_month>0</raw_downloads_month><raw_downloads_week>0</raw_downloads_week><raw_downloads_day>0</raw_downloads_day><tags>[]</tags></version><version><id>379012385</id><name>sha256:1019063af1d964251bd8fed46bf3aab607a3fad5e5b150cd1eeb72cd5bd5d770</name><date>2025-04-05</date><newest>false</newest><latest>false</latest><size>-1</size><downloads>4</downloads><downloads_month>4</downloads_month><downloads_week>4</downloads_week><downloads_day>0</downloads_day><raw_size>-1</raw_size><raw_downloads>4</raw_downloads><raw_downloads_month>4</raw_downloads_month><raw_downloads_week>4</raw_downloads_week><raw_downloads_day>0</raw_downloads_day><tags>unencrypted-11063</tags></version><version><id>379543453</id><name>sha256:2d9e22f5dde9032ff3668fd061b8645029de7fa475d3dd6e1aa79f10d9016efa</name><date>2025-04-05</date><newest>false</newest><latest>false</latest><size>7.5 MB</size><downloads>5</downloads><downloads_month>5</downloads_month><downloads_week>5</downloads_week><downloads_day>0</downloads_day><raw_size>7503766</raw_size><raw_downloads>5</raw_downloads><raw_downloads_month>5</raw_downloads_month><raw_downloads_week>5</raw_downloads_week><raw_downloads_day>0</raw_downloads_day><tags>[]</tags></version><version><id>379543456</id><name>sha256:423bbd23a4d402f865ed996f4138f69bcce0224a1c8b6b4967543e4040d9b918</name><date>2025-04-05</date><newest>false</newest><latest>false</latest><size>15.5 kB</size><downloads>0</downloads><downloads_month>0</downloads_month><downloads_week>0</downloads_week><downloads_day>0</downloads_day><raw_size>15545</raw_size><raw_downloads>0</raw_downloads><raw_downloads_month>0</raw_downloads_month><raw_downloads_week>0</raw_downloads_week><raw_downloads_day>0</raw_downloads_day><tags>[]</tags></version><version><id>379543459</id><name>sha256:524536970efa33bba47fdf7fbbf20c82bce4b0a218926a3e9dbdaed5ebea0c7a</name><date>2025-04-05</date><newest>false</newest><latest>false</latest><size>6.7 MB</size><downloads>2</downloads><downloads_month>2</downloads_month><downloads_week>2</downloads_week><downloads_day>0</downloads_day><raw_size>6743675</raw_size><raw_downloads>2</raw_downloads><raw_downloads_month>2</raw_downloads_month><raw_downloads_week>2</raw_downloads_week><raw_downloads_day>0</raw_downloads_day><tags>[]</tags></version><version><id>379543462</id><name>sha256:afb46073569fd088d0cc3c7377c6f80f5f26cf993f2173521956630494b768ee</name><date>2025-04-05</date><newest>false</newest><latest>false</latest><size>15.5 kB</size><downloads>0</downloads><downloads_month>0</downloads_month><downloads_week>0</downloads_week><downloads_day>0</downloads_day><raw_size>15521</raw_size><raw_downloads>0</raw_downloads><raw_downloads_month>0</raw_downloads_month><raw_downloads_week>0</raw_downloads_week><raw_downloads_day>0</raw_downloads_day><tags>[]</tags></version><version><id>379543466</id><name>sha256:c83f2e047176ba18bfbda63490cc9c8aee52d879eabb9b0f8e6e3508c2b9f9d4</name><date>2025-04-05</date><newest>false</newest><latest>false</latest><size>-1</size><downloads>7</downloads><downloads_month>7</downloads_month><downloads_week>7</downloads_week><downloads_day>0</downloads_day><raw_size>-1</raw_size><raw_downloads>7</raw_downloads><raw_downloads_month>7</raw_downloads_month><raw_downloads_week>7</raw_downloads_week><raw_downloads_day>0</raw_downloads_day><tags>[]</tags></version><version><id>379798740</id><name>sha256:c0c71a9a3d7bb3d6b3510e7c42777fb436b95e043166cd9e391f42a2048690bb</name><date>2025-04-05</date><newest>false</newest><latest>false</latest><size>15.5 kB</size><downloads>0</downloads><downloads_month>0</downloads_month><downloads_week>0</downloads_week><downloads_day>0</downloads_day><raw_size>15545</raw_size><raw_downloads>0</raw_downloads><raw_downloads_month>0</raw_downloads_month><raw_downloads_week>0</raw_downloads_week><raw_downloads_day>0</raw_downloads_day><tags>[]</tags></version><version><id>379798744</id><name>sha256:a38f57cbdd33f4f76dc5e8fcbc61feb7ed896bdcfe30e4ae8f6ca6a76bf97dc2</name><date>2025-04-05</date><newest>false</newest><latest>false</latest><size>7.5 MB</size><downloads>5</downloads><downloads_month>5</downloads_month><downloads_week>5</downloads_week><downloads_day>0</downloads_day><raw_size>7503789</raw_size><raw_downloads>5</raw_downloads><raw_downloads_month>5</raw_downloads_month><raw_downloads_week>5</raw_downloads_week><raw_downloads_day>0</raw_downloads_day><tags>[]</tags></version><version><id>379798745</id><name>sha256:61775d4c23fe0fa532ea560d634e9d6a11cc09da01376560aee3c4af735b0833</name><date>2025-04-05</date><newest>false</newest><latest>false</latest><size>6.7 MB</size><downloads>2</downloads><downloads_month>2</downloads_month><downloads_week>2</downloads_week><downloads_day>0</downloads_day><raw_size>6743679</raw_size><raw_downloads>2</raw_downloads><raw_downloads_month>2</raw_downloads_month><raw_downloads_week>2</raw_downloads_week><raw_downloads_day>0</raw_downloads_day><tags>[]</tags></version><version><id>379798747</id><name>sha256:79c9826148758ef23eccdd974e35cf37bb966ddd7cab0bf8792a298a9d5234b1</name><date>2025-04-05</date><newest>false</newest><latest>false</latest><size>15.5 kB</size><downloads>0</downloads><downloads_month>0</downloads_month><downloads_week>0</downloads_week><downloads_day>0</downloads_day><raw_size>15521</raw_size><raw_downloads>0</raw_downloads><raw_downloads_month>0</raw_downloads_month><raw_downloads_week>0</raw_downloads_week><raw_downloads_day>0</raw_downloads_day><tags>[]</tags></version><version><id>379798748</id><name>sha256:78ecccf13449e5c1e09ccf00cd7b9cb8f41b8eee52bfda481c1eb203a471255e</name><date>2025-04-05</date><newest>false</newest><latest>false</latest><size>-1</size><downloads>7</downloads><downloads_month>7</downloads_month><downloads_week>7</downloads_week><downloads_day>0</downloads_day><raw_size>-1</raw_size><raw_downloads>7</raw_downloads><raw_downloads_month>7</raw_downloads_month><raw_downloads_week>7</raw_downloads_week><raw_downloads_day>0</raw_downloads_day><tags>[]</tags></version><version><id>379805177</id><name>sha256:a516b304d3fde21f0980ede66a1bcce7f70aa84baa3d4c172035717af2956468</name><date>2025-04-05</date><newest>false</newest><latest>false</latest><size>7.5 MB</size><downloads>0</downloads><downloads_month>0</downloads_month><downloads_week>0</downloads_week><downloads_day>0</downloads_day><raw_size>7503779</raw_size><raw_downloads>0</raw_downloads><raw_downloads_month>0</raw_downloads_month><raw_downloads_week>0</raw_downloads_week><raw_downloads_day>0</raw_downloads_day><tags>[]</tags></version><version><id>379805180</id><name>sha256:56de49118a65e43dd736b297b6df429efe46c973123bb0b4fd446823e7d49cbb</name><date>2025-04-05</date><newest>false</newest><latest>false</latest><size>15.5 kB</size><downloads>0</downloads><downloads_month>0</downloads_month><downloads_week>0</downloads_week><downloads_day>0</downloads_day><raw_size>15544</raw_size><raw_downloads>0</raw_downloads><raw_downloads_month>0</raw_downloads_month><raw_downloads_week>0</raw_downloads_week><raw_downloads_day>0</raw_downloads_day><tags>[]</tags></version><version><id>379805182</id><name>sha256:a467bc5eac82496688806d10f8e69c77338f0c49b4e6e1611a73fb3e6a518f12</name><date>2025-04-05</date><newest>false</newest><latest>false</latest><size>-1</size><downloads>0</downloads><downloads_month>0</downloads_month><downloads_week>0</downloads_week><downloads_day>0</downloads_day><raw_size>-1</raw_size><raw_downloads>0</raw_downloads><raw_downloads_month>0</raw_downloads_month><raw_downloads_week>0</raw_downloads_week><raw_downloads_day>0</raw_downloads_day><tags>unencrypted-weekly</tags></version><version><id>379951629</id><name>sha256:695dcace570dff1567e40ca6e7598023b13743f32ffcb09177fa1852f0901306</name><date>2025-04-05</date><newest>false</newest><latest>false</latest><size>6.7 MB</size><downloads>0</downloads><downloads_month>0</downloads_month><downloads_week>0</downloads_week><downloads_day>0</downloads_day><raw_size>6743665</raw_size><raw_downloads>0</raw_downloads><raw_downloads_month>0</raw_downloads_month><raw_downloads_week>0</raw_downloads_week><raw_downloads_day>0</raw_downloads_day><tags>[]</tags></version><version><id>379951630</id><name>sha256:47b83a56719ea037e9bfa42a113576c30397d4234c3170dd0112365be9854696</name><date>2025-04-05</date><newest>false</newest><latest>false</latest><size>15.5 kB</size><downloads>0</downloads><downloads_month>0</downloads_month><downloads_week>0</downloads_week><downloads_day>0</downloads_day><raw_size>15543</raw_size><raw_downloads>0</raw_downloads><raw_downloads_month>0</raw_downloads_month><raw_downloads_week>0</raw_downloads_week><raw_downloads_day>0</raw_downloads_day><tags>[]</tags></version><version><id>379951631</id><name>sha256:255eb2be42855663674fcf4ef544252b713c4b4cc3e4e864e07a92152a066f1e</name><date>2025-04-05</date><newest>false</newest><latest>false</latest><size>7.5 MB</size><downloads>4</downloads><downloads_month>4</downloads_month><downloads_week>4</downloads_week><downloads_day>0</downloads_day><raw_size>7503758</raw_size><raw_downloads>4</raw_downloads><raw_downloads_month>4</raw_downloads_month><raw_downloads_week>4</raw_downloads_week><raw_downloads_day>0</raw_downloads_day><tags>[]</tags></version><version><id>379951632</id><name>sha256:5184b20b9e63f743a02cd003f8ee8cf315cb230f809e63d0a4cb7240950e28e0</name><date>2025-04-05</date><newest>false</newest><latest>false</latest><size>15.5 kB</size><downloads>0</downloads><downloads_month>0</downloads_month><downloads_week>0</downloads_week><downloads_day>0</downloads_day><raw_size>15519</raw_size><raw_downloads>0</raw_downloads><raw_downloads_month>0</raw_downloads_month><raw_downloads_week>0</raw_downloads_week><raw_downloads_day>0</raw_downloads_day><tags>[]</tags></version><version><id>379951633</id><name>sha256:fc356ca35c218582d19ee95fc881e3b20327975dba452cef41d22a131e778c8d</name><date>2025-04-05</date><newest>false</newest><latest>false</latest><size>-1</size><downloads>4</downloads><downloads_month>4</downloads_month><downloads_week>4</downloads_week><downloads_day>0</downloads_day><raw_size>-1</raw_size><raw_downloads>4</raw_downloads><raw_downloads_month>4</raw_downloads_month><raw_downloads_week>4</raw_downloads_week><raw_downloads_day>0</raw_downloads_day><tags>unencrypted-11014</tags></version><version><id>379972107</id><name>sha256:f296b6ddb5054585415bc1029c3c57b350ddd5edeb0203aa0b2565946a9929ff</name><date>2025-04-05</date><newest>false</newest><latest>false</latest><size>6.7 MB</size><downloads>0</downloads><downloads_month>0</downloads_month><downloads_week>0</downloads_week><downloads_day>0</downloads_day><raw_size>6743667</raw_size><raw_downloads>0</raw_downloads><raw_downloads_month>0</raw_downloads_month><raw_downloads_week>0</raw_downloads_week><raw_downloads_day>0</raw_downloads_day><tags>[]</tags></version><version><id>379972109</id><name>sha256:8b11d6c8598913abf66e9a79d329a087d72737bd736e326ad22e2ec0b599968c</name><date>2025-04-05</date><newest>false</newest><latest>false</latest><size>7.5 MB</size><downloads>5</downloads><downloads_month>5</downloads_month><downloads_week>5</downloads_week><downloads_day>0</downloads_day><raw_size>7503772</raw_size><raw_downloads>5</raw_downloads><raw_downloads_month>5</raw_downloads_month><raw_downloads_week>5</raw_downloads_week><raw_downloads_day>0</raw_downloads_day><tags>[]</tags></version><version><id>379972111</id><name>sha256:c2374f3bac0352fc9e372fd3fe511970b4de4b9325d2393b995936117bb19640</name><date>2025-04-05</date><newest>false</newest><latest>false</latest><size>15.5 kB</size><downloads>0</downloads><downloads_month>0</downloads_month><downloads_week>0</downloads_week><downloads_day>0</downloads_day><raw_size>15543</raw_size><raw_downloads>0</raw_downloads><raw_downloads_month>0</raw_downloads_month><raw_downloads_week>0</raw_downloads_week><raw_downloads_day>0</raw_downloads_day><tags>[]</tags></version><version><id>379972112</id><name>sha256:32021e8b1baf93855d824ba6ec40b1b16a29ffb978d1d2b6557457293ece0413</name><date>2025-04-05</date><newest>false</newest><latest>false</latest><size>15.5 kB</size><downloads>0</downloads><downloads_month>0</downloads_month><downloads_week>0</downloads_week><downloads_day>0</downloads_day><raw_size>15519</raw_size><raw_downloads>0</raw_downloads><raw_downloads_month>0</raw_downloads_month><raw_downloads_week>0</raw_downloads_week><raw_downloads_day>0</raw_downloads_day><tags>[]</tags></version><version><id>379972114</id><name>sha256:ce19522fba49460d12405d7788a492fee8f6f70f782784bbbb73b676d6bfba60</name><date>2025-04-05</date><newest>false</newest><latest>false</latest><size>-1</size><downloads>5</downloads><downloads_month>5</downloads_month><downloads_week>5</downloads_week><downloads_day>0</downloads_day><raw_size>-1</raw_size><raw_downloads>5</raw_downloads><raw_downloads_month>5</raw_downloads_month><raw_downloads_week>5</raw_downloads_week><raw_downloads_day>0</raw_downloads_day><tags>unencrypted-11069</tags></version><version><id>380029614</id><name>sha256:3d51a090765641735a6c715afcc24957ee05e90aa186120eda090a4046c90d68</name><date>2025-04-05</date><newest>false</newest><latest>false</latest><size>6.7 MB</size><downloads>0</downloads><downloads_month>0</downloads_month><downloads_week>0</downloads_week><downloads_day>0</downloads_day><raw_size>6743678</raw_size><raw_downloads>0</raw_downloads><raw_downloads_month>0</raw_downloads_month><raw_downloads_week>0</raw_downloads_week><raw_downloads_day>0</raw_downloads_day><tags>[]</tags></version><version><id>380029616</id><name>sha256:b4c62c883461ec33372e40ca71f99a896cdeec5cd3978fbf2562ecd80d3d0a2e</name><date>2025-04-05</date><newest>false</newest><latest>false</latest><size>7.5 MB</size><downloads>0</downloads><downloads_month>0</downloads_month><downloads_week>0</downloads_week><downloads_day>0</downloads_day><raw_size>7503797</raw_size><raw_downloads>0</raw_downloads><raw_downloads_month>0</raw_downloads_month><raw_downloads_week>0</raw_downloads_week><raw_downloads_day>0</raw_downloads_day><tags>[]</tags></version><version><id>380029617</id><name>sha256:048e47c1ea6767363f106c6a94c029f99c81706f3af6e236c572f58fca7a0e83</name><date>2025-04-05</date><newest>false</newest><latest>false</latest><size>15.5 kB</size><downloads>0</downloads><downloads_month>0</downloads_month><downloads_week>0</downloads_week><downloads_day>0</downloads_day><raw_size>15543</raw_size><raw_downloads>0</raw_downloads><raw_downloads_month>0</raw_downloads_month><raw_downloads_week>0</raw_downloads_week><raw_downloads_day>0</raw_downloads_day><tags>[]</tags></version><version><id>380029618</id><name>sha256:cff85398b51a5642f2f7563c6cd0105d5ed5d51722fc24a240e5739765952c98</name><date>2025-04-05</date><newest>false</newest><latest>false</latest><size>15.5 kB</size><downloads>0</downloads><downloads_month>0</downloads_month><downloads_week>0</downloads_week><downloads_day>0</downloads_day><raw_size>15519</raw_size><raw_downloads>0</raw_downloads><raw_downloads_month>0</raw_downloads_month><raw_downloads_week>0</raw_downloads_week><raw_downloads_day>0</raw_downloads_day><tags>[]</tags></version><version><id>380029621</id><name>sha256:a4a23b7a100d19039ffe2b779fc4c444fcf369a3d2f06d0cc0be9fbea72f571f</name><date>2025-04-05</date><newest>false</newest><latest>false</latest><size>-1</size><downloads>0</downloads><downloads_month>0</downloads_month><downloads_week>0</downloads_week><downloads_day>0</downloads_day><raw_size>-1</raw_size><raw_downloads>0</raw_downloads><raw_downloads_month>0</raw_downloads_month><raw_downloads_week>0</raw_downloads_week><raw_downloads_day>0</raw_downloads_day><tags>[]</tags></version><version><id>380031526</id><name>sha256:82391939467aa71f8a91c917b7a57cef06a43380ead4f86fba33e11791d2a7d0</name><date>2025-04-05</date><newest>false</newest><latest>false</latest><size>6.7 MB</size><downloads>0</downloads><downloads_month>0</downloads_month><downloads_week>0</downloads_week><downloads_day>0</downloads_day><raw_size>6743677</raw_size><raw_downloads>0</raw_downloads><raw_downloads_month>0</raw_downloads_month><raw_downloads_week>0</raw_downloads_week><raw_downloads_day>0</raw_downloads_day><tags>[]</tags></version><version><id>380031529</id><name>sha256:7ca9e5dbc8e70bec51690f7ddc2397500343b6b8556b82170fb4ee8e0e244b57</name><date>2025-04-05</date><newest>false</newest><latest>false</latest><size>7.5 MB</size><downloads>0</downloads><downloads_month>0</downloads_month><downloads_week>0</downloads_week><downloads_day>0</downloads_day><raw_size>7503784</raw_size><raw_downloads>0</raw_downloads><raw_downloads_month>0</raw_downloads_month><raw_downloads_week>0</raw_downloads_week><raw_downloads_day>0</raw_downloads_day><tags>[]</tags></version><version><id>380031531</id><name>sha256:29d0c3ded495a1395eb01e55e84ec115013082958e57cb4f7241c5d52613ef99</name><date>2025-04-05</date><newest>false</newest><latest>false</latest><size>15.5 kB</size><downloads>0</downloads><downloads_month>0</downloads_month><downloads_week>0</downloads_week><downloads_day>0</downloads_day><raw_size>15543</raw_size><raw_downloads>0</raw_downloads><raw_downloads_month>0</raw_downloads_month><raw_downloads_week>0</raw_downloads_week><raw_downloads_day>0</raw_downloads_day><tags>[]</tags></version><version><id>380031532</id><name>sha256:5d97897e52c49484071f444c07f078f703609f52f68fbe5970f17f7599d1b481</name><date>2025-04-05</date><newest>false</newest><latest>false</latest><size>15.5 kB</size><downloads>0</downloads><downloads_month>0</downloads_month><downloads_week>0</downloads_week><downloads_day>0</downloads_day><raw_size>15519</raw_size><raw_downloads>0</raw_downloads><raw_downloads_month>0</raw_downloads_month><raw_downloads_week>0</raw_downloads_week><raw_downloads_day>0</raw_downloads_day><tags>[]</tags></version><version><id>380031533</id><name>sha256:1d2441684a42d1e7f9121b5be3cf83522a7adf7c5cbc1a782fba1eefe5703101</name><date>2025-04-05</date><newest>false</newest><latest>false</latest><size>-1</size><downloads>0</downloads><downloads_month>0</downloads_month><downloads_week>0</downloads_week><downloads_day>0</downloads_day><raw_size>-1</raw_size><raw_downloads>0</raw_downloads><raw_downloads_month>0</raw_downloads_month><raw_downloads_week>0</raw_downloads_week><raw_downloads_day>0</raw_downloads_day><tags>[]</tags></version><version><id>380032112</id><name>sha256:6f91b523c8dc12a9bce1d6fd66f23f7e25f4ef3dabbc37f66dbcf79da74b9931</name><date>2025-04-05</date><newest>false</newest><latest>false</latest><size>7.5 MB</size><downloads>0</downloads><downloads_month>0</downloads_month><downloads_week>0</downloads_week><downloads_day>0</downloads_day><raw_size>7503796</raw_size><raw_downloads>0</raw_downloads><raw_downloads_month>0</raw_downloads_month><raw_downloads_week>0</raw_downloads_week><raw_downloads_day>0</raw_downloads_day><tags>[]</tags></version><version><id>380032113</id><name>sha256:5062c5df2a6acd1c62d2916c41bbf5fe00b8030d392d40c21c114c95336f109e</name><date>2025-04-05</date><newest>false</newest><latest>false</latest><size>6.7 MB</size><downloads>0</downloads><downloads_month>0</downloads_month><downloads_week>0</downloads_week><downloads_day>0</downloads_day><raw_size>6743672</raw_size><raw_downloads>0</raw_downloads><raw_downloads_month>0</raw_downloads_month><raw_downloads_week>0</raw_downloads_week><raw_downloads_day>0</raw_downloads_day><tags>[]</tags></version><version><id>380032114</id><name>sha256:a9ec8b8d02cb871db30d2bdfbdcd5d089fadddaaca6d79bf1d0ccaa8d22610d3</name><date>2025-04-05</date><newest>false</newest><latest>false</latest><size>15.5 kB</size><downloads>0</downloads><downloads_month>0</downloads_month><downloads_week>0</downloads_week><downloads_day>0</downloads_day><raw_size>15543</raw_size><raw_downloads>0</raw_downloads><raw_downloads_month>0</raw_downloads_month><raw_downloads_week>0</raw_downloads_week><raw_downloads_day>0</raw_downloads_day><tags>[]</tags></version><version><id>380032115</id><name>sha256:c13528f0e96d9fd64148cbaa7b223095b590726c3fbf6618b2becd859c86f9a5</name><date>2025-04-05</date><newest>false</newest><latest>false</latest><size>15.5 kB</size><downloads>0</downloads><downloads_month>0</downloads_month><downloads_week>0</downloads_week><downloads_day>0</downloads_day><raw_size>15519</raw_size><raw_downloads>0</raw_downloads><raw_downloads_month>0</raw_downloads_month><raw_downloads_week>0</raw_downloads_week><raw_downloads_day>0</raw_downloads_day><tags>[]</tags></version><version><id>380032116</id><name>sha256:743788cd98e90f68d1a948d73fb49088d6d2ed19b96a8c41826e3262f0d65224</name><date>2025-04-05</date><newest>false</newest><latest>false</latest><size>-1</size><downloads>0</downloads><downloads_month>0</downloads_month><downloads_week>0</downloads_week><downloads_day>0</downloads_day><raw_size>-1</raw_size><raw_downloads>0</raw_downloads><raw_downloads_month>0</raw_downloads_month><raw_downloads_week>0</raw_downloads_week><raw_downloads_day>0</raw_downloads_day><tags>[]</tags></version><version><id>380033669</id><name>sha256:bd9ceed2bff4e70b7f3224093c8dd68365e6650e4cc51fb6f2f9eabe9af57ee4</name><date>2025-04-05</date><newest>false</newest><latest>false</latest><size>7.5 MB</size><downloads>0</downloads><downloads_month>0</downloads_month><downloads_week>0</downloads_week><downloads_day>0</downloads_day><raw_size>7503768</raw_size><raw_downloads>0</raw_downloads><raw_downloads_month>0</raw_downloads_month><raw_downloads_week>0</raw_downloads_week><raw_downloads_day>0</raw_downloads_day><tags>[]</tags></version><version><id>380033672</id><name>sha256:d73a99f931cb0fa273256d888d89eb67f3667b4cea6620db656ebe22d0f8abb3</name><date>2025-04-05</date><newest>false</newest><latest>false</latest><size>15.5 kB</size><downloads>0</downloads><downloads_month>0</downloads_month><downloads_week>0</downloads_week><downloads_day>0</downloads_day><raw_size>15543</raw_size><raw_downloads>0</raw_downloads><raw_downloads_month>0</raw_downloads_month><raw_downloads_week>0</raw_downloads_week><raw_downloads_day>0</raw_downloads_day><tags>[]</tags></version><version><id>380033673</id><name>sha256:a57e5f2ff772e341fdf610f9b5542271ab0eb7bb3f96212f151e0b217b92a8fa</name><date>2025-04-05</date><newest>false</newest><latest>false</latest><size>6.7 MB</size><downloads>0</downloads><downloads_month>0</downloads_month><downloads_week>0</downloads_week><downloads_day>0</downloads_day><raw_size>6743693</raw_size><raw_downloads>0</raw_downloads><raw_downloads_month>0</raw_downloads_month><raw_downloads_week>0</raw_downloads_week><raw_downloads_day>0</raw_downloads_day><tags>[]</tags></version><version><id>380033676</id><name>sha256:0fd697c79af75985c6b651babded3a622d14f926c9952656d3cc5a1d86a56246</name><date>2025-04-05</date><newest>false</newest><latest>true</latest><size>15.5 kB</size><downloads>0</downloads><downloads_month>0</downloads_month><downloads_week>0</downloads_week><downloads_day>0</downloads_day><raw_size>15519</raw_size><raw_downloads>0</raw_downloads><raw_downloads_month>0</raw_downloads_month><raw_downloads_week>0</raw_downloads_week><raw_downloads_day>0</raw_downloads_day><tags>[]</tags></version><version><id>380033677</id><name>sha256:1ecf8ec350a78c2b95162c0de4f0df7436d37d35aeda265d3d22335289fd1788</name><date>2025-04-05</date><newest>false</newest><latest>false</latest><size>-1</size><downloads>0</downloads><downloads_month>0</downloads_month><downloads_week>0</downloads_week><downloads_day>0</downloads_day><raw_size>-1</raw_size><raw_downloads>0</raw_downloads><raw_downloads_month>0</raw_downloads_month><raw_downloads_week>0</raw_downloads_week><raw_downloads_day>0</raw_downloads_day><tags>unencrypted-11070</tags></version><version><id>380084734</id><name>sha256:5c609f1313aa1168f74c8adbdc1fa3fe0e6f32efac47762021a3184a42826198</name><date>2025-04-05</date><newest>false</newest><latest>false</latest><size>6.7 MB</size><downloads>7</downloads><downloads_month>7</downloads_month><downloads_week>7</downloads_week><downloads_day>0</downloads_day><raw_size>6743628</raw_size><raw_downloads>7</raw_downloads><raw_downloads_month>7</raw_downloads_month><raw_downloads_week>7</raw_downloads_week><raw_downloads_day>0</raw_downloads_day></version><version><id>380084736</id><name>sha256:b9b7da5d4f4271b32223ed60b86313413182cf4097d83324feaa9b2938e0c536</name><date>2025-04-05</date><newest>false</newest><latest>false</latest><size>7.5 MB</size><downloads>5</downloads><downloads_month>5</downloads_month><downloads_week>5</downloads_week><downloads_day>0</downloads_day><raw_size>7503794</raw_size><raw_downloads>5</raw_downloads><raw_downloads_month>5</raw_downloads_month><raw_downloads_week>5</raw_downloads_week><raw_downloads_day>0</raw_downloads_day></version><version><id>380084738</id><name>sha256:7dead1611ae2786b0eb13cd4c0b4b4fb2daa7b8b07111c648011740bce1c1de0</name><date>2025-04-05</date><newest>false</newest><latest>false</latest><size>15.5 kB</size><downloads>0</downloads><downloads_month>0</downloads_month><downloads_week>0</downloads_week><downloads_day>0</downloads_day><raw_size>15545</raw_size><raw_downloads>0</raw_downloads><raw_downloads_month>0</raw_downloads_month><raw_downloads_week>0</raw_downloads_week><raw_downloads_day>0</raw_downloads_day></version><version><id>380084740</id><name>sha256:99caf0f1908c99be7a5b1e8d1855066ef699934cd68e48b600914476712ddf95</name><date>2025-04-05</date><newest>false</newest><latest>false</latest><size>15.5 kB</size><downloads>0</downloads><downloads_month>0</downloads_month><downloads_week>0</downloads_week><downloads_day>0</downloads_day><raw_size>15521</raw_size><raw_downloads>0</raw_downloads><raw_downloads_month>0</raw_downloads_month><raw_downloads_week>0</raw_downloads_week><raw_downloads_day>0</raw_downloads_day></version><version><id>380084742</id><name>sha256:bbe1a7a8ff0b1c868127646df1d279dae15b2a72ac9e3ad7aee168dea11c64b2</name><date>2025-04-05</date><newest>false</newest><latest>false</latest><size>-1</size><downloads>12</downloads><downloads_month>12</downloads_month><downloads_week>12</downloads_week><downloads_day>0</downloads_day><raw_size>-1</raw_size><raw_downloads>12</raw_downloads><raw_downloads_month>12</raw_downloads_month><raw_downloads_week>12</raw_downloads_week><raw_downloads_day>0</raw_downloads_day><tags>unencrypted-nightly</tags></version><version><id>380096870</id><name>sha256:308550d87a54cf3c79c85e367c8108e72d8269c7367e35bb0e63412cad92356b</name><date>2025-04-05</date><newest>false</newest><latest>false</latest><size>7.5 MB</size><downloads>0</downloads><downloads_month>0</downloads_month><downloads_week>0</downloads_week><downloads_day>0</downloads_day><raw_size>7503765</raw_size><raw_downloads>0</raw_downloads><raw_downloads_month>0</raw_downloads_month><raw_downloads_week>0</raw_downloads_week><raw_downloads_day>0</raw_downloads_day></version><version><id>380096871</id><name>sha256:52120ca2076073facd35fc9b191f86d5b77e517e29e24a5f7998ce2147efbe8c</name><date>2025-04-05</date><newest>false</newest><latest>false</latest><size>6.7 MB</size><downloads>0</downloads><downloads_month>0</downloads_month><downloads_week>0</downloads_week><downloads_day>0</downloads_day><raw_size>6743679</raw_size><raw_downloads>0</raw_downloads><raw_downloads_month>0</raw_downloads_month><raw_downloads_week>0</raw_downloads_week><raw_downloads_day>0</raw_downloads_day></version><version><id>380096872</id><name>sha256:17f4fee9d5dfb0c1796a4c9857cfa618b34ec3fa0375a7e7e7d359464ebec4cc</name><date>2025-04-05</date><newest>false</newest><latest>false</latest><size>15.5 kB</size><downloads>0</downloads><downloads_month>0</downloads_month><downloads_week>0</downloads_week><downloads_day>0</downloads_day><raw_size>15543</raw_size><raw_downloads>0</raw_downloads><raw_downloads_month>0</raw_downloads_month><raw_downloads_week>0</raw_downloads_week><raw_downloads_day>0</raw_downloads_day></version><version><id>380096873</id><name>sha256:e146b9b6b7f8ff80bd11e569411ab1819a4a749137501697155f8490ed0bd6ef</name><date>2025-04-05</date><newest>false</newest><latest>false</latest><size>15.5 kB</size><downloads>0</downloads><downloads_month>0</downloads_month><downloads_week>0</downloads_week><downloads_day>0</downloads_day><raw_size>15519</raw_size><raw_downloads>0</raw_downloads><raw_downloads_month>0</raw_downloads_month><raw_downloads_week>0</raw_downloads_week><raw_downloads_day>0</raw_downloads_day></version><version><id>380096875</id><name>sha256:4e7a0869e459f8cd15ac6c9cb4912e7254a633230fd7ea59972ac4d55eda92ee</name><date>2025-04-05</date><newest>false</newest><latest>false</latest><size>-1</size><downloads>0</downloads><downloads_month>0</downloads_month><downloads_week>0</downloads_week><downloads_day>0</downloads_day><raw_size>-1</raw_size><raw_downloads>0</raw_downloads><raw_downloads_month>0</raw_downloads_month><raw_downloads_week>0</raw_downloads_week><raw_downloads_day>0</raw_downloads_day></version><version><id>380098446</id><name>sha256:5ac65a9bb334ad439e09ee7b3e7907872f5d40b9cf6f06e29aa6c3c3d71228ca</name><date>2025-04-05</date><newest>false</newest><latest>false</latest><size>7.5 MB</size><downloads>4</downloads><downloads_month>4</downloads_month><downloads_week>4</downloads_week><downloads_day>0</downloads_day><raw_size>7503793</raw_size><raw_downloads>4</raw_downloads><raw_downloads_month>4</raw_downloads_month><raw_downloads_week>4</raw_downloads_week><raw_downloads_day>0</raw_downloads_day></version><version><id>380098447</id><name>sha256:970bcfdd01e3de2b9dfe91af6bbd260527a0cb661cb2f8617fccbc02be7b3a2b</name><date>2025-04-05</date><newest>false</newest><latest>false</latest><size>6.7 MB</size><downloads>0</downloads><downloads_month>0</downloads_month><downloads_week>0</downloads_week><downloads_day>0</downloads_day><raw_size>6743692</raw_size><raw_downloads>0</raw_downloads><raw_downloads_month>0</raw_downloads_month><raw_downloads_week>0</raw_downloads_week><raw_downloads_day>0</raw_downloads_day></version><version><id>380098448</id><name>sha256:58bb157aa7a2352a554acd378354c862b52b0df6c630186cdb7d3ba491970d5a</name><date>2025-04-05</date><newest>false</newest><latest>false</latest><size>15.5 kB</size><downloads>0</downloads><downloads_month>0</downloads_month><downloads_week>0</downloads_week><downloads_day>0</downloads_day><raw_size>15543</raw_size><raw_downloads>0</raw_downloads><raw_downloads_month>0</raw_downloads_month><raw_downloads_week>0</raw_downloads_week><raw_downloads_day>0</raw_downloads_day></version><version><id>380098452</id><name>sha256:70177176a8972baf1fbda4253a72899fd5f2c520d989806aeaf08ec6210ae0b9</name><date>2025-04-05</date><newest>false</newest><latest>false</latest><size>15.5 kB</size><downloads>0</downloads><downloads_month>0</downloads_month><downloads_week>0</downloads_week><downloads_day>0</downloads_day><raw_size>15519</raw_size><raw_downloads>0</raw_downloads><raw_downloads_month>0</raw_downloads_month><raw_downloads_week>0</raw_downloads_week><raw_downloads_day>0</raw_downloads_day></version><version><id>380098454</id><name>sha256:74eae87c65d8b7bbb08971f4988ece1f63557c9dff49ee231fd581a38b37d30c</name><date>2025-04-05</date><newest>false</newest><latest>false</latest><size>-1</size><downloads>4</downloads><downloads_month>4</downloads_month><downloads_week>4</downloads_week><downloads_day>0</downloads_day><raw_size>-1</raw_size><raw_downloads>4</raw_downloads><raw_downloads_month>4</raw_downloads_month><raw_downloads_week>4</raw_downloads_week><raw_downloads_day>0</raw_downloads_day></version><version><id>380125202</id><name>sha256:82227fe2358163a2995eb4d2b22fab6474d2bd8ef3e24902dde53134a4b7d4e3</name><date>2025-04-05</date><newest>false</newest><latest>false</latest><size>6.7 MB</size><downloads>0</downloads><downloads_month>0</downloads_month><downloads_week>0</downloads_week><downloads_day>0</downloads_day><raw_size>6743677</raw_size><raw_downloads>0</raw_downloads><raw_downloads_month>0</raw_downloads_month><raw_downloads_week>0</raw_downloads_week><raw_downloads_day>0</raw_downloads_day></version><version><id>380125208</id><name>sha256:b651bff8921a5282203d9c3bfd8304f644627053a4441013b4423767b4646c62</name><date>2025-04-05</date><newest>false</newest><latest>false</latest><size>15.5 kB</size><downloads>0</downloads><downloads_month>0</downloads_month><downloads_week>0</downloads_week><downloads_day>0</downloads_day><raw_size>15543</raw_size><raw_downloads>0</raw_downloads><raw_downloads_month>0</raw_downloads_month><raw_downloads_week>0</raw_downloads_week><raw_downloads_day>0</raw_downloads_day></version><version><id>380125215</id><name>sha256:f11e232a110815db2eb0628ac365ad8176a7a8395eefec76e9cc51f187324095</name><date>2025-04-05</date><newest>false</newest><latest>false</latest><size>15.5 kB</size><downloads>0</downloads><downloads_month>0</downloads_month><downloads_week>0</downloads_week><downloads_day>0</downloads_day><raw_size>15519</raw_size><raw_downloads>0</raw_downloads><raw_downloads_month>0</raw_downloads_month><raw_downloads_week>0</raw_downloads_week><raw_downloads_day>0</raw_downloads_day></version><version><id>380125221</id><name>sha256:4fe681b0e02bf38514027a51979a5ac6c231f60526d84ea6dad47fd7f4c89644</name><date>2025-04-05</date><newest>false</newest><latest>false</latest><size>-1</size><downloads>4</downloads><downloads_month>4</downloads_month><downloads_week>4</downloads_week><downloads_day>0</downloads_day><raw_size>-1</raw_size><raw_downloads>4</raw_downloads><raw_downloads_month>4</raw_downloads_month><raw_downloads_week>4</raw_downloads_week><raw_downloads_day>0</raw_downloads_day><tags>unencrypted-11056</tags></version><version><id>380358841</id><name>sha256:de0c5fe422d04eacb063395d68a15f69711cc7ce86a601666aa5bd6b8a25f32e</name><date>2025-04-05</date><newest>false</newest><latest>false</latest><size>15.5 kB</size><downloads>0</downloads><downloads_month>0</downloads_month><downloads_week>0</downloads_week><downloads_day>0</downloads_day><raw_size>15543</raw_size><raw_downloads>0</raw_downloads><raw_downloads_month>0</raw_downloads_month><raw_downloads_week>0</raw_downloads_week><raw_downloads_day>0</raw_downloads_day></version><version><id>380358848</id><name>sha256:a000e671dd99567871f7513e516f25e178f482f5f51cca498dbbacae1c736c18</name><date>2025-04-05</date><newest>false</newest><latest>false</latest><size>7.5 MB</size><downloads>4</downloads><downloads_month>4</downloads_month><downloads_week>4</downloads_week><downloads_day>0</downloads_day><raw_size>7503707</raw_size><raw_downloads>4</raw_downloads><raw_downloads_month>4</raw_downloads_month><raw_downloads_week>4</raw_downloads_week><raw_downloads_day>0</raw_downloads_day></version><version><id>380358854</id><name>sha256:d9d356c89336f8e1443888d7601f5f5eba80e9a31679dfed38035d448e79704b</name><date>2025-04-05</date><newest>false</newest><latest>false</latest><size>6.7 MB</size><downloads>0</downloads><downloads_month>0</downloads_month><downloads_week>0</downloads_week><downloads_day>0</downloads_day><raw_size>6743690</raw_size><raw_downloads>0</raw_downloads><raw_downloads_month>0</raw_downloads_month><raw_downloads_week>0</raw_downloads_week><raw_downloads_day>0</raw_downloads_day></version><version><id>380358861</id><name>sha256:f276bd17c2da0ae05edf53015cafc0050562752f050342f5c122a88e672ea08b</name><date>2025-04-05</date><newest>false</newest><latest>false</latest><size>15.5 kB</size><downloads>0</downloads><downloads_month>0</downloads_month><downloads_week>0</downloads_week><downloads_day>0</downloads_day><raw_size>15519</raw_size><raw_downloads>0</raw_downloads><raw_downloads_month>0</raw_downloads_month><raw_downloads_week>0</raw_downloads_week><raw_downloads_day>0</raw_downloads_day></version><version><id>380358867</id><name>sha256:0e7213702786cbe04fade9b46f406254a40e3f616e430175ba8ff0f84a67e3e4</name><date>2025-04-05</date><newest>false</newest><latest>false</latest><size>-1</size><downloads>4</downloads><downloads_month>4</downloads_month><downloads_week>4</downloads_week><downloads_day>0</downloads_day><raw_size>-1</raw_size><raw_downloads>4</raw_downloads><raw_downloads_month>4</raw_downloads_month><raw_downloads_week>4</raw_downloads_week><raw_downloads_day>0</raw_downloads_day><tags>unencrypted-11053</tags></version><version><id>380747219</id><name>sha256:6fd83da6368788a638aa99c30e0ef2d3ffeb49c102e39e2651d69558fc24b39b</name><date>2025-04-05</date><newest>false</newest><latest>false</latest><size>15.5 kB</size><downloads>0</downloads><downloads_month>0</downloads_month><downloads_week>0</downloads_week><downloads_day>0</downloads_day><raw_size>15543</raw_size><raw_downloads>0</raw_downloads><raw_downloads_month>0</raw_downloads_month><raw_downloads_week>0</raw_downloads_week><raw_downloads_day>0</raw_downloads_day></version><version><id>380747223</id><name>sha256:3f4d4825b6231f691aa654cd538c768977b1ef4da459368b40211b51a63f387e</name><date>2025-04-05</date><newest>false</newest><latest>false</latest><size>7.5 MB</size><downloads>4</downloads><downloads_month>4</downloads_month><downloads_week>4</downloads_week><downloads_day>0</downloads_day><raw_size>7503800</raw_size><raw_downloads>4</raw_downloads><raw_downloads_month>4</raw_downloads_month><raw_downloads_week>4</raw_downloads_week><raw_downloads_day>0</raw_downloads_day></version><version><id>380747226</id><name>sha256:8e78d8a3f31b64403b443f8900d63effd396b6757d83046006ac63d5b1188887</name><date>2025-04-05</date><newest>false</newest><latest>false</latest><size>6.7 MB</size><downloads>0</downloads><downloads_month>0</downloads_month><downloads_week>0</downloads_week><downloads_day>0</downloads_day><raw_size>6743692</raw_size><raw_downloads>0</raw_downloads><raw_downloads_month>0</raw_downloads_month><raw_downloads_week>0</raw_downloads_week><raw_downloads_day>0</raw_downloads_day></version><version><id>380747231</id><name>sha256:45fb953dc7e4f8b2aff0e7efbefed57fbf23be98417d9eccf01a23f0bcb963ca</name><date>2025-04-05</date><newest>false</newest><latest>false</latest><size>15.5 kB</size><downloads>0</downloads><downloads_month>0</downloads_month><downloads_week>0</downloads_week><downloads_day>0</downloads_day><raw_size>15519</raw_size><raw_downloads>0</raw_downloads><raw_downloads_month>0</raw_downloads_month><raw_downloads_week>0</raw_downloads_week><raw_downloads_day>0</raw_downloads_day></version><version><id>380747235</id><name>sha256:fd729e405ffcbd6a636bfd93819eac7b6faa517e38cb9536d1a1613bccd21302</name><date>2025-04-05</date><newest>false</newest><latest>false</latest><size>-1</size><downloads>4</downloads><downloads_month>4</downloads_month><downloads_week>4</downloads_week><downloads_day>0</downloads_day><raw_size>-1</raw_size><raw_downloads>4</raw_downloads><raw_downloads_month>4</raw_downloads_month><raw_downloads_week>4</raw_downloads_week><raw_downloads_day>0</raw_downloads_day><tags>unencrypted-11075</tags></version><version><id>380836619</id><name>sha256:0b0269b410fc48334b9269dbcb017fc3cf3c71408548682199c381e8d2ed005a</name><date>2025-04-05</date><newest>false</newest><latest>false</latest><size>7.5 MB</size><downloads>0</downloads><downloads_month>0</downloads_month><downloads_week>0</downloads_week><downloads_day>0</downloads_day><raw_size>7503811</raw_size><raw_downloads>0</raw_downloads><raw_downloads_month>0</raw_downloads_month><raw_downloads_week>0</raw_downloads_week><raw_downloads_day>0</raw_downloads_day></version><version><id>380836623</id><name>sha256:ad3d734cc995a57092e526a2cbdf425eb76ce1c5aa32c97e63876594132398a4</name><date>2025-04-05</date><newest>false</newest><latest>false</latest><size>6.7 MB</size><downloads>0</downloads><downloads_month>0</downloads_month><downloads_week>0</downloads_week><downloads_day>0</downloads_day><raw_size>6743674</raw_size><raw_downloads>0</raw_downloads><raw_downloads_month>0</raw_downloads_month><raw_downloads_week>0</raw_downloads_week><raw_downloads_day>0</raw_downloads_day></version><version><id>380836626</id><name>sha256:83124cda907599d6c052966fe28a620eee873ff5c3fa21592ec8ef3d3a784fe3</name><date>2025-04-05</date><newest>false</newest><latest>false</latest><size>15.5 kB</size><downloads>0</downloads><downloads_month>0</downloads_month><downloads_week>0</downloads_week><downloads_day>0</downloads_day><raw_size>15543</raw_size><raw_downloads>0</raw_downloads><raw_downloads_month>0</raw_downloads_month><raw_downloads_week>0</raw_downloads_week><raw_downloads_day>0</raw_downloads_day></version><version><id>380836627</id><name>sha256:a8a22fe2f62b5c5a74e8006f8146b6ebaf9824557f933a774f97b4ff80d6f886</name><date>2025-04-05</date><newest>false</newest><latest>false</latest><size>15.5 kB</size><downloads>0</downloads><downloads_month>0</downloads_month><downloads_week>0</downloads_week><downloads_day>0</downloads_day><raw_size>15519</raw_size><raw_downloads>0</raw_downloads><raw_downloads_month>0</raw_downloads_month><raw_downloads_week>0</raw_downloads_week><raw_downloads_day>0</raw_downloads_day></version><version><id>380836630</id><name>sha256:90125bb9add32f662717fdf14d50a3d78c991cdb1c851d04f7534d23b7845438</name><date>2025-04-05</date><newest>false</newest><latest>false</latest><size>-1</size><downloads>0</downloads><downloads_month>0</downloads_month><downloads_week>0</downloads_week><downloads_day>0</downloads_day><raw_size>-1</raw_size><raw_downloads>0</raw_downloads><raw_downloads_month>0</raw_downloads_month><raw_downloads_week>0</raw_downloads_week><raw_downloads_day>0</raw_downloads_day></version><version><id>380862491</id><name>sha256:a2fcf03aaf5a5ff955074f098a7e7609c568dac670898e984fb2df606e176aaa</name><date>2025-04-05</date><newest>false</newest><latest>false</latest><size>6.7 MB</size><downloads>0</downloads><downloads_month>0</downloads_month><downloads_week>0</downloads_week><downloads_day>0</downloads_day><raw_size>6743658</raw_size><raw_downloads>0</raw_downloads><raw_downloads_month>0</raw_downloads_month><raw_downloads_week>0</raw_downloads_week><raw_downloads_day>0</raw_downloads_day></version><version><id>380862494</id><name>sha256:6b60cfea56f3e29ee08152dc72a934710c03fa3dd88a9be1df05deb11dc53c72</name><date>2025-04-05</date><newest>false</newest><latest>false</latest><size>7.5 MB</size><downloads>0</downloads><downloads_month>0</downloads_month><downloads_week>0</downloads_week><downloads_day>0</downloads_day><raw_size>7503766</raw_size><raw_downloads>0</raw_downloads><raw_downloads_month>0</raw_downloads_month><raw_downloads_week>0</raw_downloads_week><raw_downloads_day>0</raw_downloads_day></version><version><id>380862501</id><name>sha256:b13f4710af1d05471804dd969aeddc559dcd08038b875bba8f0a0c253dcfd9db</name><date>2025-04-05</date><newest>false</newest><latest>false</latest><size>15.5 kB</size><downloads>0</downloads><downloads_month>0</downloads_month><downloads_week>0</downloads_week><downloads_day>0</downloads_day><raw_size>15543</raw_size><raw_downloads>0</raw_downloads><raw_downloads_month>0</raw_downloads_month><raw_downloads_week>0</raw_downloads_week><raw_downloads_day>0</raw_downloads_day></version><version><id>380862505</id><name>sha256:27cbc096e32a84952ba4371f486da3821201b35aecc3e6ae846ffdb11eab0f9c</name><date>2025-04-05</date><newest>false</newest><latest>false</latest><size>15.5 kB</size><downloads>0</downloads><downloads_month>0</downloads_month><downloads_week>0</downloads_week><downloads_day>0</downloads_day><raw_size>15519</raw_size><raw_downloads>0</raw_downloads><raw_downloads_month>0</raw_downloads_month><raw_downloads_week>0</raw_downloads_week><raw_downloads_day>0</raw_downloads_day></version><version><id>380862510</id><name>sha256:9d8c61c5dd641e5b11d133100695913c19088c0b33cb18f4a676525f22e046bf</name><date>2025-04-05</date><newest>false</newest><latest>false</latest><size>-1</size><downloads>0</downloads><downloads_month>0</downloads_month><downloads_week>0</downloads_week><downloads_day>0</downloads_day><raw_size>-1</raw_size><raw_downloads>0</raw_downloads><raw_downloads_month>0</raw_downloads_month><raw_downloads_week>0</raw_downloads_week><raw_downloads_day>0</raw_downloads_day></version><version><id>380878899</id><name>sha256:2233bf7b4e7b77420aefd8fe2ba63cfdedb95652d2f6a6fed44ccdf34fee5775</name><date>2025-04-05</date><newest>false</newest><latest>false</latest><size>7.5 MB</size><downloads>4</downloads><downloads_month>4</downloads_month><downloads_week>4</downloads_week><downloads_day>4</downloads_day><raw_size>7503791</raw_size><raw_downloads>4</raw_downloads><raw_downloads_month>4</raw_downloads_month><raw_downloads_week>4</raw_downloads_week><raw_downloads_day>4</raw_downloads_day></version><version><id>380878905</id><name>sha256:dd30ce017d4aae216bb43d94f7b626d0b6891eae572a457384e2c72555c6fab2</name><date>2025-04-05</date><newest>false</newest><latest>false</latest><size>6.7 MB</size><downloads>0</downloads><downloads_month>0</downloads_month><downloads_week>0</downloads_week><downloads_day>0</downloads_day><raw_size>6743676</raw_size><raw_downloads>0</raw_downloads><raw_downloads_month>0</raw_downloads_month><raw_downloads_week>0</raw_downloads_week><raw_downloads_day>0</raw_downloads_day></version><version><id>380878908</id><name>sha256:a84acb0881efe7cac0b86e47277a22059c19a30fad384d2cc709c0ebd3a424fb</name><date>2025-04-05</date><newest>false</newest><latest>false</latest><size>15.5 kB</size><downloads>0</downloads><downloads_month>0</downloads_month><downloads_week>0</downloads_week><downloads_day>0</downloads_day><raw_size>15543</raw_size><raw_downloads>0</raw_downloads><raw_downloads_month>0</raw_downloads_month><raw_downloads_week>0</raw_downloads_week><raw_downloads_day>0</raw_downloads_day></version><version><id>380878910</id><name>sha256:bfbc1cfab438279a5388d56d8e28dd27c64ae2b0dd468880cc89ee3984a4561a</name><date>2025-04-05</date><newest>false</newest><latest>false</latest><size>15.5 kB</size><downloads>0</downloads><downloads_month>0</downloads_month><downloads_week>0</downloads_week><downloads_day>0</downloads_day><raw_size>15519</raw_size><raw_downloads>0</raw_downloads><raw_downloads_month>0</raw_downloads_month><raw_downloads_week>0</raw_downloads_week><raw_downloads_day>0</raw_downloads_day></version><version><id>380878912</id><name>sha256:3692f77517c348548ec8b622b2b460beaf78754dcfe09a8cb82b6e6fecfcef38</name><date>2025-04-05</date><newest>false</newest><latest>false</latest><size>-1</size><downloads>4</downloads><downloads_month>4</downloads_month><downloads_week>4</downloads_week><downloads_day>4</downloads_day><raw_size>-1</raw_size><raw_downloads>4</raw_downloads><raw_downloads_month>4</raw_downloads_month><raw_downloads_week>4</raw_downloads_week><raw_downloads_day>4</raw_downloads_day></version><version><id>380919690</id><name>sha256:f5e05eb72c1733e0967a9cb6e62ec511860f8793398bbd1064b6b68b2732c77b</name><date>2025-04-05</date><newest>false</newest><latest>false</latest><size>15.5 kB</size><downloads>0</downloads><downloads_month>0</downloads_month><downloads_week>0</downloads_week><downloads_day>0</downloads_day><raw_size>15543</raw_size><raw_downloads>0</raw_downloads><raw_downloads_month>0</raw_downloads_month><raw_downloads_week>0</raw_downloads_week><raw_downloads_day>0</raw_downloads_day></version><version><id>380919694</id><name>sha256:b39af1cc48b5ee34c584f1d483d3d7e103a820a724e03fb962b7d13974a6286a</name><date>2025-04-05</date><newest>false</newest><latest>false</latest><size>7.5 MB</size><downloads>4</downloads><downloads_month>4</downloads_month><downloads_week>4</downloads_week><downloads_day>4</downloads_day><raw_size>7503770</raw_size><raw_downloads>4</raw_downloads><raw_downloads_month>4</raw_downloads_month><raw_downloads_week>4</raw_downloads_week><raw_downloads_day>4</raw_downloads_day></version><version><id>380919701</id><name>sha256:0754b955937f47c257c4099bb13848ddc539bc43f5294f516091618f6c956017</name><date>2025-04-05</date><newest>false</newest><latest>false</latest><size>6.7 MB</size><downloads>0</downloads><downloads_month>0</downloads_month><downloads_week>0</downloads_week><downloads_day>0</downloads_day><raw_size>6743669</raw_size><raw_downloads>0</raw_downloads><raw_downloads_month>0</raw_downloads_month><raw_downloads_week>0</raw_downloads_week><raw_downloads_day>0</raw_downloads_day></version><version><id>380919705</id><name>sha256:4864bbff4c42b5c03164ff6c91f6a3105cb7c609b50314ca4fe7cf09911fe82a</name><date>2025-04-05</date><newest>false</newest><latest>false</latest><size>15.5 kB</size><downloads>0</downloads><downloads_month>0</downloads_month><downloads_week>0</downloads_week><downloads_day>0</downloads_day><raw_size>15519</raw_size><raw_downloads>0</raw_downloads><raw_downloads_month>0</raw_downloads_month><raw_downloads_week>0</raw_downloads_week><raw_downloads_day>0</raw_downloads_day></version><version><id>380919709</id><name>sha256:7247b0f6cf91e83ef3cfa1e835f1eeea176cf4a3be4fa78a1f89128791994038</name><date>2025-04-05</date><newest>false</newest><latest>false</latest><size>-1</size><downloads>4</downloads><downloads_month>4</downloads_month><downloads_week>4</downloads_week><downloads_day>4</downloads_day><raw_size>-1</raw_size><raw_downloads>4</raw_downloads><raw_downloads_month>4</raw_downloads_month><raw_downloads_week>4</raw_downloads_week><raw_downloads_day>4</raw_downloads_day><tags>unencrypted-10984</tags></version><version><id>386909978</id><name>sha256:5c675d47bf93882a3640dd3f675d27d14cc4d1e9903e7dd6e932b71a7ef98e09</name><date>2025-04-05</date><newest>false</newest><latest>false</latest><size>-1</size><downloads>4</downloads><downloads_month>4</downloads_month><downloads_week>4</downloads_week><downloads_day>0</downloads_day><raw_size>-1</raw_size><raw_downloads>4</raw_downloads><raw_downloads_month>4</raw_downloads_month><raw_downloads_week>4</raw_downloads_week><raw_downloads_day>0</raw_downloads_day><tags>unencrypted-11014</tags></version><version><id>387953599</id><name>sha256:a088fb4cfcd14fbfc36d2d866b95d967fe69a8da415582a48a3baf400287dba0</name><date>2025-04-05</date><newest>false</newest><latest>false</latest><size>-1</size><downloads>7</downloads><downloads_month>7</downloads_month><downloads_week>7</downloads_week><downloads_day>0</downloads_day><raw_size>-1</raw_size><raw_downloads>7</raw_downloads><raw_downloads_month>7</raw_downloads_month><raw_downloads_week>7</raw_downloads_week><raw_downloads_day>0</raw_downloads_day><tags>unencrypted-11103</tags></version><version><id>388074246</id><name>sha256:c7448d3228cc975ac8653c795ed22283b43d9be2dfb24eaae91d5a628306de8b</name><date>2025-04-05</date><newest>false</newest><latest>false</latest><size>-1</size><downloads>6</downloads><downloads_month>6</downloads_month><downloads_week>6</downloads_week><downloads_day>0</downloads_day><raw_size>-1</raw_size><raw_downloads>6</raw_downloads><raw_downloads_month>6</raw_downloads_month><raw_downloads_week>6</raw_downloads_week><raw_downloads_day>0</raw_downloads_day><tags>unencrypted-11067</tags></version><version><id>389090438</id><name>sha256:afc988292d72a7f6d06e9e0d9ed4f30a04f817db3187891879107ae03fba8d89</name><date>2025-04-05</date><newest>false</newest><latest>false</latest><size>-1</size><downloads>4</downloads><downloads_month>4</downloads_month><downloads_week>4</downloads_week><downloads_day>0</downloads_day><raw_size>-1</raw_size><raw_downloads>4</raw_downloads><raw_downloads_month>4</raw_downloads_month><raw_downloads_week>4</raw_downloads_week><raw_downloads_day>0</raw_downloads_day><tags>unencrypted-11114</tags></version><version><id>389115853</id><name>sha256:8774fcbd51ec2a74d91228e27a7b94927c0adec5f45b9718a44fb4631380dc26</name><date>2025-04-05</date><newest>false</newest><latest>false</latest><size>-1</size><downloads>4</downloads><downloads_month>4</downloads_month><downloads_week>4</downloads_week><downloads_day>0</downloads_day><raw_size>-1</raw_size><raw_downloads>4</raw_downloads><raw_downloads_month>4</raw_downloads_month><raw_downloads_week>4</raw_downloads_week><raw_downloads_day>0</raw_downloads_day><tags>unencrypted-11077</tags></version><version><id>389129382</id><name>sha256:77bd1c831930c015b7233b157e306808d2e5ac388a82ff9773326c1af0ed2870</name><date>2025-04-05</date><newest>true</newest><latest>false</latest><size>-1</size><downloads>6</downloads><downloads_month>6</downloads_month><downloads_week>6</downloads_week><downloads_day>6</downloads_day><raw_size>-1</raw_size><raw_downloads>6</raw_downloads><raw_downloads_month>6</raw_downloads_month><raw_downloads_week>6</raw_downloads_week><raw_downloads_day>6</raw_downloads_day><tags>unencrypted-nightly</tags></version></xml>
