<?xml version="1.0" encoding="UTF-8"?><xml><owner_type>orgs</owner_type><package_type>container</package_type><owner_id>33289952</owner_id><owner>kata-containers</owner><repo>kata-containers</repo><package>test-images</package><date>2025-05-29</date><size>-1</size><versions>305</versions><tagged>76</tagged><owner_rank>1</owner_rank><repo_rank>2</repo_rank><downloads>99.7k</downloads><downloads_month>20</downloads_month><downloads_week>20</downloads_week><downloads_day>6</downloads_day><raw_size>-1</raw_size><raw_versions>305</raw_versions><raw_tagged>76</raw_tagged><raw_owner_rank>1</raw_owner_rank><raw_repo_rank>2</raw_repo_rank><raw_downloads>99778</raw_downloads><raw_downloads_month>20</raw_downloads_month><raw_downloads_week>20</raw_downloads_week><raw_downloads_day>6</raw_downloads_day><version><id>350279323</id><name>sha256:e9ddd19a73a766984a40e7b22e1c9266b3e9a0f68b49192b6a98898ec457ddf6</name><date>2025-05-29</date><newest>false</newest><latest>false</latest><size>7.4 MB</size><downloads>6</downloads><downloads_month>6</downloads_month><downloads_week>6</downloads_week><downloads_day>6</downloads_day><raw_size>7497244</raw_size><raw_downloads>6</raw_downloads><raw_downloads_month>6</raw_downloads_month><raw_downloads_week>6</raw_downloads_week><raw_downloads_day>6</raw_downloads_day></version><version><id>350371668</id><name>sha256:bd2f3af9b3468a0d8e15aba9aa4d9b6ceb97d22ae1d1a2508034a8a9e0aec040</name><date>2025-05-29</date><newest>false</newest><latest>false</latest><size>12 kB</size><downloads>0</downloads><downloads_month>0</downloads_month><downloads_week>0</downloads_week><downloads_day>0</downloads_day><raw_size>12040</raw_size><raw_downloads>0</raw_downloads><raw_downloads_month>0</raw_downloads_month><raw_downloads_week>0</raw_downloads_week><raw_downloads_day>0</raw_downloads_day></version><version><id>350371672</id><name>sha256:239ec004b69a84652f064b72d575d6aa095fec9596990d02a043425d4767ee0f</name><date>2025-05-29</date><newest>false</newest><latest>false</latest><size>12 kB</size><downloads>0</downloads><downloads_month>0</downloads_month><downloads_week>0</downloads_week><downloads_day>0</downloads_day><raw_size>12024</raw_size><raw_downloads>0</raw_downloads><raw_downloads_month>0</raw_downloads_month><raw_downloads_week>0</raw_downloads_week><raw_downloads_day>0</raw_downloads_day></version><version><id>369956722</id><name>sha256:afff33f90cb4a287ab5b2cfa5808c4894b7e06a388e5ae79889f956d8c19714c</name><date>2025-05-29</date><newest>false</newest><latest>false</latest><size>-1</size><downloads>4</downloads><downloads_month>4</downloads_month><downloads_week>4</downloads_week><downloads_day>0</downloads_day><raw_size>-1</raw_size><raw_downloads>4</raw_downloads><raw_downloads_month>4</raw_downloads_month><raw_downloads_week>4</raw_downloads_week><raw_downloads_day>0</raw_downloads_day><tags>unencrypted-10983</tags></version><version><id>369974557</id><name>sha256:6162cd50be76bec3e6bd322d958ed0b75eb5800c664d001e7bf0e94210b164e5</name><date>2025-05-29</date><newest>false</newest><latest>false</latest><size>7.5 MB</size><downloads>4</downloads><downloads_month>4</downloads_month><downloads_week>4</downloads_week><downloads_day>0</downloads_day><raw_size>7502065</raw_size><raw_downloads>4</raw_downloads><raw_downloads_month>4</raw_downloads_month><raw_downloads_week>4</raw_downloads_week><raw_downloads_day>0</raw_downloads_day></version><version><id>369974558</id><name>sha256:95cd3f131d28e12665e174a1f054143352911ae3330bb42727e13f291d6ec5f2</name><date>2025-05-29</date><newest>false</newest><latest>false</latest><size>6.7 MB</size><downloads>0</downloads><downloads_month>0</downloads_month><downloads_week>0</downloads_week><downloads_day>0</downloads_day><raw_size>6742059</raw_size><raw_downloads>0</raw_downloads><raw_downloads_month>0</raw_downloads_month><raw_downloads_week>0</raw_downloads_week><raw_downloads_day>0</raw_downloads_day></version><version><id>369974560</id><name>sha256:5445ee22704a76252a201ac6f56695773f718d685894da01f5e9cf0917b25a5d</name><date>2025-05-29</date><newest>false</newest><latest>false</latest><size>12 kB</size><downloads>0</downloads><downloads_month>0</downloads_month><downloads_week>0</downloads_week><downloads_day>0</downloads_day><raw_size>12040</raw_size><raw_downloads>0</raw_downloads><raw_downloads_month>0</raw_downloads_month><raw_downloads_week>0</raw_downloads_week><raw_downloads_day>0</raw_downloads_day></version><version><id>369974564</id><name>sha256:b3d364fed10221253dcf524fe7a57df600429c6d7a9e81697cbafa5554ea305a</name><date>2025-05-29</date><newest>false</newest><latest>false</latest><size>12 kB</size><downloads>0</downloads><downloads_month>0</downloads_month><downloads_week>0</downloads_week><downloads_day>0</downloads_day><raw_size>12024</raw_size><raw_downloads>0</raw_downloads><raw_downloads_month>0</raw_downloads_month><raw_downloads_week>0</raw_downloads_week><raw_downloads_day>0</raw_downloads_day></version><version><id>369974565</id><name>sha256:c57d5e618d7515bb77f9a3042ccb6ac523391c99ac5e553daeec7364f5a0e2ab</name><date>2025-05-29</date><newest>false</newest><latest>false</latest><size>-1</size><downloads>4</downloads><downloads_month>4</downloads_month><downloads_week>4</downloads_week><downloads_day>0</downloads_day><raw_size>-1</raw_size><raw_downloads>4</raw_downloads><raw_downloads_month>4</raw_downloads_month><raw_downloads_week>4</raw_downloads_week><raw_downloads_day>0</raw_downloads_day><tags>unencrypted-11000</tags></version><version><id>370068416</id><name>sha256:01c72f702e0362e163503840b507dd79e0e4e07d71dd62da4c8f6e7828ab3790</name><date>2025-05-29</date><newest>false</newest><latest>false</latest><size>6.7 MB</size><downloads>2</downloads><downloads_month>2</downloads_month><downloads_week>2</downloads_week><downloads_day>2</downloads_day><raw_size>6742064</raw_size><raw_downloads>2</raw_downloads><raw_downloads_month>2</raw_downloads_month><raw_downloads_week>2</raw_downloads_week><raw_downloads_day>2</raw_downloads_day></version><version><id>370068429</id><name>sha256:e9badbcd8f417335a668744de1230888fd8edba205117e0f44e94c8cc582aae5</name><date>2025-05-29</date><newest>false</newest><latest>false</latest><size>12 kB</size><downloads>0</downloads><downloads_month>0</downloads_month><downloads_week>0</downloads_week><downloads_day>0</downloads_day><raw_size>12043</raw_size><raw_downloads>0</raw_downloads><raw_downloads_month>0</raw_downloads_month><raw_downloads_week>0</raw_downloads_week><raw_downloads_day>0</raw_downloads_day></version><version><id>370068441</id><name>sha256:bdb8c90a0b34495bb77072c74f24a89bc71ee09a1b4d906c6040250e0dc52cbd</name><date>2025-05-29</date><newest>false</newest><latest>false</latest><size>-1</size><downloads>6</downloads><downloads_month>6</downloads_month><downloads_week>6</downloads_week><downloads_day>6</downloads_day><raw_size>-1</raw_size><raw_downloads>6</raw_downloads><raw_downloads_month>6</raw_downloads_month><raw_downloads_week>6</raw_downloads_week><raw_downloads_day>6</raw_downloads_day><tags>unencrypted-nightly</tags></version><version><id>379012377</id><name>sha256:27e2060183959410742f185717b1d63a9d87ec487487a6700ff0581d74d99a98</name><date>2025-05-29</date><newest>false</newest><latest>false</latest><size>15.5 kB</size><downloads>0</downloads><downloads_month>0</downloads_month><downloads_week>0</downloads_week><downloads_day>0</downloads_day><raw_size>15519</raw_size><raw_downloads>0</raw_downloads><raw_downloads_month>0</raw_downloads_month><raw_downloads_week>0</raw_downloads_week><raw_downloads_day>0</raw_downloads_day><tags>[]</tags></version><version><id>379012385</id><name>sha256:1019063af1d964251bd8fed46bf3aab607a3fad5e5b150cd1eeb72cd5bd5d770</name><date>2025-05-29</date><newest>false</newest><latest>false</latest><size>-1</size><downloads>4</downloads><downloads_month>4</downloads_month><downloads_week>4</downloads_week><downloads_day>0</downloads_day><raw_size>-1</raw_size><raw_downloads>4</raw_downloads><raw_downloads_month>4</raw_downloads_month><raw_downloads_week>4</raw_downloads_week><raw_downloads_day>0</raw_downloads_day><tags>unencrypted-11063</tags></version><version><id>379543453</id><name>sha256:2d9e22f5dde9032ff3668fd061b8645029de7fa475d3dd6e1aa79f10d9016efa</name><date>2025-05-29</date><newest>false</newest><latest>false</latest><size>7.5 MB</size><downloads>5</downloads><downloads_month>5</downloads_month><downloads_week>5</downloads_week><downloads_day>0</downloads_day><raw_size>7503766</raw_size><raw_downloads>5</raw_downloads><raw_downloads_month>5</raw_downloads_month><raw_downloads_week>5</raw_downloads_week><raw_downloads_day>0</raw_downloads_day><tags>[]</tags></version><version><id>379543456</id><name>sha256:423bbd23a4d402f865ed996f4138f69bcce0224a1c8b6b4967543e4040d9b918</name><date>2025-05-29</date><newest>false</newest><latest>false</latest><size>15.5 kB</size><downloads>0</downloads><downloads_month>0</downloads_month><downloads_week>0</downloads_week><downloads_day>0</downloads_day><raw_size>15545</raw_size><raw_downloads>0</raw_downloads><raw_downloads_month>0</raw_downloads_month><raw_downloads_week>0</raw_downloads_week><raw_downloads_day>0</raw_downloads_day><tags>[]</tags></version><version><id>379543459</id><name>sha256:524536970efa33bba47fdf7fbbf20c82bce4b0a218926a3e9dbdaed5ebea0c7a</name><date>2025-05-29</date><newest>false</newest><latest>false</latest><size>6.7 MB</size><downloads>2</downloads><downloads_month>2</downloads_month><downloads_week>2</downloads_week><downloads_day>0</downloads_day><raw_size>6743675</raw_size><raw_downloads>2</raw_downloads><raw_downloads_month>2</raw_downloads_month><raw_downloads_week>2</raw_downloads_week><raw_downloads_day>0</raw_downloads_day><tags>[]</tags></version><version><id>379543462</id><name>sha256:afb46073569fd088d0cc3c7377c6f80f5f26cf993f2173521956630494b768ee</name><date>2025-05-29</date><newest>false</newest><latest>false</latest><size>15.5 kB</size><downloads>0</downloads><downloads_month>0</downloads_month><downloads_week>0</downloads_week><downloads_day>0</downloads_day><raw_size>15521</raw_size><raw_downloads>0</raw_downloads><raw_downloads_month>0</raw_downloads_month><raw_downloads_week>0</raw_downloads_week><raw_downloads_day>0</raw_downloads_day><tags>[]</tags></version><version><id>379543466</id><name>sha256:c83f2e047176ba18bfbda63490cc9c8aee52d879eabb9b0f8e6e3508c2b9f9d4</name><date>2025-05-29</date><newest>false</newest><latest>false</latest><size>-1</size><downloads>7</downloads><downloads_month>7</downloads_month><downloads_week>7</downloads_week><downloads_day>0</downloads_day><raw_size>-1</raw_size><raw_downloads>7</raw_downloads><raw_downloads_month>7</raw_downloads_month><raw_downloads_week>7</raw_downloads_week><raw_downloads_day>0</raw_downloads_day><tags>[]</tags></version><version><id>379798740</id><name>sha256:c0c71a9a3d7bb3d6b3510e7c42777fb436b95e043166cd9e391f42a2048690bb</name><date>2025-05-29</date><newest>false</newest><latest>false</latest><size>15.5 kB</size><downloads>0</downloads><downloads_month>0</downloads_month><downloads_week>0</downloads_week><downloads_day>0</downloads_day><raw_size>15545</raw_size><raw_downloads>0</raw_downloads><raw_downloads_month>0</raw_downloads_month><raw_downloads_week>0</raw_downloads_week><raw_downloads_day>0</raw_downloads_day><tags>[]</tags></version><version><id>379798744</id><name>sha256:a38f57cbdd33f4f76dc5e8fcbc61feb7ed896bdcfe30e4ae8f6ca6a76bf97dc2</name><date>2025-05-29</date><newest>false</newest><latest>false</latest><size>7.5 MB</size><downloads>5</downloads><downloads_month>5</downloads_month><downloads_week>5</downloads_week><downloads_day>0</downloads_day><raw_size>7503789</raw_size><raw_downloads>5</raw_downloads><raw_downloads_month>5</raw_downloads_month><raw_downloads_week>5</raw_downloads_week><raw_downloads_day>0</raw_downloads_day><tags>[]</tags></version><version><id>379798745</id><name>sha256:61775d4c23fe0fa532ea560d634e9d6a11cc09da01376560aee3c4af735b0833</name><date>2025-05-29</date><newest>false</newest><latest>false</latest><size>6.7 MB</size><downloads>2</downloads><downloads_month>2</downloads_month><downloads_week>2</downloads_week><downloads_day>0</downloads_day><raw_size>6743679</raw_size><raw_downloads>2</raw_downloads><raw_downloads_month>2</raw_downloads_month><raw_downloads_week>2</raw_downloads_week><raw_downloads_day>0</raw_downloads_day><tags>[]</tags></version><version><id>379798747</id><name>sha256:79c9826148758ef23eccdd974e35cf37bb966ddd7cab0bf8792a298a9d5234b1</name><date>2025-05-29</date><newest>false</newest><latest>false</latest><size>15.5 kB</size><downloads>0</downloads><downloads_month>0</downloads_month><downloads_week>0</downloads_week><downloads_day>0</downloads_day><raw_size>15521</raw_size><raw_downloads>0</raw_downloads><raw_downloads_month>0</raw_downloads_month><raw_downloads_week>0</raw_downloads_week><raw_downloads_day>0</raw_downloads_day><tags>[]</tags></version><version><id>379798748</id><name>sha256:78ecccf13449e5c1e09ccf00cd7b9cb8f41b8eee52bfda481c1eb203a471255e</name><date>2025-05-29</date><newest>false</newest><latest>false</latest><size>-1</size><downloads>7</downloads><downloads_month>7</downloads_month><downloads_week>7</downloads_week><downloads_day>0</downloads_day><raw_size>-1</raw_size><raw_downloads>7</raw_downloads><raw_downloads_month>7</raw_downloads_month><raw_downloads_week>7</raw_downloads_week><raw_downloads_day>0</raw_downloads_day><tags>[]</tags></version><version><id>379805177</id><name>sha256:a516b304d3fde21f0980ede66a1bcce7f70aa84baa3d4c172035717af2956468</name><date>2025-05-29</date><newest>false</newest><latest>false</latest><size>7.5 MB</size><downloads>0</downloads><downloads_month>0</downloads_month><downloads_week>0</downloads_week><downloads_day>0</downloads_day><raw_size>7503779</raw_size><raw_downloads>0</raw_downloads><raw_downloads_month>0</raw_downloads_month><raw_downloads_week>0</raw_downloads_week><raw_downloads_day>0</raw_downloads_day><tags>[]</tags></version><version><id>379805180</id><name>sha256:56de49118a65e43dd736b297b6df429efe46c973123bb0b4fd446823e7d49cbb</name><date>2025-05-29</date><newest>false</newest><latest>false</latest><size>15.5 kB</size><downloads>0</downloads><downloads_month>0</downloads_month><downloads_week>0</downloads_week><downloads_day>0</downloads_day><raw_size>15544</raw_size><raw_downloads>0</raw_downloads><raw_downloads_month>0</raw_downloads_month><raw_downloads_week>0</raw_downloads_week><raw_downloads_day>0</raw_downloads_day><tags>[]</tags></version><version><id>379805182</id><name>sha256:a467bc5eac82496688806d10f8e69c77338f0c49b4e6e1611a73fb3e6a518f12</name><date>2025-05-29</date><newest>false</newest><latest>false</latest><size>-1</size><downloads>0</downloads><downloads_month>0</downloads_month><downloads_week>0</downloads_week><downloads_day>0</downloads_day><raw_size>-1</raw_size><raw_downloads>0</raw_downloads><raw_downloads_month>0</raw_downloads_month><raw_downloads_week>0</raw_downloads_week><raw_downloads_day>0</raw_downloads_day><tags>unencrypted-weekly</tags></version><version><id>379951629</id><name>sha256:695dcace570dff1567e40ca6e7598023b13743f32ffcb09177fa1852f0901306</name><date>2025-05-29</date><newest>false</newest><latest>false</latest><size>6.7 MB</size><downloads>0</downloads><downloads_month>0</downloads_month><downloads_week>0</downloads_week><downloads_day>0</downloads_day><raw_size>6743665</raw_size><raw_downloads>0</raw_downloads><raw_downloads_month>0</raw_downloads_month><raw_downloads_week>0</raw_downloads_week><raw_downloads_day>0</raw_downloads_day><tags>[]</tags></version><version><id>379951630</id><name>sha256:47b83a56719ea037e9bfa42a113576c30397d4234c3170dd0112365be9854696</name><date>2025-05-29</date><newest>false</newest><latest>false</latest><size>15.5 kB</size><downloads>0</downloads><downloads_month>0</downloads_month><downloads_week>0</downloads_week><downloads_day>0</downloads_day><raw_size>15543</raw_size><raw_downloads>0</raw_downloads><raw_downloads_month>0</raw_downloads_month><raw_downloads_week>0</raw_downloads_week><raw_downloads_day>0</raw_downloads_day><tags>[]</tags></version><version><id>379951631</id><name>sha256:255eb2be42855663674fcf4ef544252b713c4b4cc3e4e864e07a92152a066f1e</name><date>2025-05-29</date><newest>false</newest><latest>false</latest><size>7.5 MB</size><downloads>4</downloads><downloads_month>4</downloads_month><downloads_week>4</downloads_week><downloads_day>0</downloads_day><raw_size>7503758</raw_size><raw_downloads>4</raw_downloads><raw_downloads_month>4</raw_downloads_month><raw_downloads_week>4</raw_downloads_week><raw_downloads_day>0</raw_downloads_day><tags>[]</tags></version><version><id>379951632</id><name>sha256:5184b20b9e63f743a02cd003f8ee8cf315cb230f809e63d0a4cb7240950e28e0</name><date>2025-05-29</date><newest>false</newest><latest>false</latest><size>15.5 kB</size><downloads>0</downloads><downloads_month>0</downloads_month><downloads_week>0</downloads_week><downloads_day>0</downloads_day><raw_size>15519</raw_size><raw_downloads>0</raw_downloads><raw_downloads_month>0</raw_downloads_month><raw_downloads_week>0</raw_downloads_week><raw_downloads_day>0</raw_downloads_day><tags>[]</tags></version><version><id>379951633</id><name>sha256:fc356ca35c218582d19ee95fc881e3b20327975dba452cef41d22a131e778c8d</name><date>2025-05-29</date><newest>false</newest><latest>false</latest><size>-1</size><downloads>4</downloads><downloads_month>4</downloads_month><downloads_week>4</downloads_week><downloads_day>0</downloads_day><raw_size>-1</raw_size><raw_downloads>4</raw_downloads><raw_downloads_month>4</raw_downloads_month><raw_downloads_week>4</raw_downloads_week><raw_downloads_day>0</raw_downloads_day><tags>unencrypted-11014</tags></version><version><id>379972107</id><name>sha256:f296b6ddb5054585415bc1029c3c57b350ddd5edeb0203aa0b2565946a9929ff</name><date>2025-05-29</date><newest>false</newest><latest>false</latest><size>6.7 MB</size><downloads>0</downloads><downloads_month>0</downloads_month><downloads_week>0</downloads_week><downloads_day>0</downloads_day><raw_size>6743667</raw_size><raw_downloads>0</raw_downloads><raw_downloads_month>0</raw_downloads_month><raw_downloads_week>0</raw_downloads_week><raw_downloads_day>0</raw_downloads_day><tags>[]</tags></version><version><id>379972109</id><name>sha256:8b11d6c8598913abf66e9a79d329a087d72737bd736e326ad22e2ec0b599968c</name><date>2025-05-29</date><newest>false</newest><latest>false</latest><size>7.5 MB</size><downloads>5</downloads><downloads_month>5</downloads_month><downloads_week>5</downloads_week><downloads_day>0</downloads_day><raw_size>7503772</raw_size><raw_downloads>5</raw_downloads><raw_downloads_month>5</raw_downloads_month><raw_downloads_week>5</raw_downloads_week><raw_downloads_day>0</raw_downloads_day><tags>[]</tags></version><version><id>379972111</id><name>sha256:c2374f3bac0352fc9e372fd3fe511970b4de4b9325d2393b995936117bb19640</name><date>2025-05-29</date><newest>false</newest><latest>false</latest><size>15.5 kB</size><downloads>0</downloads><downloads_month>0</downloads_month><downloads_week>0</downloads_week><downloads_day>0</downloads_day><raw_size>15543</raw_size><raw_downloads>0</raw_downloads><raw_downloads_month>0</raw_downloads_month><raw_downloads_week>0</raw_downloads_week><raw_downloads_day>0</raw_downloads_day><tags>[]</tags></version><version><id>379972112</id><name>sha256:32021e8b1baf93855d824ba6ec40b1b16a29ffb978d1d2b6557457293ece0413</name><date>2025-05-29</date><newest>false</newest><latest>false</latest><size>15.5 kB</size><downloads>0</downloads><downloads_month>0</downloads_month><downloads_week>0</downloads_week><downloads_day>0</downloads_day><raw_size>15519</raw_size><raw_downloads>0</raw_downloads><raw_downloads_month>0</raw_downloads_month><raw_downloads_week>0</raw_downloads_week><raw_downloads_day>0</raw_downloads_day><tags>[]</tags></version><version><id>379972114</id><name>sha256:ce19522fba49460d12405d7788a492fee8f6f70f782784bbbb73b676d6bfba60</name><date>2025-05-29</date><newest>false</newest><latest>false</latest><size>-1</size><downloads>5</downloads><downloads_month>5</downloads_month><downloads_week>5</downloads_week><downloads_day>0</downloads_day><raw_size>-1</raw_size><raw_downloads>5</raw_downloads><raw_downloads_month>5</raw_downloads_month><raw_downloads_week>5</raw_downloads_week><raw_downloads_day>0</raw_downloads_day><tags>unencrypted-11069</tags></version><version><id>380029614</id><name>sha256:3d51a090765641735a6c715afcc24957ee05e90aa186120eda090a4046c90d68</name><date>2025-05-29</date><newest>false</newest><latest>false</latest><size>6.7 MB</size><downloads>0</downloads><downloads_month>0</downloads_month><downloads_week>0</downloads_week><downloads_day>0</downloads_day><raw_size>6743678</raw_size><raw_downloads>0</raw_downloads><raw_downloads_month>0</raw_downloads_month><raw_downloads_week>0</raw_downloads_week><raw_downloads_day>0</raw_downloads_day><tags>[]</tags></version><version><id>380029616</id><name>sha256:b4c62c883461ec33372e40ca71f99a896cdeec5cd3978fbf2562ecd80d3d0a2e</name><date>2025-05-29</date><newest>false</newest><latest>false</latest><size>7.5 MB</size><downloads>0</downloads><downloads_month>0</downloads_month><downloads_week>0</downloads_week><downloads_day>0</downloads_day><raw_size>7503797</raw_size><raw_downloads>0</raw_downloads><raw_downloads_month>0</raw_downloads_month><raw_downloads_week>0</raw_downloads_week><raw_downloads_day>0</raw_downloads_day><tags>[]</tags></version><version><id>380029617</id><name>sha256:048e47c1ea6767363f106c6a94c029f99c81706f3af6e236c572f58fca7a0e83</name><date>2025-05-29</date><newest>false</newest><latest>false</latest><size>15.5 kB</size><downloads>0</downloads><downloads_month>0</downloads_month><downloads_week>0</downloads_week><downloads_day>0</downloads_day><raw_size>15543</raw_size><raw_downloads>0</raw_downloads><raw_downloads_month>0</raw_downloads_month><raw_downloads_week>0</raw_downloads_week><raw_downloads_day>0</raw_downloads_day><tags>[]</tags></version><version><id>380029618</id><name>sha256:cff85398b51a5642f2f7563c6cd0105d5ed5d51722fc24a240e5739765952c98</name><date>2025-05-29</date><newest>false</newest><latest>false</latest><size>15.5 kB</size><downloads>0</downloads><downloads_month>0</downloads_month><downloads_week>0</downloads_week><downloads_day>0</downloads_day><raw_size>15519</raw_size><raw_downloads>0</raw_downloads><raw_downloads_month>0</raw_downloads_month><raw_downloads_week>0</raw_downloads_week><raw_downloads_day>0</raw_downloads_day><tags>[]</tags></version><version><id>380029621</id><name>sha256:a4a23b7a100d19039ffe2b779fc4c444fcf369a3d2f06d0cc0be9fbea72f571f</name><date>2025-05-29</date><newest>false</newest><latest>false</latest><size>-1</size><downloads>0</downloads><downloads_month>0</downloads_month><downloads_week>0</downloads_week><downloads_day>0</downloads_day><raw_size>-1</raw_size><raw_downloads>0</raw_downloads><raw_downloads_month>0</raw_downloads_month><raw_downloads_week>0</raw_downloads_week><raw_downloads_day>0</raw_downloads_day><tags>[]</tags></version><version><id>380031526</id><name>sha256:82391939467aa71f8a91c917b7a57cef06a43380ead4f86fba33e11791d2a7d0</name><date>2025-05-29</date><newest>false</newest><latest>false</latest><size>6.7 MB</size><downloads>0</downloads><downloads_month>0</downloads_month><downloads_week>0</downloads_week><downloads_day>0</downloads_day><raw_size>6743677</raw_size><raw_downloads>0</raw_downloads><raw_downloads_month>0</raw_downloads_month><raw_downloads_week>0</raw_downloads_week><raw_downloads_day>0</raw_downloads_day><tags>[]</tags></version><version><id>380031529</id><name>sha256:7ca9e5dbc8e70bec51690f7ddc2397500343b6b8556b82170fb4ee8e0e244b57</name><date>2025-05-29</date><newest>false</newest><latest>false</latest><size>7.5 MB</size><downloads>0</downloads><downloads_month>0</downloads_month><downloads_week>0</downloads_week><downloads_day>0</downloads_day><raw_size>7503784</raw_size><raw_downloads>0</raw_downloads><raw_downloads_month>0</raw_downloads_month><raw_downloads_week>0</raw_downloads_week><raw_downloads_day>0</raw_downloads_day><tags>[]</tags></version><version><id>380031531</id><name>sha256:29d0c3ded495a1395eb01e55e84ec115013082958e57cb4f7241c5d52613ef99</name><date>2025-05-29</date><newest>false</newest><latest>false</latest><size>15.5 kB</size><downloads>0</downloads><downloads_month>0</downloads_month><downloads_week>0</downloads_week><downloads_day>0</downloads_day><raw_size>15543</raw_size><raw_downloads>0</raw_downloads><raw_downloads_month>0</raw_downloads_month><raw_downloads_week>0</raw_downloads_week><raw_downloads_day>0</raw_downloads_day><tags>[]</tags></version><version><id>380031532</id><name>sha256:5d97897e52c49484071f444c07f078f703609f52f68fbe5970f17f7599d1b481</name><date>2025-05-29</date><newest>false</newest><latest>false</latest><size>15.5 kB</size><downloads>0</downloads><downloads_month>0</downloads_month><downloads_week>0</downloads_week><downloads_day>0</downloads_day><raw_size>15519</raw_size><raw_downloads>0</raw_downloads><raw_downloads_month>0</raw_downloads_month><raw_downloads_week>0</raw_downloads_week><raw_downloads_day>0</raw_downloads_day><tags>[]</tags></version><version><id>380031533</id><name>sha256:1d2441684a42d1e7f9121b5be3cf83522a7adf7c5cbc1a782fba1eefe5703101</name><date>2025-05-29</date><newest>false</newest><latest>false</latest><size>-1</size><downloads>0</downloads><downloads_month>0</downloads_month><downloads_week>0</downloads_week><downloads_day>0</downloads_day><raw_size>-1</raw_size><raw_downloads>0</raw_downloads><raw_downloads_month>0</raw_downloads_month><raw_downloads_week>0</raw_downloads_week><raw_downloads_day>0</raw_downloads_day><tags>[]</tags></version><version><id>380032112</id><name>sha256:6f91b523c8dc12a9bce1d6fd66f23f7e25f4ef3dabbc37f66dbcf79da74b9931</name><date>2025-05-29</date><newest>false</newest><latest>false</latest><size>7.5 MB</size><downloads>0</downloads><downloads_month>0</downloads_month><downloads_week>0</downloads_week><downloads_day>0</downloads_day><raw_size>7503796</raw_size><raw_downloads>0</raw_downloads><raw_downloads_month>0</raw_downloads_month><raw_downloads_week>0</raw_downloads_week><raw_downloads_day>0</raw_downloads_day><tags>[]</tags></version><version><id>380032113</id><name>sha256:5062c5df2a6acd1c62d2916c41bbf5fe00b8030d392d40c21c114c95336f109e</name><date>2025-05-29</date><newest>false</newest><latest>false</latest><size>6.7 MB</size><downloads>0</downloads><downloads_month>0</downloads_month><downloads_week>0</downloads_week><downloads_day>0</downloads_day><raw_size>6743672</raw_size><raw_downloads>0</raw_downloads><raw_downloads_month>0</raw_downloads_month><raw_downloads_week>0</raw_downloads_week><raw_downloads_day>0</raw_downloads_day><tags>[]</tags></version><version><id>380032114</id><name>sha256:a9ec8b8d02cb871db30d2bdfbdcd5d089fadddaaca6d79bf1d0ccaa8d22610d3</name><date>2025-05-29</date><newest>false</newest><latest>false</latest><size>15.5 kB</size><downloads>0</downloads><downloads_month>0</downloads_month><downloads_week>0</downloads_week><downloads_day>0</downloads_day><raw_size>15543</raw_size><raw_downloads>0</raw_downloads><raw_downloads_month>0</raw_downloads_month><raw_downloads_week>0</raw_downloads_week><raw_downloads_day>0</raw_downloads_day><tags>[]</tags></version><version><id>380032115</id><name>sha256:c13528f0e96d9fd64148cbaa7b223095b590726c3fbf6618b2becd859c86f9a5</name><date>2025-05-29</date><newest>false</newest><latest>false</latest><size>15.5 kB</size><downloads>0</downloads><downloads_month>0</downloads_month><downloads_week>0</downloads_week><downloads_day>0</downloads_day><raw_size>15519</raw_size><raw_downloads>0</raw_downloads><raw_downloads_month>0</raw_downloads_month><raw_downloads_week>0</raw_downloads_week><raw_downloads_day>0</raw_downloads_day><tags>[]</tags></version><version><id>380032116</id><name>sha256:743788cd98e90f68d1a948d73fb49088d6d2ed19b96a8c41826e3262f0d65224</name><date>2025-05-29</date><newest>false</newest><latest>false</latest><size>-1</size><downloads>0</downloads><downloads_month>0</downloads_month><downloads_week>0</downloads_week><downloads_day>0</downloads_day><raw_size>-1</raw_size><raw_downloads>0</raw_downloads><raw_downloads_month>0</raw_downloads_month><raw_downloads_week>0</raw_downloads_week><raw_downloads_day>0</raw_downloads_day><tags>[]</tags></version><version><id>380033669</id><name>sha256:bd9ceed2bff4e70b7f3224093c8dd68365e6650e4cc51fb6f2f9eabe9af57ee4</name><date>2025-05-29</date><newest>false</newest><latest>false</latest><size>7.5 MB</size><downloads>0</downloads><downloads_month>0</downloads_month><downloads_week>0</downloads_week><downloads_day>0</downloads_day><raw_size>7503768</raw_size><raw_downloads>0</raw_downloads><raw_downloads_month>0</raw_downloads_month><raw_downloads_week>0</raw_downloads_week><raw_downloads_day>0</raw_downloads_day><tags>[]</tags></version><version><id>380033672</id><name>sha256:d73a99f931cb0fa273256d888d89eb67f3667b4cea6620db656ebe22d0f8abb3</name><date>2025-05-29</date><newest>false</newest><latest>false</latest><size>15.5 kB</size><downloads>0</downloads><downloads_month>0</downloads_month><downloads_week>0</downloads_week><downloads_day>0</downloads_day><raw_size>15543</raw_size><raw_downloads>0</raw_downloads><raw_downloads_month>0</raw_downloads_month><raw_downloads_week>0</raw_downloads_week><raw_downloads_day>0</raw_downloads_day><tags>[]</tags></version><version><id>380033673</id><name>sha256:a57e5f2ff772e341fdf610f9b5542271ab0eb7bb3f96212f151e0b217b92a8fa</name><date>2025-05-29</date><newest>false</newest><latest>false</latest><size>6.7 MB</size><downloads>0</downloads><downloads_month>0</downloads_month><downloads_week>0</downloads_week><downloads_day>0</downloads_day><raw_size>6743693</raw_size><raw_downloads>0</raw_downloads><raw_downloads_month>0</raw_downloads_month><raw_downloads_week>0</raw_downloads_week><raw_downloads_day>0</raw_downloads_day><tags>[]</tags></version><version><id>380033676</id><name>sha256:0fd697c79af75985c6b651babded3a622d14f926c9952656d3cc5a1d86a56246</name><date>2025-05-29</date><newest>false</newest><latest>true</latest><size>15.5 kB</size><downloads>0</downloads><downloads_month>0</downloads_month><downloads_week>0</downloads_week><downloads_day>0</downloads_day><raw_size>15519</raw_size><raw_downloads>0</raw_downloads><raw_downloads_month>0</raw_downloads_month><raw_downloads_week>0</raw_downloads_week><raw_downloads_day>0</raw_downloads_day><tags>[]</tags></version><version><id>380033677</id><name>sha256:1ecf8ec350a78c2b95162c0de4f0df7436d37d35aeda265d3d22335289fd1788</name><date>2025-05-29</date><newest>false</newest><latest>false</latest><size>-1</size><downloads>0</downloads><downloads_month>0</downloads_month><downloads_week>0</downloads_week><downloads_day>0</downloads_day><raw_size>-1</raw_size><raw_downloads>0</raw_downloads><raw_downloads_month>0</raw_downloads_month><raw_downloads_week>0</raw_downloads_week><raw_downloads_day>0</raw_downloads_day><tags>unencrypted-11070</tags></version><version><id>380084734</id><name>sha256:5c609f1313aa1168f74c8adbdc1fa3fe0e6f32efac47762021a3184a42826198</name><date>2025-05-29</date><newest>false</newest><latest>false</latest><size>6.7 MB</size><downloads>7</downloads><downloads_month>7</downloads_month><downloads_week>7</downloads_week><downloads_day>0</downloads_day><raw_size>6743628</raw_size><raw_downloads>7</raw_downloads><raw_downloads_month>7</raw_downloads_month><raw_downloads_week>7</raw_downloads_week><raw_downloads_day>0</raw_downloads_day></version><version><id>380084736</id><name>sha256:b9b7da5d4f4271b32223ed60b86313413182cf4097d83324feaa9b2938e0c536</name><date>2025-05-29</date><newest>false</newest><latest>false</latest><size>7.5 MB</size><downloads>5</downloads><downloads_month>5</downloads_month><downloads_week>5</downloads_week><downloads_day>0</downloads_day><raw_size>7503794</raw_size><raw_downloads>5</raw_downloads><raw_downloads_month>5</raw_downloads_month><raw_downloads_week>5</raw_downloads_week><raw_downloads_day>0</raw_downloads_day></version><version><id>380084738</id><name>sha256:7dead1611ae2786b0eb13cd4c0b4b4fb2daa7b8b07111c648011740bce1c1de0</name><date>2025-05-29</date><newest>false</newest><latest>false</latest><size>15.5 kB</size><downloads>0</downloads><downloads_month>0</downloads_month><downloads_week>0</downloads_week><downloads_day>0</downloads_day><raw_size>15545</raw_size><raw_downloads>0</raw_downloads><raw_downloads_month>0</raw_downloads_month><raw_downloads_week>0</raw_downloads_week><raw_downloads_day>0</raw_downloads_day></version><version><id>380084740</id><name>sha256:99caf0f1908c99be7a5b1e8d1855066ef699934cd68e48b600914476712ddf95</name><date>2025-05-29</date><newest>false</newest><latest>false</latest><size>15.5 kB</size><downloads>0</downloads><downloads_month>0</downloads_month><downloads_week>0</downloads_week><downloads_day>0</downloads_day><raw_size>15521</raw_size><raw_downloads>0</raw_downloads><raw_downloads_month>0</raw_downloads_month><raw_downloads_week>0</raw_downloads_week><raw_downloads_day>0</raw_downloads_day></version><version><id>380084742</id><name>sha256:bbe1a7a8ff0b1c868127646df1d279dae15b2a72ac9e3ad7aee168dea11c64b2</name><date>2025-05-29</date><newest>false</newest><latest>false</latest><size>-1</size><downloads>12</downloads><downloads_month>12</downloads_month><downloads_week>12</downloads_week><downloads_day>0</downloads_day><raw_size>-1</raw_size><raw_downloads>12</raw_downloads><raw_downloads_month>12</raw_downloads_month><raw_downloads_week>12</raw_downloads_week><raw_downloads_day>0</raw_downloads_day><tags>unencrypted-nightly</tags></version><version><id>380096870</id><name>sha256:308550d87a54cf3c79c85e367c8108e72d8269c7367e35bb0e63412cad92356b</name><date>2025-05-29</date><newest>false</newest><latest>false</latest><size>7.5 MB</size><downloads>0</downloads><downloads_month>0</downloads_month><downloads_week>0</downloads_week><downloads_day>0</downloads_day><raw_size>7503765</raw_size><raw_downloads>0</raw_downloads><raw_downloads_month>0</raw_downloads_month><raw_downloads_week>0</raw_downloads_week><raw_downloads_day>0</raw_downloads_day></version><version><id>380096871</id><name>sha256:52120ca2076073facd35fc9b191f86d5b77e517e29e24a5f7998ce2147efbe8c</name><date>2025-05-29</date><newest>false</newest><latest>false</latest><size>6.7 MB</size><downloads>0</downloads><downloads_month>0</downloads_month><downloads_week>0</downloads_week><downloads_day>0</downloads_day><raw_size>6743679</raw_size><raw_downloads>0</raw_downloads><raw_downloads_month>0</raw_downloads_month><raw_downloads_week>0</raw_downloads_week><raw_downloads_day>0</raw_downloads_day></version><version><id>380096872</id><name>sha256:17f4fee9d5dfb0c1796a4c9857cfa618b34ec3fa0375a7e7e7d359464ebec4cc</name><date>2025-05-29</date><newest>false</newest><latest>false</latest><size>15.5 kB</size><downloads>0</downloads><downloads_month>0</downloads_month><downloads_week>0</downloads_week><downloads_day>0</downloads_day><raw_size>15543</raw_size><raw_downloads>0</raw_downloads><raw_downloads_month>0</raw_downloads_month><raw_downloads_week>0</raw_downloads_week><raw_downloads_day>0</raw_downloads_day></version><version><id>380096873</id><name>sha256:e146b9b6b7f8ff80bd11e569411ab1819a4a749137501697155f8490ed0bd6ef</name><date>2025-05-29</date><newest>false</newest><latest>false</latest><size>15.5 kB</size><downloads>0</downloads><downloads_month>0</downloads_month><downloads_week>0</downloads_week><downloads_day>0</downloads_day><raw_size>15519</raw_size><raw_downloads>0</raw_downloads><raw_downloads_month>0</raw_downloads_month><raw_downloads_week>0</raw_downloads_week><raw_downloads_day>0</raw_downloads_day></version><version><id>380096875</id><name>sha256:4e7a0869e459f8cd15ac6c9cb4912e7254a633230fd7ea59972ac4d55eda92ee</name><date>2025-05-29</date><newest>false</newest><latest>false</latest><size>-1</size><downloads>0</downloads><downloads_month>0</downloads_month><downloads_week>0</downloads_week><downloads_day>0</downloads_day><raw_size>-1</raw_size><raw_downloads>0</raw_downloads><raw_downloads_month>0</raw_downloads_month><raw_downloads_week>0</raw_downloads_week><raw_downloads_day>0</raw_downloads_day></version><version><id>380098446</id><name>sha256:5ac65a9bb334ad439e09ee7b3e7907872f5d40b9cf6f06e29aa6c3c3d71228ca</name><date>2025-05-29</date><newest>false</newest><latest>false</latest><size>7.5 MB</size><downloads>4</downloads><downloads_month>4</downloads_month><downloads_week>4</downloads_week><downloads_day>0</downloads_day><raw_size>7503793</raw_size><raw_downloads>4</raw_downloads><raw_downloads_month>4</raw_downloads_month><raw_downloads_week>4</raw_downloads_week><raw_downloads_day>0</raw_downloads_day></version><version><id>380098447</id><name>sha256:970bcfdd01e3de2b9dfe91af6bbd260527a0cb661cb2f8617fccbc02be7b3a2b</name><date>2025-05-29</date><newest>false</newest><latest>false</latest><size>6.7 MB</size><downloads>0</downloads><downloads_month>0</downloads_month><downloads_week>0</downloads_week><downloads_day>0</downloads_day><raw_size>6743692</raw_size><raw_downloads>0</raw_downloads><raw_downloads_month>0</raw_downloads_month><raw_downloads_week>0</raw_downloads_week><raw_downloads_day>0</raw_downloads_day></version><version><id>380098448</id><name>sha256:58bb157aa7a2352a554acd378354c862b52b0df6c630186cdb7d3ba491970d5a</name><date>2025-05-29</date><newest>false</newest><latest>false</latest><size>15.5 kB</size><downloads>0</downloads><downloads_month>0</downloads_month><downloads_week>0</downloads_week><downloads_day>0</downloads_day><raw_size>15543</raw_size><raw_downloads>0</raw_downloads><raw_downloads_month>0</raw_downloads_month><raw_downloads_week>0</raw_downloads_week><raw_downloads_day>0</raw_downloads_day></version><version><id>380098452</id><name>sha256:70177176a8972baf1fbda4253a72899fd5f2c520d989806aeaf08ec6210ae0b9</name><date>2025-05-29</date><newest>false</newest><latest>false</latest><size>15.5 kB</size><downloads>0</downloads><downloads_month>0</downloads_month><downloads_week>0</downloads_week><downloads_day>0</downloads_day><raw_size>15519</raw_size><raw_downloads>0</raw_downloads><raw_downloads_month>0</raw_downloads_month><raw_downloads_week>0</raw_downloads_week><raw_downloads_day>0</raw_downloads_day></version><version><id>380098454</id><name>sha256:74eae87c65d8b7bbb08971f4988ece1f63557c9dff49ee231fd581a38b37d30c</name><date>2025-05-29</date><newest>false</newest><latest>false</latest><size>-1</size><downloads>4</downloads><downloads_month>4</downloads_month><downloads_week>4</downloads_week><downloads_day>0</downloads_day><raw_size>-1</raw_size><raw_downloads>4</raw_downloads><raw_downloads_month>4</raw_downloads_month><raw_downloads_week>4</raw_downloads_week><raw_downloads_day>0</raw_downloads_day></version><version><id>380125202</id><name>sha256:82227fe2358163a2995eb4d2b22fab6474d2bd8ef3e24902dde53134a4b7d4e3</name><date>2025-05-29</date><newest>false</newest><latest>false</latest><size>6.7 MB</size><downloads>0</downloads><downloads_month>0</downloads_month><downloads_week>0</downloads_week><downloads_day>0</downloads_day><raw_size>6743677</raw_size><raw_downloads>0</raw_downloads><raw_downloads_month>0</raw_downloads_month><raw_downloads_week>0</raw_downloads_week><raw_downloads_day>0</raw_downloads_day></version><version><id>380125208</id><name>sha256:b651bff8921a5282203d9c3bfd8304f644627053a4441013b4423767b4646c62</name><date>2025-05-29</date><newest>false</newest><latest>false</latest><size>15.5 kB</size><downloads>0</downloads><downloads_month>0</downloads_month><downloads_week>0</downloads_week><downloads_day>0</downloads_day><raw_size>15543</raw_size><raw_downloads>0</raw_downloads><raw_downloads_month>0</raw_downloads_month><raw_downloads_week>0</raw_downloads_week><raw_downloads_day>0</raw_downloads_day></version><version><id>380125215</id><name>sha256:f11e232a110815db2eb0628ac365ad8176a7a8395eefec76e9cc51f187324095</name><date>2025-05-29</date><newest>false</newest><latest>false</latest><size>15.5 kB</size><downloads>0</downloads><downloads_month>0</downloads_month><downloads_week>0</downloads_week><downloads_day>0</downloads_day><raw_size>15519</raw_size><raw_downloads>0</raw_downloads><raw_downloads_month>0</raw_downloads_month><raw_downloads_week>0</raw_downloads_week><raw_downloads_day>0</raw_downloads_day></version><version><id>380125221</id><name>sha256:4fe681b0e02bf38514027a51979a5ac6c231f60526d84ea6dad47fd7f4c89644</name><date>2025-05-29</date><newest>false</newest><latest>false</latest><size>-1</size><downloads>4</downloads><downloads_month>4</downloads_month><downloads_week>4</downloads_week><downloads_day>0</downloads_day><raw_size>-1</raw_size><raw_downloads>4</raw_downloads><raw_downloads_month>4</raw_downloads_month><raw_downloads_week>4</raw_downloads_week><raw_downloads_day>0</raw_downloads_day><tags>unencrypted-11056</tags></version><version><id>380358841</id><name>sha256:de0c5fe422d04eacb063395d68a15f69711cc7ce86a601666aa5bd6b8a25f32e</name><date>2025-05-29</date><newest>false</newest><latest>false</latest><size>15.5 kB</size><downloads>0</downloads><downloads_month>0</downloads_month><downloads_week>0</downloads_week><downloads_day>0</downloads_day><raw_size>15543</raw_size><raw_downloads>0</raw_downloads><raw_downloads_month>0</raw_downloads_month><raw_downloads_week>0</raw_downloads_week><raw_downloads_day>0</raw_downloads_day></version><version><id>380358848</id><name>sha256:a000e671dd99567871f7513e516f25e178f482f5f51cca498dbbacae1c736c18</name><date>2025-05-29</date><newest>false</newest><latest>false</latest><size>7.5 MB</size><downloads>4</downloads><downloads_month>4</downloads_month><downloads_week>4</downloads_week><downloads_day>0</downloads_day><raw_size>7503707</raw_size><raw_downloads>4</raw_downloads><raw_downloads_month>4</raw_downloads_month><raw_downloads_week>4</raw_downloads_week><raw_downloads_day>0</raw_downloads_day></version><version><id>380358854</id><name>sha256:d9d356c89336f8e1443888d7601f5f5eba80e9a31679dfed38035d448e79704b</name><date>2025-05-29</date><newest>false</newest><latest>false</latest><size>6.7 MB</size><downloads>0</downloads><downloads_month>0</downloads_month><downloads_week>0</downloads_week><downloads_day>0</downloads_day><raw_size>6743690</raw_size><raw_downloads>0</raw_downloads><raw_downloads_month>0</raw_downloads_month><raw_downloads_week>0</raw_downloads_week><raw_downloads_day>0</raw_downloads_day></version><version><id>380358861</id><name>sha256:f276bd17c2da0ae05edf53015cafc0050562752f050342f5c122a88e672ea08b</name><date>2025-05-29</date><newest>false</newest><latest>false</latest><size>15.5 kB</size><downloads>0</downloads><downloads_month>0</downloads_month><downloads_week>0</downloads_week><downloads_day>0</downloads_day><raw_size>15519</raw_size><raw_downloads>0</raw_downloads><raw_downloads_month>0</raw_downloads_month><raw_downloads_week>0</raw_downloads_week><raw_downloads_day>0</raw_downloads_day></version><version><id>380358867</id><name>sha256:0e7213702786cbe04fade9b46f406254a40e3f616e430175ba8ff0f84a67e3e4</name><date>2025-05-29</date><newest>false</newest><latest>false</latest><size>-1</size><downloads>4</downloads><downloads_month>4</downloads_month><downloads_week>4</downloads_week><downloads_day>0</downloads_day><raw_size>-1</raw_size><raw_downloads>4</raw_downloads><raw_downloads_month>4</raw_downloads_month><raw_downloads_week>4</raw_downloads_week><raw_downloads_day>0</raw_downloads_day><tags>unencrypted-11053</tags></version><version><id>380747219</id><name>sha256:6fd83da6368788a638aa99c30e0ef2d3ffeb49c102e39e2651d69558fc24b39b</name><date>2025-05-29</date><newest>false</newest><latest>false</latest><size>15.5 kB</size><downloads>0</downloads><downloads_month>0</downloads_month><downloads_week>0</downloads_week><downloads_day>0</downloads_day><raw_size>15543</raw_size><raw_downloads>0</raw_downloads><raw_downloads_month>0</raw_downloads_month><raw_downloads_week>0</raw_downloads_week><raw_downloads_day>0</raw_downloads_day></version><version><id>380747223</id><name>sha256:3f4d4825b6231f691aa654cd538c768977b1ef4da459368b40211b51a63f387e</name><date>2025-05-29</date><newest>false</newest><latest>false</latest><size>7.5 MB</size><downloads>4</downloads><downloads_month>4</downloads_month><downloads_week>4</downloads_week><downloads_day>0</downloads_day><raw_size>7503800</raw_size><raw_downloads>4</raw_downloads><raw_downloads_month>4</raw_downloads_month><raw_downloads_week>4</raw_downloads_week><raw_downloads_day>0</raw_downloads_day></version><version><id>380747226</id><name>sha256:8e78d8a3f31b64403b443f8900d63effd396b6757d83046006ac63d5b1188887</name><date>2025-05-29</date><newest>false</newest><latest>false</latest><size>6.7 MB</size><downloads>0</downloads><downloads_month>0</downloads_month><downloads_week>0</downloads_week><downloads_day>0</downloads_day><raw_size>6743692</raw_size><raw_downloads>0</raw_downloads><raw_downloads_month>0</raw_downloads_month><raw_downloads_week>0</raw_downloads_week><raw_downloads_day>0</raw_downloads_day></version><version><id>380747231</id><name>sha256:45fb953dc7e4f8b2aff0e7efbefed57fbf23be98417d9eccf01a23f0bcb963ca</name><date>2025-05-29</date><newest>false</newest><latest>false</latest><size>15.5 kB</size><downloads>0</downloads><downloads_month>0</downloads_month><downloads_week>0</downloads_week><downloads_day>0</downloads_day><raw_size>15519</raw_size><raw_downloads>0</raw_downloads><raw_downloads_month>0</raw_downloads_month><raw_downloads_week>0</raw_downloads_week><raw_downloads_day>0</raw_downloads_day></version><version><id>380747235</id><name>sha256:fd729e405ffcbd6a636bfd93819eac7b6faa517e38cb9536d1a1613bccd21302</name><date>2025-05-29</date><newest>false</newest><latest>false</latest><size>-1</size><downloads>4</downloads><downloads_month>4</downloads_month><downloads_week>4</downloads_week><downloads_day>0</downloads_day><raw_size>-1</raw_size><raw_downloads>4</raw_downloads><raw_downloads_month>4</raw_downloads_month><raw_downloads_week>4</raw_downloads_week><raw_downloads_day>0</raw_downloads_day><tags>unencrypted-11075</tags></version><version><id>380836619</id><name>sha256:0b0269b410fc48334b9269dbcb017fc3cf3c71408548682199c381e8d2ed005a</name><date>2025-05-29</date><newest>false</newest><latest>false</latest><size>7.5 MB</size><downloads>0</downloads><downloads_month>0</downloads_month><downloads_week>0</downloads_week><downloads_day>0</downloads_day><raw_size>7503811</raw_size><raw_downloads>0</raw_downloads><raw_downloads_month>0</raw_downloads_month><raw_downloads_week>0</raw_downloads_week><raw_downloads_day>0</raw_downloads_day></version><version><id>380836623</id><name>sha256:ad3d734cc995a57092e526a2cbdf425eb76ce1c5aa32c97e63876594132398a4</name><date>2025-05-29</date><newest>false</newest><latest>false</latest><size>6.7 MB</size><downloads>0</downloads><downloads_month>0</downloads_month><downloads_week>0</downloads_week><downloads_day>0</downloads_day><raw_size>6743674</raw_size><raw_downloads>0</raw_downloads><raw_downloads_month>0</raw_downloads_month><raw_downloads_week>0</raw_downloads_week><raw_downloads_day>0</raw_downloads_day></version><version><id>380836626</id><name>sha256:83124cda907599d6c052966fe28a620eee873ff5c3fa21592ec8ef3d3a784fe3</name><date>2025-05-29</date><newest>false</newest><latest>false</latest><size>15.5 kB</size><downloads>0</downloads><downloads_month>0</downloads_month><downloads_week>0</downloads_week><downloads_day>0</downloads_day><raw_size>15543</raw_size><raw_downloads>0</raw_downloads><raw_downloads_month>0</raw_downloads_month><raw_downloads_week>0</raw_downloads_week><raw_downloads_day>0</raw_downloads_day></version><version><id>380836627</id><name>sha256:a8a22fe2f62b5c5a74e8006f8146b6ebaf9824557f933a774f97b4ff80d6f886</name><date>2025-05-29</date><newest>false</newest><latest>false</latest><size>15.5 kB</size><downloads>0</downloads><downloads_month>0</downloads_month><downloads_week>0</downloads_week><downloads_day>0</downloads_day><raw_size>15519</raw_size><raw_downloads>0</raw_downloads><raw_downloads_month>0</raw_downloads_month><raw_downloads_week>0</raw_downloads_week><raw_downloads_day>0</raw_downloads_day></version><version><id>380836630</id><name>sha256:90125bb9add32f662717fdf14d50a3d78c991cdb1c851d04f7534d23b7845438</name><date>2025-05-29</date><newest>false</newest><latest>false</latest><size>-1</size><downloads>0</downloads><downloads_month>0</downloads_month><downloads_week>0</downloads_week><downloads_day>0</downloads_day><raw_size>-1</raw_size><raw_downloads>0</raw_downloads><raw_downloads_month>0</raw_downloads_month><raw_downloads_week>0</raw_downloads_week><raw_downloads_day>0</raw_downloads_day></version><version><id>380862491</id><name>sha256:a2fcf03aaf5a5ff955074f098a7e7609c568dac670898e984fb2df606e176aaa</name><date>2025-05-29</date><newest>false</newest><latest>false</latest><size>6.7 MB</size><downloads>0</downloads><downloads_month>0</downloads_month><downloads_week>0</downloads_week><downloads_day>0</downloads_day><raw_size>6743658</raw_size><raw_downloads>0</raw_downloads><raw_downloads_month>0</raw_downloads_month><raw_downloads_week>0</raw_downloads_week><raw_downloads_day>0</raw_downloads_day></version><version><id>380862494</id><name>sha256:6b60cfea56f3e29ee08152dc72a934710c03fa3dd88a9be1df05deb11dc53c72</name><date>2025-05-29</date><newest>false</newest><latest>false</latest><size>7.5 MB</size><downloads>0</downloads><downloads_month>0</downloads_month><downloads_week>0</downloads_week><downloads_day>0</downloads_day><raw_size>7503766</raw_size><raw_downloads>0</raw_downloads><raw_downloads_month>0</raw_downloads_month><raw_downloads_week>0</raw_downloads_week><raw_downloads_day>0</raw_downloads_day></version><version><id>380862501</id><name>sha256:b13f4710af1d05471804dd969aeddc559dcd08038b875bba8f0a0c253dcfd9db</name><date>2025-05-29</date><newest>false</newest><latest>false</latest><size>15.5 kB</size><downloads>0</downloads><downloads_month>0</downloads_month><downloads_week>0</downloads_week><downloads_day>0</downloads_day><raw_size>15543</raw_size><raw_downloads>0</raw_downloads><raw_downloads_month>0</raw_downloads_month><raw_downloads_week>0</raw_downloads_week><raw_downloads_day>0</raw_downloads_day></version><version><id>380862505</id><name>sha256:27cbc096e32a84952ba4371f486da3821201b35aecc3e6ae846ffdb11eab0f9c</name><date>2025-05-29</date><newest>false</newest><latest>false</latest><size>15.5 kB</size><downloads>0</downloads><downloads_month>0</downloads_month><downloads_week>0</downloads_week><downloads_day>0</downloads_day><raw_size>15519</raw_size><raw_downloads>0</raw_downloads><raw_downloads_month>0</raw_downloads_month><raw_downloads_week>0</raw_downloads_week><raw_downloads_day>0</raw_downloads_day></version><version><id>380862510</id><name>sha256:9d8c61c5dd641e5b11d133100695913c19088c0b33cb18f4a676525f22e046bf</name><date>2025-05-29</date><newest>false</newest><latest>false</latest><size>-1</size><downloads>0</downloads><downloads_month>0</downloads_month><downloads_week>0</downloads_week><downloads_day>0</downloads_day><raw_size>-1</raw_size><raw_downloads>0</raw_downloads><raw_downloads_month>0</raw_downloads_month><raw_downloads_week>0</raw_downloads_week><raw_downloads_day>0</raw_downloads_day></version><version><id>380878899</id><name>sha256:2233bf7b4e7b77420aefd8fe2ba63cfdedb95652d2f6a6fed44ccdf34fee5775</name><date>2025-05-29</date><newest>false</newest><latest>false</latest><size>7.5 MB</size><downloads>4</downloads><downloads_month>4</downloads_month><downloads_week>4</downloads_week><downloads_day>4</downloads_day><raw_size>7503791</raw_size><raw_downloads>4</raw_downloads><raw_downloads_month>4</raw_downloads_month><raw_downloads_week>4</raw_downloads_week><raw_downloads_day>4</raw_downloads_day></version><version><id>380878905</id><name>sha256:dd30ce017d4aae216bb43d94f7b626d0b6891eae572a457384e2c72555c6fab2</name><date>2025-05-29</date><newest>false</newest><latest>false</latest><size>6.7 MB</size><downloads>0</downloads><downloads_month>0</downloads_month><downloads_week>0</downloads_week><downloads_day>0</downloads_day><raw_size>6743676</raw_size><raw_downloads>0</raw_downloads><raw_downloads_month>0</raw_downloads_month><raw_downloads_week>0</raw_downloads_week><raw_downloads_day>0</raw_downloads_day></version><version><id>380878908</id><name>sha256:a84acb0881efe7cac0b86e47277a22059c19a30fad384d2cc709c0ebd3a424fb</name><date>2025-05-29</date><newest>false</newest><latest>false</latest><size>15.5 kB</size><downloads>0</downloads><downloads_month>0</downloads_month><downloads_week>0</downloads_week><downloads_day>0</downloads_day><raw_size>15543</raw_size><raw_downloads>0</raw_downloads><raw_downloads_month>0</raw_downloads_month><raw_downloads_week>0</raw_downloads_week><raw_downloads_day>0</raw_downloads_day></version><version><id>380878910</id><name>sha256:bfbc1cfab438279a5388d56d8e28dd27c64ae2b0dd468880cc89ee3984a4561a</name><date>2025-05-29</date><newest>false</newest><latest>false</latest><size>15.5 kB</size><downloads>0</downloads><downloads_month>0</downloads_month><downloads_week>0</downloads_week><downloads_day>0</downloads_day><raw_size>15519</raw_size><raw_downloads>0</raw_downloads><raw_downloads_month>0</raw_downloads_month><raw_downloads_week>0</raw_downloads_week><raw_downloads_day>0</raw_downloads_day></version><version><id>380878912</id><name>sha256:3692f77517c348548ec8b622b2b460beaf78754dcfe09a8cb82b6e6fecfcef38</name><date>2025-05-29</date><newest>false</newest><latest>false</latest><size>-1</size><downloads>4</downloads><downloads_month>4</downloads_month><downloads_week>4</downloads_week><downloads_day>4</downloads_day><raw_size>-1</raw_size><raw_downloads>4</raw_downloads><raw_downloads_month>4</raw_downloads_month><raw_downloads_week>4</raw_downloads_week><raw_downloads_day>4</raw_downloads_day></version><version><id>380919690</id><name>sha256:f5e05eb72c1733e0967a9cb6e62ec511860f8793398bbd1064b6b68b2732c77b</name><date>2025-05-29</date><newest>false</newest><latest>false</latest><size>15.5 kB</size><downloads>0</downloads><downloads_month>0</downloads_month><downloads_week>0</downloads_week><downloads_day>0</downloads_day><raw_size>15543</raw_size><raw_downloads>0</raw_downloads><raw_downloads_month>0</raw_downloads_month><raw_downloads_week>0</raw_downloads_week><raw_downloads_day>0</raw_downloads_day></version><version><id>380919694</id><name>sha256:b39af1cc48b5ee34c584f1d483d3d7e103a820a724e03fb962b7d13974a6286a</name><date>2025-05-29</date><newest>false</newest><latest>false</latest><size>7.5 MB</size><downloads>4</downloads><downloads_month>4</downloads_month><downloads_week>4</downloads_week><downloads_day>4</downloads_day><raw_size>7503770</raw_size><raw_downloads>4</raw_downloads><raw_downloads_month>4</raw_downloads_month><raw_downloads_week>4</raw_downloads_week><raw_downloads_day>4</raw_downloads_day></version><version><id>380919701</id><name>sha256:0754b955937f47c257c4099bb13848ddc539bc43f5294f516091618f6c956017</name><date>2025-05-29</date><newest>false</newest><latest>false</latest><size>6.7 MB</size><downloads>0</downloads><downloads_month>0</downloads_month><downloads_week>0</downloads_week><downloads_day>0</downloads_day><raw_size>6743669</raw_size><raw_downloads>0</raw_downloads><raw_downloads_month>0</raw_downloads_month><raw_downloads_week>0</raw_downloads_week><raw_downloads_day>0</raw_downloads_day></version><version><id>380919705</id><name>sha256:4864bbff4c42b5c03164ff6c91f6a3105cb7c609b50314ca4fe7cf09911fe82a</name><date>2025-05-29</date><newest>false</newest><latest>false</latest><size>15.5 kB</size><downloads>0</downloads><downloads_month>0</downloads_month><downloads_week>0</downloads_week><downloads_day>0</downloads_day><raw_size>15519</raw_size><raw_downloads>0</raw_downloads><raw_downloads_month>0</raw_downloads_month><raw_downloads_week>0</raw_downloads_week><raw_downloads_day>0</raw_downloads_day></version><version><id>380919709</id><name>sha256:7247b0f6cf91e83ef3cfa1e835f1eeea176cf4a3be4fa78a1f89128791994038</name><date>2025-05-29</date><newest>false</newest><latest>false</latest><size>-1</size><downloads>4</downloads><downloads_month>4</downloads_month><downloads_week>4</downloads_week><downloads_day>4</downloads_day><raw_size>-1</raw_size><raw_downloads>4</raw_downloads><raw_downloads_month>4</raw_downloads_month><raw_downloads_week>4</raw_downloads_week><raw_downloads_day>4</raw_downloads_day><tags>unencrypted-10984</tags></version><version><id>386909978</id><name>sha256:5c675d47bf93882a3640dd3f675d27d14cc4d1e9903e7dd6e932b71a7ef98e09</name><date>2025-05-29</date><newest>false</newest><latest>false</latest><size>-1</size><downloads>4</downloads><downloads_month>4</downloads_month><downloads_week>4</downloads_week><downloads_day>0</downloads_day><raw_size>-1</raw_size><raw_downloads>4</raw_downloads><raw_downloads_month>4</raw_downloads_month><raw_downloads_week>4</raw_downloads_week><raw_downloads_day>0</raw_downloads_day><tags>unencrypted-11014</tags></version><version><id>387953599</id><name>sha256:a088fb4cfcd14fbfc36d2d866b95d967fe69a8da415582a48a3baf400287dba0</name><date>2025-05-29</date><newest>false</newest><latest>false</latest><size>-1</size><downloads>7</downloads><downloads_month>7</downloads_month><downloads_week>7</downloads_week><downloads_day>0</downloads_day><raw_size>-1</raw_size><raw_downloads>7</raw_downloads><raw_downloads_month>7</raw_downloads_month><raw_downloads_week>7</raw_downloads_week><raw_downloads_day>0</raw_downloads_day><tags>unencrypted-11103</tags></version><version><id>388074246</id><name>sha256:c7448d3228cc975ac8653c795ed22283b43d9be2dfb24eaae91d5a628306de8b</name><date>2025-05-29</date><newest>false</newest><latest>false</latest><size>-1</size><downloads>6</downloads><downloads_month>6</downloads_month><downloads_week>6</downloads_week><downloads_day>0</downloads_day><raw_size>-1</raw_size><raw_downloads>6</raw_downloads><raw_downloads_month>6</raw_downloads_month><raw_downloads_week>6</raw_downloads_week><raw_downloads_day>0</raw_downloads_day><tags>unencrypted-11067</tags></version><version><id>389090438</id><name>sha256:afc988292d72a7f6d06e9e0d9ed4f30a04f817db3187891879107ae03fba8d89</name><date>2025-05-29</date><newest>false</newest><latest>false</latest><size>-1</size><downloads>4</downloads><downloads_month>4</downloads_month><downloads_week>4</downloads_week><downloads_day>0</downloads_day><raw_size>-1</raw_size><raw_downloads>4</raw_downloads><raw_downloads_month>4</raw_downloads_month><raw_downloads_week>4</raw_downloads_week><raw_downloads_day>0</raw_downloads_day><tags>unencrypted-11114</tags></version><version><id>389115853</id><name>sha256:8774fcbd51ec2a74d91228e27a7b94927c0adec5f45b9718a44fb4631380dc26</name><date>2025-05-29</date><newest>false</newest><latest>false</latest><size>-1</size><downloads>4</downloads><downloads_month>4</downloads_month><downloads_week>4</downloads_week><downloads_day>0</downloads_day><raw_size>-1</raw_size><raw_downloads>4</raw_downloads><raw_downloads_month>4</raw_downloads_month><raw_downloads_week>4</raw_downloads_week><raw_downloads_day>0</raw_downloads_day><tags>unencrypted-11077</tags></version><version><id>389129382</id><name>sha256:77bd1c831930c015b7233b157e306808d2e5ac388a82ff9773326c1af0ed2870</name><date>2025-05-29</date><newest>false</newest><latest>false</latest><size>-1</size><downloads>6</downloads><downloads_month>6</downloads_month><downloads_week>6</downloads_week><downloads_day>6</downloads_day><raw_size>-1</raw_size><raw_downloads>6</raw_downloads><raw_downloads_month>6</raw_downloads_month><raw_downloads_week>6</raw_downloads_week><raw_downloads_day>6</raw_downloads_day><tags>unencrypted-nightly</tags></version><version><id>393608698</id><name>sha256:43a459ff6711b3d286b3c72ff9fc2cb94fa0f8ec2ae2342b76ce1ce458880db7</name><date>2025-05-29</date><newest>false</newest><latest>false</latest><size>15.5 kB</size><downloads>0</downloads><downloads_month>0</downloads_month><downloads_week>0</downloads_week><downloads_day>0</downloads_day><raw_size>15543</raw_size><raw_downloads>0</raw_downloads><raw_downloads_month>0</raw_downloads_month><raw_downloads_week>0</raw_downloads_week><raw_downloads_day>0</raw_downloads_day></version><version><id>393608701</id><name>sha256:2507d67d24f9dadc4de7fe33d39c547195e45c647cd8c42762edef5c70fb31fa</name><date>2025-05-29</date><newest>false</newest><latest>false</latest><size>7.5 MB</size><downloads>4</downloads><downloads_month>4</downloads_month><downloads_week>4</downloads_week><downloads_day>0</downloads_day><raw_size>7505253</raw_size><raw_downloads>4</raw_downloads><raw_downloads_month>4</raw_downloads_month><raw_downloads_week>4</raw_downloads_week><raw_downloads_day>0</raw_downloads_day></version><version><id>393608705</id><name>sha256:50871757fc10474ca0b9e0ce2483482dd8c9733e3b2b78df4329fb71e055afe7</name><date>2025-05-29</date><newest>false</newest><latest>false</latest><size>6.7 MB</size><downloads>0</downloads><downloads_month>0</downloads_month><downloads_week>0</downloads_week><downloads_day>0</downloads_day><raw_size>6744226</raw_size><raw_downloads>0</raw_downloads><raw_downloads_month>0</raw_downloads_month><raw_downloads_week>0</raw_downloads_week><raw_downloads_day>0</raw_downloads_day></version><version><id>393608709</id><name>sha256:0b96e2375220955b4a343863d1925a432bd105e8c80b731767caa23c655e2cb4</name><date>2025-05-29</date><newest>false</newest><latest>false</latest><size>15.5 kB</size><downloads>0</downloads><downloads_month>0</downloads_month><downloads_week>0</downloads_week><downloads_day>0</downloads_day><raw_size>15519</raw_size><raw_downloads>0</raw_downloads><raw_downloads_month>0</raw_downloads_month><raw_downloads_week>0</raw_downloads_week><raw_downloads_day>0</raw_downloads_day></version><version><id>393608715</id><name>sha256:b9c85856b67c8c6853bdcc1fcbae3fac838b1864d9dc03352920176e6d25cfbb</name><date>2025-05-29</date><newest>false</newest><latest>false</latest><size>-1</size><downloads>4</downloads><downloads_month>4</downloads_month><downloads_week>4</downloads_week><downloads_day>0</downloads_day><raw_size>-1</raw_size><raw_downloads>4</raw_downloads><raw_downloads_month>4</raw_downloads_month><raw_downloads_week>4</raw_downloads_week><raw_downloads_day>0</raw_downloads_day></version><version><id>393680248</id><name>sha256:11438bc1c6c285a6c12d75da147469906704d35c39c6f23380f9ad81677978d7</name><date>2025-05-29</date><newest>false</newest><latest>false</latest><size>15.5 kB</size><downloads>0</downloads><downloads_month>0</downloads_month><downloads_week>0</downloads_week><downloads_day>0</downloads_day><raw_size>15542</raw_size><raw_downloads>0</raw_downloads><raw_downloads_month>0</raw_downloads_month><raw_downloads_week>0</raw_downloads_week><raw_downloads_day>0</raw_downloads_day></version><version><id>393680255</id><name>sha256:87046f5f9049f9c60e8e244ece7aa634b0ed3b36cfc55d880cb54411dfaa6d1f</name><date>2025-05-29</date><newest>false</newest><latest>false</latest><size>6.7 MB</size><downloads>0</downloads><downloads_month>0</downloads_month><downloads_week>0</downloads_week><downloads_day>0</downloads_day><raw_size>6744224</raw_size><raw_downloads>0</raw_downloads><raw_downloads_month>0</raw_downloads_month><raw_downloads_week>0</raw_downloads_week><raw_downloads_day>0</raw_downloads_day></version><version><id>393680259</id><name>sha256:6d0546aec6a59c1a2cd7e9494cc34b715ac8d3b574cc8ac73b72e470fad9dced</name><date>2025-05-29</date><newest>false</newest><latest>false</latest><size>7.5 MB</size><downloads>0</downloads><downloads_month>0</downloads_month><downloads_week>0</downloads_week><downloads_day>0</downloads_day><raw_size>7505251</raw_size><raw_downloads>0</raw_downloads><raw_downloads_month>0</raw_downloads_month><raw_downloads_week>0</raw_downloads_week><raw_downloads_day>0</raw_downloads_day></version><version><id>393680264</id><name>sha256:7c7271504e12b5a9356005b333a674b9a23606f9dc395dea740f695cc43e3c49</name><date>2025-05-29</date><newest>false</newest><latest>false</latest><size>15.5 kB</size><downloads>0</downloads><downloads_month>0</downloads_month><downloads_week>0</downloads_week><downloads_day>0</downloads_day><raw_size>15518</raw_size><raw_downloads>0</raw_downloads><raw_downloads_month>0</raw_downloads_month><raw_downloads_week>0</raw_downloads_week><raw_downloads_day>0</raw_downloads_day></version><version><id>393680268</id><name>sha256:7ecc34fb55714098d8208501015ae20f3c0dfd94c5fafdfa8b16063028ea8beb</name><date>2025-05-29</date><newest>false</newest><latest>false</latest><size>-1</size><downloads>0</downloads><downloads_month>0</downloads_month><downloads_week>0</downloads_week><downloads_day>0</downloads_day><raw_size>-1</raw_size><raw_downloads>0</raw_downloads><raw_downloads_month>0</raw_downloads_month><raw_downloads_week>0</raw_downloads_week><raw_downloads_day>0</raw_downloads_day></version><version><id>393684663</id><name>sha256:22e19192deeb6bbc72a05b2e8627b000028a2d3f991f1adc9cdba0027ff4f5ef</name><date>2025-05-29</date><newest>false</newest><latest>false</latest><size>15.5 kB</size><downloads>0</downloads><downloads_month>0</downloads_month><downloads_week>0</downloads_week><downloads_day>0</downloads_day><raw_size>15519</raw_size><raw_downloads>0</raw_downloads><raw_downloads_month>0</raw_downloads_month><raw_downloads_week>0</raw_downloads_week><raw_downloads_day>0</raw_downloads_day></version><version><id>393684667</id><name>sha256:7528c12757392ab225ab4b874179273f505d4a65b487acf38f9f42a2c658bf92</name><date>2025-05-29</date><newest>false</newest><latest>false</latest><size>7.5 MB</size><downloads>0</downloads><downloads_month>0</downloads_month><downloads_week>0</downloads_week><downloads_day>0</downloads_day><raw_size>7505257</raw_size><raw_downloads>0</raw_downloads><raw_downloads_month>0</raw_downloads_month><raw_downloads_week>0</raw_downloads_week><raw_downloads_day>0</raw_downloads_day></version><version><id>393684670</id><name>sha256:0671608a3990cb9a05c7b41142f88f8587be38f691ee47b1353d5aae94410929</name><date>2025-05-29</date><newest>false</newest><latest>false</latest><size>6.7 MB</size><downloads>0</downloads><downloads_month>0</downloads_month><downloads_week>0</downloads_week><downloads_day>0</downloads_day><raw_size>6744213</raw_size><raw_downloads>0</raw_downloads><raw_downloads_month>0</raw_downloads_month><raw_downloads_week>0</raw_downloads_week><raw_downloads_day>0</raw_downloads_day></version><version><id>393684673</id><name>sha256:4f463ddc742bcf69fe54ba44e8e4eb64d1120046f964fd77f38087f9a1343cfa</name><date>2025-05-29</date><newest>false</newest><latest>false</latest><size>15.5 kB</size><downloads>0</downloads><downloads_month>0</downloads_month><downloads_week>0</downloads_week><downloads_day>0</downloads_day><raw_size>15543</raw_size><raw_downloads>0</raw_downloads><raw_downloads_month>0</raw_downloads_month><raw_downloads_week>0</raw_downloads_week><raw_downloads_day>0</raw_downloads_day></version><version><id>393684678</id><name>sha256:8b614a3de784dda699615f5e04e5cdadf78224f14f582bd5b9f2b9cfd11694f0</name><date>2025-05-29</date><newest>false</newest><latest>false</latest><size>-1</size><downloads>0</downloads><downloads_month>0</downloads_month><downloads_week>0</downloads_week><downloads_day>0</downloads_day><raw_size>-1</raw_size><raw_downloads>0</raw_downloads><raw_downloads_month>0</raw_downloads_month><raw_downloads_week>0</raw_downloads_week><raw_downloads_day>0</raw_downloads_day></version><version><id>393686975</id><name>sha256:439f22fee28caf3f4e9881e6f1cfdf017e25b4b95e5e943296871bf9220d5830</name><date>2025-05-29</date><newest>false</newest><latest>false</latest><size>7.5 MB</size><downloads>0</downloads><downloads_month>0</downloads_month><downloads_week>0</downloads_week><downloads_day>0</downloads_day><raw_size>7505249</raw_size><raw_downloads>0</raw_downloads><raw_downloads_month>0</raw_downloads_month><raw_downloads_week>0</raw_downloads_week><raw_downloads_day>0</raw_downloads_day></version><version><id>393686980</id><name>sha256:fc077f3b6f9a8058d9759eaae4c384d10bad0818a8cc5f61ef38bc3b13ccbdbb</name><date>2025-05-29</date><newest>false</newest><latest>false</latest><size>15.5 kB</size><downloads>0</downloads><downloads_month>0</downloads_month><downloads_week>0</downloads_week><downloads_day>0</downloads_day><raw_size>15543</raw_size><raw_downloads>0</raw_downloads><raw_downloads_month>0</raw_downloads_month><raw_downloads_week>0</raw_downloads_week><raw_downloads_day>0</raw_downloads_day></version><version><id>393686987</id><name>sha256:d28296b4e44d2031702bb9069c7343a9d65c9979658aea223e52a4d977395491</name><date>2025-05-29</date><newest>false</newest><latest>false</latest><size>6.7 MB</size><downloads>0</downloads><downloads_month>0</downloads_month><downloads_week>0</downloads_week><downloads_day>0</downloads_day><raw_size>6744242</raw_size><raw_downloads>0</raw_downloads><raw_downloads_month>0</raw_downloads_month><raw_downloads_week>0</raw_downloads_week><raw_downloads_day>0</raw_downloads_day></version><version><id>393686990</id><name>sha256:5842b942640b24e074d1bf6c57b52c084ed3fa05c1098a4fdc7475f83fa81ea0</name><date>2025-05-29</date><newest>false</newest><latest>false</latest><size>15.5 kB</size><downloads>0</downloads><downloads_month>0</downloads_month><downloads_week>0</downloads_week><downloads_day>0</downloads_day><raw_size>15519</raw_size><raw_downloads>0</raw_downloads><raw_downloads_month>0</raw_downloads_month><raw_downloads_week>0</raw_downloads_week><raw_downloads_day>0</raw_downloads_day></version><version><id>393686999</id><name>sha256:ae4b98fae7bfb1a98a048b96a2163330894d00eb4a5271490e8d9b5b1831e690</name><date>2025-05-29</date><newest>false</newest><latest>false</latest><size>-1</size><downloads>0</downloads><downloads_month>0</downloads_month><downloads_week>0</downloads_week><downloads_day>0</downloads_day><raw_size>-1</raw_size><raw_downloads>0</raw_downloads><raw_downloads_month>0</raw_downloads_month><raw_downloads_week>0</raw_downloads_week><raw_downloads_day>0</raw_downloads_day></version><version><id>393689974</id><name>sha256:c2a495c336e4c9921420acd9ea9239b274286f7bf750cd4fd3a19ac48bdbec30</name><date>2025-05-29</date><newest>false</newest><latest>false</latest><size>7.5 MB</size><downloads>0</downloads><downloads_month>0</downloads_month><downloads_week>0</downloads_week><downloads_day>0</downloads_day><raw_size>7505248</raw_size><raw_downloads>0</raw_downloads><raw_downloads_month>0</raw_downloads_month><raw_downloads_week>0</raw_downloads_week><raw_downloads_day>0</raw_downloads_day></version><version><id>393689987</id><name>sha256:f150b1205578473c676a453cb7946bd43bf83b73299d8d921050b4550a3baea7</name><date>2025-05-29</date><newest>false</newest><latest>false</latest><size>6.7 MB</size><downloads>0</downloads><downloads_month>0</downloads_month><downloads_week>0</downloads_week><downloads_day>0</downloads_day><raw_size>6744216</raw_size><raw_downloads>0</raw_downloads><raw_downloads_month>0</raw_downloads_month><raw_downloads_week>0</raw_downloads_week><raw_downloads_day>0</raw_downloads_day></version><version><id>393689998</id><name>sha256:a15e389e191efffcfaf632facc4ca86a91a9e0c15582655e3bd92bcea5a92638</name><date>2025-05-29</date><newest>false</newest><latest>false</latest><size>15.5 kB</size><downloads>0</downloads><downloads_month>0</downloads_month><downloads_week>0</downloads_week><downloads_day>0</downloads_day><raw_size>15543</raw_size><raw_downloads>0</raw_downloads><raw_downloads_month>0</raw_downloads_month><raw_downloads_week>0</raw_downloads_week><raw_downloads_day>0</raw_downloads_day></version><version><id>393690007</id><name>sha256:4f5e706e85ea26cc35ff5856a542e729c5405ffac80c20b6fe6938b024662091</name><date>2025-05-29</date><newest>false</newest><latest>false</latest><size>15.5 kB</size><downloads>0</downloads><downloads_month>0</downloads_month><downloads_week>0</downloads_week><downloads_day>0</downloads_day><raw_size>15519</raw_size><raw_downloads>0</raw_downloads><raw_downloads_month>0</raw_downloads_month><raw_downloads_week>0</raw_downloads_week><raw_downloads_day>0</raw_downloads_day></version><version><id>393690012</id><name>sha256:7a83b0dde86fe9e434cf9aeb642e9f24d6b12183f69f90a03f393c6d45965a70</name><date>2025-05-29</date><newest>false</newest><latest>false</latest><size>-1</size><downloads>0</downloads><downloads_month>0</downloads_month><downloads_week>0</downloads_week><downloads_day>0</downloads_day><raw_size>-1</raw_size><raw_downloads>0</raw_downloads><raw_downloads_month>0</raw_downloads_month><raw_downloads_week>0</raw_downloads_week><raw_downloads_day>0</raw_downloads_day></version><version><id>393695365</id><name>sha256:e794aee6dec5580f35759663641732f81ae0a4bad026a8ebc5861f0111c297aa</name><date>2025-05-29</date><newest>false</newest><latest>false</latest><size>6.7 MB</size><downloads>0</downloads><downloads_month>0</downloads_month><downloads_week>0</downloads_week><downloads_day>0</downloads_day><raw_size>6744244</raw_size><raw_downloads>0</raw_downloads><raw_downloads_month>0</raw_downloads_month><raw_downloads_week>0</raw_downloads_week><raw_downloads_day>0</raw_downloads_day></version><version><id>393695372</id><name>sha256:3f39993a788e230749269dc65cffae1181b4572f08a8c86a40c6ac800c6b4ff0</name><date>2025-05-29</date><newest>false</newest><latest>false</latest><size>7.5 MB</size><downloads>4</downloads><downloads_month>4</downloads_month><downloads_week>4</downloads_week><downloads_day>0</downloads_day><raw_size>7505241</raw_size><raw_downloads>4</raw_downloads><raw_downloads_month>4</raw_downloads_month><raw_downloads_week>4</raw_downloads_week><raw_downloads_day>0</raw_downloads_day></version><version><id>393695379</id><name>sha256:235cf66ebd61f7c4e2890079570c68e36569f5a11955125cd6ccae383f1a0243</name><date>2025-05-29</date><newest>false</newest><latest>false</latest><size>15.5 kB</size><downloads>0</downloads><downloads_month>0</downloads_month><downloads_week>0</downloads_week><downloads_day>0</downloads_day><raw_size>15543</raw_size><raw_downloads>0</raw_downloads><raw_downloads_month>0</raw_downloads_month><raw_downloads_week>0</raw_downloads_week><raw_downloads_day>0</raw_downloads_day></version><version><id>393695382</id><name>sha256:d1e6b3eb092791d9d41294c291c6c5e2a3ebd23948fd6eeb7842a341f518286c</name><date>2025-05-29</date><newest>false</newest><latest>false</latest><size>15.5 kB</size><downloads>0</downloads><downloads_month>0</downloads_month><downloads_week>0</downloads_week><downloads_day>0</downloads_day><raw_size>15519</raw_size><raw_downloads>0</raw_downloads><raw_downloads_month>0</raw_downloads_month><raw_downloads_week>0</raw_downloads_week><raw_downloads_day>0</raw_downloads_day></version><version><id>393695388</id><name>sha256:b41eeee1299327faad95a5d8e31095419c089470a478e1044d2f4bdae89919ed</name><date>2025-05-29</date><newest>false</newest><latest>false</latest><size>-1</size><downloads>4</downloads><downloads_month>4</downloads_month><downloads_week>4</downloads_week><downloads_day>0</downloads_day><raw_size>-1</raw_size><raw_downloads>4</raw_downloads><raw_downloads_month>4</raw_downloads_month><raw_downloads_week>4</raw_downloads_week><raw_downloads_day>0</raw_downloads_day><tags>unencrypted-10527</tags></version><version><id>393696852</id><name>sha256:4d308a928dbdac5afc757a5d75ff4a53d6c7adfa407226a7d86514f3718c7b0a</name><date>2025-05-29</date><newest>false</newest><latest>false</latest><size>6.7 MB</size><downloads>0</downloads><downloads_month>0</downloads_month><downloads_week>0</downloads_week><downloads_day>0</downloads_day><raw_size>6744244</raw_size><raw_downloads>0</raw_downloads><raw_downloads_month>0</raw_downloads_month><raw_downloads_week>0</raw_downloads_week><raw_downloads_day>0</raw_downloads_day></version><version><id>393696866</id><name>sha256:7d2aa2e9b25f6d524ca5b6860941e9351fedf812c4f7ecd1314bf3a42482b1e7</name><date>2025-05-29</date><newest>false</newest><latest>false</latest><size>7.5 MB</size><downloads>0</downloads><downloads_month>0</downloads_month><downloads_week>0</downloads_week><downloads_day>0</downloads_day><raw_size>7505247</raw_size><raw_downloads>0</raw_downloads><raw_downloads_month>0</raw_downloads_month><raw_downloads_week>0</raw_downloads_week><raw_downloads_day>0</raw_downloads_day></version><version><id>393696884</id><name>sha256:6665bc1a5fdd88460f75ea6f005ba2bcb6acffcd36d6b40def93c057048f7ee5</name><date>2025-05-29</date><newest>false</newest><latest>false</latest><size>15.5 kB</size><downloads>0</downloads><downloads_month>0</downloads_month><downloads_week>0</downloads_week><downloads_day>0</downloads_day><raw_size>15543</raw_size><raw_downloads>0</raw_downloads><raw_downloads_month>0</raw_downloads_month><raw_downloads_week>0</raw_downloads_week><raw_downloads_day>0</raw_downloads_day></version><version><id>393696897</id><name>sha256:13c0c314f06b0001c24a31de06cf2d0fcb49440b628e4018ecaf1364b7b24587</name><date>2025-05-29</date><newest>false</newest><latest>false</latest><size>15.5 kB</size><downloads>0</downloads><downloads_month>0</downloads_month><downloads_week>0</downloads_week><downloads_day>0</downloads_day><raw_size>15519</raw_size><raw_downloads>0</raw_downloads><raw_downloads_month>0</raw_downloads_month><raw_downloads_week>0</raw_downloads_week><raw_downloads_day>0</raw_downloads_day></version><version><id>393696905</id><name>sha256:3eca4e82e7b407a2fc465d43e79fde2c01ecee8d44fac6badc6426cd3aacaa33</name><date>2025-05-29</date><newest>false</newest><latest>false</latest><size>-1</size><downloads>0</downloads><downloads_month>0</downloads_month><downloads_week>0</downloads_week><downloads_day>0</downloads_day><raw_size>-1</raw_size><raw_downloads>0</raw_downloads><raw_downloads_month>0</raw_downloads_month><raw_downloads_week>0</raw_downloads_week><raw_downloads_day>0</raw_downloads_day></version><version><id>393697694</id><name>sha256:f7b3e3206ae76164b3c8fc6175a6fd5c6b21f67e352ca4076602a63f7851a830</name><date>2025-05-29</date><newest>false</newest><latest>false</latest><size>7.5 MB</size><downloads>4</downloads><downloads_month>4</downloads_month><downloads_week>4</downloads_week><downloads_day>0</downloads_day><raw_size>7505248</raw_size><raw_downloads>4</raw_downloads><raw_downloads_month>4</raw_downloads_month><raw_downloads_week>4</raw_downloads_week><raw_downloads_day>0</raw_downloads_day></version><version><id>393697695</id><name>sha256:5325e628d39b1579b2286247ba3c306eead3bab751df13b02a1268ec2cd4e270</name><date>2025-05-29</date><newest>false</newest><latest>false</latest><size>6.7 MB</size><downloads>0</downloads><downloads_month>0</downloads_month><downloads_week>0</downloads_week><downloads_day>0</downloads_day><raw_size>6744216</raw_size><raw_downloads>0</raw_downloads><raw_downloads_month>0</raw_downloads_month><raw_downloads_week>0</raw_downloads_week><raw_downloads_day>0</raw_downloads_day></version><version><id>393697700</id><name>sha256:b56aacfebd9689a465fc180a97dd93447a43c079a7b81330aea64e87d6f41713</name><date>2025-05-29</date><newest>false</newest><latest>false</latest><size>15.5 kB</size><downloads>0</downloads><downloads_month>0</downloads_month><downloads_week>0</downloads_week><downloads_day>0</downloads_day><raw_size>15543</raw_size><raw_downloads>0</raw_downloads><raw_downloads_month>0</raw_downloads_month><raw_downloads_week>0</raw_downloads_week><raw_downloads_day>0</raw_downloads_day></version><version><id>393697707</id><name>sha256:c2e0a537384526ca646f72c2630e36fd40a782916ccf78376c15d4e068d22b90</name><date>2025-05-29</date><newest>false</newest><latest>false</latest><size>-1</size><downloads>4</downloads><downloads_month>4</downloads_month><downloads_week>4</downloads_week><downloads_day>0</downloads_day><raw_size>-1</raw_size><raw_downloads>4</raw_downloads><raw_downloads_month>4</raw_downloads_month><raw_downloads_week>4</raw_downloads_week><raw_downloads_day>0</raw_downloads_day><tags>unencrypted-10512</tags></version><version><id>393711258</id><name>sha256:a5d3f2f606da84c81daf009562c9491f2a3fa631ea7b7f5a2e6fcb01ac90e3d1</name><date>2025-05-29</date><newest>false</newest><latest>false</latest><size>15.5 kB</size><downloads>0</downloads><downloads_month>0</downloads_month><downloads_week>0</downloads_week><downloads_day>0</downloads_day><raw_size>15543</raw_size><raw_downloads>0</raw_downloads><raw_downloads_month>0</raw_downloads_month><raw_downloads_week>0</raw_downloads_week><raw_downloads_day>0</raw_downloads_day></version><version><id>393711261</id><name>sha256:157d7bb8e992922d613f9b9a8530714dfcb735bef0f35d59ea86f989fe3c8780</name><date>2025-05-29</date><newest>false</newest><latest>false</latest><size>6.7 MB</size><downloads>0</downloads><downloads_month>0</downloads_month><downloads_week>0</downloads_week><downloads_day>0</downloads_day><raw_size>6744213</raw_size><raw_downloads>0</raw_downloads><raw_downloads_month>0</raw_downloads_month><raw_downloads_week>0</raw_downloads_week><raw_downloads_day>0</raw_downloads_day></version><version><id>393711265</id><name>sha256:74957489ed183e0d4041dbb90194c2ed6a66e981e9f24827831b858110936bc8</name><date>2025-05-29</date><newest>false</newest><latest>false</latest><size>7.5 MB</size><downloads>0</downloads><downloads_month>0</downloads_month><downloads_week>0</downloads_week><downloads_day>0</downloads_day><raw_size>7505264</raw_size><raw_downloads>0</raw_downloads><raw_downloads_month>0</raw_downloads_month><raw_downloads_week>0</raw_downloads_week><raw_downloads_day>0</raw_downloads_day></version><version><id>393711269</id><name>sha256:630e3a6c8a21a9b6e68038a07d622504e8adf5c1d0ef8fa36b0f35dbdb454893</name><date>2025-05-29</date><newest>false</newest><latest>false</latest><size>15.5 kB</size><downloads>0</downloads><downloads_month>0</downloads_month><downloads_week>0</downloads_week><downloads_day>0</downloads_day><raw_size>15519</raw_size><raw_downloads>0</raw_downloads><raw_downloads_month>0</raw_downloads_month><raw_downloads_week>0</raw_downloads_week><raw_downloads_day>0</raw_downloads_day></version><version><id>393711272</id><name>sha256:c914b6f5dcbedcf911c52158f8aa3aa70f2753c784162e3a524b3ecb9ef85bb3</name><date>2025-05-29</date><newest>false</newest><latest>false</latest><size>-1</size><downloads>0</downloads><downloads_month>0</downloads_month><downloads_week>0</downloads_week><downloads_day>0</downloads_day><raw_size>-1</raw_size><raw_downloads>0</raw_downloads><raw_downloads_month>0</raw_downloads_month><raw_downloads_week>0</raw_downloads_week><raw_downloads_day>0</raw_downloads_day></version><version><id>393761153</id><name>sha256:f4aed868c2b51fa79e21616836c5cd20f7ef9e31aab37a1fe0aed4381eb7b16a</name><date>2025-05-29</date><newest>false</newest><latest>false</latest><size>7.5 MB</size><downloads>4</downloads><downloads_month>4</downloads_month><downloads_week>4</downloads_week><downloads_day>0</downloads_day><raw_size>7505249</raw_size><raw_downloads>4</raw_downloads><raw_downloads_month>4</raw_downloads_month><raw_downloads_week>4</raw_downloads_week><raw_downloads_day>0</raw_downloads_day></version><version><id>393761161</id><name>sha256:4fd404806b635764c0cd48c5999728baa9522960bc0cc5bb6e8c604a274310b3</name><date>2025-05-29</date><newest>false</newest><latest>false</latest><size>6.7 MB</size><downloads>0</downloads><downloads_month>0</downloads_month><downloads_week>0</downloads_week><downloads_day>0</downloads_day><raw_size>6744230</raw_size><raw_downloads>0</raw_downloads><raw_downloads_month>0</raw_downloads_month><raw_downloads_week>0</raw_downloads_week><raw_downloads_day>0</raw_downloads_day></version><version><id>393761166</id><name>sha256:8e4f94734d533a8d6ca61fb17282546c18e89769452dee2c9629cd634d1ec53a</name><date>2025-05-29</date><newest>false</newest><latest>false</latest><size>15.5 kB</size><downloads>0</downloads><downloads_month>0</downloads_month><downloads_week>0</downloads_week><downloads_day>0</downloads_day><raw_size>15543</raw_size><raw_downloads>0</raw_downloads><raw_downloads_month>0</raw_downloads_month><raw_downloads_week>0</raw_downloads_week><raw_downloads_day>0</raw_downloads_day></version><version><id>393761175</id><name>sha256:cb63a26bb58832f1aee09f3f7d605cf6d6e3c39ed2eca974f080e454ad72201a</name><date>2025-05-29</date><newest>false</newest><latest>false</latest><size>15.5 kB</size><downloads>0</downloads><downloads_month>0</downloads_month><downloads_week>0</downloads_week><downloads_day>0</downloads_day><raw_size>15519</raw_size><raw_downloads>0</raw_downloads><raw_downloads_month>0</raw_downloads_month><raw_downloads_week>0</raw_downloads_week><raw_downloads_day>0</raw_downloads_day></version><version><id>393761182</id><name>sha256:982116d27bf998fbf0119f239cf414d5a631dd3f4421f9417e7c63f5de0c6bb8</name><date>2025-05-29</date><newest>false</newest><latest>false</latest><size>-1</size><downloads>4</downloads><downloads_month>4</downloads_month><downloads_week>4</downloads_week><downloads_day>0</downloads_day><raw_size>-1</raw_size><raw_downloads>4</raw_downloads><raw_downloads_month>4</raw_downloads_month><raw_downloads_week>4</raw_downloads_week><raw_downloads_day>0</raw_downloads_day><tags>unencrypted-11131</tags></version><version><id>393781121</id><name>sha256:622f935fd8d6964610621802d72fa488ad839549de796673b51b78bc111445ad</name><date>2025-05-29</date><newest>false</newest><latest>false</latest><size>15.5 kB</size><downloads>0</downloads><downloads_month>0</downloads_month><downloads_week>0</downloads_week><downloads_day>0</downloads_day><raw_size>15542</raw_size><raw_downloads>0</raw_downloads><raw_downloads_month>0</raw_downloads_month><raw_downloads_week>0</raw_downloads_week><raw_downloads_day>0</raw_downloads_day></version><version><id>393781127</id><name>sha256:175b1af7e4022242159b500807eb5ed68d0753b9e3a175e11c8d7fdba9429495</name><date>2025-05-29</date><newest>false</newest><latest>false</latest><size>7.5 MB</size><downloads>0</downloads><downloads_month>0</downloads_month><downloads_week>0</downloads_week><downloads_day>0</downloads_day><raw_size>7505246</raw_size><raw_downloads>0</raw_downloads><raw_downloads_month>0</raw_downloads_month><raw_downloads_week>0</raw_downloads_week><raw_downloads_day>0</raw_downloads_day></version><version><id>393781130</id><name>sha256:cf257008110f71c511b33e096b642e84dba29d1546b26a477819582ada47964a</name><date>2025-05-29</date><newest>false</newest><latest>false</latest><size>6.7 MB</size><downloads>0</downloads><downloads_month>0</downloads_month><downloads_week>0</downloads_week><downloads_day>0</downloads_day><raw_size>6744224</raw_size><raw_downloads>0</raw_downloads><raw_downloads_month>0</raw_downloads_month><raw_downloads_week>0</raw_downloads_week><raw_downloads_day>0</raw_downloads_day></version><version><id>393781136</id><name>sha256:f878446e7bd003f52603764622aec261e4a14a01620ffe762d1d840315dddf93</name><date>2025-05-29</date><newest>false</newest><latest>false</latest><size>15.5 kB</size><downloads>0</downloads><downloads_month>0</downloads_month><downloads_week>0</downloads_week><downloads_day>0</downloads_day><raw_size>15518</raw_size><raw_downloads>0</raw_downloads><raw_downloads_month>0</raw_downloads_month><raw_downloads_week>0</raw_downloads_week><raw_downloads_day>0</raw_downloads_day></version><version><id>393781141</id><name>sha256:35e3cb0653432989e57e32c01e2fabfc7d9f630e2a338c607d8f3552ec11f740</name><date>2025-05-29</date><newest>false</newest><latest>false</latest><size>-1</size><downloads>0</downloads><downloads_month>0</downloads_month><downloads_week>0</downloads_week><downloads_day>0</downloads_day><raw_size>-1</raw_size><raw_downloads>0</raw_downloads><raw_downloads_month>0</raw_downloads_month><raw_downloads_week>0</raw_downloads_week><raw_downloads_day>0</raw_downloads_day></version><version><id>393837755</id><name>sha256:3d0269707b5678c2eb938dcd1489fea6b83913a8887b4457717648ce0d8edc6a</name><date>2025-05-29</date><newest>false</newest><latest>false</latest><size>7.5 MB</size><downloads>4</downloads><downloads_month>4</downloads_month><downloads_week>4</downloads_week><downloads_day>0</downloads_day><raw_size>7505241</raw_size><raw_downloads>4</raw_downloads><raw_downloads_month>4</raw_downloads_month><raw_downloads_week>4</raw_downloads_week><raw_downloads_day>0</raw_downloads_day></version><version><id>393837759</id><name>sha256:9cd8069f9a2174faf01b9fd46b44e26ab5e917e9c4a297da219820bfa700211d</name><date>2025-05-29</date><newest>false</newest><latest>false</latest><size>15.5 kB</size><downloads>0</downloads><downloads_month>0</downloads_month><downloads_week>0</downloads_week><downloads_day>0</downloads_day><raw_size>15543</raw_size><raw_downloads>0</raw_downloads><raw_downloads_month>0</raw_downloads_month><raw_downloads_week>0</raw_downloads_week><raw_downloads_day>0</raw_downloads_day></version><version><id>393837761</id><name>sha256:cf7ea01dfaa093345d0acf8e13b8c5afca90710a1bfa914def0c948aa25c0cdb</name><date>2025-05-29</date><newest>false</newest><latest>false</latest><size>6.7 MB</size><downloads>0</downloads><downloads_month>0</downloads_month><downloads_week>0</downloads_week><downloads_day>0</downloads_day><raw_size>6744225</raw_size><raw_downloads>0</raw_downloads><raw_downloads_month>0</raw_downloads_month><raw_downloads_week>0</raw_downloads_week><raw_downloads_day>0</raw_downloads_day></version><version><id>393837764</id><name>sha256:c7d51e20ef245d245ad42d74b951f820c9dd5487e282aa2c34d6672e9ce4738b</name><date>2025-05-29</date><newest>false</newest><latest>false</latest><size>15.5 kB</size><downloads>0</downloads><downloads_month>0</downloads_month><downloads_week>0</downloads_week><downloads_day>0</downloads_day><raw_size>15519</raw_size><raw_downloads>0</raw_downloads><raw_downloads_month>0</raw_downloads_month><raw_downloads_week>0</raw_downloads_week><raw_downloads_day>0</raw_downloads_day></version><version><id>393837771</id><name>sha256:597c81d8a146832fdaf044cd716f836001c8e4de4ebe2d6f402d4e858d847302</name><date>2025-05-29</date><newest>false</newest><latest>false</latest><size>-1</size><downloads>4</downloads><downloads_month>4</downloads_month><downloads_week>4</downloads_week><downloads_day>0</downloads_day><raw_size>-1</raw_size><raw_downloads>4</raw_downloads><raw_downloads_month>4</raw_downloads_month><raw_downloads_week>4</raw_downloads_week><raw_downloads_day>0</raw_downloads_day></version><version><id>393878036</id><name>sha256:9c97cb8e34d340ad23429cc7bb017ebe1d42c6c31f13c5d4c0db7fe770ed4f30</name><date>2025-05-29</date><newest>false</newest><latest>false</latest><size>15.5 kB</size><downloads>0</downloads><downloads_month>0</downloads_month><downloads_week>0</downloads_week><downloads_day>0</downloads_day><raw_size>15543</raw_size><raw_downloads>0</raw_downloads><raw_downloads_month>0</raw_downloads_month><raw_downloads_week>0</raw_downloads_week><raw_downloads_day>0</raw_downloads_day></version><version><id>393878039</id><name>sha256:cf293a3247dfa316e7899534a45ce025dbc9d426120a6405942d568cf5be22e3</name><date>2025-05-29</date><newest>false</newest><latest>false</latest><size>7.5 MB</size><downloads>0</downloads><downloads_month>0</downloads_month><downloads_week>0</downloads_week><downloads_day>0</downloads_day><raw_size>7505249</raw_size><raw_downloads>0</raw_downloads><raw_downloads_month>0</raw_downloads_month><raw_downloads_week>0</raw_downloads_week><raw_downloads_day>0</raw_downloads_day></version><version><id>393878053</id><name>sha256:93a824b2965af13c83290dbce6dc0ec62fe7e91786e230ec90cc343d778ceadf</name><date>2025-05-29</date><newest>false</newest><latest>false</latest><size>15.5 kB</size><downloads>0</downloads><downloads_month>0</downloads_month><downloads_week>0</downloads_week><downloads_day>0</downloads_day><raw_size>15519</raw_size><raw_downloads>0</raw_downloads><raw_downloads_month>0</raw_downloads_month><raw_downloads_week>0</raw_downloads_week><raw_downloads_day>0</raw_downloads_day></version><version><id>393878067</id><name>sha256:08e860feb62a8560f41390c062644e90ad2c8f347659acc692f592a994141c16</name><date>2025-05-29</date><newest>false</newest><latest>false</latest><size>-1</size><downloads>0</downloads><downloads_month>0</downloads_month><downloads_week>0</downloads_week><downloads_day>0</downloads_day><raw_size>-1</raw_size><raw_downloads>0</raw_downloads><raw_downloads_month>0</raw_downloads_month><raw_downloads_week>0</raw_downloads_week><raw_downloads_day>0</raw_downloads_day></version><version><id>393911752</id><name>sha256:6428cbfc7098cb4d53836bc787b13f2c87ca523350082d4c508b270285bfe666</name><date>2025-05-29</date><newest>false</newest><latest>false</latest><size>7.5 MB</size><downloads>4</downloads><downloads_month>4</downloads_month><downloads_week>4</downloads_week><downloads_day>0</downloads_day><raw_size>7505259</raw_size><raw_downloads>4</raw_downloads><raw_downloads_month>4</raw_downloads_month><raw_downloads_week>4</raw_downloads_week><raw_downloads_day>0</raw_downloads_day></version><version><id>393911758</id><name>sha256:a57668f3b836460058a9a1745e2d50ccd8386e8102fc82a060ea2bcbeb5f0978</name><date>2025-05-29</date><newest>false</newest><latest>false</latest><size>6.7 MB</size><downloads>0</downloads><downloads_month>0</downloads_month><downloads_week>0</downloads_week><downloads_day>0</downloads_day><raw_size>6744222</raw_size><raw_downloads>0</raw_downloads><raw_downloads_month>0</raw_downloads_month><raw_downloads_week>0</raw_downloads_week><raw_downloads_day>0</raw_downloads_day></version><version><id>393911761</id><name>sha256:8b711c9add328d618ce414e132ba0602f6fb6acc7695404932c0cc83b256124e</name><date>2025-05-29</date><newest>false</newest><latest>false</latest><size>15.5 kB</size><downloads>0</downloads><downloads_month>0</downloads_month><downloads_week>0</downloads_week><downloads_day>0</downloads_day><raw_size>15543</raw_size><raw_downloads>0</raw_downloads><raw_downloads_month>0</raw_downloads_month><raw_downloads_week>0</raw_downloads_week><raw_downloads_day>0</raw_downloads_day></version><version><id>393911764</id><name>sha256:b472194002406266c035e0f456d17fd080978c898ac7703f22d7e8f09baf41f4</name><date>2025-05-29</date><newest>false</newest><latest>false</latest><size>15.5 kB</size><downloads>0</downloads><downloads_month>0</downloads_month><downloads_week>0</downloads_week><downloads_day>0</downloads_day><raw_size>15519</raw_size><raw_downloads>0</raw_downloads><raw_downloads_month>0</raw_downloads_month><raw_downloads_week>0</raw_downloads_week><raw_downloads_day>0</raw_downloads_day></version><version><id>393911768</id><name>sha256:7d2bd4cf9a5b45fdcffea18ece7463c9b1c70ae854a2f5f9b5cab03d208ccc1e</name><date>2025-05-29</date><newest>false</newest><latest>false</latest><size>-1</size><downloads>4</downloads><downloads_month>4</downloads_month><downloads_week>4</downloads_week><downloads_day>0</downloads_day><raw_size>-1</raw_size><raw_downloads>4</raw_downloads><raw_downloads_month>4</raw_downloads_month><raw_downloads_week>4</raw_downloads_week><raw_downloads_day>0</raw_downloads_day><tags>unencrypted-11138</tags></version><version><id>393922739</id><name>sha256:72e696c2b61036525f2e02b275f0ae4075651473e8f681a4defe7956c498ef5e</name><date>2025-05-29</date><newest>false</newest><latest>false</latest><size>7.5 MB</size><downloads>0</downloads><downloads_month>0</downloads_month><downloads_week>0</downloads_week><downloads_day>0</downloads_day><raw_size>7505257</raw_size><raw_downloads>0</raw_downloads><raw_downloads_month>0</raw_downloads_month><raw_downloads_week>0</raw_downloads_week><raw_downloads_day>0</raw_downloads_day></version><version><id>393922741</id><name>sha256:c52da3cbdf7d558da4cd05b30187e2678cb801c64b896f3462ee1ba0125853ca</name><date>2025-05-29</date><newest>false</newest><latest>false</latest><size>15.5 kB</size><downloads>0</downloads><downloads_month>0</downloads_month><downloads_week>0</downloads_week><downloads_day>0</downloads_day><raw_size>15543</raw_size><raw_downloads>0</raw_downloads><raw_downloads_month>0</raw_downloads_month><raw_downloads_week>0</raw_downloads_week><raw_downloads_day>0</raw_downloads_day></version><version><id>393922745</id><name>sha256:f5aa4f5cf718c84d6513e4982caec6404dc0a440a1d1fa93fc62b74985807c4d</name><date>2025-05-29</date><newest>false</newest><latest>false</latest><size>6.7 MB</size><downloads>0</downloads><downloads_month>0</downloads_month><downloads_week>0</downloads_week><downloads_day>0</downloads_day><raw_size>6744233</raw_size><raw_downloads>0</raw_downloads><raw_downloads_month>0</raw_downloads_month><raw_downloads_week>0</raw_downloads_week><raw_downloads_day>0</raw_downloads_day></version><version><id>393922747</id><name>sha256:9a2154aa92b343729250b1faf054814a3eefd0f6178bf514156e59aced14fd12</name><date>2025-05-29</date><newest>false</newest><latest>false</latest><size>15.5 kB</size><downloads>0</downloads><downloads_month>0</downloads_month><downloads_week>0</downloads_week><downloads_day>0</downloads_day><raw_size>15519</raw_size><raw_downloads>0</raw_downloads><raw_downloads_month>0</raw_downloads_month><raw_downloads_week>0</raw_downloads_week><raw_downloads_day>0</raw_downloads_day></version><version><id>393922750</id><name>sha256:3fa6fb47ccd3b10aaacfee320a6d13871e72757efac4ad57682b323e6b79169b</name><date>2025-05-29</date><newest>false</newest><latest>false</latest><size>-1</size><downloads>0</downloads><downloads_month>0</downloads_month><downloads_week>0</downloads_week><downloads_day>0</downloads_day><raw_size>-1</raw_size><raw_downloads>0</raw_downloads><raw_downloads_month>0</raw_downloads_month><raw_downloads_week>0</raw_downloads_week><raw_downloads_day>0</raw_downloads_day><tags>unencrypted-11141</tags></version><version><id>393923916</id><name>sha256:89d1bbfb2e4630b2a1b9c9e14180756e08b8c0532859347e42833a80189b442c</name><date>2025-05-29</date><newest>false</newest><latest>false</latest><size>15.5 kB</size><downloads>0</downloads><downloads_month>0</downloads_month><downloads_week>0</downloads_week><downloads_day>0</downloads_day><raw_size>15542</raw_size><raw_downloads>0</raw_downloads><raw_downloads_month>0</raw_downloads_month><raw_downloads_week>0</raw_downloads_week><raw_downloads_day>0</raw_downloads_day></version><version><id>393923922</id><name>sha256:7aa0bad4914c5a190bdd9a0dbe0294e374fc5b16e22a0605dfba71aed860573a</name><date>2025-05-29</date><newest>false</newest><latest>false</latest><size>7.5 MB</size><downloads>4</downloads><downloads_month>4</downloads_month><downloads_week>4</downloads_week><downloads_day>0</downloads_day><raw_size>7505254</raw_size><raw_downloads>4</raw_downloads><raw_downloads_month>4</raw_downloads_month><raw_downloads_week>4</raw_downloads_week><raw_downloads_day>0</raw_downloads_day></version><version><id>393923927</id><name>sha256:5d368c020f2151ab755257ecf0d4610535bce61d0b41c3dfde3ea5fbaad7020d</name><date>2025-05-29</date><newest>false</newest><latest>false</latest><size>6.7 MB</size><downloads>0</downloads><downloads_month>0</downloads_month><downloads_week>0</downloads_week><downloads_day>0</downloads_day><raw_size>6744226</raw_size><raw_downloads>0</raw_downloads><raw_downloads_month>0</raw_downloads_month><raw_downloads_week>0</raw_downloads_week><raw_downloads_day>0</raw_downloads_day></version><version><id>393923932</id><name>sha256:d85878b880f059d51f58adbe95f1f336139b8f048b9c0186879cdd65ef749400</name><date>2025-05-29</date><newest>false</newest><latest>false</latest><size>15.5 kB</size><downloads>0</downloads><downloads_month>0</downloads_month><downloads_week>0</downloads_week><downloads_day>0</downloads_day><raw_size>15518</raw_size><raw_downloads>0</raw_downloads><raw_downloads_month>0</raw_downloads_month><raw_downloads_week>0</raw_downloads_week><raw_downloads_day>0</raw_downloads_day></version><version><id>393923938</id><name>sha256:76613d43ece47b78ffb6489bc2c70137da35aeea72b06efc2fc43770c6d6e5de</name><date>2025-05-29</date><newest>false</newest><latest>false</latest><size>-1</size><downloads>4</downloads><downloads_month>4</downloads_month><downloads_week>4</downloads_week><downloads_day>0</downloads_day><raw_size>-1</raw_size><raw_downloads>4</raw_downloads><raw_downloads_month>4</raw_downloads_month><raw_downloads_week>4</raw_downloads_week><raw_downloads_day>0</raw_downloads_day><tags>unencrypted-11098</tags></version><version><id>394246388</id><name>sha256:f344039208ece85b1e429430e92aa63a4ac265cc5b9630c3b0ad79e16fad77df</name><date>2025-05-29</date><newest>false</newest><latest>false</latest><size>15.5 kB</size><downloads>0</downloads><downloads_month>0</downloads_month><downloads_week>0</downloads_week><downloads_day>0</downloads_day><raw_size>15543</raw_size><raw_downloads>0</raw_downloads><raw_downloads_month>0</raw_downloads_month><raw_downloads_week>0</raw_downloads_week><raw_downloads_day>0</raw_downloads_day></version><version><id>394246390</id><name>sha256:a8bbf6e729e5923a89c5888f1f82519e7346b60dd2c8a607608b0c857fe50d37</name><date>2025-05-29</date><newest>false</newest><latest>false</latest><size>15.5 kB</size><downloads>0</downloads><downloads_month>0</downloads_month><downloads_week>0</downloads_week><downloads_day>0</downloads_day><raw_size>15519</raw_size><raw_downloads>0</raw_downloads><raw_downloads_month>0</raw_downloads_month><raw_downloads_week>0</raw_downloads_week><raw_downloads_day>0</raw_downloads_day></version><version><id>394246391</id><name>sha256:962502c2494e2e6610946846cba186a457400d9d7cc0984d7d38ec3d37d10122</name><date>2025-05-29</date><newest>false</newest><latest>false</latest><size>-1</size><downloads>0</downloads><downloads_month>0</downloads_month><downloads_week>0</downloads_week><downloads_day>0</downloads_day><raw_size>-1</raw_size><raw_downloads>0</raw_downloads><raw_downloads_month>0</raw_downloads_month><raw_downloads_week>0</raw_downloads_week><raw_downloads_day>0</raw_downloads_day><tags>unencrypted-11142</tags></version><version><id>394287815</id><name>sha256:bb06dac7ad2df59f74b586aa8838788b7abf972429bab90ef8770d4cca2d0235</name><date>2025-05-29</date><newest>false</newest><latest>false</latest><size>7.5 MB</size><downloads>4</downloads><downloads_month>4</downloads_month><downloads_week>4</downloads_week><downloads_day>4</downloads_day><raw_size>7505252</raw_size><raw_downloads>4</raw_downloads><raw_downloads_month>4</raw_downloads_month><raw_downloads_week>4</raw_downloads_week><raw_downloads_day>4</raw_downloads_day></version><version><id>394287819</id><name>sha256:9b58744339b3b3225481b0290f28836588d4af7b31ea4429fe79dd632a413266</name><date>2025-05-29</date><newest>false</newest><latest>false</latest><size>6.7 MB</size><downloads>0</downloads><downloads_month>0</downloads_month><downloads_week>0</downloads_week><downloads_day>0</downloads_day><raw_size>6744225</raw_size><raw_downloads>0</raw_downloads><raw_downloads_month>0</raw_downloads_month><raw_downloads_week>0</raw_downloads_week><raw_downloads_day>0</raw_downloads_day></version><version><id>394287820</id><name>sha256:bf9aabfeb79a22b0088546e9f7bc0b38264952ff773f26db35b1edc644dc4c35</name><date>2025-05-29</date><newest>false</newest><latest>false</latest><size>15.5 kB</size><downloads>0</downloads><downloads_month>0</downloads_month><downloads_week>0</downloads_week><downloads_day>0</downloads_day><raw_size>15519</raw_size><raw_downloads>0</raw_downloads><raw_downloads_month>0</raw_downloads_month><raw_downloads_week>0</raw_downloads_week><raw_downloads_day>0</raw_downloads_day></version><version><id>414124651</id><name>sha256:0e7aa37daf3408ddf1a862c25c1dfe3c4f19d6db246e5fc9f421381b27693b82</name><date>2025-05-29</date><newest>false</newest><latest>false</latest><size>7.5 MB</size><downloads>4</downloads><downloads_month>4</downloads_month><downloads_week>4</downloads_week><downloads_day>4</downloads_day><raw_size>7505302</raw_size><raw_downloads>4</raw_downloads><raw_downloads_month>4</raw_downloads_month><raw_downloads_week>4</raw_downloads_week><raw_downloads_day>4</raw_downloads_day></version><version><id>414124653</id><name>sha256:fe1df6b43adbd84cac5bf2ab7aeb8134a8cb6346a90f8f8104ec7ab358a735dd</name><date>2025-05-29</date><newest>false</newest><latest>false</latest><size>15.5 kB</size><downloads>0</downloads><downloads_month>0</downloads_month><downloads_week>0</downloads_week><downloads_day>0</downloads_day><raw_size>15543</raw_size><raw_downloads>0</raw_downloads><raw_downloads_month>0</raw_downloads_month><raw_downloads_week>0</raw_downloads_week><raw_downloads_day>0</raw_downloads_day></version><version><id>414124655</id><name>sha256:f869ef5fecfe68053fa3bbf4edf6054dacca6fc0cf478561cdf1c0af5beb8869</name><date>2025-05-29</date><newest>false</newest><latest>false</latest><size>6.7 MB</size><downloads>0</downloads><downloads_month>0</downloads_month><downloads_week>0</downloads_week><downloads_day>0</downloads_day><raw_size>6744231</raw_size><raw_downloads>0</raw_downloads><raw_downloads_month>0</raw_downloads_month><raw_downloads_week>0</raw_downloads_week><raw_downloads_day>0</raw_downloads_day></version><version><id>414124658</id><name>sha256:0f9b53927946cde9b56f9e0fff4623372053124cc5d187b07ac05e0f3d31d667</name><date>2025-05-29</date><newest>false</newest><latest>false</latest><size>15.5 kB</size><downloads>0</downloads><downloads_month>0</downloads_month><downloads_week>0</downloads_week><downloads_day>0</downloads_day><raw_size>15519</raw_size><raw_downloads>0</raw_downloads><raw_downloads_month>0</raw_downloads_month><raw_downloads_week>0</raw_downloads_week><raw_downloads_day>0</raw_downloads_day></version><version><id>414124664</id><name>sha256:1665326a2734054ca375412b96a43f58597202296b07de4024ceca317183dadd</name><date>2025-05-29</date><newest>false</newest><latest>false</latest><size>-1</size><downloads>4</downloads><downloads_month>4</downloads_month><downloads_week>4</downloads_week><downloads_day>4</downloads_day><raw_size>-1</raw_size><raw_downloads>4</raw_downloads><raw_downloads_month>4</raw_downloads_month><raw_downloads_week>4</raw_downloads_week><raw_downloads_day>4</raw_downloads_day></version><version><id>414159155</id><name>sha256:e9c36259931f103719946774b968b8547c27d82cd4e10a3cf3b412d1da1b6587</name><date>2025-05-29</date><newest>false</newest><latest>false</latest><size>7.5 MB</size><downloads>4</downloads><downloads_month>4</downloads_month><downloads_week>4</downloads_week><downloads_day>4</downloads_day><raw_size>7505323</raw_size><raw_downloads>4</raw_downloads><raw_downloads_month>4</raw_downloads_month><raw_downloads_week>4</raw_downloads_week><raw_downloads_day>4</raw_downloads_day></version><version><id>414159156</id><name>sha256:6b2408b972bac1f56ffb3c4085b96a2559d396e66099a74a167316b453249e67</name><date>2025-05-29</date><newest>false</newest><latest>false</latest><size>6.7 MB</size><downloads>0</downloads><downloads_month>0</downloads_month><downloads_week>0</downloads_week><downloads_day>0</downloads_day><raw_size>6744214</raw_size><raw_downloads>0</raw_downloads><raw_downloads_month>0</raw_downloads_month><raw_downloads_week>0</raw_downloads_week><raw_downloads_day>0</raw_downloads_day></version><version><id>414159157</id><name>sha256:388b15f3f31f93949d0923bf7164a77fd4415671ed5012584ddff031caae3ddc</name><date>2025-05-29</date><newest>false</newest><latest>false</latest><size>15.5 kB</size><downloads>0</downloads><downloads_month>0</downloads_month><downloads_week>0</downloads_week><downloads_day>0</downloads_day><raw_size>15543</raw_size><raw_downloads>0</raw_downloads><raw_downloads_month>0</raw_downloads_month><raw_downloads_week>0</raw_downloads_week><raw_downloads_day>0</raw_downloads_day></version><version><id>414159166</id><name>sha256:5e7efc012b07c677eae5ed7f5340623657cd102bd0f134dddc8c8be78f5be254</name><date>2025-05-29</date><newest>false</newest><latest>false</latest><size>-1</size><downloads>4</downloads><downloads_month>4</downloads_month><downloads_week>4</downloads_week><downloads_day>4</downloads_day><raw_size>-1</raw_size><raw_downloads>4</raw_downloads><raw_downloads_month>4</raw_downloads_month><raw_downloads_week>4</raw_downloads_week><raw_downloads_day>4</raw_downloads_day></version><version><id>414262007</id><name>sha256:70607e2f2531fe4efc69bac891ac005ea605339eee250354077e07bcdade5165</name><date>2025-05-29</date><newest>false</newest><latest>false</latest><size>7.5 MB</size><downloads>4</downloads><downloads_month>4</downloads_month><downloads_week>4</downloads_week><downloads_day>4</downloads_day><raw_size>7505303</raw_size><raw_downloads>4</raw_downloads><raw_downloads_month>4</raw_downloads_month><raw_downloads_week>4</raw_downloads_week><raw_downloads_day>4</raw_downloads_day></version><version><id>414262014</id><name>sha256:e5c83198890ed3f1678fb0f4d70b50984658ecff9644accb5df00a3155e8e87c</name><date>2025-05-29</date><newest>false</newest><latest>false</latest><size>15.5 kB</size><downloads>0</downloads><downloads_month>0</downloads_month><downloads_week>0</downloads_week><downloads_day>0</downloads_day><raw_size>15543</raw_size><raw_downloads>0</raw_downloads><raw_downloads_month>0</raw_downloads_month><raw_downloads_week>0</raw_downloads_week><raw_downloads_day>0</raw_downloads_day></version><version><id>414262022</id><name>sha256:da8a02d29e8bb55ec3b684306f8ecb359c3a8f8bdcc7a4a14632979fb6b2c7a0</name><date>2025-05-29</date><newest>false</newest><latest>false</latest><size>6.7 MB</size><downloads>0</downloads><downloads_month>0</downloads_month><downloads_week>0</downloads_week><downloads_day>0</downloads_day><raw_size>6744220</raw_size><raw_downloads>0</raw_downloads><raw_downloads_month>0</raw_downloads_month><raw_downloads_week>0</raw_downloads_week><raw_downloads_day>0</raw_downloads_day></version><version><id>414262026</id><name>sha256:d5be0e6be7420ae349f87cdfe8279f66f2bf5842c1c002d9c0a7f91d858ed1a5</name><date>2025-05-29</date><newest>false</newest><latest>false</latest><size>15.5 kB</size><downloads>0</downloads><downloads_month>0</downloads_month><downloads_week>0</downloads_week><downloads_day>0</downloads_day><raw_size>15519</raw_size><raw_downloads>0</raw_downloads><raw_downloads_month>0</raw_downloads_month><raw_downloads_week>0</raw_downloads_week><raw_downloads_day>0</raw_downloads_day></version><version><id>414262029</id><name>sha256:d462961f97e15d219b0affa6f3837abaab9c101d131e88a60695ec062315251d</name><date>2025-05-29</date><newest>false</newest><latest>false</latest><size>-1</size><downloads>4</downloads><downloads_month>4</downloads_month><downloads_week>4</downloads_week><downloads_day>4</downloads_day><raw_size>-1</raw_size><raw_downloads>4</raw_downloads><raw_downloads_month>4</raw_downloads_month><raw_downloads_week>4</raw_downloads_week><raw_downloads_day>4</raw_downloads_day><tags>unencrypted-11241</tags></version><version><id>414271384</id><name>sha256:3a26a7e769c6fd7a90993ecb1b14487f957eb2a66e207255c6c9915f1bdb2410</name><date>2025-05-29</date><newest>false</newest><latest>false</latest><size>6.7 MB</size><downloads>0</downloads><downloads_month>0</downloads_month><downloads_week>0</downloads_week><downloads_day>0</downloads_day><raw_size>6744216</raw_size><raw_downloads>0</raw_downloads><raw_downloads_month>0</raw_downloads_month><raw_downloads_week>0</raw_downloads_week><raw_downloads_day>0</raw_downloads_day></version><version><id>414271407</id><name>sha256:ad13d6b110944a95d802134bc90dbb4b7bbc4441dc7f45313d9c550e677df73c</name><date>2025-05-29</date><newest>false</newest><latest>false</latest><size>7.5 MB</size><downloads>4</downloads><downloads_month>4</downloads_month><downloads_week>4</downloads_week><downloads_day>4</downloads_day><raw_size>7505311</raw_size><raw_downloads>4</raw_downloads><raw_downloads_month>4</raw_downloads_month><raw_downloads_week>4</raw_downloads_week><raw_downloads_day>4</raw_downloads_day></version><version><id>414271428</id><name>sha256:355416e8eac52d1d9cbf7b9ec1a169fd748de39dc2e7330447a549010980bac0</name><date>2025-05-29</date><newest>false</newest><latest>false</latest><size>15.5 kB</size><downloads>0</downloads><downloads_month>0</downloads_month><downloads_week>0</downloads_week><downloads_day>0</downloads_day><raw_size>15519</raw_size><raw_downloads>0</raw_downloads><raw_downloads_month>0</raw_downloads_month><raw_downloads_week>0</raw_downloads_week><raw_downloads_day>0</raw_downloads_day></version><version><id>414271441</id><name>sha256:c32701e8f7225c04d95ced07747b7bd1183ce841bd0af5efe9a573b74940c9c5</name><date>2025-05-29</date><newest>false</newest><latest>false</latest><size>-1</size><downloads>4</downloads><downloads_month>4</downloads_month><downloads_week>4</downloads_week><downloads_day>4</downloads_day><raw_size>-1</raw_size><raw_downloads>4</raw_downloads><raw_downloads_month>4</raw_downloads_month><raw_downloads_week>4</raw_downloads_week><raw_downloads_day>4</raw_downloads_day></version><version><id>414272132</id><name>sha256:1dd9a37d65eb92e5536140685360973933fdebe0ea35eca75f0419b3b2eedaa8</name><date>2025-05-29</date><newest>false</newest><latest>false</latest><size>7.5 MB</size><downloads>0</downloads><downloads_month>0</downloads_month><downloads_week>0</downloads_week><downloads_day>0</downloads_day><raw_size>7505279</raw_size><raw_downloads>0</raw_downloads><raw_downloads_month>0</raw_downloads_month><raw_downloads_week>0</raw_downloads_week><raw_downloads_day>0</raw_downloads_day></version><version><id>414272141</id><name>sha256:6663c2ade51f055c0eabfe73c0fd22c1bb2e8c3d1c6ae81f5e27ab8c2cee6868</name><date>2025-05-29</date><newest>false</newest><latest>false</latest><size>15.5 kB</size><downloads>0</downloads><downloads_month>0</downloads_month><downloads_week>0</downloads_week><downloads_day>0</downloads_day><raw_size>15543</raw_size><raw_downloads>0</raw_downloads><raw_downloads_month>0</raw_downloads_month><raw_downloads_week>0</raw_downloads_week><raw_downloads_day>0</raw_downloads_day></version><version><id>414272152</id><name>sha256:c8ea7b0193a7c31e6937380b23a733991427bb424f9b50c92de25dbc48a6c4ef</name><date>2025-05-29</date><newest>false</newest><latest>false</latest><size>6.7 MB</size><downloads>0</downloads><downloads_month>0</downloads_month><downloads_week>0</downloads_week><downloads_day>0</downloads_day><raw_size>6744221</raw_size><raw_downloads>0</raw_downloads><raw_downloads_month>0</raw_downloads_month><raw_downloads_week>0</raw_downloads_week><raw_downloads_day>0</raw_downloads_day></version><version><id>414272173</id><name>sha256:1b4c1525791665cac706d512b28b1346740280c09eadfc1bc3748270fe288850</name><date>2025-05-29</date><newest>false</newest><latest>false</latest><size>-1</size><downloads>0</downloads><downloads_month>0</downloads_month><downloads_week>0</downloads_week><downloads_day>0</downloads_day><raw_size>-1</raw_size><raw_downloads>0</raw_downloads><raw_downloads_month>0</raw_downloads_month><raw_downloads_week>0</raw_downloads_week><raw_downloads_day>0</raw_downloads_day></version><version><id>414328090</id><name>sha256:ed6d9a13be7f62a56ddff2fd7ed1befac48c4654666d08b854057aef7180eef8</name><date>2025-05-29</date><newest>false</newest><latest>false</latest><size>7.5 MB</size><downloads>0</downloads><downloads_month>0</downloads_month><downloads_week>0</downloads_week><downloads_day>0</downloads_day><raw_size>7505311</raw_size><raw_downloads>0</raw_downloads><raw_downloads_month>0</raw_downloads_month><raw_downloads_week>0</raw_downloads_week><raw_downloads_day>0</raw_downloads_day></version><version><id>414328097</id><name>sha256:9b48c3758cfd48cd152aef0b649db704d303937d10d0602a089fa467e4e6114a</name><date>2025-05-29</date><newest>false</newest><latest>false</latest><size>6.7 MB</size><downloads>0</downloads><downloads_month>0</downloads_month><downloads_week>0</downloads_week><downloads_day>0</downloads_day><raw_size>6744221</raw_size><raw_downloads>0</raw_downloads><raw_downloads_month>0</raw_downloads_month><raw_downloads_week>0</raw_downloads_week><raw_downloads_day>0</raw_downloads_day></version><version><id>414328104</id><name>sha256:c19aefb0c5610f2ef336b42e5ba04e5867a14472b18ee93e6340f5f18a6ce193</name><date>2025-05-29</date><newest>false</newest><latest>false</latest><size>15.5 kB</size><downloads>0</downloads><downloads_month>0</downloads_month><downloads_week>0</downloads_week><downloads_day>0</downloads_day><raw_size>15543</raw_size><raw_downloads>0</raw_downloads><raw_downloads_month>0</raw_downloads_month><raw_downloads_week>0</raw_downloads_week><raw_downloads_day>0</raw_downloads_day></version><version><id>414328115</id><name>sha256:892d8faa0124f195065547bfe7984e481b555c70674e585317ec316156ac9372</name><date>2025-05-29</date><newest>false</newest><latest>false</latest><size>15.5 kB</size><downloads>0</downloads><downloads_month>0</downloads_month><downloads_week>0</downloads_week><downloads_day>0</downloads_day><raw_size>15519</raw_size><raw_downloads>0</raw_downloads><raw_downloads_month>0</raw_downloads_month><raw_downloads_week>0</raw_downloads_week><raw_downloads_day>0</raw_downloads_day></version><version><id>414328125</id><name>sha256:ca06146db3350280f41319654f230c693e642b80f05ba68c169ba465429cc08c</name><date>2025-05-29</date><newest>false</newest><latest>false</latest><size>-1</size><downloads>0</downloads><downloads_month>0</downloads_month><downloads_week>0</downloads_week><downloads_day>0</downloads_day><raw_size>-1</raw_size><raw_downloads>0</raw_downloads><raw_downloads_month>0</raw_downloads_month><raw_downloads_week>0</raw_downloads_week><raw_downloads_day>0</raw_downloads_day></version><version><id>414341383</id><name>sha256:4911cceae9f2926751172518bdcc78e4060a39952adecf08aa3858e133eca072</name><date>2025-05-29</date><newest>false</newest><latest>false</latest><size>15.5 kB</size><downloads>0</downloads><downloads_month>0</downloads_month><downloads_week>0</downloads_week><downloads_day>0</downloads_day><raw_size>15519</raw_size><raw_downloads>0</raw_downloads><raw_downloads_month>0</raw_downloads_month><raw_downloads_week>0</raw_downloads_week><raw_downloads_day>0</raw_downloads_day></version><version><id>414341394</id><name>sha256:d72f7d176d38f07bab544c4735e21f506969a4d849913c4f28f9278b04bc4fd1</name><date>2025-05-29</date><newest>false</newest><latest>false</latest><size>7.5 MB</size><downloads>4</downloads><downloads_month>4</downloads_month><downloads_week>4</downloads_week><downloads_day>4</downloads_day><raw_size>7505301</raw_size><raw_downloads>4</raw_downloads><raw_downloads_month>4</raw_downloads_month><raw_downloads_week>4</raw_downloads_week><raw_downloads_day>4</raw_downloads_day></version><version><id>414341401</id><name>sha256:2a27c7cb9e904d34a067528dc5178f4bd12604e2aefee1e0d79d6bd48071e3da</name><date>2025-05-29</date><newest>false</newest><latest>false</latest><size>6.7 MB</size><downloads>0</downloads><downloads_month>0</downloads_month><downloads_week>0</downloads_week><downloads_day>0</downloads_day><raw_size>6744215</raw_size><raw_downloads>0</raw_downloads><raw_downloads_month>0</raw_downloads_month><raw_downloads_week>0</raw_downloads_week><raw_downloads_day>0</raw_downloads_day></version><version><id>414341404</id><name>sha256:3b5efa6f2e17d9271b318503f4b1b0697aefee7a48acd45bf32fc12c5d97464b</name><date>2025-05-29</date><newest>false</newest><latest>false</latest><size>15.5 kB</size><downloads>0</downloads><downloads_month>0</downloads_month><downloads_week>0</downloads_week><downloads_day>0</downloads_day><raw_size>15543</raw_size><raw_downloads>0</raw_downloads><raw_downloads_month>0</raw_downloads_month><raw_downloads_week>0</raw_downloads_week><raw_downloads_day>0</raw_downloads_day></version><version><id>414341411</id><name>sha256:0251cf2d8f95bac76d684e9d44f2eb66a5feb41dba885f096e0a3369f1a27f64</name><date>2025-05-29</date><newest>false</newest><latest>false</latest><size>-1</size><downloads>4</downloads><downloads_month>4</downloads_month><downloads_week>4</downloads_week><downloads_day>4</downloads_day><raw_size>-1</raw_size><raw_downloads>4</raw_downloads><raw_downloads_month>4</raw_downloads_month><raw_downloads_week>4</raw_downloads_week><raw_downloads_day>4</raw_downloads_day><tags>unencrypted-11253</tags></version><version><id>414365895</id><name>sha256:8679bd1af4021a6c0bd72c4856c1d2e235254b693c9ee359a4fa84f957a79893</name><date>2025-05-29</date><newest>false</newest><latest>false</latest><size>15.5 kB</size><downloads>0</downloads><downloads_month>0</downloads_month><downloads_week>0</downloads_week><downloads_day>0</downloads_day><raw_size>15543</raw_size><raw_downloads>0</raw_downloads><raw_downloads_month>0</raw_downloads_month><raw_downloads_week>0</raw_downloads_week><raw_downloads_day>0</raw_downloads_day></version><version><id>414365903</id><name>sha256:d070a4bafcf24763fc437104a60770a8a6812d2121ffb233341441d88987321b</name><date>2025-05-29</date><newest>false</newest><latest>false</latest><size>6.7 MB</size><downloads>0</downloads><downloads_month>0</downloads_month><downloads_week>0</downloads_week><downloads_day>0</downloads_day><raw_size>6744226</raw_size><raw_downloads>0</raw_downloads><raw_downloads_month>0</raw_downloads_month><raw_downloads_week>0</raw_downloads_week><raw_downloads_day>0</raw_downloads_day></version><version><id>414365909</id><name>sha256:5718c885e23c49df9985614cf07847328c726bfbdc1babca325cca95156912f7</name><date>2025-05-29</date><newest>false</newest><latest>false</latest><size>7.5 MB</size><downloads>4</downloads><downloads_month>4</downloads_month><downloads_week>4</downloads_week><downloads_day>4</downloads_day><raw_size>7505305</raw_size><raw_downloads>4</raw_downloads><raw_downloads_month>4</raw_downloads_month><raw_downloads_week>4</raw_downloads_week><raw_downloads_day>4</raw_downloads_day></version><version><id>414365935</id><name>sha256:b1e23108774b5960e34b7df83f6c0f7e98be78bf73b40f375525f552c143219e</name><date>2025-05-29</date><newest>false</newest><latest>false</latest><size>15.5 kB</size><downloads>0</downloads><downloads_month>0</downloads_month><downloads_week>0</downloads_week><downloads_day>0</downloads_day><raw_size>15519</raw_size><raw_downloads>0</raw_downloads><raw_downloads_month>0</raw_downloads_month><raw_downloads_week>0</raw_downloads_week><raw_downloads_day>0</raw_downloads_day></version><version><id>414430250</id><name>sha256:f8f62c9f5566c95b581280eacb59c64730f03b19f74872a7451cdbd4a163ef19</name><date>2025-05-29</date><newest>false</newest><latest>false</latest><size>6.7 MB</size><downloads>0</downloads><downloads_month>0</downloads_month><downloads_week>0</downloads_week><downloads_day>0</downloads_day><raw_size>6744231</raw_size><raw_downloads>0</raw_downloads><raw_downloads_month>0</raw_downloads_month><raw_downloads_week>0</raw_downloads_week><raw_downloads_day>0</raw_downloads_day></version><version><id>414430263</id><name>sha256:a5254d67570d15009ad9f24b7a900eefad06694326ef193cf407293e5964fc33</name><date>2025-05-29</date><newest>false</newest><latest>false</latest><size>7.5 MB</size><downloads>4</downloads><downloads_month>4</downloads_month><downloads_week>4</downloads_week><downloads_day>4</downloads_day><raw_size>7505308</raw_size><raw_downloads>4</raw_downloads><raw_downloads_month>4</raw_downloads_month><raw_downloads_week>4</raw_downloads_week><raw_downloads_day>4</raw_downloads_day></version><version><id>414430269</id><name>sha256:08218409b3ba7b1e053ad30633527da23f2e852e5b51720d55fb232d0332c640</name><date>2025-05-29</date><newest>false</newest><latest>false</latest><size>15.5 kB</size><downloads>0</downloads><downloads_month>0</downloads_month><downloads_week>0</downloads_week><downloads_day>0</downloads_day><raw_size>15543</raw_size><raw_downloads>0</raw_downloads><raw_downloads_month>0</raw_downloads_month><raw_downloads_week>0</raw_downloads_week><raw_downloads_day>0</raw_downloads_day></version><version><id>414430274</id><name>sha256:d08cfa891608f8360a22c9dc6f579d6fba79c377d5f546b281cb5e23942387df</name><date>2025-05-29</date><newest>false</newest><latest>false</latest><size>15.5 kB</size><downloads>0</downloads><downloads_month>0</downloads_month><downloads_week>0</downloads_week><downloads_day>0</downloads_day><raw_size>15519</raw_size><raw_downloads>0</raw_downloads><raw_downloads_month>0</raw_downloads_month><raw_downloads_week>0</raw_downloads_week><raw_downloads_day>0</raw_downloads_day></version><version><id>414430283</id><name>sha256:9a71b151306b9ff4476f7d265bdb8f23a1ecc1408697f0b8db0736b75c39482d</name><date>2025-05-29</date><newest>false</newest><latest>false</latest><size>-1</size><downloads>4</downloads><downloads_month>4</downloads_month><downloads_week>4</downloads_week><downloads_day>4</downloads_day><raw_size>-1</raw_size><raw_downloads>4</raw_downloads><raw_downloads_month>4</raw_downloads_month><raw_downloads_week>4</raw_downloads_week><raw_downloads_day>4</raw_downloads_day></version><version><id>414478381</id><name>sha256:558358d915a136e21851ce1fc5116bda63d830faf815fedec2a33f2699a6f789</name><date>2025-05-29</date><newest>false</newest><latest>false</latest><size>7.5 MB</size><downloads>0</downloads><downloads_month>0</downloads_month><downloads_week>0</downloads_week><downloads_day>0</downloads_day><raw_size>7505308</raw_size><raw_downloads>0</raw_downloads><raw_downloads_month>0</raw_downloads_month><raw_downloads_week>0</raw_downloads_week><raw_downloads_day>0</raw_downloads_day></version><version><id>414478413</id><name>sha256:0182c8b257d6b2f2b72aeb0683a7190422b85398785626342726ec224fd78459</name><date>2025-05-29</date><newest>false</newest><latest>false</latest><size>6.7 MB</size><downloads>0</downloads><downloads_month>0</downloads_month><downloads_week>0</downloads_week><downloads_day>0</downloads_day><raw_size>6744223</raw_size><raw_downloads>0</raw_downloads><raw_downloads_month>0</raw_downloads_month><raw_downloads_week>0</raw_downloads_week><raw_downloads_day>0</raw_downloads_day></version><version><id>414478437</id><name>sha256:916f2cf57d94ef333edf3e9f5c34ffc0ea79b5f7e2752a77e7f11eeac98de2d1</name><date>2025-05-29</date><newest>false</newest><latest>false</latest><size>15.5 kB</size><downloads>0</downloads><downloads_month>0</downloads_month><downloads_week>0</downloads_week><downloads_day>0</downloads_day><raw_size>15542</raw_size><raw_downloads>0</raw_downloads><raw_downloads_month>0</raw_downloads_month><raw_downloads_week>0</raw_downloads_week><raw_downloads_day>0</raw_downloads_day></version><version><id>414478506</id><name>sha256:70b6e0f02f5faffa3410a50f557941632fde1b4b842654ddfceda7bd4e096c2b</name><date>2025-05-29</date><newest>false</newest><latest>false</latest><size>-1</size><downloads>0</downloads><downloads_month>0</downloads_month><downloads_week>0</downloads_week><downloads_day>0</downloads_day><raw_size>-1</raw_size><raw_downloads>0</raw_downloads><raw_downloads_month>0</raw_downloads_month><raw_downloads_week>0</raw_downloads_week><raw_downloads_day>0</raw_downloads_day></version><version><id>414517181</id><name>sha256:ea744982f622862ed789c046637ce804dcacf0d726853f9b5d2ad8d528327c7d</name><date>2025-05-29</date><newest>false</newest><latest>false</latest><size>7.5 MB</size><downloads>0</downloads><downloads_month>0</downloads_month><downloads_week>0</downloads_week><downloads_day>0</downloads_day><raw_size>7505279</raw_size><raw_downloads>0</raw_downloads><raw_downloads_month>0</raw_downloads_month><raw_downloads_week>0</raw_downloads_week><raw_downloads_day>0</raw_downloads_day></version><version><id>414517189</id><name>sha256:0f2c5b865bd5b297f52ce0a83a7ad00c41f17c5822f5a9ed6ecce3ab86cd7b3a</name><date>2025-05-29</date><newest>false</newest><latest>false</latest><size>6.7 MB</size><downloads>0</downloads><downloads_month>0</downloads_month><downloads_week>0</downloads_week><downloads_day>0</downloads_day><raw_size>6744218</raw_size><raw_downloads>0</raw_downloads><raw_downloads_month>0</raw_downloads_month><raw_downloads_week>0</raw_downloads_week><raw_downloads_day>0</raw_downloads_day></version><version><id>414517193</id><name>sha256:d94bed9b965994994109892d6d0c335e3a2a7e0baa5d5653247c44a150bf9f0e</name><date>2025-05-29</date><newest>false</newest><latest>false</latest><size>15.5 kB</size><downloads>0</downloads><downloads_month>0</downloads_month><downloads_week>0</downloads_week><downloads_day>0</downloads_day><raw_size>15543</raw_size><raw_downloads>0</raw_downloads><raw_downloads_month>0</raw_downloads_month><raw_downloads_week>0</raw_downloads_week><raw_downloads_day>0</raw_downloads_day></version><version><id>414517202</id><name>sha256:5bb513bcd09d69b6d44babf0dccfdd4091ca07c00829eae08550d0aad00e76f2</name><date>2025-05-29</date><newest>false</newest><latest>false</latest><size>15.5 kB</size><downloads>0</downloads><downloads_month>0</downloads_month><downloads_week>0</downloads_week><downloads_day>0</downloads_day><raw_size>15519</raw_size><raw_downloads>0</raw_downloads><raw_downloads_month>0</raw_downloads_month><raw_downloads_week>0</raw_downloads_week><raw_downloads_day>0</raw_downloads_day></version><version><id>414517213</id><name>sha256:c57309c842788240b57e6d8bf464a5ab6c6d5f414fd0913204ae6c5894b28bfb</name><date>2025-05-29</date><newest>false</newest><latest>false</latest><size>-1</size><downloads>0</downloads><downloads_month>0</downloads_month><downloads_week>0</downloads_week><downloads_day>0</downloads_day><raw_size>-1</raw_size><raw_downloads>0</raw_downloads><raw_downloads_month>0</raw_downloads_month><raw_downloads_week>0</raw_downloads_week><raw_downloads_day>0</raw_downloads_day></version><version><id>414531497</id><name>sha256:3452dde894428ab7128e644f6fbf54c76dd816c15d5ece0e1842a1010abed072</name><date>2025-05-29</date><newest>false</newest><latest>false</latest><size>6.7 MB</size><downloads>0</downloads><downloads_month>0</downloads_month><downloads_week>0</downloads_week><downloads_day>0</downloads_day><raw_size>6744222</raw_size><raw_downloads>0</raw_downloads><raw_downloads_month>0</raw_downloads_month><raw_downloads_week>0</raw_downloads_week><raw_downloads_day>0</raw_downloads_day></version><version><id>414531536</id><name>sha256:d81a69433a332313ecfb259f06c7000366f87b136099c10f8402f5e3678922f5</name><date>2025-05-29</date><newest>false</newest><latest>false</latest><size>15.5 kB</size><downloads>0</downloads><downloads_month>0</downloads_month><downloads_week>0</downloads_week><downloads_day>0</downloads_day><raw_size>15543</raw_size><raw_downloads>0</raw_downloads><raw_downloads_month>0</raw_downloads_month><raw_downloads_week>0</raw_downloads_week><raw_downloads_day>0</raw_downloads_day></version><version><id>414531573</id><name>sha256:8ddaeb28af14c6ab7e5263299e2eef599380398c0e2f7d71567f625029ce7ace</name><date>2025-05-29</date><newest>false</newest><latest>false</latest><size>15.5 kB</size><downloads>0</downloads><downloads_month>0</downloads_month><downloads_week>0</downloads_week><downloads_day>0</downloads_day><raw_size>15519</raw_size><raw_downloads>0</raw_downloads><raw_downloads_month>0</raw_downloads_month><raw_downloads_week>0</raw_downloads_week><raw_downloads_day>0</raw_downloads_day></version><version><id>414531590</id><name>sha256:9042385acad0b2892fce0235097a39ecaf5d6cb5d0b5dcb420d889c0be885fda</name><date>2025-05-29</date><newest>false</newest><latest>false</latest><size>-1</size><downloads>0</downloads><downloads_month>0</downloads_month><downloads_week>0</downloads_week><downloads_day>0</downloads_day><raw_size>-1</raw_size><raw_downloads>0</raw_downloads><raw_downloads_month>0</raw_downloads_month><raw_downloads_week>0</raw_downloads_week><raw_downloads_day>0</raw_downloads_day></version><version><id>425641256</id><name>sha256:55d6ef3e9189e370ed31188bef672a6d737525869c7fc27d802cbdbae91ff50e</name><date>2025-05-29</date><newest>false</newest><latest>false</latest><size>7.5 MB</size><downloads>0</downloads><downloads_month>0</downloads_month><downloads_week>0</downloads_week><downloads_day>0</downloads_day><raw_size>7505321</raw_size><raw_downloads>0</raw_downloads><raw_downloads_month>0</raw_downloads_month><raw_downloads_week>0</raw_downloads_week><raw_downloads_day>0</raw_downloads_day></version><version><id>425641266</id><name>sha256:6a8941188b5a37cc2bb1ba3365f39dccd8e1a5444d1a09758b732f0b5fc06cd3</name><date>2025-05-29</date><newest>false</newest><latest>false</latest><size>6.7 MB</size><downloads>0</downloads><downloads_month>0</downloads_month><downloads_week>0</downloads_week><downloads_day>0</downloads_day><raw_size>6744225</raw_size><raw_downloads>0</raw_downloads><raw_downloads_month>0</raw_downloads_month><raw_downloads_week>0</raw_downloads_week><raw_downloads_day>0</raw_downloads_day></version><version><id>425641272</id><name>sha256:9cb2897661558eb8968bfeb7bf008ed16e57eb77ebb79a66824c8a07b3bdf942</name><date>2025-05-29</date><newest>false</newest><latest>false</latest><size>15.5 kB</size><downloads>0</downloads><downloads_month>0</downloads_month><downloads_week>0</downloads_week><downloads_day>0</downloads_day><raw_size>15541</raw_size><raw_downloads>0</raw_downloads><raw_downloads_month>0</raw_downloads_month><raw_downloads_week>0</raw_downloads_week><raw_downloads_day>0</raw_downloads_day></version><version><id>425641295</id><name>sha256:34bcab2b50eff9dfed388ff070d8b969d3f18b54944a4ea6121186a580d00b46</name><date>2025-05-29</date><newest>false</newest><latest>false</latest><size>-1</size><downloads>0</downloads><downloads_month>0</downloads_month><downloads_week>0</downloads_week><downloads_day>0</downloads_day><raw_size>-1</raw_size><raw_downloads>0</raw_downloads><raw_downloads_month>0</raw_downloads_month><raw_downloads_week>0</raw_downloads_week><raw_downloads_day>0</raw_downloads_day></version><version><id>425657299</id><name>sha256:7fbce74f776b2277ceffa0f9699c61cefecffdf7bb748b1db76a0a72eec6ef97</name><date>2025-05-29</date><newest>false</newest><latest>false</latest><size>7.5 MB</size><downloads>0</downloads><downloads_month>0</downloads_month><downloads_week>0</downloads_week><downloads_day>0</downloads_day><raw_size>7505312</raw_size><raw_downloads>0</raw_downloads><raw_downloads_month>0</raw_downloads_month><raw_downloads_week>0</raw_downloads_week><raw_downloads_day>0</raw_downloads_day></version><version><id>425657329</id><name>sha256:47d617f0b7569c55adc65c1806ce2f862005c8f1e15c570e4f376941f688a467</name><date>2025-05-29</date><newest>false</newest><latest>false</latest><size>15.5 kB</size><downloads>0</downloads><downloads_month>0</downloads_month><downloads_week>0</downloads_week><downloads_day>0</downloads_day><raw_size>15516</raw_size><raw_downloads>0</raw_downloads><raw_downloads_month>0</raw_downloads_month><raw_downloads_week>0</raw_downloads_week><raw_downloads_day>0</raw_downloads_day></version><version><id>425657337</id><name>sha256:e2eef01898187d75a86869c7530e177da4296a6a2f6c38b3d90c79b87bd8661c</name><date>2025-05-29</date><newest>false</newest><latest>false</latest><size>-1</size><downloads>0</downloads><downloads_month>0</downloads_month><downloads_week>0</downloads_week><downloads_day>0</downloads_day><raw_size>-1</raw_size><raw_downloads>0</raw_downloads><raw_downloads_month>0</raw_downloads_month><raw_downloads_week>0</raw_downloads_week><raw_downloads_day>0</raw_downloads_day></version><version><id>425687020</id><name>sha256:a2ccb1ed7104bc7c88574466c84e005ac36622ea366321418fc64cf37345e3d7</name><date>2025-05-29</date><newest>false</newest><latest>false</latest><size>6.7 MB</size><downloads>0</downloads><downloads_month>0</downloads_month><downloads_week>0</downloads_week><downloads_day>0</downloads_day><raw_size>6744233</raw_size><raw_downloads>0</raw_downloads><raw_downloads_month>0</raw_downloads_month><raw_downloads_week>0</raw_downloads_week><raw_downloads_day>0</raw_downloads_day></version><version><id>425687035</id><name>sha256:4772924e59572a7e7f9dd5242fe1780f53e86e07bb505bb9514d75314e528d83</name><date>2025-05-29</date><newest>false</newest><latest>false</latest><size>7.5 MB</size><downloads>5</downloads><downloads_month>5</downloads_month><downloads_week>5</downloads_week><downloads_day>0</downloads_day><raw_size>7505288</raw_size><raw_downloads>5</raw_downloads><raw_downloads_month>5</raw_downloads_month><raw_downloads_week>5</raw_downloads_week><raw_downloads_day>0</raw_downloads_day></version><version><id>425687061</id><name>sha256:df280236861eccd92da886fb1322b8a04f1f5c711b2054d9d5040c0f6b0690d4</name><date>2025-05-29</date><newest>false</newest><latest>false</latest><size>-1</size><downloads>5</downloads><downloads_month>5</downloads_month><downloads_week>5</downloads_week><downloads_day>0</downloads_day><raw_size>-1</raw_size><raw_downloads>5</raw_downloads><raw_downloads_month>5</raw_downloads_month><raw_downloads_week>5</raw_downloads_week><raw_downloads_day>0</raw_downloads_day></version><version><id>425869202</id><name>sha256:f69c21f76af57c42278a83cd0b594c7aaceefe3e4ea0c3a0accb6a5af8523e31</name><date>2025-05-29</date><newest>false</newest><latest>false</latest><size>-1</size><downloads>0</downloads><downloads_month>0</downloads_month><downloads_week>0</downloads_week><downloads_day>0</downloads_day><raw_size>-1</raw_size><raw_downloads>0</raw_downloads><raw_downloads_month>0</raw_downloads_month><raw_downloads_week>0</raw_downloads_week><raw_downloads_day>0</raw_downloads_day></version><version><id>425911156</id><name>sha256:8f9bebb01b9a4cb953957c83eaf8c4250d54b676f76c2a59bfb4485ff6ee1e21</name><date>2025-05-29</date><newest>false</newest><latest>false</latest><size>15.5 kB</size><downloads>0</downloads><downloads_month>0</downloads_month><downloads_week>0</downloads_week><downloads_day>0</downloads_day><raw_size>15541</raw_size><raw_downloads>0</raw_downloads><raw_downloads_month>0</raw_downloads_month><raw_downloads_week>0</raw_downloads_week><raw_downloads_day>0</raw_downloads_day></version><version><id>425911166</id><name>sha256:f267c620383e6b252f7884d12c8fb65536a84e2852eef8b14034243a1e091be9</name><date>2025-05-29</date><newest>false</newest><latest>false</latest><size>6.7 MB</size><downloads>0</downloads><downloads_month>0</downloads_month><downloads_week>0</downloads_week><downloads_day>0</downloads_day><raw_size>6744224</raw_size><raw_downloads>0</raw_downloads><raw_downloads_month>0</raw_downloads_month><raw_downloads_week>0</raw_downloads_week><raw_downloads_day>0</raw_downloads_day></version><version><id>425911170</id><name>sha256:3b8f1ab17bfe2712f0b3c9e3b9e07b0598a76452ef40777500ed89be7fb957e1</name><date>2025-05-29</date><newest>false</newest><latest>false</latest><size>15.5 kB</size><downloads>0</downloads><downloads_month>0</downloads_month><downloads_week>0</downloads_week><downloads_day>0</downloads_day><raw_size>15517</raw_size><raw_downloads>0</raw_downloads><raw_downloads_month>0</raw_downloads_month><raw_downloads_week>0</raw_downloads_week><raw_downloads_day>0</raw_downloads_day></version><version><id>425942448</id><name>sha256:559fb0ae14a145180f3037f443c8e3d0b2ebae87c9d1bc0299853aa04032ee53</name><date>2025-05-29</date><newest>false</newest><latest>false</latest><size>15.5 kB</size><downloads>0</downloads><downloads_month>0</downloads_month><downloads_week>0</downloads_week><downloads_day>0</downloads_day><raw_size>15517</raw_size><raw_downloads>0</raw_downloads><raw_downloads_month>0</raw_downloads_month><raw_downloads_week>0</raw_downloads_week><raw_downloads_day>0</raw_downloads_day></version><version><id>425942459</id><name>sha256:99e99c9ea3b598100a6d0d24dfd75c24bbe76a02f021043bf5927f405709c580</name><date>2025-05-29</date><newest>false</newest><latest>false</latest><size>-1</size><downloads>0</downloads><downloads_month>0</downloads_month><downloads_week>0</downloads_week><downloads_day>0</downloads_day><raw_size>-1</raw_size><raw_downloads>0</raw_downloads><raw_downloads_month>0</raw_downloads_month><raw_downloads_week>0</raw_downloads_week><raw_downloads_day>0</raw_downloads_day></version><version><id>425957224</id><name>sha256:af5837ebfec38c15a19afe67d6d2b37ee322f5a5f3f3f122ddcf61823d702cf1</name><date>2025-05-29</date><newest>false</newest><latest>false</latest><size>6.7 MB</size><downloads>0</downloads><downloads_month>0</downloads_month><downloads_week>0</downloads_week><downloads_day>0</downloads_day><raw_size>6744222</raw_size><raw_downloads>0</raw_downloads><raw_downloads_month>0</raw_downloads_month><raw_downloads_week>0</raw_downloads_week><raw_downloads_day>0</raw_downloads_day></version><version><id>425957238</id><name>sha256:3bbc79dbf5656116a5fae472d61eef4c186109117f6ec6d4321fe1a2952df775</name><date>2025-05-29</date><newest>false</newest><latest>false</latest><size>-1</size><downloads>4</downloads><downloads_month>4</downloads_month><downloads_week>4</downloads_week><downloads_day>0</downloads_day><raw_size>-1</raw_size><raw_downloads>4</raw_downloads><raw_downloads_month>4</raw_downloads_month><raw_downloads_week>4</raw_downloads_week><raw_downloads_day>0</raw_downloads_day><tags>unencrypted-11313</tags></version><version><id>426201190</id><name>sha256:d7230f68d2d86eb4f8a015590110917c2deecb967ca29f0425269f6f176148ed</name><date>2025-05-29</date><newest>false</newest><latest>false</latest><size>15.5 kB</size><downloads>0</downloads><downloads_month>0</downloads_month><downloads_week>0</downloads_week><downloads_day>0</downloads_day><raw_size>15545</raw_size><raw_downloads>0</raw_downloads><raw_downloads_month>0</raw_downloads_month><raw_downloads_week>0</raw_downloads_week><raw_downloads_day>0</raw_downloads_day></version><version><id>426201202</id><name>sha256:c8b4cbebf08175e57538838d3e7594937b873fbd0782f6e3625d2cb2740c6eae</name><date>2025-05-29</date><newest>false</newest><latest>false</latest><size>-1</size><downloads>6</downloads><downloads_month>6</downloads_month><downloads_week>6</downloads_week><downloads_day>6</downloads_day><raw_size>-1</raw_size><raw_downloads>6</raw_downloads><raw_downloads_month>6</raw_downloads_month><raw_downloads_week>6</raw_downloads_week><raw_downloads_day>6</raw_downloads_day><tags>unencrypted-nightly</tags></version><version><id>426234031</id><name>sha256:6c75f48f7e99407f8ff6b74933af4682ca517461e6ba8d56ab13434f174d2bdc</name><date>2025-05-29</date><newest>false</newest><latest>false</latest><size>7.5 MB</size><downloads>0</downloads><downloads_month>0</downloads_month><downloads_week>0</downloads_week><downloads_day>0</downloads_day><raw_size>7505321</raw_size><raw_downloads>0</raw_downloads><raw_downloads_month>0</raw_downloads_month><raw_downloads_week>0</raw_downloads_week><raw_downloads_day>0</raw_downloads_day></version><version><id>426273534</id><name>sha256:7a4dd7b12194f7b1315b1cebe11aced57d209961c427fa34f2adbd10c4a70e6d</name><date>2025-05-29</date><newest>false</newest><latest>false</latest><size>15.5 kB</size><downloads>0</downloads><downloads_month>0</downloads_month><downloads_week>0</downloads_week><downloads_day>0</downloads_day><raw_size>15541</raw_size><raw_downloads>0</raw_downloads><raw_downloads_month>0</raw_downloads_month><raw_downloads_week>0</raw_downloads_week><raw_downloads_day>0</raw_downloads_day></version><version><id>426273537</id><name>sha256:bd8eee17183089a4608b83ca189213d998df1a1667035a76c1b44df9f8975535</name><date>2025-05-29</date><newest>false</newest><latest>false</latest><size>-1</size><downloads>0</downloads><downloads_month>0</downloads_month><downloads_week>0</downloads_week><downloads_day>0</downloads_day><raw_size>-1</raw_size><raw_downloads>0</raw_downloads><raw_downloads_month>0</raw_downloads_month><raw_downloads_week>0</raw_downloads_week><raw_downloads_day>0</raw_downloads_day><tags>unencrypted-11329</tags></version><version><id>426328772</id><name>sha256:41a228cd5edaa3c59b1fcacd6e2a7606e9440e6eb1ed850a5d86bd3fc6176232</name><date>2025-05-29</date><newest>false</newest><latest>false</latest><size>15.5 kB</size><downloads>0</downloads><downloads_month>0</downloads_month><downloads_week>0</downloads_week><downloads_day>0</downloads_day><raw_size>15543</raw_size><raw_downloads>0</raw_downloads><raw_downloads_month>0</raw_downloads_month><raw_downloads_week>0</raw_downloads_week><raw_downloads_day>0</raw_downloads_day></version><version><id>426328779</id><name>sha256:738b087cb88f2e36c7997d2c2097848325e47d871984e6606a2ed9d9f1e6ab36</name><date>2025-05-29</date><newest>false</newest><latest>false</latest><size>6.7 MB</size><downloads>0</downloads><downloads_month>0</downloads_month><downloads_week>0</downloads_week><downloads_day>0</downloads_day><raw_size>6744234</raw_size><raw_downloads>0</raw_downloads><raw_downloads_month>0</raw_downloads_month><raw_downloads_week>0</raw_downloads_week><raw_downloads_day>0</raw_downloads_day></version><version><id>426328784</id><name>sha256:8e89a774131eb0010d5ab4bc45a187011def9fe7a205bba374aebf35d57926d4</name><date>2025-05-29</date><newest>false</newest><latest>false</latest><size>7.5 MB</size><downloads>0</downloads><downloads_month>0</downloads_month><downloads_week>0</downloads_week><downloads_day>0</downloads_day><raw_size>7505298</raw_size><raw_downloads>0</raw_downloads><raw_downloads_month>0</raw_downloads_month><raw_downloads_week>0</raw_downloads_week><raw_downloads_day>0</raw_downloads_day></version><version><id>426328787</id><name>sha256:57f681986dceefd8b32f945fd1687ec86bec76071efc0c28ac6bd87a8252724d</name><date>2025-05-29</date><newest>false</newest><latest>false</latest><size>15.5 kB</size><downloads>0</downloads><downloads_month>0</downloads_month><downloads_week>0</downloads_week><downloads_day>0</downloads_day><raw_size>15519</raw_size><raw_downloads>0</raw_downloads><raw_downloads_month>0</raw_downloads_month><raw_downloads_week>0</raw_downloads_week><raw_downloads_day>0</raw_downloads_day></version><version><id>426328791</id><name>sha256:95710d9e4dbdf4f833d504a079b079c0df347d79cf9f5745429b6c9c7fb2f29f</name><date>2025-05-29</date><newest>false</newest><latest>false</latest><size>-1</size><downloads>0</downloads><downloads_month>0</downloads_month><downloads_week>0</downloads_week><downloads_day>0</downloads_day><raw_size>-1</raw_size><raw_downloads>0</raw_downloads><raw_downloads_month>0</raw_downloads_month><raw_downloads_week>0</raw_downloads_week><raw_downloads_day>0</raw_downloads_day><tags>unencrypted-11327</tags></version><version><id>426329535</id><name>sha256:0c66aaeadf3629a1a08bb468d1e89f804d5be3308a25340f8dc9b96721613f1b</name><date>2025-05-29</date><newest>false</newest><latest>false</latest><size>7.5 MB</size><downloads>0</downloads><downloads_month>0</downloads_month><downloads_week>0</downloads_week><downloads_day>0</downloads_day><raw_size>7505310</raw_size><raw_downloads>0</raw_downloads><raw_downloads_month>0</raw_downloads_month><raw_downloads_week>0</raw_downloads_week><raw_downloads_day>0</raw_downloads_day></version><version><id>426329540</id><name>sha256:9aef149ee1336f327265563d40a9f9f6501b226844e547624dae2ee1356eac43</name><date>2025-05-29</date><newest>false</newest><latest>false</latest><size>6.7 MB</size><downloads>0</downloads><downloads_month>0</downloads_month><downloads_week>0</downloads_week><downloads_day>0</downloads_day><raw_size>6744222</raw_size><raw_downloads>0</raw_downloads><raw_downloads_month>0</raw_downloads_month><raw_downloads_week>0</raw_downloads_week><raw_downloads_day>0</raw_downloads_day></version><version><id>426329545</id><name>sha256:999115c1a324e695980054927ccc7a1a2b30bd2217b2a4342115317395d840b4</name><date>2025-05-29</date><newest>false</newest><latest>false</latest><size>15.5 kB</size><downloads>0</downloads><downloads_month>0</downloads_month><downloads_week>0</downloads_week><downloads_day>0</downloads_day><raw_size>15543</raw_size><raw_downloads>0</raw_downloads><raw_downloads_month>0</raw_downloads_month><raw_downloads_week>0</raw_downloads_week><raw_downloads_day>0</raw_downloads_day></version><version><id>426329563</id><name>sha256:f815a420751c68bad3dea578dd7970a0ee0615cb987c828b5775f148b6c57253</name><date>2025-05-29</date><newest>false</newest><latest>false</latest><size>-1</size><downloads>0</downloads><downloads_month>0</downloads_month><downloads_week>0</downloads_week><downloads_day>0</downloads_day><raw_size>-1</raw_size><raw_downloads>0</raw_downloads><raw_downloads_month>0</raw_downloads_month><raw_downloads_week>0</raw_downloads_week><raw_downloads_day>0</raw_downloads_day><tags>unencrypted-11324</tags></version><version><id>426343387</id><name>sha256:24893de7510e5948e19b18eb2864f928ea6c4cb076031f664efa2dd524fd7221</name><date>2025-05-29</date><newest>false</newest><latest>false</latest><size>7.5 MB</size><downloads>0</downloads><downloads_month>0</downloads_month><downloads_week>0</downloads_week><downloads_day>0</downloads_day><raw_size>7505319</raw_size><raw_downloads>0</raw_downloads><raw_downloads_month>0</raw_downloads_month><raw_downloads_week>0</raw_downloads_week><raw_downloads_day>0</raw_downloads_day></version><version><id>426343403</id><name>sha256:457ac4cf299f1e7dc95456c6981764e05d3d25728b292cd8b5aa75b961eea072</name><date>2025-05-29</date><newest>false</newest><latest>false</latest><size>15.5 kB</size><downloads>0</downloads><downloads_month>0</downloads_month><downloads_week>0</downloads_week><downloads_day>0</downloads_day><raw_size>15519</raw_size><raw_downloads>0</raw_downloads><raw_downloads_month>0</raw_downloads_month><raw_downloads_week>0</raw_downloads_week><raw_downloads_day>0</raw_downloads_day></version><version><id>426343706</id><name>sha256:cf412e1ab3795d1ec200684ba222df169626643a5c32cd1dab459f1e83bc6ea5</name><date>2025-05-29</date><newest>false</newest><latest>false</latest><size>7.5 MB</size><downloads>0</downloads><downloads_month>0</downloads_month><downloads_week>0</downloads_week><downloads_day>0</downloads_day><raw_size>7505292</raw_size><raw_downloads>0</raw_downloads><raw_downloads_month>0</raw_downloads_month><raw_downloads_week>0</raw_downloads_week><raw_downloads_day>0</raw_downloads_day></version><version><id>426343711</id><name>sha256:0b9c67dbe3f816bf6ad1ae67ecbdc75853efea45e04eb053f7ca87e4c13db8df</name><date>2025-05-29</date><newest>false</newest><latest>false</latest><size>15.5 kB</size><downloads>0</downloads><downloads_month>0</downloads_month><downloads_week>0</downloads_week><downloads_day>0</downloads_day><raw_size>15542</raw_size><raw_downloads>0</raw_downloads><raw_downloads_month>0</raw_downloads_month><raw_downloads_week>0</raw_downloads_week><raw_downloads_day>0</raw_downloads_day></version><version><id>426343722</id><name>sha256:aaf7414bbf3bb6b0c7487c57284c03ce2f6b8206d5618f3c70eed3ae740eff2a</name><date>2025-05-29</date><newest>false</newest><latest>false</latest><size>-1</size><downloads>0</downloads><downloads_month>0</downloads_month><downloads_week>0</downloads_week><downloads_day>0</downloads_day><raw_size>-1</raw_size><raw_downloads>0</raw_downloads><raw_downloads_month>0</raw_downloads_month><raw_downloads_week>0</raw_downloads_week><raw_downloads_day>0</raw_downloads_day></version><version><id>426405844</id><name>sha256:c64d833e352bfd10d40cf60af60c2c27fb100173828384d5128bad1753dccba5</name><date>2025-05-29</date><newest>false</newest><latest>false</latest><size>15.5 kB</size><downloads>0</downloads><downloads_month>0</downloads_month><downloads_week>0</downloads_week><downloads_day>0</downloads_day><raw_size>15543</raw_size><raw_downloads>0</raw_downloads><raw_downloads_month>0</raw_downloads_month><raw_downloads_week>0</raw_downloads_week><raw_downloads_day>0</raw_downloads_day></version><version><id>426405847</id><name>sha256:c0aaa4f640496e72a48f28df99d226775e2ce1ce9d9f6223bb15a216a3599d02</name><date>2025-05-29</date><newest>false</newest><latest>false</latest><size>7.5 MB</size><downloads>0</downloads><downloads_month>0</downloads_month><downloads_week>0</downloads_week><downloads_day>0</downloads_day><raw_size>7505290</raw_size><raw_downloads>0</raw_downloads><raw_downloads_month>0</raw_downloads_month><raw_downloads_week>0</raw_downloads_week><raw_downloads_day>0</raw_downloads_day></version><version><id>426405849</id><name>sha256:fb172fe8f1d860c966f09e831c0efe3836d2c89e237c386c265b7111d5b8d80c</name><date>2025-05-29</date><newest>false</newest><latest>false</latest><size>6.7 MB</size><downloads>0</downloads><downloads_month>0</downloads_month><downloads_week>0</downloads_week><downloads_day>0</downloads_day><raw_size>6744216</raw_size><raw_downloads>0</raw_downloads><raw_downloads_month>0</raw_downloads_month><raw_downloads_week>0</raw_downloads_week><raw_downloads_day>0</raw_downloads_day></version><version><id>426405853</id><name>sha256:f911b550aa51d4b25cce24ed9582f94bba6d3b23b8adeb417261f4f6f963428c</name><date>2025-05-29</date><newest>false</newest><latest>false</latest><size>15.5 kB</size><downloads>0</downloads><downloads_month>0</downloads_month><downloads_week>0</downloads_week><downloads_day>0</downloads_day><raw_size>15519</raw_size><raw_downloads>0</raw_downloads><raw_downloads_month>0</raw_downloads_month><raw_downloads_week>0</raw_downloads_week><raw_downloads_day>0</raw_downloads_day></version><version><id>426405865</id><name>sha256:26c6917835580a3fdb767ed46545747cf6bc2eb80b317b663314f8671f805cbd</name><date>2025-05-29</date><newest>false</newest><latest>false</latest><size>-1</size><downloads>0</downloads><downloads_month>0</downloads_month><downloads_week>0</downloads_week><downloads_day>0</downloads_day><raw_size>-1</raw_size><raw_downloads>0</raw_downloads><raw_downloads_month>0</raw_downloads_month><raw_downloads_week>0</raw_downloads_week><raw_downloads_day>0</raw_downloads_day></version><version><id>426436638</id><name>sha256:d4a33472366c4f2b609700d82e982fbb4e208769393b17e56eaeb58a8a084707</name><date>2025-05-29</date><newest>false</newest><latest>false</latest><size>15.5 kB</size><downloads>0</downloads><downloads_month>0</downloads_month><downloads_week>0</downloads_week><downloads_day>0</downloads_day><raw_size>15543</raw_size><raw_downloads>0</raw_downloads><raw_downloads_month>0</raw_downloads_month><raw_downloads_week>0</raw_downloads_week><raw_downloads_day>0</raw_downloads_day></version><version><id>426436644</id><name>sha256:92aefafedb969fdbfb97eb83e3b8725903a83785704c398e8fd671971c7e3340</name><date>2025-05-29</date><newest>false</newest><latest>false</latest><size>6.7 MB</size><downloads>0</downloads><downloads_month>0</downloads_month><downloads_week>0</downloads_week><downloads_day>0</downloads_day><raw_size>6744224</raw_size><raw_downloads>0</raw_downloads><raw_downloads_month>0</raw_downloads_month><raw_downloads_week>0</raw_downloads_week><raw_downloads_day>0</raw_downloads_day></version><version><id>426436648</id><name>sha256:f96ad54dd40f3f8b86d46a6ec829f2cc210dc14845dd08c08d65e466c7a771a0</name><date>2025-05-29</date><newest>false</newest><latest>false</latest><size>7.5 MB</size><downloads>0</downloads><downloads_month>0</downloads_month><downloads_week>0</downloads_week><downloads_day>0</downloads_day><raw_size>7505303</raw_size><raw_downloads>0</raw_downloads><raw_downloads_month>0</raw_downloads_month><raw_downloads_week>0</raw_downloads_week><raw_downloads_day>0</raw_downloads_day></version><version><id>426436652</id><name>sha256:2804410be5b24b7eec7e72f9b4ff481c5e2d40346197c07b9e4d3d5e5b1c46ba</name><date>2025-05-29</date><newest>false</newest><latest>false</latest><size>15.5 kB</size><downloads>0</downloads><downloads_month>0</downloads_month><downloads_week>0</downloads_week><downloads_day>0</downloads_day><raw_size>15519</raw_size><raw_downloads>0</raw_downloads><raw_downloads_month>0</raw_downloads_month><raw_downloads_week>0</raw_downloads_week><raw_downloads_day>0</raw_downloads_day></version><version><id>426436657</id><name>sha256:0e2410ac63961481d191c61305d4d47e9b20f6fb8f690042f34b63d8db1d4434</name><date>2025-05-29</date><newest>false</newest><latest>false</latest><size>-1</size><downloads>0</downloads><downloads_month>0</downloads_month><downloads_week>0</downloads_week><downloads_day>0</downloads_day><raw_size>-1</raw_size><raw_downloads>0</raw_downloads><raw_downloads_month>0</raw_downloads_month><raw_downloads_week>0</raw_downloads_week><raw_downloads_day>0</raw_downloads_day><tags>unencrypted-10664</tags></version><version><id>426442449</id><name>sha256:a8750a94fd223be47356e9da332aedeef9021ccd66709d1b95fbb6412de709f6</name><date>2025-05-29</date><newest>false</newest><latest>false</latest><size>6.7 MB</size><downloads>0</downloads><downloads_month>0</downloads_month><downloads_week>0</downloads_week><downloads_day>0</downloads_day><raw_size>6744212</raw_size><raw_downloads>0</raw_downloads><raw_downloads_month>0</raw_downloads_month><raw_downloads_week>0</raw_downloads_week><raw_downloads_day>0</raw_downloads_day></version><version><id>426442452</id><name>sha256:730fc214fa55643db61c972a8a9e2a1c255f4ee4cbc931bbba8e3a1b5ab7a64e</name><date>2025-05-29</date><newest>false</newest><latest>false</latest><size>15.5 kB</size><downloads>0</downloads><downloads_month>0</downloads_month><downloads_week>0</downloads_week><downloads_day>0</downloads_day><raw_size>15543</raw_size><raw_downloads>0</raw_downloads><raw_downloads_month>0</raw_downloads_month><raw_downloads_week>0</raw_downloads_week><raw_downloads_day>0</raw_downloads_day></version><version><id>426442458</id><name>sha256:6a0df37a05e3c3415dad8c231a3eb7fca672e2d190de3d02daae55691a0388f6</name><date>2025-05-29</date><newest>false</newest><latest>false</latest><size>15.5 kB</size><downloads>0</downloads><downloads_month>0</downloads_month><downloads_week>0</downloads_week><downloads_day>0</downloads_day><raw_size>15519</raw_size><raw_downloads>0</raw_downloads><raw_downloads_month>0</raw_downloads_month><raw_downloads_week>0</raw_downloads_week><raw_downloads_day>0</raw_downloads_day></version><version><id>426442468</id><name>sha256:60f658bada375666405113db14e028557d42dbe394cee69b08599612808d7694</name><date>2025-05-29</date><newest>false</newest><latest>false</latest><size>-1</size><downloads>0</downloads><downloads_month>0</downloads_month><downloads_week>0</downloads_week><downloads_day>0</downloads_day><raw_size>-1</raw_size><raw_downloads>0</raw_downloads><raw_downloads_month>0</raw_downloads_month><raw_downloads_week>0</raw_downloads_week><raw_downloads_day>0</raw_downloads_day><tags>unencrypted-11248</tags></version><version><id>426457219</id><name>sha256:752997aa1b46b93c9f256f572d978057a1d812f4c1bebe80e6927797ac19b8cc</name><date>2025-05-29</date><newest>false</newest><latest>false</latest><size>7.5 MB</size><downloads>0</downloads><downloads_month>0</downloads_month><downloads_week>0</downloads_week><downloads_day>0</downloads_day><raw_size>7505296</raw_size><raw_downloads>0</raw_downloads><raw_downloads_month>0</raw_downloads_month><raw_downloads_week>0</raw_downloads_week><raw_downloads_day>0</raw_downloads_day></version><version><id>426457233</id><name>sha256:b967f51261c2d07385bf1efcb2ff3fb15684099adbe53981f1761643ca6f92e3</name><date>2025-05-29</date><newest>false</newest><latest>false</latest><size>15.5 kB</size><downloads>0</downloads><downloads_month>0</downloads_month><downloads_week>0</downloads_week><downloads_day>0</downloads_day><raw_size>15543</raw_size><raw_downloads>0</raw_downloads><raw_downloads_month>0</raw_downloads_month><raw_downloads_week>0</raw_downloads_week><raw_downloads_day>0</raw_downloads_day></version><version><id>426457242</id><name>sha256:e0299ad0b43f2a05c9796a9cee567598ec3360f441c4fb89d284329014db0c0d</name><date>2025-05-29</date><newest>false</newest><latest>false</latest><size>15.5 kB</size><downloads>0</downloads><downloads_month>0</downloads_month><downloads_week>0</downloads_week><downloads_day>0</downloads_day><raw_size>15519</raw_size><raw_downloads>0</raw_downloads><raw_downloads_month>0</raw_downloads_month><raw_downloads_week>0</raw_downloads_week><raw_downloads_day>0</raw_downloads_day></version><version><id>426457250</id><name>sha256:4889a1b269cce856a0a4f96d5062e3f11b7dee488f28b60c52aa4dffbf2a96df</name><date>2025-05-29</date><newest>true</newest><latest>false</latest><size>-1</size><downloads>0</downloads><downloads_month>0</downloads_month><downloads_week>0</downloads_week><downloads_day>0</downloads_day><raw_size>-1</raw_size><raw_downloads>0</raw_downloads><raw_downloads_month>0</raw_downloads_month><raw_downloads_week>0</raw_downloads_week><raw_downloads_day>0</raw_downloads_day><tags>unencrypted-11284</tags></version></xml>
