<?xml version="1.0" encoding="UTF-8"?><xml><owner_type>orgs</owner_type><package_type>container</package_type><owner_id>33289952</owner_id><owner>kata-containers</owner><repo>kata-containers</repo><package>test-images</package><date>2025-02-07</date><size>-1</size><versions>3</versions><tagged>0</tagged><owner_rank>3</owner_rank><repo_rank>3</repo_rank><downloads>92.7k</downloads><downloads_month>6</downloads_month><downloads_week>6</downloads_week><downloads_day>6</downloads_day><raw_size>-1</raw_size><raw_versions>3</raw_versions><raw_tagged>0</raw_tagged><raw_owner_rank>3</raw_owner_rank><raw_repo_rank>3</raw_repo_rank><raw_downloads>92743</raw_downloads><raw_downloads_month>6</raw_downloads_month><raw_downloads_week>6</raw_downloads_week><raw_downloads_day>6</raw_downloads_day><version><id>350279323</id><name>sha256:e9ddd19a73a766984a40e7b22e1c9266b3e9a0f68b49192b6a98898ec457ddf6</name><date>2025-02-07</date><newest>false</newest><latest>false</latest><size>7.4 MB</size><downloads>6</downloads><downloads_month>6</downloads_month><downloads_week>6</downloads_week><downloads_day>6</downloads_day><raw_size>7497244</raw_size><raw_downloads>6</raw_downloads><raw_downloads_month>6</raw_downloads_month><raw_downloads_week>6</raw_downloads_week><raw_downloads_day>6</raw_downloads_day></version><version><id>350371668</id><name>sha256:bd2f3af9b3468a0d8e15aba9aa4d9b6ceb97d22ae1d1a2508034a8a9e0aec040</name><date>2025-02-07</date><newest>false</newest><latest>false</latest><size>12 kB</size><downloads>0</downloads><downloads_month>0</downloads_month><downloads_week>0</downloads_week><downloads_day>0</downloads_day><raw_size>12040</raw_size><raw_downloads>0</raw_downloads><raw_downloads_month>0</raw_downloads_month><raw_downloads_week>0</raw_downloads_week><raw_downloads_day>0</raw_downloads_day></version><version><id>350371672</id><name>sha256:239ec004b69a84652f064b72d575d6aa095fec9596990d02a043425d4767ee0f</name><date>2025-02-07</date><newest>true</newest><latest>false</latest><size>12 kB</size><downloads>0</downloads><downloads_month>0</downloads_month><downloads_week>0</downloads_week><downloads_day>0</downloads_day><raw_size>12024</raw_size><raw_downloads>0</raw_downloads><raw_downloads_month>0</raw_downloads_month><raw_downloads_week>0</raw_downloads_week><raw_downloads_day>0</raw_downloads_day></version></xml>
