<?xml version="1.0" encoding="UTF-8"?><xml><owner_type>orgs</owner_type><package_type>container</package_type><owner_id>33289952</owner_id><owner>kata-containers</owner><repo>kata-containers</repo><package>test-images</package><date>2024-12-30</date><size>-1</size><versions>33</versions><tagged>16</tagged><downloads>89k</downloads><downloads_month>4</downloads_month><downloads_week>4</downloads_week><downloads_day>0</downloads_day><raw_size>-1</raw_size><raw_versions>33</raw_versions><raw_tagged>16</raw_tagged><raw_downloads>89049</raw_downloads><raw_downloads_month>4</raw_downloads_month><raw_downloads_week>4</raw_downloads_week><raw_downloads_day>0</raw_downloads_day><version><id>301573584</id><name>sha256:eea6a55e7f2d46ef669da794e3541d566533db2f867878b91059c99d0dd95736</name><date>2024-12-30</date><newest>false</newest><latest>false</latest><size>-1</size><downloads>-1</downloads><downloads_month>-1</downloads_month><downloads_week>-1</downloads_week><downloads_day>-1</downloads_day><raw_size>-1</raw_size><raw_downloads>-1</raw_downloads><raw_downloads_month>-1</raw_downloads_month><raw_downloads_week>-1</raw_downloads_week><raw_downloads_day>-1</raw_downloads_day><tags>[]</tags></version><version><id>301826385</id><name>sha256:02c25e901e744e90ceb700f116e8066fb22d519affd6e2cb7f6bd6f242a29d15</name><date>2024-12-30</date><newest>false</newest><latest>false</latest><size>-1</size><downloads>-1</downloads><downloads_month>-1</downloads_month><downloads_week>-1</downloads_week><downloads_day>-1</downloads_day><raw_size>-1</raw_size><raw_downloads>-1</raw_downloads><raw_downloads_month>-1</raw_downloads_month><raw_downloads_week>-1</raw_downloads_week><raw_downloads_day>-1</raw_downloads_day><tags>[]</tags></version><version><id>302117723</id><name>sha256:06f7e41cd7abd9b5fe44f54bbd51da0d244905c7f10243365c3194e1ae8e42bd</name><date>2024-12-30</date><newest>false</newest><latest>false</latest><size>-1</size><downloads>-1</downloads><downloads_month>-1</downloads_month><downloads_week>-1</downloads_week><downloads_day>-1</downloads_day><raw_size>-1</raw_size><raw_downloads>-1</raw_downloads><raw_downloads_month>-1</raw_downloads_month><raw_downloads_week>-1</raw_downloads_week><raw_downloads_day>-1</raw_downloads_day><tags>[]</tags></version><version><id>302300046</id><name>sha256:6d1909e264d40b404e820870253a47f440d94b2fcaa4eef256d287729da6d564</name><date>2024-12-30</date><newest>false</newest><latest>false</latest><size>-1</size><downloads>-1</downloads><downloads_month>-1</downloads_month><downloads_week>-1</downloads_week><downloads_day>-1</downloads_day><raw_size>-1</raw_size><raw_downloads>-1</raw_downloads><raw_downloads_month>-1</raw_downloads_month><raw_downloads_week>-1</raw_downloads_week><raw_downloads_day>-1</raw_downloads_day><tags>[]</tags></version><version><id>302300052</id><name>sha256:4663716a08866c3802baf66f7cd470a190ad8381fa5accd1673c9e345d96ae6b</name><date>2024-12-30</date><newest>false</newest><latest>false</latest><size>-1</size><downloads>-1</downloads><downloads_month>-1</downloads_month><downloads_week>-1</downloads_week><downloads_day>-1</downloads_day><raw_size>-1</raw_size><raw_downloads>-1</raw_downloads><raw_downloads_month>-1</raw_downloads_month><raw_downloads_week>-1</raw_downloads_week><raw_downloads_day>-1</raw_downloads_day><tags>[]</tags></version><version><id>302647180</id><name>sha256:a036eb57aa2cec964e6afee9a7aa7ea65b8422edf62dbf07b13f0ffb8e1926ea</name><date>2024-12-30</date><newest>false</newest><latest>false</latest><size>-1</size><downloads>-1</downloads><downloads_month>-1</downloads_month><downloads_week>-1</downloads_week><downloads_day>-1</downloads_day><raw_size>-1</raw_size><raw_downloads>-1</raw_downloads><raw_downloads_month>-1</raw_downloads_month><raw_downloads_week>-1</raw_downloads_week><raw_downloads_day>-1</raw_downloads_day><tags>unencrypted-10511</tags></version><version><id>302682769</id><name>sha256:cc5bf1da5d2d9ae43acc74ad144eb8154597ce431650659e24ebf86dd81e08d0</name><date>2024-12-30</date><newest>false</newest><latest>false</latest><size>-1</size><downloads>-1</downloads><downloads_month>-1</downloads_month><downloads_week>-1</downloads_week><downloads_day>-1</downloads_day><raw_size>-1</raw_size><raw_downloads>-1</raw_downloads><raw_downloads_month>-1</raw_downloads_month><raw_downloads_week>-1</raw_downloads_week><raw_downloads_day>-1</raw_downloads_day><tags>[]</tags></version><version><id>302682776</id><name>sha256:fef9c0db4ef0ac5fead9067cc31688a9657ff87eba91b03657bb5ca564df7d74</name><date>2024-12-30</date><newest>false</newest><latest>false</latest><size>-1</size><downloads>-1</downloads><downloads_month>-1</downloads_month><downloads_week>-1</downloads_week><downloads_day>-1</downloads_day><raw_size>-1</raw_size><raw_downloads>-1</raw_downloads><raw_downloads_month>-1</raw_downloads_month><raw_downloads_week>-1</raw_downloads_week><raw_downloads_day>-1</raw_downloads_day><tags>[]</tags></version><version><id>302682788</id><name>sha256:3d6e70275ae2af0b0c91fa1d43b978afc799af62b3d3e0361a978c8030099fe3</name><date>2024-12-30</date><newest>false</newest><latest>false</latest><size>-1</size><downloads>-1</downloads><downloads_month>-1</downloads_month><downloads_week>-1</downloads_week><downloads_day>-1</downloads_day><raw_size>-1</raw_size><raw_downloads>-1</raw_downloads><raw_downloads_month>-1</raw_downloads_month><raw_downloads_week>-1</raw_downloads_week><raw_downloads_day>-1</raw_downloads_day><tags>unencrypted-10513</tags></version><version><id>305582441</id><name>sha256:38af063dec183b4721e528f73f1e84c85a2f8ccc9ce5add8771f2d7faf697e69</name><date>2024-12-30</date><newest>false</newest><latest>false</latest><size>6.7 MB</size><downloads>0</downloads><downloads_month>0</downloads_month><downloads_week>0</downloads_week><downloads_day>0</downloads_day><raw_size>6740514</raw_size><raw_downloads>0</raw_downloads><raw_downloads_month>0</raw_downloads_month><raw_downloads_week>0</raw_downloads_week><raw_downloads_day>0</raw_downloads_day><tags>[]</tags></version><version><id>305817968</id><name>sha256:77afa14e4f0580e56982f68548aa82d5a51c81bc28045163cd1b1f84cef5bc67</name><date>2024-12-30</date><newest>false</newest><latest>false</latest><size>-1</size><downloads>4</downloads><downloads_month>4</downloads_month><downloads_week>4</downloads_week><downloads_day>4</downloads_day><raw_size>-1</raw_size><raw_downloads>4</raw_downloads><raw_downloads_month>4</raw_downloads_month><raw_downloads_week>4</raw_downloads_week><raw_downloads_day>4</raw_downloads_day></version><version><id>305887447</id><name>sha256:20764bfe5643a2f4614ff84e63c5f7ab32d2394083f494972c32ed816b82060a</name><date>2024-12-30</date><newest>false</newest><latest>false</latest><size>6.7 MB</size><downloads>0</downloads><downloads_month>0</downloads_month><downloads_week>0</downloads_week><downloads_day>0</downloads_day><raw_size>6740514</raw_size><raw_downloads>0</raw_downloads><raw_downloads_month>0</raw_downloads_month><raw_downloads_week>0</raw_downloads_week><raw_downloads_day>0</raw_downloads_day></version><version><id>305894031</id><name>sha256:91cb3bdb3700d16d761b1c452f84cf3271716a8740e3e541b8a35ab82b56c4ab</name><date>2024-12-30</date><newest>false</newest><latest>false</latest><size>6.7 MB</size><downloads>0</downloads><downloads_month>0</downloads_month><downloads_week>0</downloads_week><downloads_day>0</downloads_day><raw_size>6740515</raw_size><raw_downloads>0</raw_downloads><raw_downloads_month>0</raw_downloads_month><raw_downloads_week>0</raw_downloads_week><raw_downloads_day>0</raw_downloads_day></version><version><id>305894040</id><name>sha256:7f45711c9df2fbf7b175dc45791b97279117928f81323926751a62ffba9e0cea</name><date>2024-12-30</date><newest>false</newest><latest>false</latest><size>-1</size><downloads>2</downloads><downloads_month>2</downloads_month><downloads_week>2</downloads_week><downloads_day>0</downloads_day><raw_size>-1</raw_size><raw_downloads>2</raw_downloads><raw_downloads_month>2</raw_downloads_month><raw_downloads_week>2</raw_downloads_week><raw_downloads_day>0</raw_downloads_day></version><version><id>306017481</id><name>sha256:aa46acc397855b34c1c9abe1af7b22f743011b1c3babb65fc5736c783dbbc6b8</name><date>2024-12-30</date><newest>false</newest><latest>false</latest><size>6.7 MB</size><downloads>0</downloads><downloads_month>0</downloads_month><downloads_week>0</downloads_week><downloads_day>0</downloads_day><raw_size>6740511</raw_size><raw_downloads>0</raw_downloads><raw_downloads_month>0</raw_downloads_month><raw_downloads_week>0</raw_downloads_week><raw_downloads_day>0</raw_downloads_day></version><version><id>306017484</id><name>sha256:36b682aa1d4e502d814ec8127a20b2be1d0c6057e834d4fd728ef86063772f81</name><date>2024-12-30</date><newest>false</newest><latest>false</latest><size>12 kB</size><downloads>0</downloads><downloads_month>0</downloads_month><downloads_week>0</downloads_week><downloads_day>0</downloads_day><raw_size>12007</raw_size><raw_downloads>0</raw_downloads><raw_downloads_month>0</raw_downloads_month><raw_downloads_week>0</raw_downloads_week><raw_downloads_day>0</raw_downloads_day></version><version><id>306563043</id><name>sha256:b3cb0332830947f11f9471001a8d3eedf2df762dee94a585ce418728d01e6494</name><date>2024-12-30</date><newest>false</newest><latest>false</latest><size>12 kB</size><downloads>0</downloads><downloads_month>0</downloads_month><downloads_week>0</downloads_week><downloads_day>0</downloads_day><raw_size>12008</raw_size><raw_downloads>0</raw_downloads><raw_downloads_month>0</raw_downloads_month><raw_downloads_week>0</raw_downloads_week><raw_downloads_day>0</raw_downloads_day></version><version><id>306563046</id><name>sha256:f0b4a9e445b38aa34b53d6159f67c7520a86aff2d60937483ebf3a16911b1b6b</name><date>2024-12-30</date><newest>false</newest><latest>false</latest><size>-1</size><downloads>4</downloads><downloads_month>4</downloads_month><downloads_week>4</downloads_week><downloads_day>0</downloads_day><raw_size>-1</raw_size><raw_downloads>4</raw_downloads><raw_downloads_month>4</raw_downloads_month><raw_downloads_week>4</raw_downloads_week><raw_downloads_day>0</raw_downloads_day></version><version><id>306963374</id><name>sha256:d66c6d5390494dd4ccab3a166aaeac8d27ef29e6dda6d546aefbae4e84e4b82c</name><date>2024-12-30</date><newest>false</newest><latest>false</latest><size>7.5 MB</size><downloads>4</downloads><downloads_month>4</downloads_month><downloads_week>4</downloads_week><downloads_day>4</downloads_day><raw_size>7520856</raw_size><raw_downloads>4</raw_downloads><raw_downloads_month>4</raw_downloads_month><raw_downloads_week>4</raw_downloads_week><raw_downloads_day>4</raw_downloads_day></version><version><id>306968376</id><name>sha256:61a7710527025776b9ade7e0ef30ac267c11b3d50a6e6c8f970b8157b13b6f53</name><date>2024-12-30</date><newest>false</newest><latest>false</latest><size>12 kB</size><downloads>0</downloads><downloads_month>0</downloads_month><downloads_week>0</downloads_week><downloads_day>0</downloads_day><raw_size>12025</raw_size><raw_downloads>0</raw_downloads><raw_downloads_month>0</raw_downloads_month><raw_downloads_week>0</raw_downloads_week><raw_downloads_day>0</raw_downloads_day></version><version><id>313572610</id><name>sha256:5ecfcaed3e21f458a8187bb15dc1d61fc831771d008862508aa4b00b06fbaadb</name><date>2024-12-30</date><newest>false</newest><latest>false</latest><size>-1</size><downloads>-1</downloads><downloads_month>-1</downloads_month><downloads_week>-1</downloads_week><downloads_day>-1</downloads_day><raw_size>-1</raw_size><raw_downloads>-1</raw_downloads><raw_downloads_month>-1</raw_downloads_month><raw_downloads_week>-1</raw_downloads_week><raw_downloads_day>-1</raw_downloads_day><tags>[]</tags></version><version><id>313580215</id><name>sha256:934f3b58fce89b846eb02cdbbffa5fead7690b71c37adc0763c32664319c671d</name><date>2024-12-30</date><newest>false</newest><latest>false</latest><size>-1</size><downloads>-1</downloads><downloads_month>-1</downloads_month><downloads_week>-1</downloads_week><downloads_day>-1</downloads_day><raw_size>-1</raw_size><raw_downloads>-1</raw_downloads><raw_downloads_month>-1</raw_downloads_month><raw_downloads_week>-1</raw_downloads_week><raw_downloads_day>-1</raw_downloads_day><tags>[]</tags></version><version><id>313686825</id><name>sha256:4b83250bb0be9845b0389dbbc8190d13489acb5cc9a1fc5532343eb77f313e12</name><date>2024-12-30</date><newest>false</newest><latest>false</latest><size>-1</size><downloads>-1</downloads><downloads_month>-1</downloads_month><downloads_week>-1</downloads_week><downloads_day>-1</downloads_day><raw_size>-1</raw_size><raw_downloads>-1</raw_downloads><raw_downloads_month>-1</raw_downloads_month><raw_downloads_week>-1</raw_downloads_week><raw_downloads_day>-1</raw_downloads_day></version><version><id>313961035</id><name>sha256:58342924d61458df6cb5feef4b2246d7f307d1f56322c136196146fb3ca09ce8</name><date>2024-12-30</date><newest>false</newest><latest>false</latest><size>-1</size><downloads>-1</downloads><downloads_month>-1</downloads_month><downloads_week>-1</downloads_week><downloads_day>-1</downloads_day><raw_size>-1</raw_size><raw_downloads>-1</raw_downloads><raw_downloads_month>-1</raw_downloads_month><raw_downloads_week>-1</raw_downloads_week><raw_downloads_day>-1</raw_downloads_day></version><version><id>314165627</id><name>sha256:5a3ec0c344899733ee5d160fa108ec56d8ab21607d2101cd6ec778e8eaa24084</name><date>2024-12-30</date><newest>false</newest><latest>false</latest><size>12 kB</size><downloads>0</downloads><downloads_month>0</downloads_month><downloads_week>0</downloads_week><downloads_day>0</downloads_day><raw_size>12024</raw_size><raw_downloads>0</raw_downloads><raw_downloads_month>0</raw_downloads_month><raw_downloads_week>0</raw_downloads_week><raw_downloads_day>0</raw_downloads_day></version><version><id>314744799</id><name>sha256:c994477c5d0a42873c8d19448a7353a0878d1ba32ca8eaccc5cb1f658b3b5da5</name><date>2024-12-30</date><newest>false</newest><latest>false</latest><size>-1</size><downloads>0</downloads><downloads_month>0</downloads_month><downloads_week>0</downloads_week><downloads_day>0</downloads_day><raw_size>-1</raw_size><raw_downloads>0</raw_downloads><raw_downloads_month>0</raw_downloads_month><raw_downloads_week>0</raw_downloads_week><raw_downloads_day>0</raw_downloads_day><tags>unencrypted-weekly</tags></version><version><id>316887954</id><name>sha256:890daa944e7aa560e3b1715fe76cd496b5e4a3bb9fb82fe85e07f657a8d41f61</name><date>2024-12-30</date><newest>false</newest><latest>false</latest><size>7.5 MB</size><downloads>2</downloads><downloads_month>2</downloads_month><downloads_week>2</downloads_week><downloads_day>0</downloads_day><raw_size>7520841</raw_size><raw_downloads>2</raw_downloads><raw_downloads_month>2</raw_downloads_month><raw_downloads_week>2</raw_downloads_week><raw_downloads_day>0</raw_downloads_day></version><version><id>317056477</id><name>sha256:f1ce31592cc6cac4d07232c030bd4c649205a02da0e7a76810d57535fedb07d7</name><date>2024-12-30</date><newest>false</newest><latest>false</latest><size>12 kB</size><downloads>0</downloads><downloads_month>0</downloads_month><downloads_week>0</downloads_week><downloads_day>0</downloads_day><raw_size>12041</raw_size><raw_downloads>0</raw_downloads><raw_downloads_month>0</raw_downloads_month><raw_downloads_week>0</raw_downloads_week><raw_downloads_day>0</raw_downloads_day></version><version><id>318258008</id><name>sha256:fe1bf88508f98b1cc71978f07b0122e3109f72ad016dfd8d5b9cd42e636415e3</name><date>2024-12-30</date><newest>false</newest><latest>false</latest><size>6.7 MB</size><downloads>0</downloads><downloads_month>0</downloads_month><downloads_week>0</downloads_week><downloads_day>0</downloads_day><raw_size>6738476</raw_size><raw_downloads>0</raw_downloads><raw_downloads_month>0</raw_downloads_month><raw_downloads_week>0</raw_downloads_week><raw_downloads_day>0</raw_downloads_day><tags>[]</tags></version><version><id>321019119</id><name>sha256:4d7123e41507a237cbe715a9c5abd6b66aeb56cf9285956bc75eb3034cd89fec</name><date>2024-12-30</date><newest>false</newest><latest>false</latest><size>12 kB</size><downloads>0</downloads><downloads_month>0</downloads_month><downloads_week>0</downloads_week><downloads_day>0</downloads_day><raw_size>12041</raw_size><raw_downloads>0</raw_downloads><raw_downloads_month>0</raw_downloads_month><raw_downloads_week>0</raw_downloads_week><raw_downloads_day>0</raw_downloads_day><tags>[]</tags></version><version><id>324013848</id><name>sha256:20dda9a64fa4246d84635f8a39491cdf8f28883585294e792774a6799930241a</name><date>2024-12-30</date><newest>false</newest><latest>true</latest><size>-1</size><downloads>0</downloads><downloads_month>0</downloads_month><downloads_week>0</downloads_week><downloads_day>0</downloads_day><raw_size>-1</raw_size><raw_downloads>0</raw_downloads><raw_downloads_month>0</raw_downloads_month><raw_downloads_week>0</raw_downloads_week><raw_downloads_day>0</raw_downloads_day><tags>unencrypted-10665</tags></version><version><id>328399676</id><name>sha256:34968a3781e77a1d21260929d8c68eacc936391cef8f8b1d3fa7c9e43e31eef7</name><date>2024-12-30</date><newest>false</newest><latest>false</latest><size>-1</size><downloads>4</downloads><downloads_month>4</downloads_month><downloads_week>4</downloads_week><downloads_day>0</downloads_day><raw_size>-1</raw_size><raw_downloads>4</raw_downloads><raw_downloads_month>4</raw_downloads_month><raw_downloads_week>4</raw_downloads_week><raw_downloads_day>0</raw_downloads_day></version><version><id>329318753</id><name>sha256:d17ddac65d479f4503e55f7a46ff581c7a00c02e0848a27689931a0ed27a7776</name><date>2024-12-30</date><newest>true</newest><latest>false</latest><size>12 kB</size><downloads>0</downloads><downloads_month>0</downloads_month><downloads_week>0</downloads_week><downloads_day>0</downloads_day><raw_size>12025</raw_size><raw_downloads>0</raw_downloads><raw_downloads_month>0</raw_downloads_month><raw_downloads_week>0</raw_downloads_week><raw_downloads_day>0</raw_downloads_day></version></xml>
