<?xml version="1.0" encoding="UTF-8"?><xml><owner_type>orgs</owner_type><package_type>container</package_type><owner_id>33289952</owner_id><owner>kata-containers</owner><repo>kata-containers</repo><package>test-images</package><date>2025-03-08</date><size>-1</size><versions>12</versions><tagged>3</tagged><owner_rank>2</owner_rank><repo_rank>2</repo_rank><downloads>94.4k</downloads><downloads_month>20</downloads_month><downloads_week>20</downloads_week><downloads_day>8</downloads_day><raw_size>-1</raw_size><raw_versions>12</raw_versions><raw_tagged>3</raw_tagged><raw_owner_rank>2</raw_owner_rank><raw_repo_rank>2</raw_repo_rank><raw_downloads>94425</raw_downloads><raw_downloads_month>20</raw_downloads_month><raw_downloads_week>20</raw_downloads_week><raw_downloads_day>8</raw_downloads_day><version><id>350279323</id><name>sha256:e9ddd19a73a766984a40e7b22e1c9266b3e9a0f68b49192b6a98898ec457ddf6</name><date>2025-03-08</date><newest>false</newest><latest>false</latest><size>7.4 MB</size><downloads>6</downloads><downloads_month>6</downloads_month><downloads_week>6</downloads_week><downloads_day>6</downloads_day><raw_size>7497244</raw_size><raw_downloads>6</raw_downloads><raw_downloads_month>6</raw_downloads_month><raw_downloads_week>6</raw_downloads_week><raw_downloads_day>6</raw_downloads_day></version><version><id>350371668</id><name>sha256:bd2f3af9b3468a0d8e15aba9aa4d9b6ceb97d22ae1d1a2508034a8a9e0aec040</name><date>2025-03-08</date><newest>false</newest><latest>false</latest><size>12 kB</size><downloads>0</downloads><downloads_month>0</downloads_month><downloads_week>0</downloads_week><downloads_day>0</downloads_day><raw_size>12040</raw_size><raw_downloads>0</raw_downloads><raw_downloads_month>0</raw_downloads_month><raw_downloads_week>0</raw_downloads_week><raw_downloads_day>0</raw_downloads_day></version><version><id>350371672</id><name>sha256:239ec004b69a84652f064b72d575d6aa095fec9596990d02a043425d4767ee0f</name><date>2025-03-08</date><newest>false</newest><latest>false</latest><size>12 kB</size><downloads>0</downloads><downloads_month>0</downloads_month><downloads_week>0</downloads_week><downloads_day>0</downloads_day><raw_size>12024</raw_size><raw_downloads>0</raw_downloads><raw_downloads_month>0</raw_downloads_month><raw_downloads_week>0</raw_downloads_week><raw_downloads_day>0</raw_downloads_day></version><version><id>369956722</id><name>sha256:afff33f90cb4a287ab5b2cfa5808c4894b7e06a388e5ae79889f956d8c19714c</name><date>2025-03-08</date><newest>false</newest><latest>false</latest><size>-1</size><downloads>4</downloads><downloads_month>4</downloads_month><downloads_week>4</downloads_week><downloads_day>0</downloads_day><raw_size>-1</raw_size><raw_downloads>4</raw_downloads><raw_downloads_month>4</raw_downloads_month><raw_downloads_week>4</raw_downloads_week><raw_downloads_day>0</raw_downloads_day><tags>unencrypted-10983</tags></version><version><id>369974557</id><name>sha256:6162cd50be76bec3e6bd322d958ed0b75eb5800c664d001e7bf0e94210b164e5</name><date>2025-03-08</date><newest>false</newest><latest>false</latest><size>7.5 MB</size><downloads>4</downloads><downloads_month>4</downloads_month><downloads_week>4</downloads_week><downloads_day>0</downloads_day><raw_size>7502065</raw_size><raw_downloads>4</raw_downloads><raw_downloads_month>4</raw_downloads_month><raw_downloads_week>4</raw_downloads_week><raw_downloads_day>0</raw_downloads_day></version><version><id>369974558</id><name>sha256:95cd3f131d28e12665e174a1f054143352911ae3330bb42727e13f291d6ec5f2</name><date>2025-03-08</date><newest>false</newest><latest>false</latest><size>6.7 MB</size><downloads>0</downloads><downloads_month>0</downloads_month><downloads_week>0</downloads_week><downloads_day>0</downloads_day><raw_size>6742059</raw_size><raw_downloads>0</raw_downloads><raw_downloads_month>0</raw_downloads_month><raw_downloads_week>0</raw_downloads_week><raw_downloads_day>0</raw_downloads_day></version><version><id>369974560</id><name>sha256:5445ee22704a76252a201ac6f56695773f718d685894da01f5e9cf0917b25a5d</name><date>2025-03-08</date><newest>false</newest><latest>false</latest><size>12 kB</size><downloads>0</downloads><downloads_month>0</downloads_month><downloads_week>0</downloads_week><downloads_day>0</downloads_day><raw_size>12040</raw_size><raw_downloads>0</raw_downloads><raw_downloads_month>0</raw_downloads_month><raw_downloads_week>0</raw_downloads_week><raw_downloads_day>0</raw_downloads_day></version><version><id>369974564</id><name>sha256:b3d364fed10221253dcf524fe7a57df600429c6d7a9e81697cbafa5554ea305a</name><date>2025-03-08</date><newest>false</newest><latest>false</latest><size>12 kB</size><downloads>0</downloads><downloads_month>0</downloads_month><downloads_week>0</downloads_week><downloads_day>0</downloads_day><raw_size>12024</raw_size><raw_downloads>0</raw_downloads><raw_downloads_month>0</raw_downloads_month><raw_downloads_week>0</raw_downloads_week><raw_downloads_day>0</raw_downloads_day></version><version><id>369974565</id><name>sha256:c57d5e618d7515bb77f9a3042ccb6ac523391c99ac5e553daeec7364f5a0e2ab</name><date>2025-03-08</date><newest>false</newest><latest>false</latest><size>-1</size><downloads>4</downloads><downloads_month>4</downloads_month><downloads_week>4</downloads_week><downloads_day>0</downloads_day><raw_size>-1</raw_size><raw_downloads>4</raw_downloads><raw_downloads_month>4</raw_downloads_month><raw_downloads_week>4</raw_downloads_week><raw_downloads_day>0</raw_downloads_day><tags>unencrypted-11000</tags></version><version><id>370068416</id><name>sha256:01c72f702e0362e163503840b507dd79e0e4e07d71dd62da4c8f6e7828ab3790</name><date>2025-03-08</date><newest>false</newest><latest>false</latest><size>6.7 MB</size><downloads>2</downloads><downloads_month>2</downloads_month><downloads_week>2</downloads_week><downloads_day>2</downloads_day><raw_size>6742064</raw_size><raw_downloads>2</raw_downloads><raw_downloads_month>2</raw_downloads_month><raw_downloads_week>2</raw_downloads_week><raw_downloads_day>2</raw_downloads_day></version><version><id>370068429</id><name>sha256:e9badbcd8f417335a668744de1230888fd8edba205117e0f44e94c8cc582aae5</name><date>2025-03-08</date><newest>false</newest><latest>false</latest><size>12 kB</size><downloads>0</downloads><downloads_month>0</downloads_month><downloads_week>0</downloads_week><downloads_day>0</downloads_day><raw_size>12043</raw_size><raw_downloads>0</raw_downloads><raw_downloads_month>0</raw_downloads_month><raw_downloads_week>0</raw_downloads_week><raw_downloads_day>0</raw_downloads_day></version><version><id>370068441</id><name>sha256:bdb8c90a0b34495bb77072c74f24a89bc71ee09a1b4d906c6040250e0dc52cbd</name><date>2025-03-08</date><newest>true</newest><latest>true</latest><size>-1</size><downloads>6</downloads><downloads_month>6</downloads_month><downloads_week>6</downloads_week><downloads_day>6</downloads_day><raw_size>-1</raw_size><raw_downloads>6</raw_downloads><raw_downloads_month>6</raw_downloads_month><raw_downloads_week>6</raw_downloads_week><raw_downloads_day>6</raw_downloads_day><tags>unencrypted-nightly</tags></version></xml>
