<?xml version="1.0" encoding="UTF-8"?><xml><owner_type>users</owner_type><package_type>container</package_type><owner_id>272218</owner_id><owner>CallMeLaNN</owner><repo>test-docker-cache-in-action</repo><package>test-docker-cache-in-action</package><date>2025-05-11</date><size>56.4 MB</size><versions>13</versions><tagged>2</tagged><owner_rank>-1</owner_rank><repo_rank>-1</repo_rank><downloads>354</downloads><downloads_month>8</downloads_month><downloads_week>4</downloads_week><downloads_day>0</downloads_day><raw_size>56455331</raw_size><raw_versions>13</raw_versions><raw_tagged>2</raw_tagged><raw_owner_rank>-1</raw_owner_rank><raw_repo_rank>-1</raw_repo_rank><raw_downloads>354</raw_downloads><raw_downloads_month>8</raw_downloads_month><raw_downloads_week>4</raw_downloads_week><raw_downloads_day>0</raw_downloads_day><version><id>103728139</id><name>sha256:f42df9783489ff993f4033a1803e0ecd72c92c32e1328b50ad21f01c8c56aa22</name><date>2025-05-11</date><newest>false</newest><latest>true</latest><size>56.4 MB</size><downloads>169</downloads><downloads_month>8</downloads_month><downloads_week>4</downloads_week><downloads_day>0</downloads_day><raw_size>56463130</raw_size><raw_downloads>169</raw_downloads><raw_downloads_month>8</raw_downloads_month><raw_downloads_week>4</raw_downloads_week><raw_downloads_day>0</raw_downloads_day><tags>latest</tags></version><version><id>103932789</id><name>sha256:71d47a2f01588b10e547a8aa7a1d933b93db3cc9ffbb7008481fe6738a90c134</name><date>2025-05-11</date><newest>false</newest><latest>false</latest><size>53.2 MB</size><downloads>2</downloads><downloads_month>0</downloads_month><downloads_week>0</downloads_week><downloads_day>0</downloads_day><raw_size>53247971</raw_size><raw_downloads>2</raw_downloads><raw_downloads_month>0</raw_downloads_month><raw_downloads_week>0</raw_downloads_week><raw_downloads_day>0</raw_downloads_day></version><version><id>103932790</id><name>sha256:0558596e5a31dcf43fdf9fd07e4a7ecc0361e9be135cc09653b0a3dfb8b0ccd3</name><date>2025-05-11</date><newest>false</newest><latest>false</latest><size>7.3 kB</size><downloads>0</downloads><downloads_month>0</downloads_month><downloads_week>0</downloads_week><downloads_day>0</downloads_day><raw_size>7312</raw_size><raw_downloads>0</raw_downloads><raw_downloads_month>0</raw_downloads_month><raw_downloads_week>0</raw_downloads_week><raw_downloads_day>0</raw_downloads_day></version><version><id>103932791</id><name>sha256:9208ac66d10d81fafc212971f53a3791e0b3886bb4bac6979001d9511c42b6bd</name><date>2025-05-11</date><newest>false</newest><latest>false</latest><size>56.4 MB</size><downloads>3</downloads><downloads_month>0</downloads_month><downloads_week>0</downloads_week><downloads_day>0</downloads_day><raw_size>56455331</raw_size><raw_downloads>3</raw_downloads><raw_downloads_month>0</raw_downloads_month><raw_downloads_week>0</raw_downloads_week><raw_downloads_day>0</raw_downloads_day></version><version><id>103946244</id><name>sha256:3443bad479722b370cfa9386791dcca6972e4c64802c497de7cb9320cc22274e</name><date>2025-05-11</date><newest>false</newest><latest>false</latest><size>56.3 MB</size><downloads>1</downloads><downloads_month>0</downloads_month><downloads_week>0</downloads_week><downloads_day>0</downloads_day><raw_size>56311432</raw_size><raw_downloads>1</raw_downloads><raw_downloads_month>0</raw_downloads_month><raw_downloads_week>0</raw_downloads_week><raw_downloads_day>0</raw_downloads_day></version><version><id>103946246</id><name>sha256:869f8824eacd25337184d1b41916e15f37d771f61ae56b00131c4d1ae15ef985</name><date>2025-05-11</date><newest>false</newest><latest>false</latest><size>11.9 kB</size><downloads>0</downloads><downloads_month>0</downloads_month><downloads_week>0</downloads_week><downloads_day>0</downloads_day><raw_size>11973</raw_size><raw_downloads>0</raw_downloads><raw_downloads_month>0</raw_downloads_month><raw_downloads_week>0</raw_downloads_week><raw_downloads_day>0</raw_downloads_day></version><version><id>103946248</id><name>sha256:3e77fce7465f1cff204a95572ab5de92b2b4b177c372029b807d48404b766813</name><date>2025-05-11</date><newest>false</newest><latest>false</latest><size>56.4 MB</size><downloads>1</downloads><downloads_month>0</downloads_month><downloads_week>0</downloads_week><downloads_day>0</downloads_day><raw_size>56455331</raw_size><raw_downloads>1</raw_downloads><raw_downloads_month>0</raw_downloads_month><raw_downloads_week>0</raw_downloads_week><raw_downloads_day>0</raw_downloads_day></version><version><id>103948159</id><name>sha256:f95b65e8a32cfe89fb45800055d5b9d85c364b2809597114fe5b39d51f47f99c</name><date>2025-05-11</date><newest>false</newest><latest>false</latest><size>66.4 MB</size><downloads>1</downloads><downloads_month>0</downloads_month><downloads_week>0</downloads_week><downloads_day>0</downloads_day><raw_size>66434322</raw_size><raw_downloads>1</raw_downloads><raw_downloads_month>0</raw_downloads_month><raw_downloads_week>0</raw_downloads_week><raw_downloads_day>0</raw_downloads_day></version><version><id>103948161</id><name>sha256:98a21359939c89e84c11d11fe20db61432766b54c87986f06213e3352dbe4eca</name><date>2025-05-11</date><newest>false</newest><latest>false</latest><size>15.7 kB</size><downloads>0</downloads><downloads_month>0</downloads_month><downloads_week>0</downloads_week><downloads_day>0</downloads_day><raw_size>15773</raw_size><raw_downloads>0</raw_downloads><raw_downloads_month>0</raw_downloads_month><raw_downloads_week>0</raw_downloads_week><raw_downloads_day>0</raw_downloads_day></version><version><id>103948162</id><name>sha256:b9db4f21c42299d3b6e58f3bb82a210e7551ac773bbae1fbe1c00ff832ad9021</name><date>2025-05-11</date><newest>false</newest><latest>false</latest><size>56.4 MB</size><downloads>1</downloads><downloads_month>0</downloads_month><downloads_week>0</downloads_week><downloads_day>0</downloads_day><raw_size>56455331</raw_size><raw_downloads>1</raw_downloads><raw_downloads_month>0</raw_downloads_month><raw_downloads_week>0</raw_downloads_week><raw_downloads_day>0</raw_downloads_day></version><version><id>103949167</id><name>sha256:9651cdb3bdfeae3e04fd2aa4b1fde5d53e189f9e4b47d1d94b65c6aecd7fe0c8</name><date>2025-05-11</date><newest>false</newest><latest>false</latest><size>66.4 MB</size><downloads>12</downloads><downloads_month>0</downloads_month><downloads_week>0</downloads_week><downloads_day>0</downloads_day><raw_size>66434471</raw_size><raw_downloads>12</raw_downloads><raw_downloads_month>0</raw_downloads_month><raw_downloads_week>0</raw_downloads_week><raw_downloads_day>0</raw_downloads_day></version><version><id>103949168</id><name>sha256:6720adfe43a3a51d5dc30b53972938aa2e311beda845bc4fcb5ede729a450017</name><date>2025-05-11</date><newest>false</newest><latest>false</latest><size>15.7 kB</size><downloads>9</downloads><downloads_month>0</downloads_month><downloads_week>0</downloads_week><downloads_day>0</downloads_day><raw_size>15773</raw_size><raw_downloads>9</raw_downloads><raw_downloads_month>0</raw_downloads_month><raw_downloads_week>0</raw_downloads_week><raw_downloads_day>0</raw_downloads_day></version><version><id>103949170</id><name>sha256:9ccdec5dc81866c60f22af8546fd60e5cb33a303bfaaee14e532cb73ef1643c2</name><date>2025-05-11</date><newest>true</newest><latest>false</latest><size>56.4 MB</size><downloads>154</downloads><downloads_month>0</downloads_month><downloads_week>0</downloads_week><downloads_day>0</downloads_day><raw_size>56455331</raw_size><raw_downloads>154</raw_downloads><raw_downloads_month>0</raw_downloads_month><raw_downloads_week>0</raw_downloads_week><raw_downloads_day>0</raw_downloads_day><tags>pr-4</tags></version></xml>
