<?xml version="1.0" encoding="UTF-8"?><xml><owner_type>users</owner_type><package_type>container</package_type><owner_id>7810770</owner_id><owner>sjinks</owner><repo>test-cs-images</repo><package>test-cs-images%2Fmariadb</package><date>2025-09-16</date><size>6</size><versions>10</versions><tagged>10</tagged><owner_rank>4</owner_rank><repo_rank>2</repo_rank><downloads>2.1k</downloads><downloads_month>19</downloads_month><downloads_week>9</downloads_week><downloads_day>9</downloads_day><raw_size>6</raw_size><raw_versions>10</raw_versions><raw_tagged>10</raw_tagged><raw_owner_rank>4</raw_owner_rank><raw_repo_rank>2</raw_repo_rank><raw_downloads>2151</raw_downloads><raw_downloads_month>19</raw_downloads_month><raw_downloads_week>9</raw_downloads_week><raw_downloads_day>9</raw_downloads_day><version><id>76671737</id><name>sha256:5b5ddb9e7ed814c8b7fa0e2e4bc9f1584755ec05b7d952dfeb735593e1c4105a</name><date>2025-09-16</date><newest>false</newest><latest>false</latest><size>6</size><downloads>152</downloads><downloads_month>0</downloads_month><downloads_week>0</downloads_week><downloads_day>0</downloads_day><raw_size>6</raw_size><raw_downloads>152</raw_downloads><raw_downloads_month>0</raw_downloads_month><raw_downloads_week>0</raw_downloads_week><raw_downloads_day>0</raw_downloads_day><tags>1.0.0</tags></version><version><id>76672702</id><name>sha256:c86b512e45e1845f3ed64ee89a9c34d1000ac4614b768c72ab62d8258ea3c9d6</name><date>2025-09-16</date><newest>false</newest><latest>false</latest><size>6</size><downloads>153</downloads><downloads_month>0</downloads_month><downloads_week>0</downloads_week><downloads_day>0</downloads_day><raw_size>6</raw_size><raw_downloads>153</raw_downloads><raw_downloads_month>0</raw_downloads_month><raw_downloads_week>0</raw_downloads_week><raw_downloads_day>0</raw_downloads_day><tags>1.0.1</tags></version><version><id>76677900</id><name>sha256:ee67a4d7071d3d6ddad27ababd83e49258cb8f2b89ac963361fb28c82237d8f1</name><date>2025-09-16</date><newest>false</newest><latest>false</latest><size>6</size><downloads>153</downloads><downloads_month>0</downloads_month><downloads_week>0</downloads_week><downloads_day>0</downloads_day><raw_size>6</raw_size><raw_downloads>153</raw_downloads><raw_downloads_month>0</raw_downloads_month><raw_downloads_week>0</raw_downloads_week><raw_downloads_day>0</raw_downloads_day><tags>1.0.2</tags></version><version><id>76680004</id><name>sha256:ceb2cdd90687435bf01177bf18ad6d7380e546a4936b7b6826a7b6f65c5dd237</name><date>2025-09-16</date><newest>false</newest><latest>false</latest><size>6</size><downloads>153</downloads><downloads_month>0</downloads_month><downloads_week>0</downloads_week><downloads_day>0</downloads_day><raw_size>6</raw_size><raw_downloads>153</raw_downloads><raw_downloads_month>0</raw_downloads_month><raw_downloads_week>0</raw_downloads_week><raw_downloads_day>0</raw_downloads_day><tags>1.0.3</tags></version><version><id>76680504</id><name>sha256:d3c663811066403571044ec03c2ba2e22181166d61b482d0c96e35e184d1c2fc</name><date>2025-09-16</date><newest>false</newest><latest>false</latest><size>6</size><downloads>153</downloads><downloads_month>0</downloads_month><downloads_week>0</downloads_week><downloads_day>0</downloads_day><raw_size>6</raw_size><raw_downloads>153</raw_downloads><raw_downloads_month>0</raw_downloads_month><raw_downloads_week>0</raw_downloads_week><raw_downloads_day>0</raw_downloads_day><tags>1.0.4</tags></version><version><id>76681174</id><name>sha256:28f74fb208b0152f6818b8296bd5051397e508b41e85c60830a288d8166d4663</name><date>2025-09-16</date><newest>false</newest><latest>false</latest><size>6</size><downloads>153</downloads><downloads_month>0</downloads_month><downloads_week>0</downloads_week><downloads_day>0</downloads_day><raw_size>6</raw_size><raw_downloads>153</raw_downloads><raw_downloads_month>0</raw_downloads_month><raw_downloads_week>0</raw_downloads_week><raw_downloads_day>0</raw_downloads_day><tags>1.0.5</tags></version><version><id>76681516</id><name>sha256:db5b34d0e10cfe57663f243b1710dfaebb809abc4b8ca2ed03d6c4cb547970d7</name><date>2025-09-16</date><newest>false</newest><latest>false</latest><size>6</size><downloads>153</downloads><downloads_month>0</downloads_month><downloads_week>0</downloads_week><downloads_day>0</downloads_day><raw_size>6</raw_size><raw_downloads>153</raw_downloads><raw_downloads_month>0</raw_downloads_month><raw_downloads_week>0</raw_downloads_week><raw_downloads_day>0</raw_downloads_day><tags>1.0.6</tags></version><version><id>76684783</id><name>sha256:e14418a22adf1f989ecbc63a392f6b2d543ba56c89c376033c36fc31348729f9</name><date>2025-09-16</date><newest>false</newest><latest>false</latest><size>6</size><downloads>201</downloads><downloads_month>0</downloads_month><downloads_week>0</downloads_week><downloads_day>0</downloads_day><raw_size>6</raw_size><raw_downloads>201</raw_downloads><raw_downloads_month>0</raw_downloads_month><raw_downloads_week>0</raw_downloads_week><raw_downloads_day>0</raw_downloads_day><tags>1.0.7</tags></version><version><id>77192563</id><name>sha256:68ed258ea30a76a04f00699881595142026cd12009c8c98298121a982187d5ed</name><date>2025-09-16</date><newest>false</newest><latest>false</latest><size>6</size><downloads>154</downloads><downloads_month>0</downloads_month><downloads_week>0</downloads_week><downloads_day>0</downloads_day><raw_size>6</raw_size><raw_downloads>154</raw_downloads><raw_downloads_month>0</raw_downloads_month><raw_downloads_week>0</raw_downloads_week><raw_downloads_day>0</raw_downloads_day><tags>1.0.8</tags></version><version><id>77210952</id><name>sha256:00c6c4830e94c638f22194bdbf90c9cf73605e13a352c3dae5dd29352314a900</name><date>2025-09-16</date><newest>true</newest><latest>true</latest><size>6</size><downloads>726</downloads><downloads_month>19</downloads_month><downloads_week>9</downloads_week><downloads_day>9</downloads_day><raw_size>6</raw_size><raw_downloads>726</raw_downloads><raw_downloads_month>19</raw_downloads_month><raw_downloads_week>9</raw_downloads_week><raw_downloads_day>9</raw_downloads_day><tags>1.0.9</tags><tags>latest</tags><tags>1.0</tags><tags>1</tags></version></xml>
