<?xml version="1.0" encoding="UTF-8"?><xml><owner_type>users</owner_type><package_type>container</package_type><owner_id>7810770</owner_id><owner>sjinks</owner><repo>test-cs-images</repo><package>test-cs-images%2Fvip-cli</package><date>2025-09-02</date><size>3</size><versions>1</versions><tagged>1</tagged><owner_rank>17</owner_rank><repo_rank>13</repo_rank><downloads>704</downloads><downloads_month>0</downloads_month><downloads_week>0</downloads_week><downloads_day>0</downloads_day><raw_size>3</raw_size><raw_versions>1</raw_versions><raw_tagged>1</raw_tagged><raw_owner_rank>17</raw_owner_rank><raw_repo_rank>13</raw_repo_rank><raw_downloads>704</raw_downloads><raw_downloads_month>0</raw_downloads_month><raw_downloads_week>0</raw_downloads_week><raw_downloads_day>0</raw_downloads_day><version><id>76688052</id><name>sha256:40b6e9e4aa73304f691df01ce90b2bdc67c19f135da304c60f5ee0088c0e123a</name><date>2025-09-02</date><newest>true</newest><latest>true</latest><size>3</size><downloads>704</downloads><downloads_month>0</downloads_month><downloads_week>0</downloads_week><downloads_day>0</downloads_day><raw_size>3</raw_size><raw_downloads>704</raw_downloads><raw_downloads_month>0</raw_downloads_month><raw_downloads_week>0</raw_downloads_week><raw_downloads_day>0</raw_downloads_day><tags>latest</tags><tags>1.0.0</tags><tags>1.0</tags><tags>1</tags></version></xml>
