<?xml version="1.0" encoding="UTF-8"?><xml><owner_type>users</owner_type><package_type>container</package_type><owner_id>7810770</owner_id><owner>sjinks</owner><repo>test-cs-images</repo><package>test-cs-images%2Fdev-tools</package><date>2025-03-24</date><size>7</size><versions>2</versions><tagged>2</tagged><owner_rank>18</owner_rank><repo_rank>13</repo_rank><downloads>851</downloads><downloads_month>0</downloads_month><downloads_week>0</downloads_week><downloads_day>0</downloads_day><raw_size>7</raw_size><raw_versions>2</raw_versions><raw_tagged>2</raw_tagged><raw_owner_rank>18</raw_owner_rank><raw_repo_rank>13</raw_repo_rank><raw_downloads>851</raw_downloads><raw_downloads_month>0</raw_downloads_month><raw_downloads_week>0</raw_downloads_week><raw_downloads_day>0</raw_downloads_day><version><id>76700809</id><name>sha256:a384c94fff8a297fad033a1cecaf8dc8ec5f825ad8066016dfcb43dbdb63b529</name><date>2025-03-24</date><newest>false</newest><latest>false</latest><size>7</size><downloads>157</downloads><downloads_month>0</downloads_month><downloads_week>0</downloads_week><downloads_day>0</downloads_day><raw_size>7</raw_size><raw_downloads>157</raw_downloads><raw_downloads_month>0</raw_downloads_month><raw_downloads_week>0</raw_downloads_week><raw_downloads_day>0</raw_downloads_day><tags>1.0.0</tags></version><version><id>76703744</id><name>sha256:c072c667842f3d520eca6044570b51c3c5b427eef8c1f567cadf7925116a0e9a</name><date>2025-03-24</date><newest>true</newest><latest>true</latest><size>7</size><downloads>694</downloads><downloads_month>0</downloads_month><downloads_week>0</downloads_week><downloads_day>0</downloads_day><raw_size>7</raw_size><raw_downloads>694</raw_downloads><raw_downloads_month>0</raw_downloads_month><raw_downloads_week>0</raw_downloads_week><raw_downloads_day>0</raw_downloads_day><tags>1.0.1</tags><tags>latest</tags><tags>1.0</tags><tags>1</tags></version></xml>
