<?xml version="1.0" encoding="UTF-8"?><xml><owner_type>users</owner_type><package_type>container</package_type><owner_id>7810770</owner_id><owner>sjinks</owner><repo>test-cs-images</repo><package>test-cs-images%2Fdev-env-ghcs</package><date>2025-01-01</date><size>10.2 kB</size><versions>1</versions><tagged>0</tagged><downloads>609</downloads><downloads_month>0</downloads_month><downloads_week>0</downloads_week><downloads_day>0</downloads_day><raw_size>10272</raw_size><raw_versions>1</raw_versions><raw_tagged>0</raw_tagged><raw_downloads>609</raw_downloads><raw_downloads_month>0</raw_downloads_month><raw_downloads_week>0</raw_downloads_week><raw_downloads_day>0</raw_downloads_day><version><id>76896668</id><name>sha256:372e2959924f26d748e0082dc6799022371519b6c649e71d417260cf94a35a38</name><date>2025-01-01</date><newest>true</newest><latest>true</latest><size>10.2 kB</size><downloads>609</downloads><downloads_month>0</downloads_month><downloads_week>0</downloads_week><downloads_day>0</downloads_day><raw_size>10272</raw_size><raw_downloads>609</raw_downloads><raw_downloads_month>0</raw_downloads_month><raw_downloads_week>0</raw_downloads_week><raw_downloads_day>0</raw_downloads_day><tags>latest</tags><tags>0.0.1</tags><tags>0.0</tags><tags>0</tags></version></xml>
