<?xml version="1.0" encoding="UTF-8"?><xml><owner_type>users</owner_type><package_type>container</package_type><owner_id>7810770</owner_id><owner>sjinks</owner><repo>test-cs-images</repo><package>test-cs-images%2Fwp-latest-php8</package><date>2025-01-19</date><size>-1</size><versions>12</versions><tagged>1</tagged><owner_rank>24</owner_rank><repo_rank>17</repo_rank><downloads>331</downloads><downloads_month>0</downloads_month><downloads_week>0</downloads_week><downloads_day>0</downloads_day><raw_size>-1</raw_size><raw_versions>12</raw_versions><raw_tagged>1</raw_tagged><raw_owner_rank>24</raw_owner_rank><raw_repo_rank>17</raw_repo_rank><raw_downloads>331</raw_downloads><raw_downloads_month>0</raw_downloads_month><raw_downloads_week>0</raw_downloads_week><raw_downloads_day>0</raw_downloads_day><version><id>79188352</id><name>sha256:e5fb92b62d0c9c5cbd3243ac1fb5ae1fe614c228847f49bd8bbf82f137563739</name><date>2025-01-19</date><newest>false</newest><latest>false</latest><size>2.3 kB</size><downloads>0</downloads><downloads_month>0</downloads_month><downloads_week>0</downloads_week><downloads_day>0</downloads_day><raw_size>2327</raw_size><raw_downloads>0</raw_downloads><raw_downloads_month>0</raw_downloads_month><raw_downloads_week>0</raw_downloads_week><raw_downloads_day>0</raw_downloads_day></version><version><id>79188354</id><name>sha256:6f27dd1759bf9f8215ee3b30bc0d806654a9345af4a8ceb34f527b4dbdd6b604</name><date>2025-01-19</date><newest>false</newest><latest>false</latest><size>-1</size><downloads>0</downloads><downloads_month>0</downloads_month><downloads_week>0</downloads_week><downloads_day>0</downloads_day><raw_size>-1</raw_size><raw_downloads>0</raw_downloads><raw_downloads_month>0</raw_downloads_month><raw_downloads_week>0</raw_downloads_week><raw_downloads_day>0</raw_downloads_day></version><version><id>79194111</id><name>sha256:e6237e5811cd13d7b46563f5927f4bed632e9fc32209295318ddd149ef72f274</name><date>2025-01-19</date><newest>false</newest><latest>false</latest><size>269.7 MB</size><downloads>0</downloads><downloads_month>0</downloads_month><downloads_week>0</downloads_week><downloads_day>0</downloads_day><raw_size>269721336</raw_size><raw_downloads>0</raw_downloads><raw_downloads_month>0</raw_downloads_month><raw_downloads_week>0</raw_downloads_week><raw_downloads_day>0</raw_downloads_day></version><version><id>79194113</id><name>sha256:387f32e7a8d39abedf59b086add1bd11744eb6fa3631db8295e442ba1d719543</name><date>2025-01-19</date><newest>false</newest><latest>false</latest><size>2.3 kB</size><downloads>0</downloads><downloads_month>0</downloads_month><downloads_week>0</downloads_week><downloads_day>0</downloads_day><raw_size>2327</raw_size><raw_downloads>0</raw_downloads><raw_downloads_month>0</raw_downloads_month><raw_downloads_week>0</raw_downloads_week><raw_downloads_day>0</raw_downloads_day></version><version><id>79194119</id><name>sha256:bbf798130a7818720e0af752329e8d957b05ae8903df11821b2c6687c9d174ec</name><date>2025-01-19</date><newest>false</newest><latest>false</latest><size>270.8 MB</size><downloads>0</downloads><downloads_month>0</downloads_month><downloads_week>0</downloads_week><downloads_day>0</downloads_day><raw_size>270886742</raw_size><raw_downloads>0</raw_downloads><raw_downloads_month>0</raw_downloads_month><raw_downloads_week>0</raw_downloads_week><raw_downloads_day>0</raw_downloads_day></version><version><id>79194122</id><name>sha256:8956a3d577036949584ee6a1cae85caf7f6000df5d624973163cd5c88b95b6ce</name><date>2025-01-19</date><newest>false</newest><latest>false</latest><size>2.3 kB</size><downloads>0</downloads><downloads_month>0</downloads_month><downloads_week>0</downloads_week><downloads_day>0</downloads_day><raw_size>2327</raw_size><raw_downloads>0</raw_downloads><raw_downloads_month>0</raw_downloads_month><raw_downloads_week>0</raw_downloads_week><raw_downloads_day>0</raw_downloads_day></version><version><id>79194126</id><name>sha256:03a7c85be3db7da635db35e4624dc68f12929ed11cc9b5ef76ffb33b484b1c0b</name><date>2025-01-19</date><newest>false</newest><latest>false</latest><size>-1</size><downloads>0</downloads><downloads_month>0</downloads_month><downloads_week>0</downloads_week><downloads_day>0</downloads_day><raw_size>-1</raw_size><raw_downloads>0</raw_downloads><raw_downloads_month>0</raw_downloads_month><raw_downloads_week>0</raw_downloads_week><raw_downloads_day>0</raw_downloads_day></version><version><id>79197224</id><name>sha256:3eac5bb3ef3fdc6ff0a41659d4ffcd88b4f0e3f4360d26c6beaf9d4fa00aa264</name><date>2025-01-19</date><newest>false</newest><latest>false</latest><size>2.3 kB</size><downloads>5</downloads><downloads_month>0</downloads_month><downloads_week>0</downloads_week><downloads_day>0</downloads_day><raw_size>2327</raw_size><raw_downloads>5</raw_downloads><raw_downloads_month>0</raw_downloads_month><raw_downloads_week>0</raw_downloads_week><raw_downloads_day>0</raw_downloads_day></version><version><id>79197234</id><name>sha256:49e997706b4c20195d3e9e47e302ace033abf6c9dd30191f380073c7bef630b9</name><date>2025-01-19</date><newest>false</newest><latest>false</latest><size>269.7 MB</size><downloads>5</downloads><downloads_month>0</downloads_month><downloads_week>0</downloads_week><downloads_day>0</downloads_day><raw_size>269723586</raw_size><raw_downloads>5</raw_downloads><raw_downloads_month>0</raw_downloads_month><raw_downloads_week>0</raw_downloads_week><raw_downloads_day>0</raw_downloads_day></version><version><id>79197252</id><name>sha256:06bd2a92feb25a363c1b587b72a0565566c34d76f7ef7fa7ccb01e453ffc9d28</name><date>2025-01-19</date><newest>false</newest><latest>false</latest><size>270.8 MB</size><downloads>15</downloads><downloads_month>0</downloads_month><downloads_week>0</downloads_week><downloads_day>0</downloads_day><raw_size>270887805</raw_size><raw_downloads>15</raw_downloads><raw_downloads_month>0</raw_downloads_month><raw_downloads_week>0</raw_downloads_week><raw_downloads_day>0</raw_downloads_day></version><version><id>79197259</id><name>sha256:f94f771c59cba049859e3176a05e0d8e1395a6941020296bd45939bb04c666d9</name><date>2025-01-19</date><newest>false</newest><latest>false</latest><size>2.3 kB</size><downloads>5</downloads><downloads_month>0</downloads_month><downloads_week>0</downloads_week><downloads_day>0</downloads_day><raw_size>2327</raw_size><raw_downloads>5</raw_downloads><raw_downloads_month>0</raw_downloads_month><raw_downloads_week>0</raw_downloads_week><raw_downloads_day>0</raw_downloads_day></version><version><id>79197265</id><name>sha256:9f12b02686a369c5c5d20b7012cc17457651c52195e7fe42ee018375bab78a61</name><date>2025-01-19</date><newest>true</newest><latest>true</latest><size>-1</size><downloads>301</downloads><downloads_month>0</downloads_month><downloads_week>0</downloads_week><downloads_day>0</downloads_day><raw_size>-1</raw_size><raw_downloads>301</raw_downloads><raw_downloads_month>0</raw_downloads_month><raw_downloads_week>0</raw_downloads_week><raw_downloads_day>0</raw_downloads_day><tags>latest</tags><tags>0.0.1</tags></version></xml>
