<?xml version="1.0" encoding="UTF-8"?><xml><owner_type>users</owner_type><package_type>container</package_type><owner_id>7810770</owner_id><owner>sjinks</owner><repo>test-cs-images</repo><package>test-cs-images%2Fvip-go-mu-plugins</package><date>2025-07-07</date><size>-1</size><versions>0</versions><tagged>0</tagged><owner_rank>10</owner_rank><repo_rank>8</repo_rank><downloads>650</downloads><downloads_month>0</downloads_month><downloads_week>0</downloads_week><downloads_day>0</downloads_day><raw_size>-1</raw_size><raw_versions>0</raw_versions><raw_tagged>0</raw_tagged><raw_owner_rank>10</raw_owner_rank><raw_repo_rank>8</raw_repo_rank><raw_downloads>650</raw_downloads><raw_downloads_month>0</raw_downloads_month><raw_downloads_week>0</raw_downloads_week><raw_downloads_day>0</raw_downloads_day><version><id>76699557</id><name>sha256:629e4622f02700d5e805a7e7f01979ce2b0097d46942266d1542278e1b46d126</name><date>2025-07-07</date><newest>true</newest><latest>true</latest><size>4</size><downloads>650</downloads><downloads_month>0</downloads_month><downloads_week>0</downloads_week><downloads_day>0</downloads_day><raw_size>4</raw_size><raw_downloads>650</raw_downloads><raw_downloads_month>0</raw_downloads_month><raw_downloads_week>0</raw_downloads_week><raw_downloads_day>0</raw_downloads_day><tags>latest</tags><tags>1.0.0</tags><tags>1.0</tags><tags>1</tags></version></xml>
