<?xml version="1.0" encoding="UTF-8"?><xml><owner_type>users</owner_type><package_type>container</package_type><owner_id>7810770</owner_id><owner>sjinks</owner><repo>test-cs-images</repo><package>test-cs-images%2Fphpmyadmin</package><date>2025-01-01</date><size>-1</size><versions>2</versions><tagged>0</tagged><downloads>1.2k</downloads><downloads_month>0</downloads_month><downloads_week>0</downloads_week><downloads_day>0</downloads_day><raw_size>-1</raw_size><raw_versions>2</raw_versions><raw_tagged>0</raw_tagged><raw_downloads>1286</raw_downloads><raw_downloads_month>0</raw_downloads_month><raw_downloads_week>0</raw_downloads_week><raw_downloads_day>0</raw_downloads_day><version><id>76698925</id><name>sha256:f26bb9191cec5a6e82ce012322528f72536c1c162d0991bd451cbbb55a1f3ed1</name><date>2025-01-01</date><newest>false</newest><latest>false</latest><size>-1</size><downloads>178</downloads><downloads_month>0</downloads_month><downloads_week>0</downloads_week><downloads_day>0</downloads_day><raw_size>-1</raw_size><raw_downloads>178</raw_downloads><raw_downloads_month>0</raw_downloads_month><raw_downloads_week>0</raw_downloads_week><raw_downloads_day>0</raw_downloads_day><tags>1.0.1</tags></version><version><id>77168968</id><name>sha256:3e15323ec1a7e9e121ed964d4b8810867fe4d2476b54433a70fef18370c33acc</name><date>2025-01-01</date><newest>true</newest><latest>true</latest><size>-1</size><downloads>153</downloads><downloads_month>0</downloads_month><downloads_week>0</downloads_week><downloads_day>0</downloads_day><raw_size>-1</raw_size><raw_downloads>153</raw_downloads><raw_downloads_month>0</raw_downloads_month><raw_downloads_week>0</raw_downloads_week><raw_downloads_day>0</raw_downloads_day><tags>1.0.2</tags></version></xml>
