<?xml version="1.0" encoding="UTF-8"?><xml><owner_type>users</owner_type><package_type>container</package_type><owner_id>7810770</owner_id><owner>sjinks</owner><repo>test-cs-images</repo><package>test-cs-images%2Fwp-latest-php8</package><date>2025-04-21</date><size>270.8 MB</size><versions>30</versions><tagged>1</tagged><owner_rank>25</owner_rank><repo_rank>18</repo_rank><downloads>341</downloads><downloads_month>4</downloads_month><downloads_week>0</downloads_week><downloads_day>0</downloads_day><raw_size>270868152</raw_size><raw_versions>30</raw_versions><raw_tagged>1</raw_tagged><raw_owner_rank>25</raw_owner_rank><raw_repo_rank>18</raw_repo_rank><raw_downloads>341</raw_downloads><raw_downloads_month>4</raw_downloads_month><raw_downloads_week>0</raw_downloads_week><raw_downloads_day>0</raw_downloads_day><version><id>79179362</id><name>sha256:4c08c5c51cd1cf9081005963f63e874ed9fd678388a8d944f2e30c1c8d5eb4be</name><date>2025-04-21</date><newest>false</newest><latest>false</latest><size>2.3 kB</size><downloads>0</downloads><downloads_month>0</downloads_month><downloads_week>0</downloads_week><downloads_day>0</downloads_day><raw_size>2327</raw_size><raw_downloads>0</raw_downloads><raw_downloads_month>0</raw_downloads_month><raw_downloads_week>0</raw_downloads_week><raw_downloads_day>0</raw_downloads_day></version><version><id>79179365</id><name>sha256:26a2047cff99a629c04ccfb4a1c8829323ca8d1a7f3d3dc33d0126ee50ce6269</name><date>2025-04-21</date><newest>false</newest><latest>false</latest><size>2.3 kB</size><downloads>0</downloads><downloads_month>0</downloads_month><downloads_week>0</downloads_week><downloads_day>0</downloads_day><raw_size>2327</raw_size><raw_downloads>0</raw_downloads><raw_downloads_month>0</raw_downloads_month><raw_downloads_week>0</raw_downloads_week><raw_downloads_day>0</raw_downloads_day></version><version><id>79179367</id><name>sha256:7ecbd1cfaf3c069a44681f6a099d482beb7da3c076fefd6a2723e0624e5bd6e1</name><date>2025-04-21</date><newest>false</newest><latest>false</latest><size>270.8 MB</size><downloads>0</downloads><downloads_month>0</downloads_month><downloads_week>0</downloads_week><downloads_day>0</downloads_day><raw_size>270868152</raw_size><raw_downloads>0</raw_downloads><raw_downloads_month>0</raw_downloads_month><raw_downloads_week>0</raw_downloads_week><raw_downloads_day>0</raw_downloads_day></version><version><id>79180121</id><name>sha256:f3a2975e1f4af011903cc7e3690c9fe75296c1a8d27e1a77f5ada5a8437332da</name><date>2025-04-21</date><newest>false</newest><latest>false</latest><size>269.7 MB</size><downloads>0</downloads><downloads_month>0</downloads_month><downloads_week>0</downloads_week><downloads_day>0</downloads_day><raw_size>269723993</raw_size><raw_downloads>0</raw_downloads><raw_downloads_month>0</raw_downloads_month><raw_downloads_week>0</raw_downloads_week><raw_downloads_day>0</raw_downloads_day></version><version><id>79180127</id><name>sha256:054125a7e71d9aea143b531457cbe3280dc9a32044dfcb4b3ab8fe5c8ac11d81</name><date>2025-04-21</date><newest>false</newest><latest>false</latest><size>270.8 MB</size><downloads>0</downloads><downloads_month>0</downloads_month><downloads_week>0</downloads_week><downloads_day>0</downloads_day><raw_size>270885009</raw_size><raw_downloads>0</raw_downloads><raw_downloads_month>0</raw_downloads_month><raw_downloads_week>0</raw_downloads_week><raw_downloads_day>0</raw_downloads_day></version><version><id>79180132</id><name>sha256:ee1689a9f12bcbcecaa4d2ffeff046d9fc8645f20b4c0a1bda78d4ee3404dc5f</name><date>2025-04-21</date><newest>false</newest><latest>false</latest><size>2.3 kB</size><downloads>0</downloads><downloads_month>0</downloads_month><downloads_week>0</downloads_week><downloads_day>0</downloads_day><raw_size>2327</raw_size><raw_downloads>0</raw_downloads><raw_downloads_month>0</raw_downloads_month><raw_downloads_week>0</raw_downloads_week><raw_downloads_day>0</raw_downloads_day></version><version><id>79180134</id><name>sha256:e6097a04aa16c9bd051f290cfea49deada301498e189d13abdb968ec2c62e7ad</name><date>2025-04-21</date><newest>false</newest><latest>false</latest><size>270.8 MB</size><downloads>0</downloads><downloads_month>0</downloads_month><downloads_week>0</downloads_week><downloads_day>0</downloads_day><raw_size>270868152</raw_size><raw_downloads>0</raw_downloads><raw_downloads_month>0</raw_downloads_month><raw_downloads_week>0</raw_downloads_week><raw_downloads_day>0</raw_downloads_day></version><version><id>79181431</id><name>sha256:e7ad4ec996f76b1c567c0c956034157c38bc6e10d7a257d6decbabf18549a91b</name><date>2025-04-21</date><newest>false</newest><latest>false</latest><size>270.8 MB</size><downloads>0</downloads><downloads_month>0</downloads_month><downloads_week>0</downloads_week><downloads_day>0</downloads_day><raw_size>270883098</raw_size><raw_downloads>0</raw_downloads><raw_downloads_month>0</raw_downloads_month><raw_downloads_week>0</raw_downloads_week><raw_downloads_day>0</raw_downloads_day></version><version><id>79181441</id><name>sha256:3c383c1b15cdb8762be83d111482f31aa282c4cbf107aa05d82de75f8dbabd65</name><date>2025-04-21</date><newest>false</newest><latest>false</latest><size>269.7 MB</size><downloads>0</downloads><downloads_month>0</downloads_month><downloads_week>0</downloads_week><downloads_day>0</downloads_day><raw_size>269722351</raw_size><raw_downloads>0</raw_downloads><raw_downloads_month>0</raw_downloads_month><raw_downloads_week>0</raw_downloads_week><raw_downloads_day>0</raw_downloads_day></version><version><id>79181448</id><name>sha256:9c7298acd2c429dec3459f065f90d005105ee130ddd9bd876c193aa216dcc332</name><date>2025-04-21</date><newest>false</newest><latest>false</latest><size>2.3 kB</size><downloads>0</downloads><downloads_month>0</downloads_month><downloads_week>0</downloads_week><downloads_day>0</downloads_day><raw_size>2327</raw_size><raw_downloads>0</raw_downloads><raw_downloads_month>0</raw_downloads_month><raw_downloads_week>0</raw_downloads_week><raw_downloads_day>0</raw_downloads_day></version><version><id>79181452</id><name>sha256:804bbc8c9f9ec2cc7fa8f03f0b28f59fa186c6189ae9ff0a8b319e0a5f7a05fe</name><date>2025-04-21</date><newest>false</newest><latest>false</latest><size>270.8 MB</size><downloads>0</downloads><downloads_month>0</downloads_month><downloads_week>0</downloads_week><downloads_day>0</downloads_day><raw_size>270868152</raw_size><raw_downloads>0</raw_downloads><raw_downloads_month>0</raw_downloads_month><raw_downloads_week>0</raw_downloads_week><raw_downloads_day>0</raw_downloads_day></version><version><id>79183990</id><name>sha256:ae9e44454cc431f1b41d238b2f637cd44d3fbe904fa6a9e1f7cd2685ee7440f2</name><date>2025-04-21</date><newest>false</newest><latest>false</latest><size>2.3 kB</size><downloads>0</downloads><downloads_month>0</downloads_month><downloads_week>0</downloads_week><downloads_day>0</downloads_day><raw_size>2326</raw_size><raw_downloads>0</raw_downloads><raw_downloads_month>0</raw_downloads_month><raw_downloads_week>0</raw_downloads_week><raw_downloads_day>0</raw_downloads_day></version><version><id>79183997</id><name>sha256:ab8d0d97acf55d346aae0f63042346e380ea754d266b3ebe98eded4ad2c11c9d</name><date>2025-04-21</date><newest>false</newest><latest>false</latest><size>270.8 MB</size><downloads>0</downloads><downloads_month>0</downloads_month><downloads_week>0</downloads_week><downloads_day>0</downloads_day><raw_size>270880821</raw_size><raw_downloads>0</raw_downloads><raw_downloads_month>0</raw_downloads_month><raw_downloads_week>0</raw_downloads_week><raw_downloads_day>0</raw_downloads_day></version><version><id>79184000</id><name>sha256:76ad58a95eac9422a832fa35d3fe9ff25ccc6172c731cfc542da00af84b99fa9</name><date>2025-04-21</date><newest>false</newest><latest>false</latest><size>2.3 kB</size><downloads>0</downloads><downloads_month>0</downloads_month><downloads_week>0</downloads_week><downloads_day>0</downloads_day><raw_size>2326</raw_size><raw_downloads>0</raw_downloads><raw_downloads_month>0</raw_downloads_month><raw_downloads_week>0</raw_downloads_week><raw_downloads_day>0</raw_downloads_day></version><version><id>79184001</id><name>sha256:3d48528c70fa133c3f276d66cbd6b01cf782fd55026168262357e5fe5384ae47</name><date>2025-04-21</date><newest>false</newest><latest>false</latest><size>270.8 MB</size><downloads>0</downloads><downloads_month>0</downloads_month><downloads_week>0</downloads_week><downloads_day>0</downloads_day><raw_size>270868152</raw_size><raw_downloads>0</raw_downloads><raw_downloads_month>0</raw_downloads_month><raw_downloads_week>0</raw_downloads_week><raw_downloads_day>0</raw_downloads_day></version><version><id>79187536</id><name>sha256:c0fda836688bf7849857f8495183d649db7b7f08d9ef649e9a6b5a27b4e60c76</name><date>2025-04-21</date><newest>false</newest><latest>false</latest><size>2.3 kB</size><downloads>0</downloads><downloads_month>0</downloads_month><downloads_week>0</downloads_week><downloads_day>0</downloads_day><raw_size>2327</raw_size><raw_downloads>0</raw_downloads><raw_downloads_month>0</raw_downloads_month><raw_downloads_week>0</raw_downloads_week><raw_downloads_day>0</raw_downloads_day></version><version><id>79188343</id><name>sha256:99a5a7a3f1f0e0d271facaa833df80fa05d91f98169c9de7793c36ea5609ba29</name><date>2025-04-21</date><newest>false</newest><latest>false</latest><size>269.7 MB</size><downloads>0</downloads><downloads_month>0</downloads_month><downloads_week>0</downloads_week><downloads_day>0</downloads_day><raw_size>269721991</raw_size><raw_downloads>0</raw_downloads><raw_downloads_month>0</raw_downloads_month><raw_downloads_week>0</raw_downloads_week><raw_downloads_day>0</raw_downloads_day></version><version><id>79188345</id><name>sha256:9b2b71bfd14cf8402f0407bf64107d0f78b2e3f72c30695b456e9d7d8159c34b</name><date>2025-04-21</date><newest>false</newest><latest>false</latest><size>270.8 MB</size><downloads>0</downloads><downloads_month>0</downloads_month><downloads_week>0</downloads_week><downloads_day>0</downloads_day><raw_size>270882957</raw_size><raw_downloads>0</raw_downloads><raw_downloads_month>0</raw_downloads_month><raw_downloads_week>0</raw_downloads_week><raw_downloads_day>0</raw_downloads_day></version><version><id>79188352</id><name>sha256:e5fb92b62d0c9c5cbd3243ac1fb5ae1fe614c228847f49bd8bbf82f137563739</name><date>2025-04-21</date><newest>false</newest><latest>false</latest><size>2.3 kB</size><downloads>0</downloads><downloads_month>0</downloads_month><downloads_week>0</downloads_week><downloads_day>0</downloads_day><raw_size>2327</raw_size><raw_downloads>0</raw_downloads><raw_downloads_month>0</raw_downloads_month><raw_downloads_week>0</raw_downloads_week><raw_downloads_day>0</raw_downloads_day></version><version><id>79188354</id><name>sha256:6f27dd1759bf9f8215ee3b30bc0d806654a9345af4a8ceb34f527b4dbdd6b604</name><date>2025-04-21</date><newest>false</newest><latest>false</latest><size>-1</size><downloads>0</downloads><downloads_month>0</downloads_month><downloads_week>0</downloads_week><downloads_day>0</downloads_day><raw_size>-1</raw_size><raw_downloads>0</raw_downloads><raw_downloads_month>0</raw_downloads_month><raw_downloads_week>0</raw_downloads_week><raw_downloads_day>0</raw_downloads_day></version><version><id>79194111</id><name>sha256:e6237e5811cd13d7b46563f5927f4bed632e9fc32209295318ddd149ef72f274</name><date>2025-04-21</date><newest>false</newest><latest>false</latest><size>269.7 MB</size><downloads>0</downloads><downloads_month>0</downloads_month><downloads_week>0</downloads_week><downloads_day>0</downloads_day><raw_size>269721336</raw_size><raw_downloads>0</raw_downloads><raw_downloads_month>0</raw_downloads_month><raw_downloads_week>0</raw_downloads_week><raw_downloads_day>0</raw_downloads_day></version><version><id>79194113</id><name>sha256:387f32e7a8d39abedf59b086add1bd11744eb6fa3631db8295e442ba1d719543</name><date>2025-04-21</date><newest>false</newest><latest>false</latest><size>2.3 kB</size><downloads>0</downloads><downloads_month>0</downloads_month><downloads_week>0</downloads_week><downloads_day>0</downloads_day><raw_size>2327</raw_size><raw_downloads>0</raw_downloads><raw_downloads_month>0</raw_downloads_month><raw_downloads_week>0</raw_downloads_week><raw_downloads_day>0</raw_downloads_day></version><version><id>79194119</id><name>sha256:bbf798130a7818720e0af752329e8d957b05ae8903df11821b2c6687c9d174ec</name><date>2025-04-21</date><newest>false</newest><latest>false</latest><size>270.8 MB</size><downloads>0</downloads><downloads_month>0</downloads_month><downloads_week>0</downloads_week><downloads_day>0</downloads_day><raw_size>270886742</raw_size><raw_downloads>0</raw_downloads><raw_downloads_month>0</raw_downloads_month><raw_downloads_week>0</raw_downloads_week><raw_downloads_day>0</raw_downloads_day></version><version><id>79194122</id><name>sha256:8956a3d577036949584ee6a1cae85caf7f6000df5d624973163cd5c88b95b6ce</name><date>2025-04-21</date><newest>false</newest><latest>false</latest><size>2.3 kB</size><downloads>0</downloads><downloads_month>0</downloads_month><downloads_week>0</downloads_week><downloads_day>0</downloads_day><raw_size>2327</raw_size><raw_downloads>0</raw_downloads><raw_downloads_month>0</raw_downloads_month><raw_downloads_week>0</raw_downloads_week><raw_downloads_day>0</raw_downloads_day></version><version><id>79194126</id><name>sha256:03a7c85be3db7da635db35e4624dc68f12929ed11cc9b5ef76ffb33b484b1c0b</name><date>2025-04-21</date><newest>false</newest><latest>false</latest><size>270.8 MB</size><downloads>0</downloads><downloads_month>0</downloads_month><downloads_week>0</downloads_week><downloads_day>0</downloads_day><raw_size>270868152</raw_size><raw_downloads>0</raw_downloads><raw_downloads_month>0</raw_downloads_month><raw_downloads_week>0</raw_downloads_week><raw_downloads_day>0</raw_downloads_day></version><version><id>79197224</id><name>sha256:3eac5bb3ef3fdc6ff0a41659d4ffcd88b4f0e3f4360d26c6beaf9d4fa00aa264</name><date>2025-04-21</date><newest>false</newest><latest>false</latest><size>2.3 kB</size><downloads>5</downloads><downloads_month>0</downloads_month><downloads_week>0</downloads_week><downloads_day>0</downloads_day><raw_size>2327</raw_size><raw_downloads>5</raw_downloads><raw_downloads_month>0</raw_downloads_month><raw_downloads_week>0</raw_downloads_week><raw_downloads_day>0</raw_downloads_day></version><version><id>79197234</id><name>sha256:49e997706b4c20195d3e9e47e302ace033abf6c9dd30191f380073c7bef630b9</name><date>2025-04-21</date><newest>false</newest><latest>false</latest><size>269.7 MB</size><downloads>5</downloads><downloads_month>0</downloads_month><downloads_week>0</downloads_week><downloads_day>0</downloads_day><raw_size>269723586</raw_size><raw_downloads>5</raw_downloads><raw_downloads_month>0</raw_downloads_month><raw_downloads_week>0</raw_downloads_week><raw_downloads_day>0</raw_downloads_day></version><version><id>79197252</id><name>sha256:06bd2a92feb25a363c1b587b72a0565566c34d76f7ef7fa7ccb01e453ffc9d28</name><date>2025-04-21</date><newest>false</newest><latest>false</latest><size>270.8 MB</size><downloads>16</downloads><downloads_month>0</downloads_month><downloads_week>0</downloads_week><downloads_day>0</downloads_day><raw_size>270887805</raw_size><raw_downloads>16</raw_downloads><raw_downloads_month>0</raw_downloads_month><raw_downloads_week>0</raw_downloads_week><raw_downloads_day>0</raw_downloads_day></version><version><id>79197259</id><name>sha256:f94f771c59cba049859e3176a05e0d8e1395a6941020296bd45939bb04c666d9</name><date>2025-04-21</date><newest>false</newest><latest>false</latest><size>2.3 kB</size><downloads>5</downloads><downloads_month>0</downloads_month><downloads_week>0</downloads_week><downloads_day>0</downloads_day><raw_size>2327</raw_size><raw_downloads>5</raw_downloads><raw_downloads_month>0</raw_downloads_month><raw_downloads_week>0</raw_downloads_week><raw_downloads_day>0</raw_downloads_day></version><version><id>79197265</id><name>sha256:9f12b02686a369c5c5d20b7012cc17457651c52195e7fe42ee018375bab78a61</name><date>2025-04-21</date><newest>true</newest><latest>true</latest><size>270.8 MB</size><downloads>306</downloads><downloads_month>4</downloads_month><downloads_week>0</downloads_week><downloads_day>0</downloads_day><raw_size>270868152</raw_size><raw_downloads>306</raw_downloads><raw_downloads_month>4</raw_downloads_month><raw_downloads_week>0</raw_downloads_week><raw_downloads_day>0</raw_downloads_day><tags>latest</tags><tags>0.0.1</tags></version></xml>
