<?xml version="1.0" encoding="UTF-8"?><xml><owner_type>users</owner_type><package_type>container</package_type><owner_id>7810770</owner_id><owner>sjinks</owner><repo>test-cs-images</repo><package>test-cs-images%2Fwp-latest-php8</package><date>2025-05-31</date><size>-1</size><versions>0</versions><tagged>1</tagged><owner_rank>20</owner_rank><repo_rank>17</repo_rank><downloads>373</downloads><downloads_month>16</downloads_month><downloads_week>0</downloads_week><downloads_day>0</downloads_day><raw_size>-1</raw_size><raw_versions>0</raw_versions><raw_tagged>1</raw_tagged><raw_owner_rank>20</raw_owner_rank><raw_repo_rank>17</raw_repo_rank><raw_downloads>373</raw_downloads><raw_downloads_month>16</raw_downloads_month><raw_downloads_week>0</raw_downloads_week><raw_downloads_day>0</raw_downloads_day><version><id>-1</id><name>latest</name><date>2025-05-31</date><newest>true</newest><latest>true</latest><size>-1</size><downloads>373</downloads><downloads_month>16</downloads_month><downloads_week>0</downloads_week><downloads_day>0</downloads_day><raw_size>-1</raw_size><raw_downloads>373</raw_downloads><raw_downloads_month>16</raw_downloads_month><raw_downloads_week>0</raw_downloads_week><raw_downloads_day>0</raw_downloads_day></version></xml>
