<?xml version="1.0" encoding="UTF-8"?><xml><owner_type>users</owner_type><package_type>container</package_type><owner_id>7810770</owner_id><owner>sjinks</owner><repo>test-cs-images</repo><package>test-cs-images%2Fdev-env-vsc</package><date>2025-05-18</date><size>11.2 kB</size><versions>1</versions><tagged>1</tagged><owner_rank>21</owner_rank><repo_rank>15</repo_rank><downloads>619</downloads><downloads_month>0</downloads_month><downloads_week>0</downloads_week><downloads_day>0</downloads_day><raw_size>11296</raw_size><raw_versions>1</raw_versions><raw_tagged>1</raw_tagged><raw_owner_rank>21</raw_owner_rank><raw_repo_rank>15</raw_repo_rank><raw_downloads>619</raw_downloads><raw_downloads_month>0</raw_downloads_month><raw_downloads_week>0</raw_downloads_week><raw_downloads_day>0</raw_downloads_day><version><id>76896695</id><name>sha256:d7e5181f97c5a63980ac61a0e4aa6d03ae741cd26a6e80979d42dbea4389d2e9</name><date>2025-05-18</date><newest>true</newest><latest>true</latest><size>11.2 kB</size><downloads>619</downloads><downloads_month>0</downloads_month><downloads_week>0</downloads_week><downloads_day>0</downloads_day><raw_size>11296</raw_size><raw_downloads>619</raw_downloads><raw_downloads_month>0</raw_downloads_month><raw_downloads_week>0</raw_downloads_week><raw_downloads_day>0</raw_downloads_day><tags>latest</tags><tags>0.0.1</tags><tags>0.0</tags><tags>0</tags></version></xml>
