<?xml version="1.0" encoding="UTF-8"?><xml><owner_type>users</owner_type><package_type>container</package_type><owner_id>7810770</owner_id><owner>sjinks</owner><repo>test-cs-images</repo><package>test-cs-images%2Falpine-base</package><date>2025-04-19</date><size>40.4 MB</size><versions>29</versions><tagged>1</tagged><owner_rank>6</owner_rank><repo_rank>3</repo_rank><downloads>1.9k</downloads><downloads_month>0</downloads_month><downloads_week>0</downloads_week><downloads_day>0</downloads_day><raw_size>40475033</raw_size><raw_versions>29</raw_versions><raw_tagged>1</raw_tagged><raw_owner_rank>6</raw_owner_rank><raw_repo_rank>3</raw_repo_rank><raw_downloads>1902</raw_downloads><raw_downloads_month>0</raw_downloads_month><raw_downloads_week>0</raw_downloads_week><raw_downloads_day>0</raw_downloads_day><version><id>79179294</id><name>sha256:c177f3c07944baf7b41ed74ce5e2ee2c05f0149979fccde16fd82e76bc8fed62</name><date>2025-04-19</date><newest>false</newest><latest>false</latest><size>2.2 kB</size><downloads>0</downloads><downloads_month>0</downloads_month><downloads_week>0</downloads_week><downloads_day>0</downloads_day><raw_size>2284</raw_size><raw_downloads>0</raw_downloads><raw_downloads_month>0</raw_downloads_month><raw_downloads_week>0</raw_downloads_week><raw_downloads_day>0</raw_downloads_day></version><version><id>79179298</id><name>sha256:1873315b722517b43a893c876bf3d7a431b221265749f2aafd78d29b2ecfccd0</name><date>2025-04-19</date><newest>false</newest><latest>false</latest><size>40.4 MB</size><downloads>3</downloads><downloads_month>0</downloads_month><downloads_week>0</downloads_week><downloads_day>0</downloads_day><raw_size>40478419</raw_size><raw_downloads>3</raw_downloads><raw_downloads_month>0</raw_downloads_month><raw_downloads_week>0</raw_downloads_week><raw_downloads_day>0</raw_downloads_day></version><version><id>79179302</id><name>sha256:58bae319647440fea9464123c687bb6fb70b2f795b5a00eefeb1d9fbdcdb75b6</name><date>2025-04-19</date><newest>false</newest><latest>false</latest><size>40.3 MB</size><downloads>1</downloads><downloads_month>0</downloads_month><downloads_week>0</downloads_week><downloads_day>0</downloads_day><raw_size>40303034</raw_size><raw_downloads>1</raw_downloads><raw_downloads_month>0</raw_downloads_month><raw_downloads_week>0</raw_downloads_week><raw_downloads_day>0</raw_downloads_day></version><version><id>79179309</id><name>sha256:ac989e2d1af60e204bbc4dc728fb2b03f0941b0d2fc7815145ae7e52a40e7f63</name><date>2025-04-19</date><newest>false</newest><latest>false</latest><size>2.2 kB</size><downloads>0</downloads><downloads_month>0</downloads_month><downloads_week>0</downloads_week><downloads_day>0</downloads_day><raw_size>2284</raw_size><raw_downloads>0</raw_downloads><raw_downloads_month>0</raw_downloads_month><raw_downloads_week>0</raw_downloads_week><raw_downloads_day>0</raw_downloads_day></version><version><id>79179311</id><name>sha256:6dfc56c86be9d6fb6ee0cb43e407bb3f1b45271eaafd401ba0423bca139d8d9f</name><date>2025-04-19</date><newest>false</newest><latest>false</latest><size>40.4 MB</size><downloads>4</downloads><downloads_month>0</downloads_month><downloads_week>0</downloads_week><downloads_day>0</downloads_day><raw_size>40475033</raw_size><raw_downloads>4</raw_downloads><raw_downloads_month>0</raw_downloads_month><raw_downloads_week>0</raw_downloads_week><raw_downloads_day>0</raw_downloads_day></version><version><id>79180431</id><name>sha256:f469deda1f7d274e68a37716194612648d2ee9dc6a3793450c89ffd2cd72993a</name><date>2025-04-19</date><newest>false</newest><latest>false</latest><size>2.2 kB</size><downloads>0</downloads><downloads_month>0</downloads_month><downloads_week>0</downloads_week><downloads_day>0</downloads_day><raw_size>2284</raw_size><raw_downloads>0</raw_downloads><raw_downloads_month>0</raw_downloads_month><raw_downloads_week>0</raw_downloads_week><raw_downloads_day>0</raw_downloads_day></version><version><id>79180439</id><name>sha256:f476a84bfa09bc4df7b7400037a207b9ab4ccbd3ae62d0ff62910262913b15fa</name><date>2025-04-19</date><newest>false</newest><latest>false</latest><size>40.3 MB</size><downloads>1</downloads><downloads_month>0</downloads_month><downloads_week>0</downloads_week><downloads_day>0</downloads_day><raw_size>40303127</raw_size><raw_downloads>1</raw_downloads><raw_downloads_month>0</raw_downloads_month><raw_downloads_week>0</raw_downloads_week><raw_downloads_day>0</raw_downloads_day></version><version><id>79180446</id><name>sha256:7de6e32795354756380a479b729c1a5a38d193f6f0dd3c0bdbf9a00792e98a6d</name><date>2025-04-19</date><newest>false</newest><latest>false</latest><size>2.2 kB</size><downloads>0</downloads><downloads_month>0</downloads_month><downloads_week>0</downloads_week><downloads_day>0</downloads_day><raw_size>2284</raw_size><raw_downloads>0</raw_downloads><raw_downloads_month>0</raw_downloads_month><raw_downloads_week>0</raw_downloads_week><raw_downloads_day>0</raw_downloads_day></version><version><id>79183046</id><name>sha256:e607abf97bb272d2bc3ffd112473b6ccad7460bb9d620c95eaced6ddfd100393</name><date>2025-04-19</date><newest>false</newest><latest>false</latest><size>2.2 kB</size><downloads>0</downloads><downloads_month>0</downloads_month><downloads_week>0</downloads_week><downloads_day>0</downloads_day><raw_size>2284</raw_size><raw_downloads>0</raw_downloads><raw_downloads_month>0</raw_downloads_month><raw_downloads_week>0</raw_downloads_week><raw_downloads_day>0</raw_downloads_day></version><version><id>79183048</id><name>sha256:cb18464f3fea3b96e39000c8fc3dc345260b5277d1082ff5a2c9ddf487bce16f</name><date>2025-04-19</date><newest>false</newest><latest>false</latest><size>40.3 MB</size><downloads>1</downloads><downloads_month>0</downloads_month><downloads_week>0</downloads_week><downloads_day>0</downloads_day><raw_size>40303107</raw_size><raw_downloads>1</raw_downloads><raw_downloads_month>0</raw_downloads_month><raw_downloads_week>0</raw_downloads_week><raw_downloads_day>0</raw_downloads_day></version><version><id>79183050</id><name>sha256:763adbb1e4772b229dd0280462dbd186b928ddc3d6cf4c55a333db0672c9d9c1</name><date>2025-04-19</date><newest>false</newest><latest>false</latest><size>40.4 MB</size><downloads>3</downloads><downloads_month>0</downloads_month><downloads_week>0</downloads_week><downloads_day>0</downloads_day><raw_size>40478278</raw_size><raw_downloads>3</raw_downloads><raw_downloads_month>0</raw_downloads_month><raw_downloads_week>0</raw_downloads_week><raw_downloads_day>0</raw_downloads_day></version><version><id>79183058</id><name>sha256:e7354cb6a280d06064b121802e4cc714e096f84ddf1edbaa7ef238d4be4f7fea</name><date>2025-04-19</date><newest>false</newest><latest>false</latest><size>40.4 MB</size><downloads>4</downloads><downloads_month>0</downloads_month><downloads_week>0</downloads_week><downloads_day>0</downloads_day><raw_size>40475033</raw_size><raw_downloads>4</raw_downloads><raw_downloads_month>0</raw_downloads_month><raw_downloads_week>0</raw_downloads_week><raw_downloads_day>0</raw_downloads_day></version><version><id>79186572</id><name>sha256:a844b7b077e642deeb03c78c3284a8cab0840b9dc5bac870568c3d3ac5a07b4e</name><date>2025-04-19</date><newest>false</newest><latest>false</latest><size>40.4 MB</size><downloads>2</downloads><downloads_month>0</downloads_month><downloads_week>0</downloads_week><downloads_day>0</downloads_day><raw_size>40478388</raw_size><raw_downloads>2</raw_downloads><raw_downloads_month>0</raw_downloads_month><raw_downloads_week>0</raw_downloads_week><raw_downloads_day>0</raw_downloads_day></version><version><id>79186581</id><name>sha256:7ffe68301623253ccb31d35c1e396db88bd588c7b39812c10b68297141007111</name><date>2025-04-19</date><newest>false</newest><latest>false</latest><size>40.3 MB</size><downloads>1</downloads><downloads_month>0</downloads_month><downloads_week>0</downloads_week><downloads_day>0</downloads_day><raw_size>40303248</raw_size><raw_downloads>1</raw_downloads><raw_downloads_month>0</raw_downloads_month><raw_downloads_week>0</raw_downloads_week><raw_downloads_day>0</raw_downloads_day></version><version><id>79186584</id><name>sha256:d5c07cc3e58754ce49c204f50e2f4ff452c5c8a842e3bfa31ec9ec5ae64c2edf</name><date>2025-04-19</date><newest>false</newest><latest>false</latest><size>2.2 kB</size><downloads>0</downloads><downloads_month>0</downloads_month><downloads_week>0</downloads_week><downloads_day>0</downloads_day><raw_size>2284</raw_size><raw_downloads>0</raw_downloads><raw_downloads_month>0</raw_downloads_month><raw_downloads_week>0</raw_downloads_week><raw_downloads_day>0</raw_downloads_day></version><version><id>79186589</id><name>sha256:1eb1fcc2c9e775c78b6a519525773b89bb92f8d426aa2919fa6fd318ea3403c6</name><date>2025-04-19</date><newest>false</newest><latest>false</latest><size>40.4 MB</size><downloads>3</downloads><downloads_month>0</downloads_month><downloads_week>0</downloads_week><downloads_day>0</downloads_day><raw_size>40475033</raw_size><raw_downloads>3</raw_downloads><raw_downloads_month>0</raw_downloads_month><raw_downloads_week>0</raw_downloads_week><raw_downloads_day>0</raw_downloads_day></version><version><id>79187471</id><name>sha256:cef757ff05794d0bca63112b18753396018bfde62c4c774dfd02471c5494148b</name><date>2025-04-19</date><newest>false</newest><latest>false</latest><size>40.4 MB</size><downloads>3</downloads><downloads_month>0</downloads_month><downloads_week>0</downloads_week><downloads_day>0</downloads_day><raw_size>40478382</raw_size><raw_downloads>3</raw_downloads><raw_downloads_month>0</raw_downloads_month><raw_downloads_week>0</raw_downloads_week><raw_downloads_day>0</raw_downloads_day></version><version><id>79187474</id><name>sha256:1f4b5baed0733157640ff552ac23ad44f2571ec34f9950a2d313091de5ffcddf</name><date>2025-04-19</date><newest>false</newest><latest>false</latest><size>2.2 kB</size><downloads>0</downloads><downloads_month>0</downloads_month><downloads_week>0</downloads_week><downloads_day>0</downloads_day><raw_size>2284</raw_size><raw_downloads>0</raw_downloads><raw_downloads_month>0</raw_downloads_month><raw_downloads_week>0</raw_downloads_week><raw_downloads_day>0</raw_downloads_day></version><version><id>79187481</id><name>sha256:f894ee39f4d109b64d5f54d70f17d0685e1657bb1d9830793b912a452d551e7f</name><date>2025-04-19</date><newest>false</newest><latest>false</latest><size>40.4 MB</size><downloads>4</downloads><downloads_month>0</downloads_month><downloads_week>0</downloads_week><downloads_day>0</downloads_day><raw_size>40475033</raw_size><raw_downloads>4</raw_downloads><raw_downloads_month>0</raw_downloads_month><raw_downloads_week>0</raw_downloads_week><raw_downloads_day>0</raw_downloads_day></version><version><id>79193174</id><name>sha256:5d3121c6c9793aaa1351ad6219616fd97cf876fdcd1e9729c11ee3ac2222eb2a</name><date>2025-04-19</date><newest>false</newest><latest>false</latest><size>2.2 kB</size><downloads>0</downloads><downloads_month>0</downloads_month><downloads_week>0</downloads_week><downloads_day>0</downloads_day><raw_size>2284</raw_size><raw_downloads>0</raw_downloads><raw_downloads_month>0</raw_downloads_month><raw_downloads_week>0</raw_downloads_week><raw_downloads_day>0</raw_downloads_day></version><version><id>79193192</id><name>sha256:dc3e943b8b77849e2df5f5c6493c8853bca45d594557fa8bcbe9327f70e39ffe</name><date>2025-04-19</date><newest>false</newest><latest>false</latest><size>40.4 MB</size><downloads>4</downloads><downloads_month>0</downloads_month><downloads_week>0</downloads_week><downloads_day>0</downloads_day><raw_size>40475033</raw_size><raw_downloads>4</raw_downloads><raw_downloads_month>0</raw_downloads_month><raw_downloads_week>0</raw_downloads_week><raw_downloads_day>0</raw_downloads_day></version><version><id>79195060</id><name>sha256:01d05eee4c9456459cb9d0b7abcaaa49aba0fc57cfdda3847b89b7f381e96eaa</name><date>2025-04-19</date><newest>false</newest><latest>false</latest><size>2.2 kB</size><downloads>0</downloads><downloads_month>0</downloads_month><downloads_week>0</downloads_week><downloads_day>0</downloads_day><raw_size>2284</raw_size><raw_downloads>0</raw_downloads><raw_downloads_month>0</raw_downloads_month><raw_downloads_week>0</raw_downloads_week><raw_downloads_day>0</raw_downloads_day></version><version><id>79195067</id><name>sha256:32272606bfa343925fe0cb365ae650e079bf067c18033440e348cf74f8250eb7</name><date>2025-04-19</date><newest>false</newest><latest>false</latest><size>40.4 MB</size><downloads>2</downloads><downloads_month>0</downloads_month><downloads_week>0</downloads_week><downloads_day>0</downloads_day><raw_size>40478410</raw_size><raw_downloads>2</raw_downloads><raw_downloads_month>0</raw_downloads_month><raw_downloads_week>0</raw_downloads_week><raw_downloads_day>0</raw_downloads_day></version><version><id>79195073</id><name>sha256:d4ad4cc1cd87ce5a23bc152b0749ef9f7c0eaa68608a0366c1b2cbcd2a283c61</name><date>2025-04-19</date><newest>false</newest><latest>false</latest><size>40.3 MB</size><downloads>1</downloads><downloads_month>0</downloads_month><downloads_week>0</downloads_week><downloads_day>0</downloads_day><raw_size>40303397</raw_size><raw_downloads>1</raw_downloads><raw_downloads_month>0</raw_downloads_month><raw_downloads_week>0</raw_downloads_week><raw_downloads_day>0</raw_downloads_day></version><version><id>79195080</id><name>sha256:4f08296ad2a8b48f2331ac76584620a3b7a9a0bb657b554f7decfc9eb930401b</name><date>2025-04-19</date><newest>false</newest><latest>false</latest><size>2.2 kB</size><downloads>0</downloads><downloads_month>0</downloads_month><downloads_week>0</downloads_week><downloads_day>0</downloads_day><raw_size>2284</raw_size><raw_downloads>0</raw_downloads><raw_downloads_month>0</raw_downloads_month><raw_downloads_week>0</raw_downloads_week><raw_downloads_day>0</raw_downloads_day></version><version><id>79195087</id><name>sha256:ad36838e5514bce92c5405755cec92049334b02da10dfcd2a68a9662cd8639f4</name><date>2025-04-19</date><newest>false</newest><latest>false</latest><size>40.4 MB</size><downloads>3</downloads><downloads_month>0</downloads_month><downloads_week>0</downloads_week><downloads_day>0</downloads_day><raw_size>40475033</raw_size><raw_downloads>3</raw_downloads><raw_downloads_month>0</raw_downloads_month><raw_downloads_week>0</raw_downloads_week><raw_downloads_day>0</raw_downloads_day></version><version><id>79195783</id><name>sha256:6529c4efbfc10331281f24b62a0751bd937c9dc50bae2318cb2999d38ba7c0d4</name><date>2025-04-19</date><newest>false</newest><latest>false</latest><size>40.3 MB</size><downloads>6</downloads><downloads_month>0</downloads_month><downloads_week>0</downloads_week><downloads_day>0</downloads_day><raw_size>40303163</raw_size><raw_downloads>6</raw_downloads><raw_downloads_month>0</raw_downloads_month><raw_downloads_week>0</raw_downloads_week><raw_downloads_day>0</raw_downloads_day></version><version><id>79195786</id><name>sha256:f7d163b7feddbb7c0623e534b444d1f9e222b0b4f5caeb328c8892e84648cb3c</name><date>2025-04-19</date><newest>false</newest><latest>false</latest><size>40.4 MB</size><downloads>18</downloads><downloads_month>0</downloads_month><downloads_week>0</downloads_week><downloads_day>0</downloads_day><raw_size>40478431</raw_size><raw_downloads>18</raw_downloads><raw_downloads_month>0</raw_downloads_month><raw_downloads_week>0</raw_downloads_week><raw_downloads_day>0</raw_downloads_day></version><version><id>79195794</id><name>sha256:88d45d414ae5e2d9f247da1a34543a1256d68cc6ffb98fcc4b29d5aaff6ba3ea</name><date>2025-04-19</date><newest>true</newest><latest>true</latest><size>40.4 MB</size><downloads>316</downloads><downloads_month>3</downloads_month><downloads_week>0</downloads_week><downloads_day>0</downloads_day><raw_size>40475033</raw_size><raw_downloads>316</raw_downloads><raw_downloads_month>3</raw_downloads_month><raw_downloads_week>0</raw_downloads_week><raw_downloads_day>0</raw_downloads_day><tags>1.0.7</tags><tags>latest</tags></version></xml>
