<?xml version="1.0" encoding="UTF-8"?><xml><owner_type>users</owner_type><package_type>container</package_type><owner_id>7810770</owner_id><owner>sjinks</owner><repo>test-cs-images</repo><package>test-cs-images%2Falpine-base</package><date>2025-02-03</date><size>-1</size><versions>7</versions><tagged>1</tagged><owner_rank>6</owner_rank><repo_rank>3</repo_rank><downloads>1.8k</downloads><downloads_month>0</downloads_month><downloads_week>0</downloads_week><downloads_day>0</downloads_day><raw_size>-1</raw_size><raw_versions>7</raw_versions><raw_tagged>1</raw_tagged><raw_owner_rank>6</raw_owner_rank><raw_repo_rank>3</raw_repo_rank><raw_downloads>1892</raw_downloads><raw_downloads_month>0</raw_downloads_month><raw_downloads_week>0</raw_downloads_week><raw_downloads_day>0</raw_downloads_day><version><id>79195060</id><name>sha256:01d05eee4c9456459cb9d0b7abcaaa49aba0fc57cfdda3847b89b7f381e96eaa</name><date>2025-02-03</date><newest>false</newest><latest>false</latest><size>2.2 kB</size><downloads>0</downloads><downloads_month>0</downloads_month><downloads_week>0</downloads_week><downloads_day>0</downloads_day><raw_size>2284</raw_size><raw_downloads>0</raw_downloads><raw_downloads_month>0</raw_downloads_month><raw_downloads_week>0</raw_downloads_week><raw_downloads_day>0</raw_downloads_day></version><version><id>79195067</id><name>sha256:32272606bfa343925fe0cb365ae650e079bf067c18033440e348cf74f8250eb7</name><date>2025-02-03</date><newest>false</newest><latest>false</latest><size>40.4 MB</size><downloads>2</downloads><downloads_month>0</downloads_month><downloads_week>0</downloads_week><downloads_day>0</downloads_day><raw_size>40478410</raw_size><raw_downloads>2</raw_downloads><raw_downloads_month>0</raw_downloads_month><raw_downloads_week>0</raw_downloads_week><raw_downloads_day>0</raw_downloads_day></version><version><id>79195073</id><name>sha256:d4ad4cc1cd87ce5a23bc152b0749ef9f7c0eaa68608a0366c1b2cbcd2a283c61</name><date>2025-02-03</date><newest>false</newest><latest>false</latest><size>40.3 MB</size><downloads>1</downloads><downloads_month>0</downloads_month><downloads_week>0</downloads_week><downloads_day>0</downloads_day><raw_size>40303397</raw_size><raw_downloads>1</raw_downloads><raw_downloads_month>0</raw_downloads_month><raw_downloads_week>0</raw_downloads_week><raw_downloads_day>0</raw_downloads_day></version><version><id>79195087</id><name>sha256:ad36838e5514bce92c5405755cec92049334b02da10dfcd2a68a9662cd8639f4</name><date>2025-02-03</date><newest>false</newest><latest>false</latest><size>-1</size><downloads>3</downloads><downloads_month>0</downloads_month><downloads_week>0</downloads_week><downloads_day>0</downloads_day><raw_size>-1</raw_size><raw_downloads>3</raw_downloads><raw_downloads_month>0</raw_downloads_month><raw_downloads_week>0</raw_downloads_week><raw_downloads_day>0</raw_downloads_day></version><version><id>79195783</id><name>sha256:6529c4efbfc10331281f24b62a0751bd937c9dc50bae2318cb2999d38ba7c0d4</name><date>2025-02-03</date><newest>false</newest><latest>false</latest><size>40.3 MB</size><downloads>6</downloads><downloads_month>0</downloads_month><downloads_week>0</downloads_week><downloads_day>0</downloads_day><raw_size>40303163</raw_size><raw_downloads>6</raw_downloads><raw_downloads_month>0</raw_downloads_month><raw_downloads_week>0</raw_downloads_week><raw_downloads_day>0</raw_downloads_day></version><version><id>79195786</id><name>sha256:f7d163b7feddbb7c0623e534b444d1f9e222b0b4f5caeb328c8892e84648cb3c</name><date>2025-02-03</date><newest>false</newest><latest>false</latest><size>40.4 MB</size><downloads>17</downloads><downloads_month>0</downloads_month><downloads_week>0</downloads_week><downloads_day>0</downloads_day><raw_size>40478431</raw_size><raw_downloads>17</raw_downloads><raw_downloads_month>0</raw_downloads_month><raw_downloads_week>0</raw_downloads_week><raw_downloads_day>0</raw_downloads_day></version><version><id>79195794</id><name>sha256:88d45d414ae5e2d9f247da1a34543a1256d68cc6ffb98fcc4b29d5aaff6ba3ea</name><date>2025-02-03</date><newest>true</newest><latest>true</latest><size>-1</size><downloads>312</downloads><downloads_month>0</downloads_month><downloads_week>0</downloads_week><downloads_day>0</downloads_day><raw_size>-1</raw_size><raw_downloads>312</raw_downloads><raw_downloads_month>0</raw_downloads_month><raw_downloads_week>0</raw_downloads_week><raw_downloads_day>0</raw_downloads_day><tags>1.0.7</tags><tags>latest</tags></version></xml>
