<?xml version="1.0" encoding="UTF-8"?><xml><owner_type>users</owner_type><package_type>container</package_type><owner_id>7810770</owner_id><owner>sjinks</owner><repo>test-cs-images</repo><package>test-cs-images%2Fwp-cli</package><date>2025-09-16</date><size>4</size><versions>3</versions><tagged>3</tagged><owner_rank>12</owner_rank><repo_rank>8</repo_rank><downloads>980</downloads><downloads_month>3</downloads_month><downloads_week>0</downloads_week><downloads_day>0</downloads_day><raw_size>4</raw_size><raw_versions>3</raw_versions><raw_tagged>3</raw_tagged><raw_owner_rank>12</raw_owner_rank><raw_repo_rank>8</raw_repo_rank><raw_downloads>980</raw_downloads><raw_downloads_month>3</raw_downloads_month><raw_downloads_week>0</raw_downloads_week><raw_downloads_day>0</raw_downloads_day><version><id>76667854</id><name>sha256:c68fdae9f3240655b30c2c74ae843596746330512492aea21be88091cd64bb55</name><date>2025-09-16</date><newest>false</newest><latest>false</latest><size>4</size><downloads>144</downloads><downloads_month>0</downloads_month><downloads_week>0</downloads_week><downloads_day>0</downloads_day><raw_size>4</raw_size><raw_downloads>144</raw_downloads><raw_downloads_month>0</raw_downloads_month><raw_downloads_week>0</raw_downloads_week><raw_downloads_day>0</raw_downloads_day><tags>1.0.0</tags></version><version><id>76672741</id><name>sha256:73ff0f07b42332f804ed4919ead27764c2a702e89ddb507f7a00c0585da8a8b6</name><date>2025-09-16</date><newest>false</newest><latest>false</latest><size>4</size><downloads>151</downloads><downloads_month>0</downloads_month><downloads_week>0</downloads_week><downloads_day>0</downloads_day><raw_size>4</raw_size><raw_downloads>151</raw_downloads><raw_downloads_month>0</raw_downloads_month><raw_downloads_week>0</raw_downloads_week><raw_downloads_day>0</raw_downloads_day><tags>1.0.1</tags></version><version><id>76686329</id><name>sha256:5cab2e598dfb6cedffe5e3a1b967a0f62be0417c3066973160f558604cc56577</name><date>2025-09-16</date><newest>true</newest><latest>true</latest><size>4</size><downloads>685</downloads><downloads_month>3</downloads_month><downloads_week>0</downloads_week><downloads_day>0</downloads_day><raw_size>4</raw_size><raw_downloads>685</raw_downloads><raw_downloads_month>3</raw_downloads_month><raw_downloads_week>0</raw_downloads_week><raw_downloads_day>0</raw_downloads_day><tags>1.0.2</tags><tags>latest</tags><tags>1.0</tags><tags>1</tags></version></xml>
