<?xml version="1.0" encoding="UTF-8"?><xml><owner_type>users</owner_type><package_type>container</package_type><owner_id>7810770</owner_id><owner>sjinks</owner><repo>test-cs-images</repo><package>test-cs-images%2Felasticsearch</package><date>2025-01-01</date><size>-1</size><versions>0</versions><tagged>0</tagged><downloads>1.4k</downloads><downloads_month>-1</downloads_month><downloads_week>-1</downloads_week><downloads_day>-1</downloads_day><raw_size>-1</raw_size><raw_versions>0</raw_versions><raw_tagged>0</raw_tagged><raw_downloads>1404</raw_downloads><raw_downloads_month>-1</raw_downloads_month><raw_downloads_week>-1</raw_downloads_week><raw_downloads_day>-1</raw_downloads_day><version><id>79176449</id><name>sha256:8e745344cb92ead5b035fb801fed66e62e56e1d1542cf167d5de1eb81c75f21f</name><date>2025-01-01</date><newest>false</newest><latest>false</latest><size>-1</size><downloads>154</downloads><downloads_month>0</downloads_month><downloads_week>0</downloads_week><downloads_day>0</downloads_day><raw_size>-1</raw_size><raw_downloads>154</raw_downloads><raw_downloads_month>0</raw_downloads_month><raw_downloads_week>0</raw_downloads_week><raw_downloads_day>0</raw_downloads_day><tags>1.0.0</tags></version><version><id>79195634</id><name>sha256:3f24608cc6257b377006ceec5fef22de6351792c05fc1a49f4d21c8aaf25b857</name><date>2025-01-01</date><newest>true</newest><latest>true</latest><size>-1</size><downloads>626</downloads><downloads_month>0</downloads_month><downloads_week>0</downloads_week><downloads_day>0</downloads_day><raw_size>-1</raw_size><raw_downloads>626</raw_downloads><raw_downloads_month>0</raw_downloads_month><raw_downloads_week>0</raw_downloads_week><raw_downloads_day>0</raw_downloads_day><tags>1.0.5</tags><tags>latest</tags><tags>1.0</tags><tags>1</tags></version></xml>
