<?xml version="1.0" encoding="UTF-8"?><xml><owner_type>users</owner_type><package_type>container</package_type><owner_id>7810770</owner_id><owner>sjinks</owner><repo>test-cs-images</repo><package>test-cs-images%2Fwordpress</package><date>2025-02-26</date><size>-1</size><versions>1</versions><tagged>1</tagged><owner_rank>2</owner_rank><repo_rank>1</repo_rank><downloads>2.5k</downloads><downloads_month>0</downloads_month><downloads_week>0</downloads_week><downloads_day>0</downloads_day><raw_size>-1</raw_size><raw_versions>1</raw_versions><raw_tagged>1</raw_tagged><raw_owner_rank>2</raw_owner_rank><raw_repo_rank>1</raw_repo_rank><raw_downloads>2564</raw_downloads><raw_downloads_month>0</raw_downloads_month><raw_downloads_week>0</raw_downloads_week><raw_downloads_day>0</raw_downloads_day><version><id>76702866</id><name>sha256:26cc16c5e7288e892ba02d6f645a40300980b03e4f54d339d20803767562ca24</name><date>2025-02-26</date><newest>true</newest><latest>true</latest><size>-1</size><downloads>147</downloads><downloads_month>0</downloads_month><downloads_week>0</downloads_week><downloads_day>0</downloads_day><raw_size>-1</raw_size><raw_downloads>147</raw_downloads><raw_downloads_month>0</raw_downloads_month><raw_downloads_week>0</raw_downloads_week><raw_downloads_day>0</raw_downloads_day><tags>1.1.0</tags></version></xml>
