<?xml version="1.0" encoding="UTF-8"?><xml><owner_type>users</owner_type><package_type>container</package_type><owner_id>7810770</owner_id><owner>sjinks</owner><repo>test-cs-images</repo><package>test-cs-images%2Fmemcached</package><date>2025-02-26</date><size>-1</size><versions>0</versions><tagged>3</tagged><owner_rank>7</owner_rank><repo_rank>5</repo_rank><downloads>1.3k</downloads><downloads_month>0</downloads_month><downloads_week>0</downloads_week><downloads_day>0</downloads_day><raw_size>-1</raw_size><raw_versions>0</raw_versions><raw_tagged>3</raw_tagged><raw_owner_rank>7</raw_owner_rank><raw_repo_rank>5</raw_repo_rank><raw_downloads>1354</raw_downloads><raw_downloads_month>0</raw_downloads_month><raw_downloads_week>0</raw_downloads_week><raw_downloads_day>0</raw_downloads_day><version><id>76667759</id><name>sha256:5c896d996f5594d7c5a81529a0dbb1f122687bbc6df2451e77a51e3be055e566</name><date>2025-02-26</date><newest>false</newest><latest>false</latest><size>-1</size><downloads>158</downloads><downloads_month>0</downloads_month><downloads_week>0</downloads_week><downloads_day>0</downloads_day><raw_size>-1</raw_size><raw_downloads>158</raw_downloads><raw_downloads_month>0</raw_downloads_month><raw_downloads_week>0</raw_downloads_week><raw_downloads_day>0</raw_downloads_day><tags>1.0.0</tags></version><version><id>76680508</id><name>sha256:acf05418168f3d1bca7fdd7a2e435f6fa7c1d96e4602cc49ac727a60e1a2c001</name><date>2025-02-26</date><newest>false</newest><latest>false</latest><size>-1</size><downloads>160</downloads><downloads_month>0</downloads_month><downloads_week>0</downloads_week><downloads_day>0</downloads_day><raw_size>-1</raw_size><raw_downloads>160</raw_downloads><raw_downloads_month>0</raw_downloads_month><raw_downloads_week>0</raw_downloads_week><raw_downloads_day>0</raw_downloads_day><tags>1.0.2</tags></version><version><id>77081434</id><name>sha256:5274bfa516dd739c4ef4a9b4abded0ca30743449f2975cdae329f7e423197eb2</name><date>2025-02-26</date><newest>true</newest><latest>false</latest><size>-1</size><downloads>676</downloads><downloads_month>0</downloads_month><downloads_week>0</downloads_week><downloads_day>0</downloads_day><raw_size>-1</raw_size><raw_downloads>676</raw_downloads><raw_downloads_month>0</raw_downloads_month><raw_downloads_week>0</raw_downloads_week><raw_downloads_day>0</raw_downloads_day><tags>1.0.4</tags><tags>latest</tags><tags>1.0</tags><tags>1</tags></version></xml>
