<?xml version="1.0" encoding="UTF-8"?><xml><owner_type>users</owner_type><package_type>container</package_type><owner_id>7810770</owner_id><owner>sjinks</owner><repo>test-cs-images</repo><package>test-cs-images%2Falpine-base</package><date>2024-12-31</date><size>-1</size><versions>18</versions><tagged>0</tagged><downloads>1.8k</downloads><downloads_month>0</downloads_month><downloads_week>0</downloads_week><downloads_day>0</downloads_day><raw_size>-1</raw_size><raw_versions>18</raw_versions><raw_tagged>0</raw_tagged><raw_downloads>1892</raw_downloads><raw_downloads_month>0</raw_downloads_month><raw_downloads_week>0</raw_downloads_week><raw_downloads_day>0</raw_downloads_day><version><id>79176537</id><name>sha256:ed8ae543c000592ce20cb2c0b84ec1335af9513b64d99f1860a2f61422113679</name><date>2024-12-31</date><newest>false</newest><latest>false</latest><size>40.3 MB</size><downloads>1</downloads><downloads_month>0</downloads_month><downloads_week>0</downloads_week><downloads_day>0</downloads_day><raw_size>40303217</raw_size><raw_downloads>1</raw_downloads><raw_downloads_month>0</raw_downloads_month><raw_downloads_week>0</raw_downloads_week><raw_downloads_day>0</raw_downloads_day></version><version><id>79178372</id><name>sha256:0138c8ed4e1781d4e5e03abcd91233c3cec09e92d7683ac9f9af951bfc557595</name><date>2024-12-31</date><newest>false</newest><latest>false</latest><size>40.3 MB</size><downloads>1</downloads><downloads_month>0</downloads_month><downloads_week>0</downloads_week><downloads_day>0</downloads_day><raw_size>40303198</raw_size><raw_downloads>1</raw_downloads><raw_downloads_month>0</raw_downloads_month><raw_downloads_week>0</raw_downloads_week><raw_downloads_day>0</raw_downloads_day></version><version><id>79178374</id><name>sha256:067558b2d08191c082a6e04814ad3086cb7895e369783b467877a4991300e227</name><date>2024-12-31</date><newest>false</newest><latest>false</latest><size>40.4 MB</size><downloads>3</downloads><downloads_month>0</downloads_month><downloads_week>0</downloads_week><downloads_day>0</downloads_day><raw_size>40478415</raw_size><raw_downloads>3</raw_downloads><raw_downloads_month>0</raw_downloads_month><raw_downloads_week>0</raw_downloads_week><raw_downloads_day>0</raw_downloads_day></version><version><id>79178379</id><name>sha256:372a30c28a0559b34463a9efb8ae8bb9b1e5de8f5fa77a1fed2e531137f42324</name><date>2024-12-31</date><newest>false</newest><latest>false</latest><size>2.2 kB</size><downloads>0</downloads><downloads_month>0</downloads_month><downloads_week>0</downloads_week><downloads_day>0</downloads_day><raw_size>2284</raw_size><raw_downloads>0</raw_downloads><raw_downloads_month>0</raw_downloads_month><raw_downloads_week>0</raw_downloads_week><raw_downloads_day>0</raw_downloads_day></version><version><id>79180423</id><name>sha256:583dc55c3b76ae80d8ad8e80e66fa8b9c4a74afbbe7a96a08e2ecc5298884654</name><date>2024-12-31</date><newest>false</newest><latest>false</latest><size>40.4 MB</size><downloads>3</downloads><downloads_month>0</downloads_month><downloads_week>0</downloads_week><downloads_day>0</downloads_day><raw_size>40478450</raw_size><raw_downloads>3</raw_downloads><raw_downloads_month>0</raw_downloads_month><raw_downloads_week>0</raw_downloads_week><raw_downloads_day>0</raw_downloads_day></version><version><id>79180439</id><name>sha256:f476a84bfa09bc4df7b7400037a207b9ab4ccbd3ae62d0ff62910262913b15fa</name><date>2024-12-31</date><newest>false</newest><latest>false</latest><size>40.3 MB</size><downloads>1</downloads><downloads_month>0</downloads_month><downloads_week>0</downloads_week><downloads_day>0</downloads_day><raw_size>40303127</raw_size><raw_downloads>1</raw_downloads><raw_downloads_month>0</raw_downloads_month><raw_downloads_week>0</raw_downloads_week><raw_downloads_day>0</raw_downloads_day></version><version><id>79180446</id><name>sha256:7de6e32795354756380a479b729c1a5a38d193f6f0dd3c0bdbf9a00792e98a6d</name><date>2024-12-31</date><newest>false</newest><latest>false</latest><size>2.2 kB</size><downloads>0</downloads><downloads_month>0</downloads_month><downloads_week>0</downloads_week><downloads_day>0</downloads_day><raw_size>2284</raw_size><raw_downloads>0</raw_downloads><raw_downloads_month>0</raw_downloads_month><raw_downloads_week>0</raw_downloads_week><raw_downloads_day>0</raw_downloads_day></version><version><id>79183058</id><name>sha256:e7354cb6a280d06064b121802e4cc714e096f84ddf1edbaa7ef238d4be4f7fea</name><date>2024-12-31</date><newest>false</newest><latest>false</latest><size>-1</size><downloads>4</downloads><downloads_month>0</downloads_month><downloads_week>0</downloads_week><downloads_day>0</downloads_day><raw_size>-1</raw_size><raw_downloads>4</raw_downloads><raw_downloads_month>0</raw_downloads_month><raw_downloads_week>0</raw_downloads_week><raw_downloads_day>0</raw_downloads_day></version><version><id>79186577</id><name>sha256:8d088a2a0e04c9731cbd280e35f2e0391cd86c46b1a8990f23d1cc709ab5679f</name><date>2024-12-31</date><newest>false</newest><latest>false</latest><size>2.2 kB</size><downloads>0</downloads><downloads_month>0</downloads_month><downloads_week>0</downloads_week><downloads_day>0</downloads_day><raw_size>2284</raw_size><raw_downloads>0</raw_downloads><raw_downloads_month>0</raw_downloads_month><raw_downloads_week>0</raw_downloads_week><raw_downloads_day>0</raw_downloads_day></version><version><id>79187474</id><name>sha256:1f4b5baed0733157640ff552ac23ad44f2571ec34f9950a2d313091de5ffcddf</name><date>2024-12-31</date><newest>false</newest><latest>false</latest><size>2.2 kB</size><downloads>0</downloads><downloads_month>0</downloads_month><downloads_week>0</downloads_week><downloads_day>0</downloads_day><raw_size>2284</raw_size><raw_downloads>0</raw_downloads><raw_downloads_month>0</raw_downloads_month><raw_downloads_week>0</raw_downloads_week><raw_downloads_day>0</raw_downloads_day></version><version><id>79187475</id><name>sha256:97d5d03641404c7fbde6a15072759df3d162e72b1867ded46d30ebfb96ba27c7</name><date>2024-12-31</date><newest>false</newest><latest>false</latest><size>40.3 MB</size><downloads>1</downloads><downloads_month>0</downloads_month><downloads_week>0</downloads_week><downloads_day>0</downloads_day><raw_size>40303406</raw_size><raw_downloads>1</raw_downloads><raw_downloads_month>0</raw_downloads_month><raw_downloads_week>0</raw_downloads_week><raw_downloads_day>0</raw_downloads_day></version><version><id>79187478</id><name>sha256:c45d8169481093667230cf5fb00bd1252a657e1462d2e9648c90d4421da347de</name><date>2024-12-31</date><newest>false</newest><latest>false</latest><size>2.2 kB</size><downloads>0</downloads><downloads_month>0</downloads_month><downloads_week>0</downloads_week><downloads_day>0</downloads_day><raw_size>2284</raw_size><raw_downloads>0</raw_downloads><raw_downloads_month>0</raw_downloads_month><raw_downloads_week>0</raw_downloads_week><raw_downloads_day>0</raw_downloads_day></version><version><id>79193174</id><name>sha256:5d3121c6c9793aaa1351ad6219616fd97cf876fdcd1e9729c11ee3ac2222eb2a</name><date>2024-12-31</date><newest>false</newest><latest>false</latest><size>2.2 kB</size><downloads>0</downloads><downloads_month>0</downloads_month><downloads_week>0</downloads_week><downloads_day>0</downloads_day><raw_size>2284</raw_size><raw_downloads>0</raw_downloads><raw_downloads_month>0</raw_downloads_month><raw_downloads_week>0</raw_downloads_week><raw_downloads_day>0</raw_downloads_day></version><version><id>79193192</id><name>sha256:dc3e943b8b77849e2df5f5c6493c8853bca45d594557fa8bcbe9327f70e39ffe</name><date>2024-12-31</date><newest>false</newest><latest>false</latest><size>-1</size><downloads>4</downloads><downloads_month>0</downloads_month><downloads_week>0</downloads_week><downloads_day>0</downloads_day><raw_size>-1</raw_size><raw_downloads>4</raw_downloads><raw_downloads_month>0</raw_downloads_month><raw_downloads_week>0</raw_downloads_week><raw_downloads_day>0</raw_downloads_day></version><version><id>79195067</id><name>sha256:32272606bfa343925fe0cb365ae650e079bf067c18033440e348cf74f8250eb7</name><date>2024-12-31</date><newest>false</newest><latest>false</latest><size>40.4 MB</size><downloads>2</downloads><downloads_month>0</downloads_month><downloads_week>0</downloads_week><downloads_day>0</downloads_day><raw_size>40478410</raw_size><raw_downloads>2</raw_downloads><raw_downloads_month>0</raw_downloads_month><raw_downloads_week>0</raw_downloads_week><raw_downloads_day>0</raw_downloads_day></version><version><id>79195080</id><name>sha256:4f08296ad2a8b48f2331ac76584620a3b7a9a0bb657b554f7decfc9eb930401b</name><date>2024-12-31</date><newest>false</newest><latest>false</latest><size>2.2 kB</size><downloads>0</downloads><downloads_month>0</downloads_month><downloads_week>0</downloads_week><downloads_day>0</downloads_day><raw_size>2284</raw_size><raw_downloads>0</raw_downloads><raw_downloads_month>0</raw_downloads_month><raw_downloads_week>0</raw_downloads_week><raw_downloads_day>0</raw_downloads_day></version><version><id>79195779</id><name>sha256:97c610ab7dfbe870cbbb5d1c87fd2a8298c4cce013f9ffd2100a9a82a4d51d8c</name><date>2024-12-31</date><newest>false</newest><latest>false</latest><size>2.2 kB</size><downloads>5</downloads><downloads_month>0</downloads_month><downloads_week>0</downloads_week><downloads_day>0</downloads_day><raw_size>2284</raw_size><raw_downloads>5</raw_downloads><raw_downloads_month>0</raw_downloads_month><raw_downloads_week>0</raw_downloads_week><raw_downloads_day>0</raw_downloads_day></version><version><id>79195790</id><name>sha256:ea4c2b271c28db97bae685e184f8caa76543c7865d046c47021c5be8da5fc59e</name><date>2024-12-31</date><newest>true</newest><latest>false</latest><size>2.2 kB</size><downloads>5</downloads><downloads_month>0</downloads_month><downloads_week>0</downloads_week><downloads_day>0</downloads_day><raw_size>2284</raw_size><raw_downloads>5</raw_downloads><raw_downloads_month>0</raw_downloads_month><raw_downloads_week>0</raw_downloads_week><raw_downloads_day>0</raw_downloads_day></version></xml>
