<?xml version="1.0" encoding="UTF-8"?><xml><owner_type>users</owner_type><package_type>container</package_type><owner_id>7810770</owner_id><owner>sjinks</owner><repo>test-cs-images</repo><package>test-cs-images%2Fnginx</package><date>2025-04-06</date><size>10</size><versions>3</versions><tagged>3</tagged><owner_rank>12</owner_rank><repo_rank>10</repo_rank><downloads>963</downloads><downloads_month>3</downloads_month><downloads_week>0</downloads_week><downloads_day>0</downloads_day><raw_size>10</raw_size><raw_versions>3</raw_versions><raw_tagged>3</raw_tagged><raw_owner_rank>12</raw_owner_rank><raw_repo_rank>10</raw_repo_rank><raw_downloads>963</raw_downloads><raw_downloads_month>3</raw_downloads_month><raw_downloads_week>0</raw_downloads_week><raw_downloads_day>0</raw_downloads_day><version><id>76684327</id><name>sha256:9bc1abea6449e4a435d44094a8a5c92bc2cc48dca8412f6e9943c1c0c4faf00f</name><date>2025-04-06</date><newest>false</newest><latest>false</latest><size>10</size><downloads>145</downloads><downloads_month>0</downloads_month><downloads_week>0</downloads_week><downloads_day>0</downloads_day><raw_size>10</raw_size><raw_downloads>145</raw_downloads><raw_downloads_month>0</raw_downloads_month><raw_downloads_week>0</raw_downloads_week><raw_downloads_day>0</raw_downloads_day><tags>1.0.0</tags></version><version><id>76684795</id><name>sha256:e59a7747775a55907745f72d27a7a459a95ea52d04b3bcea2b94b17101628e76</name><date>2025-04-06</date><newest>false</newest><latest>false</latest><size>10</size><downloads>167</downloads><downloads_month>0</downloads_month><downloads_week>0</downloads_week><downloads_day>0</downloads_day><raw_size>10</raw_size><raw_downloads>167</raw_downloads><raw_downloads_month>0</raw_downloads_month><raw_downloads_week>0</raw_downloads_week><raw_downloads_day>0</raw_downloads_day><tags>1.0.1</tags></version><version><id>76777113</id><name>sha256:3be6a04fe32a4be9642c4a054829c7d7f7cbbf4f4cbb4a66cad2572da6e26eae</name><date>2025-04-06</date><newest>true</newest><latest>true</latest><size>10</size><downloads>651</downloads><downloads_month>3</downloads_month><downloads_week>0</downloads_week><downloads_day>0</downloads_day><raw_size>10</raw_size><raw_downloads>651</raw_downloads><raw_downloads_month>3</raw_downloads_month><raw_downloads_week>0</raw_downloads_week><raw_downloads_day>0</raw_downloads_day><tags>1.0.2</tags><tags>latest</tags><tags>1.0</tags><tags>1</tags></version></xml>
