<?xml version="1.0" encoding="UTF-8"?><xml><owner_type>users</owner_type><package_type>container</package_type><owner_id>7810770</owner_id><owner>sjinks</owner><repo>test-cs-images</repo><package>test-cs-images%2Felasticsearch</package><date>2025-03-24</date><size>8</size><versions>1</versions><tagged>1</tagged><owner_rank>8</owner_rank><repo_rank>4</repo_rank><downloads>1.4k</downloads><downloads_month>0</downloads_month><downloads_week>0</downloads_week><downloads_day>0</downloads_day><raw_size>8</raw_size><raw_versions>1</raw_versions><raw_tagged>1</raw_tagged><raw_owner_rank>8</raw_owner_rank><raw_repo_rank>4</raw_repo_rank><raw_downloads>1405</raw_downloads><raw_downloads_month>0</raw_downloads_month><raw_downloads_week>0</raw_downloads_week><raw_downloads_day>0</raw_downloads_day><version><id>79176449</id><name>sha256:8e745344cb92ead5b035fb801fed66e62e56e1d1542cf167d5de1eb81c75f21f</name><date>2025-03-24</date><newest>true</newest><latest>true</latest><size>8</size><downloads>154</downloads><downloads_month>0</downloads_month><downloads_week>0</downloads_week><downloads_day>0</downloads_day><raw_size>8</raw_size><raw_downloads>154</raw_downloads><raw_downloads_month>0</raw_downloads_month><raw_downloads_week>0</raw_downloads_week><raw_downloads_day>0</raw_downloads_day><tags>1.0.0</tags></version></xml>
