<?xml version="1.0" encoding="UTF-8"?><xml><owner_type>users</owner_type><package_type>container</package_type><owner_id>7810770</owner_id><owner>sjinks</owner><repo>test-cs-images</repo><package>test-cs-images%2Fvip-go-mu-plugins</package><date>2025-05-18</date><size>4</size><versions>1</versions><tagged>1</tagged><owner_rank>20</owner_rank><repo_rank>14</repo_rank><downloads>649</downloads><downloads_month>2</downloads_month><downloads_week>0</downloads_week><downloads_day>0</downloads_day><raw_size>4</raw_size><raw_versions>1</raw_versions><raw_tagged>1</raw_tagged><raw_owner_rank>20</raw_owner_rank><raw_repo_rank>14</raw_repo_rank><raw_downloads>649</raw_downloads><raw_downloads_month>2</raw_downloads_month><raw_downloads_week>0</raw_downloads_week><raw_downloads_day>0</raw_downloads_day><version><id>76699557</id><name>sha256:629e4622f02700d5e805a7e7f01979ce2b0097d46942266d1542278e1b46d126</name><date>2025-05-18</date><newest>true</newest><latest>true</latest><size>4</size><downloads>648</downloads><downloads_month>2</downloads_month><downloads_week>0</downloads_week><downloads_day>0</downloads_day><raw_size>4</raw_size><raw_downloads>648</raw_downloads><raw_downloads_month>2</raw_downloads_month><raw_downloads_week>0</raw_downloads_week><raw_downloads_day>0</raw_downloads_day><tags>latest</tags><tags>1.0.0</tags><tags>1.0</tags><tags>1</tags></version></xml>
