<?xml version="1.0" encoding="UTF-8"?><xml><owner_type>users</owner_type><package_type>container</package_type><owner_id>7810770</owner_id><owner>sjinks</owner><repo>test-cs-images</repo><package>test-cs-images%2Fphp</package><date>2025-01-01</date><size>-1</size><versions>3</versions><tagged>0</tagged><downloads>962</downloads><downloads_month>0</downloads_month><downloads_week>0</downloads_week><downloads_day>0</downloads_day><raw_size>-1</raw_size><raw_versions>3</raw_versions><raw_tagged>0</raw_tagged><raw_downloads>962</raw_downloads><raw_downloads_month>0</raw_downloads_month><raw_downloads_week>0</raw_downloads_week><raw_downloads_day>0</raw_downloads_day><version><id>76667761</id><name>sha256:be734f91dd4c5ec27376a7db121f6c54963507f399842430c66525eb25d2bbe3</name><date>2025-01-01</date><newest>false</newest><latest>false</latest><size>-1</size><downloads>153</downloads><downloads_month>0</downloads_month><downloads_week>0</downloads_week><downloads_day>0</downloads_day><raw_size>-1</raw_size><raw_downloads>153</raw_downloads><raw_downloads_month>0</raw_downloads_month><raw_downloads_week>0</raw_downloads_week><raw_downloads_day>0</raw_downloads_day><tags>1.0.0</tags></version><version><id>76686312</id><name>sha256:46dad1354d09dad66a69bb92ae9837ae23ee4d5f1fc94e6470f8324908cccc31</name><date>2025-01-01</date><newest>false</newest><latest>false</latest><size>-1</size><downloads>147</downloads><downloads_month>0</downloads_month><downloads_week>0</downloads_week><downloads_day>0</downloads_day><raw_size>-1</raw_size><raw_downloads>147</raw_downloads><raw_downloads_month>0</raw_downloads_month><raw_downloads_week>0</raw_downloads_week><raw_downloads_day>0</raw_downloads_day><tags>1.0.1</tags></version><version><id>76693227</id><name>sha256:782c3aa5ab78de98c0203cf9effc8df53223355281a01f2003ccae028dfcbf66</name><date>2025-01-01</date><newest>true</newest><latest>true</latest><size>-1</size><downloads>662</downloads><downloads_month>0</downloads_month><downloads_week>0</downloads_week><downloads_day>0</downloads_day><raw_size>-1</raw_size><raw_downloads>662</raw_downloads><raw_downloads_month>0</raw_downloads_month><raw_downloads_week>0</raw_downloads_week><raw_downloads_day>0</raw_downloads_day><tags>1.0.2</tags><tags>latest</tags><tags>1.0</tags><tags>1</tags></version></xml>
