<?xml version="1.0" encoding="UTF-8"?><xml><owner_type>users</owner_type><package_type>container</package_type><owner_id>7810770</owner_id><owner>sjinks</owner><repo>test-cs-images</repo><package>test-cs-images%2Fxdebug</package><date>2025-09-02</date><size>9</size><versions>5</versions><tagged>5</tagged><owner_rank>11</owner_rank><repo_rank>7</repo_rank><downloads>1.3k</downloads><downloads_month>4</downloads_month><downloads_week>4</downloads_week><downloads_day>4</downloads_day><raw_size>9</raw_size><raw_versions>5</raw_versions><raw_tagged>5</raw_tagged><raw_owner_rank>11</raw_owner_rank><raw_repo_rank>7</raw_repo_rank><raw_downloads>1310</raw_downloads><raw_downloads_month>4</raw_downloads_month><raw_downloads_week>4</raw_downloads_week><raw_downloads_day>4</raw_downloads_day><version><id>76667860</id><name>sha256:f22bb21f871c231753c4705d8cbb6b973fb8ca8766014ac67040eebb6c315f8e</name><date>2025-09-02</date><newest>false</newest><latest>false</latest><size>9</size><downloads>148</downloads><downloads_month>0</downloads_month><downloads_week>0</downloads_week><downloads_day>0</downloads_day><raw_size>9</raw_size><raw_downloads>148</raw_downloads><raw_downloads_month>0</raw_downloads_month><raw_downloads_week>0</raw_downloads_week><raw_downloads_day>0</raw_downloads_day><tags>1.0.0</tags></version><version><id>76672756</id><name>sha256:5a8c0a0999790f425e204edef6df19b71beaf155fa235b61a2888421e90354f8</name><date>2025-09-02</date><newest>false</newest><latest>false</latest><size>9</size><downloads>167</downloads><downloads_month>0</downloads_month><downloads_week>0</downloads_week><downloads_day>0</downloads_day><raw_size>9</raw_size><raw_downloads>167</raw_downloads><raw_downloads_month>0</raw_downloads_month><raw_downloads_week>0</raw_downloads_week><raw_downloads_day>0</raw_downloads_day><tags>1.0.1</tags></version><version><id>76698929</id><name>sha256:3f67962df1714ab877e5b9357eaaaded0dfe034abbc513ef9183c25f2306b760</name><date>2025-09-02</date><newest>false</newest><latest>false</latest><size>9</size><downloads>153</downloads><downloads_month>0</downloads_month><downloads_week>0</downloads_week><downloads_day>0</downloads_day><raw_size>9</raw_size><raw_downloads>153</raw_downloads><raw_downloads_month>0</raw_downloads_month><raw_downloads_week>0</raw_downloads_week><raw_downloads_day>0</raw_downloads_day><tags>1.0.2</tags></version><version><id>76771639</id><name>sha256:b550df9fd3ee46fda7d9075c42b1f80f0d0c4703de67cb1b2d629e9c3366378b</name><date>2025-09-02</date><newest>false</newest><latest>false</latest><size>9</size><downloads>182</downloads><downloads_month>0</downloads_month><downloads_week>0</downloads_week><downloads_day>0</downloads_day><raw_size>9</raw_size><raw_downloads>182</raw_downloads><raw_downloads_month>0</raw_downloads_month><raw_downloads_week>0</raw_downloads_week><raw_downloads_day>0</raw_downloads_day><tags>1.0.3</tags></version><version><id>77213174</id><name>sha256:6c1459587302223d7e0e6dc4f4973f7b1c66194d8328e2d63511a6056d37a4dc</name><date>2025-09-02</date><newest>true</newest><latest>true</latest><size>9</size><downloads>660</downloads><downloads_month>4</downloads_month><downloads_week>4</downloads_week><downloads_day>4</downloads_day><raw_size>9</raw_size><raw_downloads>660</raw_downloads><raw_downloads_month>4</raw_downloads_month><raw_downloads_week>4</raw_downloads_week><raw_downloads_day>4</raw_downloads_day><tags>1.0.4</tags><tags>latest</tags><tags>1.0</tags><tags>1</tags></version></xml>
