<?xml version="1.0" encoding="UTF-8"?><xml><owner_type>users</owner_type><package_type>container</package_type><owner_id>7810770</owner_id><owner>sjinks</owner><repo>test-cs-images</repo><package>test-cs-images%2Fmc</package><date>2025-09-02</date><size>3</size><versions>2</versions><tagged>2</tagged><owner_rank>15</owner_rank><repo_rank>11</repo_rank><downloads>874</downloads><downloads_month>0</downloads_month><downloads_week>0</downloads_week><downloads_day>0</downloads_day><raw_size>3</raw_size><raw_versions>2</raw_versions><raw_tagged>2</raw_tagged><raw_owner_rank>15</raw_owner_rank><raw_repo_rank>11</raw_repo_rank><raw_downloads>874</raw_downloads><raw_downloads_month>0</raw_downloads_month><raw_downloads_week>0</raw_downloads_week><raw_downloads_day>0</raw_downloads_day><version><id>76681175</id><name>sha256:0239673bf1c6c1ed484cbe6244b5a8ffed3a5b91e9b5eb4d7388c1dfc7bf3d52</name><date>2025-09-02</date><newest>false</newest><latest>false</latest><size>3</size><downloads>156</downloads><downloads_month>0</downloads_month><downloads_week>0</downloads_week><downloads_day>0</downloads_day><raw_size>3</raw_size><raw_downloads>156</raw_downloads><raw_downloads_month>0</raw_downloads_month><raw_downloads_week>0</raw_downloads_week><raw_downloads_day>0</raw_downloads_day><tags>1.0.0</tags></version><version><id>76682225</id><name>sha256:15a5f420782b6e451743dadc06734e77bbdd5dba809b3452a953d46b0a020bb8</name><date>2025-09-02</date><newest>true</newest><latest>true</latest><size>3</size><downloads>718</downloads><downloads_month>0</downloads_month><downloads_week>0</downloads_week><downloads_day>0</downloads_day><raw_size>3</raw_size><raw_downloads>718</raw_downloads><raw_downloads_month>0</raw_downloads_month><raw_downloads_week>0</raw_downloads_week><raw_downloads_day>0</raw_downloads_day><tags>1.0.1</tags><tags>latest</tags><tags>1.0</tags><tags>1</tags></version></xml>
