<?xml version="1.0" encoding="UTF-8"?><xml><owner_type>users</owner_type><package_type>container</package_type><owner_id>7810770</owner_id><owner>sjinks</owner><repo>test-cs-images</repo><package>test-cs-images%2Fmemcached</package><date>2025-07-07</date><size>53</size><versions>5</versions><tagged>5</tagged><owner_rank>8</owner_rank><repo_rank>5</repo_rank><downloads>1.3k</downloads><downloads_month>0</downloads_month><downloads_week>0</downloads_week><downloads_day>0</downloads_day><raw_size>53</raw_size><raw_versions>5</raw_versions><raw_tagged>5</raw_tagged><raw_owner_rank>8</raw_owner_rank><raw_repo_rank>5</raw_repo_rank><raw_downloads>1379</raw_downloads><raw_downloads_month>0</raw_downloads_month><raw_downloads_week>0</raw_downloads_week><raw_downloads_day>0</raw_downloads_day><version><id>76667759</id><name>sha256:5c896d996f5594d7c5a81529a0dbb1f122687bbc6df2451e77a51e3be055e566</name><date>2025-07-07</date><newest>false</newest><latest>false</latest><size>53</size><downloads>158</downloads><downloads_month>0</downloads_month><downloads_week>0</downloads_week><downloads_day>0</downloads_day><raw_size>53</raw_size><raw_downloads>158</raw_downloads><raw_downloads_month>0</raw_downloads_month><raw_downloads_week>0</raw_downloads_week><raw_downloads_day>0</raw_downloads_day><tags>1.0.0</tags></version><version><id>76672711</id><name>sha256:c517d9ddd66f77f3ac5788103bef9c0f1645fd15138746ee19a6cab0e4f19396</name><date>2025-07-07</date><newest>false</newest><latest>false</latest><size>53</size><downloads>162</downloads><downloads_month>0</downloads_month><downloads_week>0</downloads_week><downloads_day>0</downloads_day><raw_size>53</raw_size><raw_downloads>162</raw_downloads><raw_downloads_month>0</raw_downloads_month><raw_downloads_week>0</raw_downloads_week><raw_downloads_day>0</raw_downloads_day><tags>1.0.1</tags></version><version><id>76680508</id><name>sha256:acf05418168f3d1bca7fdd7a2e435f6fa7c1d96e4602cc49ac727a60e1a2c001</name><date>2025-07-07</date><newest>false</newest><latest>false</latest><size>53</size><downloads>160</downloads><downloads_month>0</downloads_month><downloads_week>0</downloads_week><downloads_day>0</downloads_day><raw_size>53</raw_size><raw_downloads>160</raw_downloads><raw_downloads_month>0</raw_downloads_month><raw_downloads_week>0</raw_downloads_week><raw_downloads_day>0</raw_downloads_day><tags>1.0.2</tags></version><version><id>76682229</id><name>sha256:c70a230d3ee503a4f4a395c1f3de7072fe607bd29d8b121efcabc499cf6dd7d5</name><date>2025-07-07</date><newest>false</newest><latest>false</latest><size>53</size><downloads>197</downloads><downloads_month>0</downloads_month><downloads_week>0</downloads_week><downloads_day>0</downloads_day><raw_size>53</raw_size><raw_downloads>197</raw_downloads><raw_downloads_month>0</raw_downloads_month><raw_downloads_week>0</raw_downloads_week><raw_downloads_day>0</raw_downloads_day><tags>1.0.3</tags></version><version><id>77081434</id><name>sha256:5274bfa516dd739c4ef4a9b4abded0ca30743449f2975cdae329f7e423197eb2</name><date>2025-07-07</date><newest>true</newest><latest>true</latest><size>53</size><downloads>682</downloads><downloads_month>5</downloads_month><downloads_week>0</downloads_week><downloads_day>0</downloads_day><raw_size>53</raw_size><raw_downloads>682</raw_downloads><raw_downloads_month>5</raw_downloads_month><raw_downloads_week>0</raw_downloads_week><raw_downloads_day>0</raw_downloads_day><tags>1.0.4</tags><tags>latest</tags><tags>1.0</tags><tags>1</tags></version></xml>
