<?xml version="1.0" encoding="UTF-8"?><xml><owner_type>users</owner_type><package_type>container</package_type><owner_id>7810770</owner_id><owner>sjinks</owner><repo>test-cs-images</repo><package>test-cs-images%2Fphpmyadmin</package><date>2025-09-16</date><size>7</size><versions>5</versions><tagged>5</tagged><owner_rank>8</owner_rank><repo_rank>5</repo_rank><downloads>1.3k</downloads><downloads_month>9</downloads_month><downloads_week>4</downloads_week><downloads_day>4</downloads_day><raw_size>7</raw_size><raw_versions>5</raw_versions><raw_tagged>5</raw_tagged><raw_owner_rank>8</raw_owner_rank><raw_repo_rank>5</raw_repo_rank><raw_downloads>1331</raw_downloads><raw_downloads_month>9</raw_downloads_month><raw_downloads_week>4</raw_downloads_week><raw_downloads_day>4</raw_downloads_day><version><id>76692762</id><name>sha256:82e1fc2191725a0c3ea66662167ead581c19292d8836380e2a2478d85ca63fb7</name><date>2025-09-16</date><newest>false</newest><latest>false</latest><size>7</size><downloads>160</downloads><downloads_month>0</downloads_month><downloads_week>0</downloads_week><downloads_day>0</downloads_day><raw_size>7</raw_size><raw_downloads>160</raw_downloads><raw_downloads_month>0</raw_downloads_month><raw_downloads_week>0</raw_downloads_week><raw_downloads_day>0</raw_downloads_day><tags>1.0.0</tags></version><version><id>76698925</id><name>sha256:f26bb9191cec5a6e82ce012322528f72536c1c162d0991bd451cbbb55a1f3ed1</name><date>2025-09-16</date><newest>false</newest><latest>false</latest><size>7</size><downloads>178</downloads><downloads_month>0</downloads_month><downloads_week>0</downloads_week><downloads_day>0</downloads_day><raw_size>7</raw_size><raw_downloads>178</raw_downloads><raw_downloads_month>0</raw_downloads_month><raw_downloads_week>0</raw_downloads_week><raw_downloads_day>0</raw_downloads_day><tags>1.0.1</tags></version><version><id>77168968</id><name>sha256:3e15323ec1a7e9e121ed964d4b8810867fe4d2476b54433a70fef18370c33acc</name><date>2025-09-16</date><newest>false</newest><latest>false</latest><size>7</size><downloads>153</downloads><downloads_month>0</downloads_month><downloads_week>0</downloads_week><downloads_day>0</downloads_day><raw_size>7</raw_size><raw_downloads>153</raw_downloads><raw_downloads_month>0</raw_downloads_month><raw_downloads_week>0</raw_downloads_week><raw_downloads_day>0</raw_downloads_day><tags>1.0.2</tags></version><version><id>77179697</id><name>sha256:d49e62601984f649249a1bfa8d16f7b596598c3e2c168dab8e61872b5a66c7a6</name><date>2025-09-16</date><newest>false</newest><latest>false</latest><size>7</size><downloads>166</downloads><downloads_month>0</downloads_month><downloads_week>0</downloads_week><downloads_day>0</downloads_day><raw_size>7</raw_size><raw_downloads>166</raw_downloads><raw_downloads_month>0</raw_downloads_month><raw_downloads_week>0</raw_downloads_week><raw_downloads_day>0</raw_downloads_day><tags>1.0.3</tags></version><version><id>77236919</id><name>sha256:138da6b4677c84a13fa9ca599853fb7eb72b14578b84f77bec0405d6f82367d9</name><date>2025-09-16</date><newest>true</newest><latest>true</latest><size>7</size><downloads>674</downloads><downloads_month>9</downloads_month><downloads_week>4</downloads_week><downloads_day>4</downloads_day><raw_size>7</raw_size><raw_downloads>674</raw_downloads><raw_downloads_month>9</raw_downloads_month><raw_downloads_week>4</raw_downloads_week><raw_downloads_day>4</raw_downloads_day><tags>1.0.4</tags><tags>latest</tags><tags>1.0</tags><tags>1</tags></version></xml>
