<?xml version="1.0" encoding="UTF-8"?><xml><owner_type>users</owner_type><package_type>container</package_type><owner_id>7810770</owner_id><owner>sjinks</owner><repo>test-cs-images</repo><package>test-cs-images%2Fwordpress</package><date>2025-01-03</date><size>-1</size><versions>10</versions><tagged>10</tagged><downloads>2.5k</downloads><downloads_month>1</downloads_month><downloads_week>0</downloads_week><downloads_day>0</downloads_day><raw_size>-1</raw_size><raw_versions>10</raw_versions><raw_tagged>10</raw_tagged><raw_downloads>2563</raw_downloads><raw_downloads_month>1</raw_downloads_month><raw_downloads_week>0</raw_downloads_week><raw_downloads_day>0</raw_downloads_day><version><id>76667762</id><name>sha256:43d76e124db7f59ae7bf93cc8ea91a2b90ac51bcc5f568a263a5aa9a790ed185</name><date>2025-01-03</date><newest>false</newest><latest>false</latest><size>-1</size><downloads>146</downloads><downloads_month>0</downloads_month><downloads_week>0</downloads_week><downloads_day>0</downloads_day><raw_size>-1</raw_size><raw_downloads>146</raw_downloads><raw_downloads_month>0</raw_downloads_month><raw_downloads_week>0</raw_downloads_week><raw_downloads_day>0</raw_downloads_day><tags>1.0.0</tags></version><version><id>76672729</id><name>sha256:7a4ccd42b1255777a89b9fc060ff9b010f3300cfca1c46ec422aa425a95edb7a</name><date>2025-01-03</date><newest>false</newest><latest>false</latest><size>-1</size><downloads>147</downloads><downloads_month>0</downloads_month><downloads_week>0</downloads_week><downloads_day>0</downloads_day><raw_size>-1</raw_size><raw_downloads>147</raw_downloads><raw_downloads_month>0</raw_downloads_month><raw_downloads_week>0</raw_downloads_week><raw_downloads_day>0</raw_downloads_day><tags>1.0.1</tags></version><version><id>76676900</id><name>sha256:1c4066ccab6b84b05576cf417c401f00a326af624398e2a0b8b9e2f028617b73</name><date>2025-01-03</date><newest>false</newest><latest>false</latest><size>-1</size><downloads>311</downloads><downloads_month>0</downloads_month><downloads_week>0</downloads_week><downloads_day>0</downloads_day><raw_size>-1</raw_size><raw_downloads>311</raw_downloads><raw_downloads_month>0</raw_downloads_month><raw_downloads_week>0</raw_downloads_week><raw_downloads_day>0</raw_downloads_day><tags>1.0.2</tags><tags>1.0</tags></version><version><id>76777690</id><name>sha256:bca1b5cc3bc50d52f685885ef76fa314ab7701d1f586059dcd44a937aeafe5b4</name><date>2025-01-03</date><newest>false</newest><latest>false</latest><size>-1</size><downloads>156</downloads><downloads_month>0</downloads_month><downloads_week>0</downloads_week><downloads_day>0</downloads_day><raw_size>-1</raw_size><raw_downloads>156</raw_downloads><raw_downloads_month>0</raw_downloads_month><raw_downloads_week>0</raw_downloads_week><raw_downloads_day>0</raw_downloads_day><tags>1.1.3</tags></version><version><id>76867333</id><name>sha256:26f26d6670e8765390b7a743fefef345a834bbede4d86a9e275dbc7f59927a29</name><date>2025-01-03</date><newest>false</newest><latest>false</latest><size>-1</size><downloads>148</downloads><downloads_month>0</downloads_month><downloads_week>0</downloads_week><downloads_day>0</downloads_day><raw_size>-1</raw_size><raw_downloads>148</raw_downloads><raw_downloads_month>0</raw_downloads_month><raw_downloads_week>0</raw_downloads_week><raw_downloads_day>0</raw_downloads_day><tags>1.1.4</tags></version><version><id>76892311</id><name>sha256:34327a2e5a29ef9260e74137195df9da8b1019bb5752f08c95c5b07e56a0f5af</name><date>2025-01-03</date><newest>false</newest><latest>false</latest><size>-1</size><downloads>162</downloads><downloads_month>0</downloads_month><downloads_week>0</downloads_week><downloads_day>0</downloads_day><raw_size>-1</raw_size><raw_downloads>162</raw_downloads><raw_downloads_month>0</raw_downloads_month><raw_downloads_week>0</raw_downloads_week><raw_downloads_day>0</raw_downloads_day><tags>1.1.5</tags></version><version><id>77213147</id><name>sha256:d16f412b6621bea56b1324aec82c79e31344cb4976c999662883cf9b41d23dbe</name><date>2025-01-03</date><newest>false</newest><latest>false</latest><size>-1</size><downloads>153</downloads><downloads_month>0</downloads_month><downloads_week>0</downloads_week><downloads_day>0</downloads_day><raw_size>-1</raw_size><raw_downloads>153</raw_downloads><raw_downloads_month>0</raw_downloads_month><raw_downloads_week>0</raw_downloads_week><raw_downloads_day>0</raw_downloads_day><tags>1.1.6</tags></version><version><id>78939417</id><name>sha256:15b780f9d84130ff905c02849934bb957332378aa45fab5184eb2e677292baee</name><date>2025-01-03</date><newest>false</newest><latest>false</latest><size>-1</size><downloads>151</downloads><downloads_month>0</downloads_month><downloads_week>0</downloads_week><downloads_day>0</downloads_day><raw_size>-1</raw_size><raw_downloads>151</raw_downloads><raw_downloads_month>0</raw_downloads_month><raw_downloads_week>0</raw_downloads_week><raw_downloads_day>0</raw_downloads_day><tags>1.1.7</tags></version><version><id>79187344</id><name>sha256:265e08cad7a3314c0ff60998c11132d31494eed5e3c5457a41c73d00296a9f98</name><date>2025-01-03</date><newest>false</newest><latest>false</latest><size>-1</size><downloads>151</downloads><downloads_month>0</downloads_month><downloads_week>0</downloads_week><downloads_day>0</downloads_day><raw_size>-1</raw_size><raw_downloads>151</raw_downloads><raw_downloads_month>0</raw_downloads_month><raw_downloads_week>0</raw_downloads_week><raw_downloads_day>0</raw_downloads_day><tags>1.1.8</tags></version><version><id>79193199</id><name>sha256:6c0d4b1ee69e5d33f3b3a1494ed892f69708c2ed86ff240cc982a02f707b32a6</name><date>2025-01-03</date><newest>true</newest><latest>true</latest><size>-1</size><downloads>596</downloads><downloads_month>1</downloads_month><downloads_week>0</downloads_week><downloads_day>0</downloads_day><raw_size>-1</raw_size><raw_downloads>596</raw_downloads><raw_downloads_month>1</raw_downloads_month><raw_downloads_week>0</raw_downloads_week><raw_downloads_day>0</raw_downloads_day><tags>1.1.9</tags><tags>1.1</tags><tags>latest</tags><tags>1</tags></version></xml>
