<?xml version="1.0" encoding="UTF-8"?><xml><owner_type>users</owner_type><package_type>container</package_type><owner_id>7810770</owner_id><owner>sjinks</owner><repo>test-cs-images</repo><package>test-cs-images%2Felasticsearch</package><date>2025-04-21</date><size>8</size><versions>6</versions><tagged>6</tagged><owner_rank>8</owner_rank><repo_rank>4</repo_rank><downloads>1.4k</downloads><downloads_month>0</downloads_month><downloads_week>0</downloads_week><downloads_day>0</downloads_day><raw_size>8</raw_size><raw_versions>6</raw_versions><raw_tagged>6</raw_tagged><raw_owner_rank>8</raw_owner_rank><raw_repo_rank>4</raw_repo_rank><raw_downloads>1417</raw_downloads><raw_downloads_month>0</raw_downloads_month><raw_downloads_week>0</raw_downloads_week><raw_downloads_day>0</raw_downloads_day><version><id>79176449</id><name>sha256:8e745344cb92ead5b035fb801fed66e62e56e1d1542cf167d5de1eb81c75f21f</name><date>2025-04-21</date><newest>false</newest><latest>false</latest><size>8</size><downloads>154</downloads><downloads_month>0</downloads_month><downloads_week>0</downloads_week><downloads_day>0</downloads_day><raw_size>8</raw_size><raw_downloads>154</raw_downloads><raw_downloads_month>0</raw_downloads_month><raw_downloads_week>0</raw_downloads_week><raw_downloads_day>0</raw_downloads_day><tags>1.0.0</tags></version><version><id>79178260</id><name>sha256:4e7b8123edc121b57ed2a744dae8335d32028e70441aff43f68861fbc784ef7e</name><date>2025-04-21</date><newest>false</newest><latest>false</latest><size>8</size><downloads>155</downloads><downloads_month>0</downloads_month><downloads_week>0</downloads_week><downloads_day>0</downloads_day><raw_size>8</raw_size><raw_downloads>155</raw_downloads><raw_downloads_month>0</raw_downloads_month><raw_downloads_week>0</raw_downloads_week><raw_downloads_day>0</raw_downloads_day><tags>1.0.1</tags></version><version><id>79180275</id><name>sha256:d553ac49d871a7589353b8928f69fba6fca41f11f57a1ae957144024b1ff088e</name><date>2025-04-21</date><newest>false</newest><latest>false</latest><size>8</size><downloads>154</downloads><downloads_month>0</downloads_month><downloads_week>0</downloads_week><downloads_day>0</downloads_day><raw_size>8</raw_size><raw_downloads>154</raw_downloads><raw_downloads_month>0</raw_downloads_month><raw_downloads_week>0</raw_downloads_week><raw_downloads_day>0</raw_downloads_day><tags>1.0.2</tags></version><version><id>79182943</id><name>sha256:e08215155a6e0292eeb54f6461c527015b5361999e839fca6ab74cb480a30525</name><date>2025-04-21</date><newest>false</newest><latest>false</latest><size>8</size><downloads>154</downloads><downloads_month>0</downloads_month><downloads_week>0</downloads_week><downloads_day>0</downloads_day><raw_size>8</raw_size><raw_downloads>154</raw_downloads><raw_downloads_month>0</raw_downloads_month><raw_downloads_week>0</raw_downloads_week><raw_downloads_day>0</raw_downloads_day><tags>1.0.3</tags></version><version><id>79186363</id><name>sha256:deb574ac9f9c0b4ebbbb4184cd408cd74365530e0b498f1fb7b3627d1c57f76d</name><date>2025-04-21</date><newest>false</newest><latest>false</latest><size>8</size><downloads>161</downloads><downloads_month>0</downloads_month><downloads_week>0</downloads_week><downloads_day>0</downloads_day><raw_size>8</raw_size><raw_downloads>161</raw_downloads><raw_downloads_month>0</raw_downloads_month><raw_downloads_week>0</raw_downloads_week><raw_downloads_day>0</raw_downloads_day><tags>1.0.4</tags></version><version><id>79195634</id><name>sha256:3f24608cc6257b377006ceec5fef22de6351792c05fc1a49f4d21c8aaf25b857</name><date>2025-04-21</date><newest>true</newest><latest>true</latest><size>8</size><downloads>633</downloads><downloads_month>6</downloads_month><downloads_week>0</downloads_week><downloads_day>0</downloads_day><raw_size>8</raw_size><raw_downloads>633</raw_downloads><raw_downloads_month>6</raw_downloads_month><raw_downloads_week>0</raw_downloads_week><raw_downloads_day>0</raw_downloads_day><tags>1.0.5</tags><tags>latest</tags><tags>1.0</tags><tags>1</tags></version></xml>
