<?xml version="1.0" encoding="UTF-8"?><xml><owner_type>users</owner_type><package_type>container</package_type><owner_id>24955913</owner_id><owner>samruddhikhandale</owner><repo>test-feature-starter</repo><package>test-feature-starter%2Fcolor</package><date>2025-04-22</date><size>6</size><versions>1</versions><tagged>1</tagged><owner_rank>52</owner_rank><repo_rank>2</repo_rank><downloads>583</downloads><downloads_month>-1</downloads_month><downloads_week>-1</downloads_week><downloads_day>-1</downloads_day><raw_size>6</raw_size><raw_versions>1</raw_versions><raw_tagged>1</raw_tagged><raw_owner_rank>52</raw_owner_rank><raw_repo_rank>2</raw_repo_rank><raw_downloads>583</raw_downloads><raw_downloads_month>-1</raw_downloads_month><raw_downloads_week>-1</raw_downloads_week><raw_downloads_day>-1</raw_downloads_day><version><id>74504115</id><name>sha256:243d8c32a72535b8eeb32425a83d88100fea74ad5bea8d7470a7bc1075758b4c</name><date>2025-04-22</date><newest>true</newest><latest>true</latest><size>6</size><downloads>583</downloads><downloads_month>1</downloads_month><downloads_week>0</downloads_week><downloads_day>0</downloads_day><raw_size>6</raw_size><raw_downloads>583</raw_downloads><raw_downloads_month>1</raw_downloads_month><raw_downloads_week>0</raw_downloads_week><raw_downloads_day>0</raw_downloads_day><tags>latest</tags><tags>1.0.3</tags><tags>1.0</tags><tags>1</tags></version></xml>
