<?xml version="1.0" encoding="UTF-8"?><xml><owner_type>users</owner_type><package_type>container</package_type><owner_id>24955913</owner_id><owner>samruddhikhandale</owner><repo>test-feature-starter</repo><package>test-feature-starter</package><date>2025-07-10</date><size>2 kB</size><versions>1</versions><tagged>1</tagged><owner_rank>58</owner_rank><repo_rank>3</repo_rank><downloads>158</downloads><downloads_month>0</downloads_month><downloads_week>0</downloads_week><downloads_day>0</downloads_day><raw_size>2034</raw_size><raw_versions>1</raw_versions><raw_tagged>1</raw_tagged><raw_owner_rank>58</raw_owner_rank><raw_repo_rank>3</raw_repo_rank><raw_downloads>158</raw_downloads><raw_downloads_month>0</raw_downloads_month><raw_downloads_week>0</raw_downloads_week><raw_downloads_day>0</raw_downloads_day><version><id>74504166</id><name>sha256:37806eed2580958587d337de9cddc7833e641850926a8c486e671a1e669df79d</name><date>2025-07-10</date><newest>true</newest><latest>true</latest><size>2 kB</size><downloads>158</downloads><downloads_month>0</downloads_month><downloads_week>0</downloads_week><downloads_day>0</downloads_day><raw_size>2034</raw_size><raw_downloads>158</raw_downloads><raw_downloads_month>0</raw_downloads_month><raw_downloads_week>0</raw_downloads_week><raw_downloads_day>0</raw_downloads_day><tags>latest</tags></version></xml>
